
Showing logs for build [32mentando-app-builder-master-rele-5d6dn-6[0m stage [32mfrom-build-pack[0m and container [32mstep-credential-initializer-spgsk[0m
Unable to retrieve container logs for docker://3c6d36564b05da7f0592014eee56c167e3a819f2c420b31bd3f331c47768c1af

Showing logs for build [32mentando-app-builder-master-rele-5d6dn-6[0m stage [32mfrom-build-pack[0m and container [32mstep-working-dir-initializer-k289j[0m
Unable to retrieve container logs for docker://03fa3c90ba35e56d662ce68018b72d524151055a0b2eb95d134168b99f75d12a

Showing logs for build [32mentando-app-builder-master-rele-5d6dn-6[0m stage [32mfrom-build-pack[0m and container [32mstep-place-tools[0m
Unable to retrieve container logs for docker://77766f47151a2e1d28133bb2eafa455aa00d22346a98524bc04e63905ed83b03

Showing logs for build [32mentando-app-builder-master-rele-5d6dn-6[0m stage [32mfrom-build-pack[0m and container [32mstep-git-source-entando-app-builder-master-rele-h6hlg[0m
Unable to retrieve container logs for docker://d4b8c466efb8e1307e5ea62c37c07d3c3569db3cd9cceb6e5e12b7a447d84c11

Showing logs for build [32mentando-app-builder-master-rele-5d6dn-6[0m stage [32mfrom-build-pack[0m and container [32mstep-git-merge[0m
Unable to retrieve container logs for docker://fd7124e314fa1d6cb320e4e561fff5663dd3086de18b0902b2ea22052c02727c

Showing logs for build [32mentando-app-builder-master-rele-5d6dn-6[0m stage [32mfrom-build-pack[0m and container [32mstep-setup-jx-git-credentials[0m
Unable to retrieve container logs for docker://bb3202e0bbada80c1ce08bbd587706733cc7a3e07932ae0dbce85a168e40727d

Showing logs for build [32mentando-app-builder-master-rele-5d6dn-6[0m stage [32mfrom-build-pack[0m and container [32mstep-build-npm-install[0m
Unable to retrieve container logs for docker://0c374172fcaa2463fc1f8dd92809cf5d79c39607344ac63480a8007da124347d

Showing logs for build [32mentando-app-builder-master-rele-5d6dn-6[0m stage [32mfrom-build-pack[0m and container [32mstep-build-npm-test[0m
Unable to retrieve container logs for docker://7459bbb7bf2e26483af9216325e0e348b1eee53a88424520d1094623c3843c47

Showing logs for build [32mentando-app-builder-master-rele-5d6dn-6[0m stage [32mfrom-build-pack[0m and container [32mstep-build-npm-build[0m
Unable to retrieve container logs for docker://6bca23ebe1a62378ed9ced12dc56a04d67db0aa75742f256b3d52d3f5af1996a
[31m
Pipeline failed on stage 'from-build-pack' : container 'step-build-npm-build'. The execution of the pipeline has stopped.[0m
