
Showing logs for build [32mentando-entando-cms-pr-291-pr-b-b6s6r-1[0m stage [32mfrom-build-pack[0m and container [32mstep-credential-initializer-r2dj6[0m
{"level":"warn","ts":1603144493.2220356,"logger":"fallback-logger","caller":"logging/config.go:69","msg":"Fetch GitHub commit ID from kodata failed: \"ref: refs/heads/0.8.0-**-support-backwards-incompats\" is not a valid GitHub commit ID"}
{"level":"info","ts":1603144493.2250247,"logger":"fallback-logger","caller":"creds-init/main.go:40","msg":"Credentials initialized."}

Showing logs for build [32mentando-entando-cms-pr-291-pr-b-b6s6r-1[0m stage [32mfrom-build-pack[0m and container [32mstep-working-dir-initializer-db5kc[0m
{"level":"warn","ts":1603144494.9525363,"logger":"fallback-logger","caller":"logging/config.go:69","msg":"Fetch GitHub commit ID from kodata failed: open /var/run/ko/HEAD: no such file or directory"}
{"level":"info","ts":1603144494.9577024,"logger":"fallback-logger","caller":"bash/main.go:64","msg":"Successfully e**cuted command \"sh -c mkdir -p /workspace/source\"; output "}

Showing logs for build [32mentando-entando-cms-pr-291-pr-b-b6s6r-1[0m stage [32mfrom-build-pack[0m and container [32mstep-place-tools[0m

Showing logs for build [32mentando-entando-cms-pr-291-pr-b-b6s6r-1[0m stage [32mfrom-build-pack[0m and container [32mstep-git-source-entando-entando-cms-pr-291-pr-b-wnf87[0m
{"level":"warn","ts":1603144515.9861925,"logger":"fallback-logger","caller":"logging/config.go:69","msg":"Fetch GitHub commit ID from kodata failed: \"ref: refs/heads/0.8.0-**-support-backwards-incompats\" is not a valid GitHub commit ID"}
{"level":"info","ts":1603144517.9140918,"logger":"fallback-logger","caller":"git/git.go:103","msg":"Successfully cloned https://github.com/entando/entando-cms.git @ master in path /workspace/source"}

Showing logs for build [32mentando-entando-cms-pr-291-pr-b-b6s6r-1[0m stage [32mfrom-build-pack[0m and container [32mstep-git-merge[0m
Using SHAs from PULL_REFS=master:96d0b0d1f122a6e6408b8ed6a3fd92f5f4a466f8,291:b0f6527d0f3691416fa2785ddbe6762af89d8faf
DEBUG: ran git fetch --unshallow origin b0f6527d0f3691416fa2785ddbe6762af89d8faf: 96d0b0d1f122a6e6408b8ed6a3fd92f5f4a466f8: in 
DEBUG: ran git checkout master in 
DEBUG: ran git reset --hard 96d0b0d1f122a6e6408b8ed6a3fd92f5f4a466f8 in 
DEBUG: ran clean --force -d . in 
DEBUG: ran git merge b0f6527d0f3691416fa2785ddbe6762af89d8faf in 
Merged SHA b0f6527d0f3691416fa2785ddbe6762af89d8faf with commit message 'showing translation warning accordingly to user preferences flag' into base branch master

Showing logs for build [32mentando-entando-cms-pr-291-pr-b-b6s6r-1[0m stage [32mfrom-build-pack[0m and container [32mstep-build-npm-install[0m
/usr/bin/npm-install-peers -> /usr/lib/node_modules/npm-install-peers/bin/npm-install-peers.js
+ npm-install-peers@1.2.1
added 442 packages from 886 contributors in 9.964s

> husky@1.3.1 install /workspace/source/node_modules/husky
> node husky install

husky > setting up git hooks
CI detected, skipping Git hooks installation.

> node-sass@4.13.1 install /workspace/source/node_modules/node-sass
> node scripts/install.js

Downloading binary from https://github.com/sass/node-sass/releases/download/v4.13.1/linux-x64-72_binding.node
Download complete
Binary saved to /workspace/source/node_modules/node-sass/vendor/linux-x64-72/binding.node
Caching binary to /builder/home/.npm/node-sass/4.13.1/linux-x64-72_binding.node

> core-js@2.6.11 postinstall /workspace/source/node_modules/babel-runtime/node_modules/core-js
> node -e "try{require('./postinstall')}catch(e){}"


> core-js-pure@3.6.4 postinstall /workspace/source/node_modules/core-js-pure
> node -e "try{require('./postinstall')}catch(e){}"


> core-js@3.6.4 postinstall /workspace/source/node_modules/react-app-polyfill/node_modules/core-js
> node -e "try{require('./postinstall')}catch(e){}"


> node-sass@4.13.1 postinstall /workspace/source/node_modules/node-sass
> node scripts/build.js

Binary found at /workspace/source/node_modules/node-sass/vendor/linux-x64-72/binding.node
Testing binary
Binary is fine
npm WARN prepublish-on-install As of npm@5, `prepublish` scripts are deprecated.
npm WARN prepublish-on-install Use `prepare` for build steps and `prepublishOnly` for upload-only.
npm WARN prepublish-on-install See the deprecation note in `npm help scripts` for more information.
npm WARN lifecycle @entando/cms@0.2.164~prepublish: cannot run in wd @entando/cms@0.2.164 npm run babel (wd=/workspace/source)
npm WARN @entando/cms@0.2.164 requires a peer of @entando/menu@^2.0.0 but none is installed. You must install peer dependencies yourself.
npm WARN @entando/cms@0.2.164 requires a peer of @entando/pages@^3.2.2 but none is installed. You must install peer dependencies yourself.
npm WARN @entando/cms@0.2.164 requires a peer of flux-standard-action@^2.0.1 but none is installed. You must install peer dependencies yourself.
npm WARN @entando/cms@0.2.164 requires a peer of moment@^2.22.1 but none is installed. You must install peer dependencies yourself.
npm WARN @entando/cms@0.2.164 requires a peer of patternfly-react@^1.19.1 but none is installed. You must install peer dependencies yourself.
npm WARN @entando/cms@0.2.164 requires a peer of react-bootstrap@^0.32.1 but none is installed. You must install peer dependencies yourself.
npm WARN @entando/cms@0.2.164 requires a peer of react-datepicker@^1.4.1 but none is installed. You must install peer dependencies yourself.
npm WARN @entando/cms@0.2.164 requires a peer of react-router-dom@^5.0.0 but none is installed. You must install peer dependencies yourself.
npm WARN optional SKIPPING OPTIONAL DEPENDENCY: fsevents@2.1.2 (node_modules/react-scripts/node_modules/fsevents):
npm WARN notsup SKIPPING OPTIONAL DEPENDENCY: Unsupported platform for fsevents@2.1.2: wanted {"os":"darwin","arch":"any"} (current: {"os":"linux","arch":"x64"})
npm WARN optional SKIPPING OPTIONAL DEPENDENCY: fsevents@1.2.11 (node_modules/fsevents):
npm WARN notsup SKIPPING OPTIONAL DEPENDENCY: Unsupported platform for fsevents@1.2.11: wanted {"os":"darwin","arch":"any"} (current: {"os":"linux","arch":"x64"})

added 2176 packages from 1067 contributors and audited 2253 packages in 70.98s

51 packages are looking for funding
  run `npm fund` for details

found 44164 vulnerabilities (44099 low, 54 moderate, 11 high)
  run `npm audit fix` to fix them, or `npm audit` for details
npm WARN read-shrinkwrap This version of npm is compatible with lockfileVersion@1, but npm-shrinkwrap.json was generated for lockfileVersion@0. I'll try to do my best with it!
npm WARN deprecated core-js@2.6.11: core-js@<3 is no longer maintained and not recommended for usage due to the number of issues. Please, upgrade your dependencies to the actual version of core-js@3.

> core-js@2.6.11 postinstall /workspace/source/node_modules/@babel/runtime-corejs2/node_modules/core-js
> node -e "try{require('./postinstall')}catch(e){}"

npm WARN eslint-config-airbnb@17.1.1 requires a peer of eslint@^4.19.1 || ^5.3.0 but none is installed. You must install peer dependencies yourself.
npm WARN eslint-config-airbnb-base@13.2.0 requires a peer of eslint@^4.19.1 || ^5.3.0 but none is installed. You must install peer dependencies yourself.
npm WARN eslint-plugin-jest-dom@3.0.1 requires a peer of eslint@^7.0.0 but none is installed. You must install peer dependencies yourself.
npm WARN react-excel-workbook@0.0.4 requires a peer of react@^15.0.0 but none is installed. You must install peer dependencies yourself.
npm WARN react-excel-workbook@0.0.4 requires a peer of react-dom@^15.0.0 but none is installed. You must install peer dependencies yourself.
npm WARN react-html-table-to-excel@2.0.0 requires a peer of react@^15.x.x but none is installed. You must install peer dependencies yourself.
npm WARN tsutils@3.17.1 requires a peer of typescript@>=2.8.0 || >= 3.2.0-dev || >= 3.3.0-dev || >= 3.4.0-dev || >= 3.5.0-dev || >= 3.6.0-dev || >= 3.6.0-beta || >= 3.7.0-dev || >= 3.7.0-beta but none is installed. You must install peer dependencies yourself.
npm WARN table-resolver@3.3.0 requires a peer of redux@>= 3.0.0 < 4.0.0 but none is installed. You must install peer dependencies yourself.
npm WARN optional SKIPPING OPTIONAL DEPENDENCY: fsevents@2.1.2 (node_modules/react-scripts/node_modules/fsevents):
npm WARN notsup SKIPPING OPTIONAL DEPENDENCY: Unsupported platform for fsevents@2.1.2: wanted {"os":"darwin","arch":"any"} (current: {"os":"linux","arch":"x64"})
npm WARN optional SKIPPING OPTIONAL DEPENDENCY: fsevents@1.2.11 (node_modules/fsevents):
npm WARN notsup SKIPPING OPTIONAL DEPENDENCY: Unsupported platform for fsevents@1.2.11: wanted {"os":"darwin","arch":"any"} (current: {"os":"linux","arch":"x64"})

+ flux-standard-action@2.1.1
+ react-bootstrap@0.32.4
+ lodash@4.17.20
+ moment@2.29.1
+ react-datepicker@1.8.0
+ react-router-dom@5.2.0
+ patternfly-react@1.19.1
+ @entando/messages@1.0.5
+ @entando/utils@2.4.0
+ @entando/apimanager@6.6.2
+ @entando/menu@2.1.1
+ @entando/pages@3.3.0
added 36 packages from 34 contributors, updated 4 packages and audited 2253 packages in 28.174s

51 packages are looking for funding
  run `npm fund` for details

found 39027 vulnerabilities (38962 low, 54 moderate, 11 high)
  run `npm audit fix` to fix them, or `npm audit` for details
[
  [
    'core-js@2.6.11',
    '/workspace/source/node_modules/@babel/runtime-corejs2/node_modules/core-js'
  ],
  [
    'regenerator-runtime@0.13.7',
    '/workspace/source/node_modules/@babel/runtime-corejs2/node_modules/regenerator-runtime'
  ],
  [
    'change-emitter@0.1.6',
    '/workspace/source/node_modules/change-emitter'
  ],
  [ 'd3@3.5.17', '/workspace/source/node_modules/d3' ],
  [ 'c3@0.4.24', '/workspace/source/node_modules/c3' ],
  [
    'file-uri-to-path@1.0.0',
    '/workspace/source/node_modules/file-uri-to-path'
  ],
  [ 'bindings@1.5.0', '/workspace/source/node_modules/bindings' ],
  [
    'abbrev@1.1.1',
    '/workspace/source/node_modules/fsevents/node_modules/abbrev'
  ],
  [
    'ansi-regex@2.1.1',
    '/workspace/source/node_modules/fsevents/node_modules/ansi-regex'
  ],
  [
    'aproba@1.2.0',
    '/workspace/source/node_modules/fsevents/node_modules/aproba'
  ],
  [
    'balanced-match@1.0.0',
    '/workspace/source/node_modules/fsevents/node_modules/balanced-match'
  ],
  [
    'chownr@1.1.3',
    '/workspace/source/node_modules/fsevents/node_modules/chownr'
  ],
  [
    'code-point-at@1.1.0',
    '/workspace/source/node_modules/fsevents/node_modules/code-point-at'
  ],
  [
    'concat-map@0.0.1',
    '/workspace/source/node_modules/fsevents/node_modules/concat-map'
  ],
  [
    'brace-expansion@1.1.11',
    '/workspace/source/node_modules/fsevents/node_modules/brace-expansion'
  ],
  [
    'console-control-strings@1.1.0',
    '/workspace/source/node_modules/fsevents/node_modules/console-control-strings'
  ],
  [
    'core-util-is@1.0.2',
    '/workspace/source/node_modules/fsevents/node_modules/core-util-is'
  ],
  [
    'deep-extend@0.6.0',
    '/workspace/source/node_modules/fsevents/node_modules/deep-extend'
  ],
  [
    'delegates@1.0.0',
    '/workspace/source/node_modules/fsevents/node_modules/delegates'
  ],
  [
    'detect-libc@1.0.3',
    '/workspace/source/node_modules/fsevents/node_modules/detect-libc'
  ],
  [
    'fs.realpath@1.0.0',
    '/workspace/source/node_modules/fsevents/node_modules/fs.realpath'
  ],
  [
    'has-unicode@2.0.1',
    '/workspace/source/node_modules/fsevents/node_modules/has-unicode'
  ],
  [
    'inherits@2.0.4',
    '/workspace/source/node_modules/fsevents/node_modules/inherits'
  ],
  [
    'ini@1.3.5',
    '/workspace/source/node_modules/fsevents/node_modules/ini'
  ],
  [
    'isarray@1.0.0',
    '/workspace/source/node_modules/fsevents/node_modules/isarray'
  ],
  [
    'minimatch@3.0.4',
    '/workspace/source/node_modules/fsevents/node_modules/minimatch'
  ],
  [
    'ignore-walk@3.0.3',
    '/workspace/source/node_modules/fsevents/node_modules/ignore-walk'
  ],
  [
    'minimist@0.0.8',
    '/workspace/source/node_modules/fsevents/node_modules/minimist'
  ],
  [
    'mkdirp@0.5.1',
    '/workspace/source/node_modules/fsevents/node_modules/mkdirp'
  ],
  [
    'ms@2.1.2',
    '/workspace/source/node_modules/fsevents/node_modules/ms'
  ],
  [
    'debug@3.2.6',
    '/workspace/source/node_modules/fsevents/node_modules/debug'
  ],
  [
    'npm-normalize-package-bin@1.0.1',
    '/workspace/source/node_modules/fsevents/node_modules/npm-normalize-package-bin'
  ],
  [
    'npm-bundled@1.1.1',
    '/workspace/source/node_modules/fsevents/node_modules/npm-bundled'
  ],
  [
    'npm-packlist@1.4.7',
    '/workspace/source/node_modules/fsevents/node_modules/npm-packlist'
  ],
  [
    'number-is-nan@1.0.1',
    '/workspace/source/node_modules/fsevents/node_modules/number-is-nan'
  ],
  [
    'is-fullwidth-code-point@1.0.0',
    '/workspace/source/node_modules/fsevents/node_modules/is-fullwidth-code-point'
  ],
  [
    'object-assign@4.1.1',
    '/workspace/source/node_modules/fsevents/node_modules/object-assign'
  ],
  [
    'os-homedir@1.0.2',
    '/workspace/source/node_modules/fsevents/node_modules/os-homedir'
  ],
  [
    'os-tmpdir@1.0.2',
    '/workspace/source/node_modules/fsevents/node_modules/os-tmpdir'
  ],
  [
    'osenv@0.1.5',
    '/workspace/source/node_modules/fsevents/node_modules/osenv'
  ],
  [
    'nopt@4.0.1',
    '/workspace/source/node_modules/fsevents/node_modules/nopt'
  ],
  [
    'path-is-absolute@1.0.1',
    '/workspace/source/node_modules/fsevents/node_modules/path-is-absolute'
  ],
  [
    'process-nextick-args@2.0.1',
    '/workspace/source/node_modules/fsevents/node_modules/process-nextick-args'
  ],
  [
    'minimist@1.2.0',
    '/workspace/source/node_modules/fsevents/node_modules/rc/node_modules/minimist'
  ],
  [
    'safe-buffer@5.1.2',
    '/workspace/source/node_modules/fsevents/node_modules/safe-buffer'
  ],
  [
    'safer-buffer@2.1.2',
    '/workspace/source/node_modules/fsevents/node_modules/safer-buffer'
  ],
  [
    'iconv-lite@0.4.24',
    '/workspace/source/node_modules/fsevents/node_modules/iconv-lite'
  ],
  [
    'sax@1.2.4',
    '/workspace/source/node_modules/fsevents/node_modules/sax'
  ],
  [
    'needle@2.4.0',
    '/workspace/source/node_modules/fsevents/node_modules/needle'
  ],
  [
    'semver@5.7.1',
    '/workspace/source/node_modules/fsevents/node_modules/semver'
  ],
  [
    'set-blocking@2.0.0',
    '/workspace/source/node_modules/fsevents/node_modules/set-blocking'
  ],
  [
    'signal-exit@3.0.2',
    '/workspace/source/node_modules/fsevents/node_modules/signal-exit'
  ],
  [
    'string_decoder@1.1.1',
    '/workspace/source/node_modules/fsevents/node_modules/string_decoder'
  ],
  [
    'strip-ansi@3.0.1',
    '/workspace/source/node_modules/fsevents/node_modules/strip-ansi'
  ],
  [
    'string-width@1.0.2',
    '/workspace/source/node_modules/fsevents/node_modules/string-width'
  ],
  [
    'strip-json-comments@2.0.1',
    '/workspace/source/node_modules/fsevents/node_modules/strip-json-comments'
  ],
  [
    'rc@1.2.8',
    '/workspace/source/node_modules/fsevents/node_modules/rc'
  ],
  [
    'util-deprecate@1.0.2',
    '/workspace/source/node_modules/fsevents/node_modules/util-deprecate'
  ],
  [
    'readable-stream@2.3.6',
    '/workspace/source/node_modules/fsevents/node_modules/readable-stream'
  ],
  [
    'are-we-there-yet@1.1.5',
    '/workspace/source/node_modules/fsevents/node_modules/are-we-there-yet'
  ],
  [
    'wide-align@1.1.3',
    '/workspace/source/node_modules/fsevents/node_modules/wide-align'
  ],
  [
    'gauge@2.7.4',
    '/workspace/source/node_modules/fsevents/node_modules/gauge'
  ],
  [
    'npmlog@4.1.2',
    '/workspace/source/node_modules/fsevents/node_modules/npmlog'
  ],
  [
    'wrappy@1.0.2',
    '/workspace/source/node_modules/fsevents/node_modules/wrappy'
  ],
  [
    'once@1.4.0',
    '/workspace/source/node_modules/fsevents/node_modules/once'
  ],
  [
    'inflight@1.0.6',
    '/workspace/source/node_modules/fsevents/node_modules/inflight'
  ],
  [
    'glob@7.1.6',
    '/workspace/source/node_modules/fsevents/node_modules/glob'
  ],
  [
    'rimraf@2.7.1',
    '/workspace/source/node_modules/fsevents/node_modules/rimraf'
  ],
  [
    'yallist@3.1.1',
    '/workspace/source/node_modules/fsevents/node_modules/yallist'
  ],
  [
    'minipass@2.9.0',
    '/workspace/source/node_modules/fsevents/node_modules/minipass'
  ],
  [
    'fs-minipass@1.2.7',
    '/workspace/source/node_modules/fsevents/node_modules/fs-minipass'
  ],
  [
    'minizlib@1.3.3',
    '/workspace/source/node_modules/fsevents/node_modules/minizlib'
  ],
  [
    'tar@4.4.13',
    '/workspace/source/node_modules/fsevents/node_modules/tar'
  ],
  [
    'node-pre-gyp@0.14.0',
    '/workspace/source/node_modules/fsevents/node_modules/node-pre-gyp'
  ],
  [ 'fsevents@1.2.11', '/workspace/source/node_modules/fsevents' ],
  [ 'lodash@4.17.20', '/workspace/source/node_modules/lodash' ],
  [
    'mini-create-react-context@0.4.0',
    '/workspace/source/node_modules/mini-create-react-context'
  ],
  [
    'warning@3.0.0',
    '/workspace/source/node_modules/react-prop-types/node_modules/warning'
  ],
  [
    'isarray@0.0.1',
    '/workspace/source/node_modules/react-router/node_modules/isarray'
  ],
  [
    'path-to-regexp@1.8.0',
    '/workspace/source/node_modules/react-router/node_modules/path-to-regexp'
  ],
  [
    'fsevents@2.1.2',
    '/workspace/source/node_modules/react-scripts/node_modules/fsevents'
  ],
  [
    'hoist-non-react-statics@2.5.5',
    '/workspace/source/node_modules/recompose/node_modules/hoist-non-react-statics'
  ],
  [
    '@babel/runtime-corejs2@7.12.1',
    '/workspace/source/node_modules/@babel/runtime-corejs2'
  ],
  [
    '@entando/messages@1.0.5',
    '/workspace/source/node_modules/@entando/messages'
  ],
  [
    '@entando/utils@2.4.0',
    '/workspace/source/node_modules/@entando/utils'
  ],
  [
    '@entando/apimanager@6.6.2',
    '/workspace/source/node_modules/@entando/apimanager'
  ],
  [
    'bootstrap-slider-without-jquery@10.0.0',
    '/workspace/source/node_modules/bootstrap-slider-without-jquery'
  ],
  [ 'breakjs@1.0.0', '/workspace/source/node_modules/breakjs' ],
  [
    'css-element-queries@1.2.3',
    '/workspace/source/node_modules/css-element-queries'
  ],
  [
    'flux-standard-action@2.1.1',
    '/workspace/source/node_modules/flux-standard-action'
  ],
  [ 'keycode@2.2.0', '/workspace/source/node_modules/keycode' ],
  [
    'lodash.orderby@4.6.0',
    '/workspace/source/node_modules/lodash.orderby'
  ],
  [ 'moment@2.29.1', '/workspace/source/node_modules/moment' ],
  [
    'react-bootstrap-switch@15.5.3',
    '/workspace/source/node_modules/react-bootstrap-switch'
  ],
  [
    'warning@3.0.0',
    '/workspace/source/node_modules/react-bootstrap/node_modules/warning'
  ],
  [ 'react-c3js@0.1.20', '/workspace/source/node_modules/react-c3js' ],
  [
    'react-fontawesome@1.7.1',
    '/workspace/source/node_modules/react-fontawesome'
  ],
  [
    'react-onclickoutside@6.9.0',
    '/workspace/source/node_modules/react-onclickoutside'
  ],
  [
    'react-datepicker@1.8.0',
    '/workspace/source/node_modules/react-datepicker'
  ],
  [
    'react-prop-types@0.4.0',
    '/workspace/source/node_modules/react-prop-types'
  ],
  ... 11 more items
]

/workspace/source/src/helpers/joinGroups.js
  13:7  warning  Unexpected console statement  no-console

/workspace/source/src/state/user-preferences/selectors.js
  6:1  error  Expected indentation of 2 spaces but found 4   indent
  7:1  error  Expected indentation of 0 spaces but found 2   indent
  7:5  error  Newline required at end of file but not found  eol-last

/workspace/source/src/ui/common/StickySave.js
  51:1   error  This line has a length of 104. Maximum allowed is 100      max-len
  51:80  error  'enableTranslationWarning' is missing in props validation  react/prop-types

✖ 6 problems (5 errors, 1 warning)
  3 errors and 0 warnings potentially fixable with the `--fix` option.

[31m
Pipeline failed on stage 'from-build-pack' : container 'step-build-npm-install'. The execution of the pipeline has stopped.[0m
