
Showing logs for build [32mentando-k8s-environment-entando-vq7qp-1[0m stage [32mfrom-build-pack[0m and container [32mstep-credential-initializer-82wh6[0m
{"level":"warn","ts":1602852969.4407055,"logger":"fallback-logger","caller":"logging/config.go:69","msg":"Fetch GitHub commit ID from kodata failed: \"ref: refs/heads/0.8.0-**-support-backwards-incompats\" is not a valid GitHub commit ID"}
{"level":"info","ts":1602852969.4483292,"logger":"fallback-logger","caller":"creds-init/main.go:40","msg":"Credentials initialized."}

Showing logs for build [32mentando-k8s-environment-entando-vq7qp-1[0m stage [32mfrom-build-pack[0m and container [32mstep-working-dir-initializer-n6zfv[0m
{"level":"warn","ts":1602852972.1486213,"logger":"fallback-logger","caller":"logging/config.go:69","msg":"Fetch GitHub commit ID from kodata failed: open /var/run/ko/HEAD: no such file or directory"}
{"level":"info","ts":1602852972.1545777,"logger":"fallback-logger","caller":"bash/main.go:64","msg":"Successfully e**cuted command \"sh -c mkdir -p /workspace/source\"; output "}

Showing logs for build [32mentando-k8s-environment-entando-vq7qp-1[0m stage [32mfrom-build-pack[0m and container [32mstep-place-tools[0m

Showing logs for build [32mentando-k8s-environment-entando-vq7qp-1[0m stage [32mfrom-build-pack[0m and container [32mstep-git-source-entando-k8s-environment-entando-m7n8p[0m
{"level":"warn","ts":1602853069.225277,"logger":"fallback-logger","caller":"logging/config.go:69","msg":"Fetch GitHub commit ID from kodata failed: \"ref: refs/heads/0.8.0-**-support-backwards-incompats\" is not a valid GitHub commit ID"}
{"level":"info","ts":1602853070.609062,"logger":"fallback-logger","caller":"git/git.go:103","msg":"Successfully cloned https://github.com/entando-k8s/environment-entando-**-staging.git @ master in path /workspace/source"}

Showing logs for build [32mentando-k8s-environment-entando-vq7qp-1[0m stage [32mfrom-build-pack[0m and container [32mstep-git-merge[0m
Using SHAs from PULL_REFS=master:db2510ea0ea66ee5b2b498c5e3051e75ca9d8f24,123:5530e0058ea9115dc26b9c6ba11287c9523a3d46
DEBUG: ran git fetch --unshallow origin 5530e0058ea9115dc26b9c6ba11287c9523a3d46: db2510ea0ea66ee5b2b498c5e3051e75ca9d8f24: in 
DEBUG: ran git checkout master in 
DEBUG: ran git reset --hard db2510ea0ea66ee5b2b498c5e3051e75ca9d8f24 in 
DEBUG: ran clean --force -d . in 
DEBUG: ran git merge 5530e0058ea9115dc26b9c6ba11287c9523a3d46 in 
Merged SHA 5530e0058ea9115dc26b9c6ba11287c9523a3d46 with commit message 'chore: Promote entando-k8s-controller-coordinator to version 6.2.12' into base branch master

Showing logs for build [32mentando-k8s-environment-entando-vq7qp-1[0m stage [32mfrom-build-pack[0m and container [32mstep-build-helm-build[0m
WARNING: No $CHART_REPOSITORY defined so using the default value of: http://jenkins-x-chartmuseum:8080
Adding missing Helm repo: storage.googleapis.com https://storage.googleapis.com/chartmuseum.jenkins-x.io
Successfully added Helm repository storage.googleapis.com.
Adding missing Helm repo: jenkins-x-chartmuseum http://jenkins-x-chartmuseum:8080
Successfully added Helm repository jenkins-x-chartmuseum.
WARNING: No $CHART_REPOSITORY defined so using the default value of: http://jenkins-x-chartmuseum:8080
Adding missing Helm repo: chartmuseum.jenkins-x.io http://chartmuseum.jenkins-x.io
Successfully added Helm repository chartmuseum.jenkins-x.io.
