
Showing logs for build [32mentando-entando-core-bom-master-m6zlc-140[0m stage [32mfrom-build-pack[0m and container [32mstep-credential-initializer-nf86b[0m
{"level":"warn","ts":1604556980.5752864,"logger":"fallback-logger","caller":"logging/config.go:69","msg":"Fetch GitHub commit ID from kodata failed: \"ref: refs/heads/0.8.0-**-support-backwards-incompats\" is not a valid GitHub commit ID"}
{"level":"info","ts":1604556980.583102,"logger":"fallback-logger","caller":"creds-init/main.go:40","msg":"Credentials initialized."}

Showing logs for build [32mentando-entando-core-bom-master-m6zlc-140[0m stage [32mfrom-build-pack[0m and container [32mstep-working-dir-initializer-js7bv[0m
{"level":"warn","ts":1604556981.8417733,"logger":"fallback-logger","caller":"logging/config.go:69","msg":"Fetch GitHub commit ID from kodata failed: open /var/run/ko/HEAD: no such file or directory"}
{"level":"info","ts":1604556981.85867,"logger":"fallback-logger","caller":"bash/main.go:64","msg":"Successfully e**cuted command \"sh -c mkdir -p /workspace/source\"; output "}

Showing logs for build [32mentando-entando-core-bom-master-m6zlc-140[0m stage [32mfrom-build-pack[0m and container [32mstep-place-tools[0m

Showing logs for build [32mentando-entando-core-bom-master-m6zlc-140[0m stage [32mfrom-build-pack[0m and container [32mstep-git-source-entando-entando-core-bom-master-zkcg5[0m
{"level":"warn","ts":1604557107.2335396,"logger":"fallback-logger","caller":"logging/config.go:69","msg":"Fetch GitHub commit ID from kodata failed: \"ref: refs/heads/0.8.0-**-support-backwards-incompats\" is not a valid GitHub commit ID"}
{"level":"info","ts":1604557108.4730418,"logger":"fallback-logger","caller":"git/git.go:103","msg":"Successfully cloned https://github.com/entando/entando-core-bom.git @ v6.2.128 in path /workspace/source"}

Showing logs for build [32mentando-entando-core-bom-master-m6zlc-140[0m stage [32mfrom-build-pack[0m and container [32mstep-git-merge[0m
Using SHAs from PULL_REFS=master:74118b65383866b09a2406216df99b340e5f0bd9
WARNING: no SHAs to merge, falling back to initial cloned commit

Showing logs for build [32mentando-entando-core-bom-master-m6zlc-140[0m stage [32mfrom-build-pack[0m and container [32mstep-setup-jx-git-credentials[0m
Generated Git credentials file /workspace/xdg_config/git/credentials

Showing logs for build [32mentando-entando-core-bom-master-m6zlc-140[0m stage [32mfrom-build-pack[0m and container [32mstep-build-mvn-deploy[0m
Picked up _JAVA_OPTIONS: -XX:+UnlockExperimentalVMOptions -Dsun.zip.disableMemoryMapping=true -XX:+UseParallelGC -XX:MinHeapFreeRatio=5 -XX:MaxHeapFreeRatio=10 -XX:GCTimeRatio=4 -XX:AdaptiveSizePolicyWeight=90 -Xms10m -Xmx8000m
[INFO] Scanning for projects...
[INFO] 
[INFO] --------------------< org.entando:entando-core-bom >--------------------
[INFO] Building Entando Core BOM 6.2.128
[INFO] --------------------------------[ pom ]---------------------------------
[INFO] 
[INFO] --- maven-install-plugin:2.4:install (default-install) @ entando-core-bom ---
[INFO] Installing /workspace/source/pom.xml to /home/jenkins/.mvnrepository/org/entando/entando-core-bom/6.2.128/entando-core-bom-6.2.128.pom
[INFO] 
[INFO] --- maven-deploy-plugin:2.8.2:deploy (default-deploy) @ entando-core-bom ---
[INFO] Using alternate deployment repository local-nexus::default::http://nexus/repository/maven-releases/
[INFO] ------------------------------------------------------------------------
[INFO] BUILD SUCCESS
[INFO] ------------------------------------------------------------------------
[INFO] Total time:  2.998 s
[INFO] Finished at: 2020-11-05T06:18:34Z
[INFO] ------------------------------------------------------------------------

Showing logs for build [32mentando-entando-core-bom-master-m6zlc-140[0m stage [32mfrom-build-pack[0m and container [32mstep-promote-changelog[0m
Converted /workspace/source to an unshallow repository
Generating change log from git ref 6d0f50f2e2d387902be6eafdbb12e28369104463 => e0edfdcd95bc6309f5423c7654bce31aed6bc3e5
WARNING: No release found for entando/entando-core-bom and tag v6.2.128 so creating a new release
Updated the release information at https://github.com/entando/entando-core-bom/releases/tag/v6.2.128
generated: /workspace/source/templates/release.yaml
Created Release entando-core-bom-6-2-128 resource in namespace **
Updating PipelineActivity entando-entando-core-bom-master-140 with version 6.2.128
WARNING: Failed to update PipelineActivities entando-entando-core-bom-master-140: Operation cannot be fulfilled on pipelineactivities.jenkins.io "entando-entando-core-bom-master-140": the object has been modified; please apply your changes to the latest version and try again
