
Showing logs for build [32mentando-k8s-entando-de-app-pr-1-d4pvf-3[0m stage [32mfrom-build-pack[0m and container [32mstep-credential-initializer-dw6k4[0m
{"level":"warn","ts":1603456845.649031,"logger":"fallback-logger","caller":"logging/config.go:69","msg":"Fetch GitHub commit ID from kodata failed: \"ref: refs/heads/0.8.0-**-support-backwards-incompats\" is not a valid GitHub commit ID"}
{"level":"info","ts":1603456845.6602316,"logger":"fallback-logger","caller":"creds-init/main.go:40","msg":"Credentials initialized."}

Showing logs for build [32mentando-k8s-entando-de-app-pr-1-d4pvf-3[0m stage [32mfrom-build-pack[0m and container [32mstep-working-dir-initializer-tq68g[0m
{"level":"warn","ts":1603456847.1037395,"logger":"fallback-logger","caller":"logging/config.go:69","msg":"Fetch GitHub commit ID from kodata failed: open /var/run/ko/HEAD: no such file or directory"}
{"level":"info","ts":1603456847.113873,"logger":"fallback-logger","caller":"bash/main.go:64","msg":"Successfully e**cuted command \"sh -c mkdir -p /workspace/source\"; output "}

Showing logs for build [32mentando-k8s-entando-de-app-pr-1-d4pvf-3[0m stage [32mfrom-build-pack[0m and container [32mstep-place-tools[0m

Showing logs for build [32mentando-k8s-entando-de-app-pr-1-d4pvf-3[0m stage [32mfrom-build-pack[0m and container [32mstep-git-source-entando-k8s-entando-de-app-pr-1-d7d65[0m
{"level":"warn","ts":1603456889.2637107,"logger":"fallback-logger","caller":"logging/config.go:69","msg":"Fetch GitHub commit ID from kodata failed: \"ref: refs/heads/0.8.0-**-support-backwards-incompats\" is not a valid GitHub commit ID"}
{"level":"info","ts":1603456892.608844,"logger":"fallback-logger","caller":"git/git.go:103","msg":"Successfully cloned https://github.com/entando-k8s/entando-de-app.git @ master in path /workspace/source"}

Showing logs for build [32mentando-k8s-entando-de-app-pr-1-d4pvf-3[0m stage [32mfrom-build-pack[0m and container [32mstep-git-merge[0m
Using SHAs from PULL_REFS=master:f9853934d30925b55c33e1973fa5ff6c73765a50,116:2ac4dd9f6d039d9f161cf99e9bfc88017148b140
DEBUG: ran git fetch --unshallow origin 2ac4dd9f6d039d9f161cf99e9bfc88017148b140: f9853934d30925b55c33e1973fa5ff6c73765a50: in 
DEBUG: ran git checkout master in 
DEBUG: ran git reset --hard f9853934d30925b55c33e1973fa5ff6c73765a50 in 
DEBUG: ran clean --force -d . in 
DEBUG: ran git merge 2ac4dd9f6d039d9f161cf99e9bfc88017148b140 in 
Merged SHA 2ac4dd9f6d039d9f161cf99e9bfc88017148b140 with commit message 'ENG-978 update versions' into base branch master

Showing logs for build [32mentando-k8s-entando-de-app-pr-1-d4pvf-3[0m stage [32mfrom-build-pack[0m and container [32mstep-build-set-version[0m
Picked up _JAVA_OPTIONS: -XX:+UnlockExperimentalVMOptions -Dsun.zip.disableMemoryMapping=true -XX:+UseParallelGC -XX:MinHeapFreeRatio=5 -XX:MaxHeapFreeRatio=10 -XX:GCTimeRatio=4 -XX:AdaptiveSizePolicyWeight=90 -Xms1000m -Xmx12000m
[INFO] Scanning for projects...
[INFO] 
[INFO] -----------------< org.entando.entando:entando-de-app >-----------------
[INFO] Building entando-de-app 6.2.0-SNAPSHOT
[INFO] --------------------------------[ war ]---------------------------------
[INFO] 
[INFO] --- versions-maven-plugin:2.8.1:set (default-cli) @ entando-de-app ---
[INFO] Local aggregation ****: /workspace/source
[INFO] Processing change of org.entando.entando:entando-de-app:6.2.0-SNAPSHOT -> 0.0.0-SNAPSHOT-PR-116-3
[INFO] Processing org.entando.entando:entando-de-app
[INFO]     Updating project org.entando.entando:entando-de-app
[INFO]         from version 6.2.0-SNAPSHOT to 0.0.0-SNAPSHOT-PR-116-3
[INFO] 
[INFO] ------------------------------------------------------------------------
[INFO] BUILD SUCCESS
[INFO] ------------------------------------------------------------------------
[INFO] Total time:  13.197 s
[INFO] Finished at: 2020-10-23T12:41:52Z
[INFO] ------------------------------------------------------------------------

Showing logs for build [32mentando-k8s-entando-de-app-pr-1-d4pvf-3[0m stage [32mfrom-build-pack[0m and container [32mstep-build-mvn-verify[0m
Picked up _JAVA_OPTIONS: -XX:+UnlockExperimentalVMOptions -Dsun.zip.disableMemoryMapping=true -XX:+UseParallelGC -XX:MinHeapFreeRatio=5 -XX:MaxHeapFreeRatio=10 -XX:GCTimeRatio=4 -XX:AdaptiveSizePolicyWeight=90 -Xms1000m -Xmx12000m
[INFO] Scanning for projects...
[INFO] 
[INFO] -----------------< org.entando.entando:entando-de-app >-----------------
[INFO] Building entando-de-app 0.0.0-SNAPSHOT-PR-116-3
[INFO] --------------------------------[ war ]---------------------------------
[WARNING] The POM for org.entando.entando.plugins:entando-plugin-jacms:jar:classes:6.2.54 is missing, no dependency information available
[WARNING] The POM for org.entando.entando.plugins:entando-plugin-jacms:war:6.2.54 is missing, no dependency information available
[INFO] ------------------------------------------------------------------------
[INFO] BUILD FAILURE
[INFO] ------------------------------------------------------------------------
[INFO] Total time:  19.962 s
[INFO] Finished at: 2020-10-23T12:42:15Z
[INFO] ------------------------------------------------------------------------
[ERROR] Failed to e**cute goal on project entando-de-app: Could not resolve dependencies for project org.entando.entando:entando-de-app:war:0.0.0-SNAPSHOT-PR-116-3: The following artifacts could not be resolved: org.entando.entando.plugins:entando-plugin-jacms:jar:classes:6.2.54, org.entando.entando.plugins:entando-plugin-jacms:war:6.2.54: Could not find artifact org.entando.entando.plugins:entando-plugin-jacms:jar:classes:6.2.54 in nexus (http://nexus/repository/maven-group/) -> [Help 1]
[ERROR] 
[ERROR] To see the full stack trace of the errors, re-run Maven with the -e switch.
[ERROR] Re-run Maven using the -X switch to enable full debug logging.
[ERROR] 
[ERROR] For more information about the errors and possible solutions, please read the following articles:
[ERROR] [Help 1] http://cwiki.apache.org/confluence/display/MAVEN/DependencyResolutionException
[31m
Pipeline failed on stage 'from-build-pack' : container 'step-build-mvn-verify'. The execution of the pipeline has stopped.[0m
