
Showing logs for build [32mentando-k8s-entando-k8s-service-c98rn-1[0m stage [32mfrom-build-pack[0m and container [32mstep-credential-initializer-bpb28[0m
{"level":"warn","ts":1605546925.426458,"logger":"fallback-logger","caller":"logging/config.go:69","msg":"Fetch GitHub commit ID from kodata failed: \"ref: refs/heads/0.8.0-**-support-backwards-incompats\" is not a valid GitHub commit ID"}
{"level":"info","ts":1605546925.4311774,"logger":"fallback-logger","caller":"creds-init/main.go:40","msg":"Credentials initialized."}

Showing logs for build [32mentando-k8s-entando-k8s-service-c98rn-1[0m stage [32mfrom-build-pack[0m and container [32mstep-working-dir-initializer-xdj88[0m
{"level":"warn","ts":1605546926.5101807,"logger":"fallback-logger","caller":"logging/config.go:69","msg":"Fetch GitHub commit ID from kodata failed: open /var/run/ko/HEAD: no such file or directory"}
{"level":"info","ts":1605546926.5168602,"logger":"fallback-logger","caller":"bash/main.go:64","msg":"Successfully e**cuted command \"sh -c mkdir -p /workspace/source\"; output "}

Showing logs for build [32mentando-k8s-entando-k8s-service-c98rn-1[0m stage [32mfrom-build-pack[0m and container [32mstep-place-tools[0m

Showing logs for build [32mentando-k8s-entando-k8s-service-c98rn-1[0m stage [32mfrom-build-pack[0m and container [32mstep-git-source-entando-k8s-entando-k8s-service-jffz4[0m
{"level":"warn","ts":1605547231.9251087,"logger":"fallback-logger","caller":"logging/config.go:69","msg":"Fetch GitHub commit ID from kodata failed: \"ref: refs/heads/0.8.0-**-support-backwards-incompats\" is not a valid GitHub commit ID"}
{"level":"info","ts":1605547233.5096738,"logger":"fallback-logger","caller":"git/git.go:103","msg":"Successfully cloned https://github.com/entando-k8s/entando-k8s-service.git @ master in path /workspace/source"}

Showing logs for build [32mentando-k8s-entando-k8s-service-c98rn-1[0m stage [32mfrom-build-pack[0m and container [32mstep-git-merge[0m
Using SHAs from PULL_REFS=master:d8e4930920f80acfef82913425d32da947a6f5ae,15:f2ab9b111553ee381473ef5e5ab4697ddc743023
DEBUG: ran git fetch --unshallow origin f2ab9b111553ee381473ef5e5ab4697ddc743023: d8e4930920f80acfef82913425d32da947a6f5ae: in 
DEBUG: ran git checkout master in 
DEBUG: ran git reset --hard d8e4930920f80acfef82913425d32da947a6f5ae in 
DEBUG: ran clean --force -d . in 
DEBUG: ran git merge f2ab9b111553ee381473ef5e5ab4697ddc743023 in 
Merged SHA f2ab9b111553ee381473ef5e5ab4697ddc743023 with commit message 'ENG-1485 plugin create or replace support' into base branch master

Showing logs for build [32mentando-k8s-entando-k8s-service-c98rn-1[0m stage [32mfrom-build-pack[0m and container [32mstep-build-set-version[0m
Picked up _JAVA_OPTIONS: -XX:+UnlockExperimentalVMOptions -Dsun.zip.disableMemoryMapping=true -XX:+UseParallelGC -XX:MinHeapFreeRatio=5 -XX:MaxHeapFreeRatio=10 -XX:GCTimeRatio=4 -XX:AdaptiveSizePolicyWeight=90 -Xms1000m -Xmx12000m
[INFO] Scanning for projects...
[INFO] 
[INFO] ------------------< org.entando:entando-k8s-service >-------------------
[INFO] Building Entando Kubernetes Service 6.2.0-SNAPSHOT
[INFO] --------------------------------[ jar ]---------------------------------
[INFO] 
[INFO] --- versions-maven-plugin:2.8.1:set (default-cli) @ entando-k8s-service ---
[INFO] Local aggregation ****: /workspace/source
[INFO] Processing change of org.entando:entando-k8s-service:6.2.0-SNAPSHOT -> 0.0.0-SNAPSHOT-PR-15-1
[INFO] Processing org.entando:entando-k8s-service
[INFO]     Updating project org.entando:entando-k8s-service
[INFO]         from version 6.2.0-SNAPSHOT to 0.0.0-SNAPSHOT-PR-15-1
[INFO] 
[INFO] ------------------------------------------------------------------------
[INFO] BUILD SUCCESS
[INFO] ------------------------------------------------------------------------
[INFO] Total time:  9.443 s
[INFO] Finished at: 2020-11-16T17:20:47Z
[INFO] ------------------------------------------------------------------------

Showing logs for build [32mentando-k8s-entando-k8s-service-c98rn-1[0m stage [32mfrom-build-pack[0m and container [32mstep-build-fix-git-for-sonar[0m
Switched to a new branch 'PR-15'
M	pom.xml
Deleted branch master (was f2ab9b1).
From https://github.com/entando-k8s/entando-k8s-service
 * [new branch]      master     -> master
 * [new tag]         v6.0.1     -> v6.0.1
 * [new tag]         v6.0.17    -> v6.0.17

Showing logs for build [32mentando-k8s-entando-k8s-service-c98rn-1[0m stage [32mfrom-build-pack[0m and container [32mstep-build-mvn-verify-pr[0m
failed to open log file "/var/log/pods/4351b85b-282f-11eb-bc12-2a726b6f9ff7/step-build-mvn-verify-pr/0.log": open /var/log/pods/4351b85b-282f-11eb-bc12-2a726b6f9ff7/step-build-mvn-verify-pr/0.log: no such file or directory
[31m
Pipeline failed on stage 'from-build-pack' : container 'step-build-mvn-verify-pr'. The execution of the pipeline has stopped.[0m
