
Showing logs for build [32mentando-entando-plugin-jacms-pr-4lrb4-2[0m stage [32mfrom-build-pack[0m and container [32mstep-credential-initializer-cvphx[0m
{"level":"warn","ts":1604572948.509448,"logger":"fallback-logger","caller":"logging/config.go:69","msg":"Fetch GitHub commit ID from kodata failed: \"ref: refs/heads/0.8.0-**-support-backwards-incompats\" is not a valid GitHub commit ID"}
{"level":"info","ts":1604572948.5128424,"logger":"fallback-logger","caller":"creds-init/main.go:40","msg":"Credentials initialized."}

Showing logs for build [32mentando-entando-plugin-jacms-pr-4lrb4-2[0m stage [32mfrom-build-pack[0m and container [32mstep-working-dir-initializer-vsgpj[0m
{"level":"warn","ts":1604572950.241194,"logger":"fallback-logger","caller":"logging/config.go:69","msg":"Fetch GitHub commit ID from kodata failed: open /var/run/ko/HEAD: no such file or directory"}
{"level":"info","ts":1604572950.2515182,"logger":"fallback-logger","caller":"bash/main.go:64","msg":"Successfully e**cuted command \"sh -c mkdir -p /workspace/source\"; output "}

Showing logs for build [32mentando-entando-plugin-jacms-pr-4lrb4-2[0m stage [32mfrom-build-pack[0m and container [32mstep-place-tools[0m

Showing logs for build [32mentando-entando-plugin-jacms-pr-4lrb4-2[0m stage [32mfrom-build-pack[0m and container [32mstep-git-source-entando-entando-plugin-jacms-pr-rkkvp[0m
{"level":"warn","ts":1604573067.9279325,"logger":"fallback-logger","caller":"logging/config.go:69","msg":"Fetch GitHub commit ID from kodata failed: \"ref: refs/heads/0.8.0-**-support-backwards-incompats\" is not a valid GitHub commit ID"}
{"level":"info","ts":1604573070.4080749,"logger":"fallback-logger","caller":"git/git.go:103","msg":"Successfully cloned https://github.com/entando/entando-plugin-jacms.git @ master in path /workspace/source"}

Showing logs for build [32mentando-entando-plugin-jacms-pr-4lrb4-2[0m stage [32mfrom-build-pack[0m and container [32mstep-git-merge[0m
Using SHAs from PULL_REFS=master:497ab7843e9361f5d6f4de588a6660e08548ba9c,56:ac1b851d50d0bd74648d38652404449519ec4d5d
DEBUG: ran git fetch --unshallow origin ac1b851d50d0bd74648d38652404449519ec4d5d: 497ab7843e9361f5d6f4de588a6660e08548ba9c: in 
DEBUG: ran git checkout master in 
DEBUG: ran git reset --hard 497ab7843e9361f5d6f4de588a6660e08548ba9c in 
DEBUG: ran clean --force -d . in 
DEBUG: ran git merge ac1b851d50d0bd74648d38652404449519ec4d5d in 
Merged SHA ac1b851d50d0bd74648d38652404449519ec4d5d with commit message 'ENG-1442: add to the cms api to check existence of a set of cms components' into base branch master

Showing logs for build [32mentando-entando-plugin-jacms-pr-4lrb4-2[0m stage [32mfrom-build-pack[0m and container [32mstep-build-set-version[0m
Picked up _JAVA_OPTIONS: -XX:+UnlockExperimentalVMOptions -Dsun.zip.disableMemoryMapping=true -XX:+UseParallelGC -XX:MinHeapFreeRatio=5 -XX:MaxHeapFreeRatio=10 -XX:GCTimeRatio=4 -XX:AdaptiveSizePolicyWeight=90 -Xms10m -Xmx8000m
[INFO] Scanning for projects...
[INFO] 
[INFO] ----------< org.entando.entando.plugins:entando-plugin-jacms >----------
[INFO] Building Entando Plugin: CMS 6.2.0-SNAPSHOT
[INFO] --------------------------------[ war ]---------------------------------
[INFO] 
[INFO] --- versions-maven-plugin:2.8.1:set (default-cli) @ entando-plugin-jacms ---
[INFO] Local aggregation ****: /workspace/source
[INFO] Processing change of org.entando.entando.plugins:entando-plugin-jacms:6.2.0-SNAPSHOT -> 0.0.0-SNAPSHOT-PR-56-2
[INFO] Processing org.entando.entando.plugins:entando-plugin-jacms
[INFO]     Updating project org.entando.entando.plugins:entando-plugin-jacms
[INFO]         from version 6.2.0-SNAPSHOT to 0.0.0-SNAPSHOT-PR-56-2
[INFO] 
[INFO] ------------------------------------------------------------------------
[INFO] BUILD SUCCESS
[INFO] ------------------------------------------------------------------------
[INFO] Total time:  23.222 s
[INFO] Finished at: 2020-11-05T10:45:01Z
[INFO] ------------------------------------------------------------------------

Showing logs for build [32mentando-entando-plugin-jacms-pr-4lrb4-2[0m stage [32mfrom-build-pack[0m and container [32mstep-build-fix-git-for-sonar[0m
Switched to a new branch 'PR-56'
M	pom.xml
Deleted branch master (was ac1b851).
From https://github.com/entando/entando-plugin-jacms
 * [new branch]      master            -> master
 * [new tag]         5.0.0.initial     -> 5.0.0.initial
 * [new tag]         pia-crs4          -> pia-crs4
 * [new tag]         v5.0.0-pre        -> v5.0.0-pre
 * [new tag]         v6.2.0-sprint1-rc -> v6.2.0-sprint1-rc
 * [new tag]         v6.2.0-sprint2-rc -> v6.2.0-sprint2-rc
 * [new tag]         v6.2.0-sprint3-rc -> v6.2.0-sprint3-rc
 * [new tag]         v6.2.0-sprint4-rc -> v6.2.0-sprint4-rc
 * [new tag]         v6.2.0-sprint5-rc -> v6.2.0-sprint5-rc

Showing logs for build [32mentando-entando-plugin-jacms-pr-4lrb4-2[0m stage [32mfrom-build-pack[0m and container [32mstep-build-mvn-verify-pr[0m
  % Total    % Received % Xferd  Average Speed   Time    Time     Time  Current
                                 Dload  Upload   Total   Spent    Left  Speed
{
  "url": "https://api.github.com/repos/entando/entando-plugin-jacms/statuses/ac1b851d50d0bd74648d38652404449519ec4d5d",
  "avatar_url": "https://avatars2.githubusercontent.com/u/57885396?v=4",
  "id": 11264350453,
  "node_id": "MDEzOlN0YXR1c0NvbnRleHQxMTI2NDM1MDQ1Mw==",
  "state": "pending",
  "description": "Pre-deployment tests pending!",
  "target_url": "https://entando-k8s.github.io/devops-results/entando-plugin-jacms/PR-56/surefire-report.html",
  "context": "Pre-deployment tests",
  "created_at": "2020-11-05T10:45:04Z",
  "updated_at": "2020-11-05T10:45:04Z",
  "creator": {
    "login": "**********",
    "id": 57885396,
    "node_id": "MDQ6VXNlcjU3ODg1Mzk2",
    "avatar_url": "https://avatars2.githubusercontent.com/u/57885396?v=4",
    "gravatar_id": "",
    "url": "https://api.github.com/users/**********",
    "html_url": "https://github.com/**********",
    "followers_url": "https://api.github.com/users/**********/followers",
    "following_url": "https://api.github.com/users/**********/following{/other_user}",
    "gists_url": "https://api.github.com/users/**********/gists{/gist_id}",
    "starred_url": "https://api.github.com/users/**********/starred{/owner}{/repo}",
    "subscriptions_url": "https://api.github.com/users/**********/subscriptions",
    "organizations_url": "https://api.github.com/users/**********/orgs",
    "repos_url": "https://api.github.com/users/**********/repos",
    "events_url": "https://api.github.com/users/**********/events{/privacy}",
    "received_events_url": "https://api.github.com/users/**********/received_events",
    "type": "User",
    "site_*****": *****
  }
}
  0     0    0     0    0     0      0      0 --:--:-- --:--:-- --:--:--     0  0     0    0     0    0     0      0      0 --:--:-- --:--:-- --:--:--     0100  1845  100  1633  100   212   1704    221 --:--:-- --:--:-- --:--:--  1729
  % Total    % Received % Xferd  Average Speed   Time    Time     Time  Current
                                 Dload  Upload   Total   Spent    Left  Speed
{
  "url": "https://api.github.com/repos/entando/entando-plugin-jacms/statuses/ac1b851d50d0bd74648d38652404449519ec4d5d",
  "avatar_url": "https://avatars2.githubusercontent.com/u/57885396?v=4",
  "id": 11264350592,
  "node_id": "MDEzOlN0YXR1c0NvbnRleHQxMTI2NDM1MDU5Mg==",
  "state": "pending",
  "description": "OWASP CVE pending!",
  "target_url": "https://entando-k8s.github.io/devops-results/entando-plugin-jacms/PR-56/dependency-check-report.html",
  "context": "OWASP CVE",
  "created_at": "2020-11-05T10:45:05Z",
  "updated_at": "2020-11-05T10:45:05Z",
  "creator": {
    "login": "**********",
    "id": 57885396,
    "node_id": "MDQ6VXNlcjU3ODg1Mzk2",
    "avatar_url": "https://avatars2.githubusercontent.com/u/57885396?v=4",
    "gravatar_id": "",
    "url": "https://api.github.com/users/**********",
    "html_url": "https://github.com/**********",
    "followers_url": "https://api.github.com/users/**********/followers",
    "following_url": "https://api.github.com/users/**********/following{/other_user}",
    "gists_url": "https://api.github.com/users/entando-**/gists{/gist_id}",
    "starred_url": "https://api.github.com/users/**********/starred{/owner}{/repo}",
    "subscriptions_url": "https://api.github.com/users/entando-**/subscriptions",
    "organizations_url": "https://api.github.com/users/**********/orgs",
    "repos_url": "https://api.github.com/users/**********/repos",
    "events_url": "https://api.github.com/users/**********/events{/privacy}",
    "received_events_url": "https://api.github.com/users/**********/received_events",
    "type": "User",
    "site_*****": *****
  }
}
  0     0    0     0    0     0      0      0 --:--:-- --:--:-- --:--:--     0 10  1817    0     0  100   198      0    232 --:--:-- --:--:-- --:--:--   232100  1817  100  1619  100   198   1901    232 --:--:-- --:--:-- --:--:--  1900
Picked up _JAVA_OPTIONS: -XX:+UnlockExperimentalVMOptions -Dsun.zip.disableMemoryMapping=true -XX:+UseParallelGC -XX:MinHeapFreeRatio=5 -XX:MaxHeapFreeRatio=10 -XX:GCTimeRatio=4 -XX:AdaptiveSizePolicyWeight=90 -Xms10m -Xmx8000m
[INFO] Scanning for projects...
[INFO] 
[INFO] ----------< org.entando.entando.plugins:entando-plugin-jacms >----------
[INFO] Building Entando Plugin: CMS 0.0.0-SNAPSHOT-PR-56-2
[INFO] --------------------------------[ war ]---------------------------------
[WARNING] The POM for org.entando.entando:entando-engine:jar:6.3.0-SNAPSHOT-T101 is missing, no dependency information available
[WARNING] The POM for org.entando.entando:entando-engine:jar:tests:6.3.0-SNAPSHOT-T101 is missing, no dependency information available
[INFO] 
[INFO] ------------------------------------------------------------------------
[INFO] Skipping Entando Plugin: CMS
[INFO] This project has been banned from the build due to previous failures.
[INFO] ------------------------------------------------------------------------
[INFO] ------------------------------------------------------------------------
[INFO] BUILD FAILURE
[INFO] ------------------------------------------------------------------------
[INFO] Total time:  24.628 s
[INFO] Finished at: 2020-11-05T10:45:35Z
[INFO] ------------------------------------------------------------------------
[ERROR] Failed to e**cute goal on project entando-plugin-jacms: Could not resolve dependencies for project org.entando.entando.plugins:entando-plugin-jacms:war:0.0.0-SNAPSHOT-PR-56-2: The following artifacts could not be resolved: org.entando.entando:entando-engine:jar:tests:6.3.0-SNAPSHOT-T101, org.entando.entando:entando-engine:jar:6.3.0-SNAPSHOT-T101: Could not find artifact org.entando.entando:entando-engine:jar:tests:6.3.0-SNAPSHOT-T101 in nexus (http://nexus/repository/maven-group/) -> [Help 1]
[ERROR] 
[ERROR] To see the full stack trace of the errors, re-run Maven with the -e switch.
[ERROR] Re-run Maven using the -X switch to enable full debug logging.
[ERROR] 
[ERROR] For more information about the errors and possible solutions, please read the following articles:
[ERROR] [Help 1] http://cwiki.apache.org/confluence/display/MAVEN/DependencyResolutionException
Picked up _JAVA_OPTIONS: -XX:+UnlockExperimentalVMOptions -Dsun.zip.disableMemoryMapping=true -XX:+UseParallelGC -XX:MinHeapFreeRatio=5 -XX:MaxHeapFreeRatio=10 -XX:GCTimeRatio=4 -XX:AdaptiveSizePolicyWeight=90 -Xms10m -Xmx8000m
[INFO] Scanning for projects...
[INFO] 
[INFO] ----------< org.entando.entando.plugins:entando-plugin-jacms >----------
[INFO] Building Entando Plugin: CMS 0.0.0-SNAPSHOT-PR-56-2
[INFO] --------------------------------[ war ]---------------------------------
[WARNING] The POM for org.entando.entando:entando-engine:jar:6.3.0-SNAPSHOT-T101 is missing, no dependency information available
[WARNING] The POM for org.entando.entando:entando-engine:jar:tests:6.3.0-SNAPSHOT-T101 is missing, no dependency information available
[INFO] ------------------------------------------------------------------------
[INFO] BUILD FAILURE
[INFO] ------------------------------------------------------------------------
[INFO] Total time:  4.094 s
[INFO] Finished at: 2020-11-05T10:45:44Z
[INFO] ------------------------------------------------------------------------
[ERROR] Failed to e**cute goal on project entando-plugin-jacms: Could not resolve dependencies for project org.entando.entando.plugins:entando-plugin-jacms:war:0.0.0-SNAPSHOT-PR-56-2: The following artifacts could not be resolved: org.entando.entando:entando-engine:jar:tests:6.3.0-SNAPSHOT-T101, org.entando.entando:entando-engine:jar:6.3.0-SNAPSHOT-T101: Failure to find org.entando.entando:entando-engine:jar:tests:6.3.0-SNAPSHOT-T101 in http://nexus/repository/maven-group/ was cached in the local repository, resolution will not be reattempted until the update interval of nexus has elapsed or updates are forced -> [Help 1]
[ERROR] 
[ERROR] To see the full stack trace of the errors, re-run Maven with the -e switch.
[ERROR] Re-run Maven using the -X switch to enable full debug logging.
[ERROR] 
[ERROR] For more information about the errors and possible solutions, please read the following articles:
[ERROR] [Help 1] http://cwiki.apache.org/confluence/display/MAVEN/DependencyResolutionException
shallow cloning https://github.com/entando-k8s/devops-results.git branch gh-pages
ran git init in /tmp/jenkins-x-collect075113412
ran git add remote origin https://github.com/entando-k8s/devops-results.git in /tmp/jenkins-x-collect075113412
ran git fetch origin --depth=1 gh-pages in dir /tmp/jenkins-x-collect075113412
No pre-deployment test results found for entando-plugin-jacms-PR-56.
  % Total    % Received % Xferd  Average Speed   Time    Time     Time  Current
                                 Dload  Upload   Total   Spent    Left  Speed
  0     0    0     0    0     0      0      0 --:--:-- --:--:-- --:--:--     0 12  1885    0     0  100   232      0    339 --:--:-- --:--:-- --:--:--   339100  1885  100  1653  100   232   2420    339 --:--:-- --:--:-- --:--:--  2420
No OWASP dependency check found for entando-plugin-jacms-PR-56.
{
  "url": "https://api.github.com/repos/entando/entando-plugin-jacms/statuses/ac1b851d50d0bd74648d38652404449519ec4d5d",
  "avatar_url": "https://avatars2.githubusercontent.com/u/57885396?v=4",
  "id": 11264361164,
  "node_id": "MDEzOlN0YXR1c0NvbnRleHQxMTI2NDM2MTE2NA==",
  "state": "pending",
  "description": "No pre-deployment test results produced by build!",
  "target_url": "https://entando-k8s.github.io/devops-results/entando-plugin-jacms/PR-56/surefire-report.html",
  "context": "Pre-deployment tests",
  "created_at": "2020-11-05T10:46:25Z",
  "updated_at": "2020-11-05T10:46:25Z",
  "creator": {
    "login": "entando-**",
    "id": 57885396,
    "node_id": "MDQ6VXNlcjU3ODg1Mzk2",
    "avatar_url": "https://avatars2.githubusercontent.com/u/57885396?v=4",
    "gravatar_id": "",
    "url": "https://api.github.com/users/**********",
    "html_url": "https://github.com/**********",
    "followers_url": "https://api.github.com/users/**********/followers",
    "following_url": "https://api.github.com/users/entando-**/following{/other_user}",
    "gists_url": "https://api.github.com/users/**********/gists{/gist_id}",
    "starred_url": "https://api.github.com/users/**********/starred{/owner}{/repo}",
    "subscriptions_url": "https://api.github.com/users/**********/subscriptions",
    "organizations_url": "https://api.github.com/users/**********/orgs",
    "repos_url": "https://api.github.com/users/**********/repos",
    "events_url": "https://api.github.com/users/entando-**/events{/privacy}",
    "received_events_url": "https://api.github.com/users/**********/received_events",
    "type": "User",
    "site_*****": *****
  }
}
  % Total    % Received % Xferd  Average Speed   Time    Time     Time  Current
                                 Dload  Upload   Total   Spent    Left  Speed
{
  "url": "https://api.github.com/repos/entando/entando-plugin-jacms/statuses/ac1b851d50d0bd74648d38652404449519ec4d5d",
  "avatar_url": "https://avatars2.githubusercontent.com/u/57885396?v=4",
  "id": 11264361338,
  "node_id": "MDEzOlN0YXR1c0NvbnRleHQxMTI2NDM2MTMzOA==",
  "state": "pending",
  "description": "No OWASP dependency check results produced by build!",
  "target_url": "https://entando-k8s.github.io/devops-results/entando-plugin-jacms/PR-56/dependency-check-report.html",
  "context": "OWASP CVE",
  "created_at": "2020-11-05T10:46:26Z",
  "updated_at": "2020-11-05T10:46:26Z",
  "creator": {
    "login": "**********",
    "id": 57885396,
    "node_id": "MDQ6VXNlcjU3ODg1Mzk2",
    "avatar_url": "https://avatars2.githubusercontent.com/u/57885396?v=4",
    "gravatar_id": "",
    "url": "https://api.github.com/users/**********",
    "html_url": "https://github.com/**********",
    "followers_url": "https://api.github.com/users/**********/followers",
    "following_url": "https://api.github.com/users/**********/following{/other_user}",
    "gists_url": "https://api.github.com/users/**********/gists{/gist_id}",
    "starred_url": "https://api.github.com/users/**********/starred{/owner}{/repo}",
    "subscriptions_url": "https://api.github.com/users/entando-**/subscriptions",
    "organizations_url": "https://api.github.com/users/**********/orgs",
    "repos_url": "https://api.github.com/users/**********/repos",
    "events_url": "https://api.github.com/users/**********/events{/privacy}",
    "received_events_url": "https://api.github.com/users/**********/received_events",
    "type": "User",
    "site_*****": *****
  }
}
  0     0    0     0    0     0      0      0 --:--:-- --:--:-- --:--:--     0 12  1885    0     0  100   232      0    239 --:--:-- --:--:-- --:--:--   239100  1885  100  1653  100   232   1708    239 --:--:-- --:--:-- --:--:--  1707
The following checks failed for entando-plugin-jacms-PR-56:
No pre-deployment test results produced by build
No OWASP dependency check results produced by build
[31m
Pipeline failed on stage 'from-build-pack' : container 'step-build-mvn-verify-pr'. The execution of the pipeline has stopped.[0m
