
Showing logs for build [32mentando-entando-plugin-jacms-pr-sjpzn-9[0m stage [32mfrom-build-pack[0m and container [32mstep-credential-initializer-mj64l[0m
{"level":"warn","ts":1604666605.7393482,"logger":"fallback-logger","caller":"logging/config.go:69","msg":"Fetch GitHub commit ID from kodata failed: \"ref: refs/heads/0.8.0-**-support-backwards-incompats\" is not a valid GitHub commit ID"}
{"level":"info","ts":1604666605.7471077,"logger":"fallback-logger","caller":"creds-init/main.go:40","msg":"Credentials initialized."}

Showing logs for build [32mentando-entando-plugin-jacms-pr-sjpzn-9[0m stage [32mfrom-build-pack[0m and container [32mstep-working-dir-initializer-p2bn9[0m
{"level":"warn","ts":1604666607.4047806,"logger":"fallback-logger","caller":"logging/config.go:69","msg":"Fetch GitHub commit ID from kodata failed: open /var/run/ko/HEAD: no such file or directory"}
{"level":"info","ts":1604666607.4184813,"logger":"fallback-logger","caller":"bash/main.go:64","msg":"Successfully e**cuted command \"sh -c mkdir -p /workspace/source\"; output "}

Showing logs for build [32mentando-entando-plugin-jacms-pr-sjpzn-9[0m stage [32mfrom-build-pack[0m and container [32mstep-place-tools[0m

Showing logs for build [32mentando-entando-plugin-jacms-pr-sjpzn-9[0m stage [32mfrom-build-pack[0m and container [32mstep-git-source-entando-entando-plugin-jacms-pr-pgqfp[0m
{"level":"warn","ts":1604666704.1807346,"logger":"fallback-logger","caller":"logging/config.go:69","msg":"Fetch GitHub commit ID from kodata failed: \"ref: refs/heads/0.8.0-**-support-backwards-incompats\" is not a valid GitHub commit ID"}
{"level":"info","ts":1604666706.6190324,"logger":"fallback-logger","caller":"git/git.go:103","msg":"Successfully cloned https://github.com/entando/entando-plugin-jacms.git @ master in path /workspace/source"}

Showing logs for build [32mentando-entando-plugin-jacms-pr-sjpzn-9[0m stage [32mfrom-build-pack[0m and container [32mstep-git-merge[0m
Using SHAs from PULL_REFS=master:7036cad1f526840fcf3f62e47f2c271a78a61621,56:16db5bf59f9da0df56ab724a36ec095329679e65
DEBUG: ran git fetch --unshallow origin 16db5bf59f9da0df56ab724a36ec095329679e65: 7036cad1f526840fcf3f62e47f2c271a78a61621: in 
DEBUG: ran git checkout master in 
DEBUG: ran git reset --hard 7036cad1f526840fcf3f62e47f2c271a78a61621 in 
DEBUG: ran clean --force -d . in 
DEBUG: ran git merge 16db5bf59f9da0df56ab724a36ec095329679e65 in 
Merged SHA 1923d63cf7f681cfd6d5401ffcb44db6065dc945 with commit message 'Merge commit '16db5bf59f9da0df56ab724a36ec095329679e65'' into base branch master
Merged SHA 16db5bf59f9da0df56ab724a36ec095329679e65 with commit message 'ENG-1442: add to the cms api to check existence of a set of cms components' into base branch master

Showing logs for build [32mentando-entando-plugin-jacms-pr-sjpzn-9[0m stage [32mfrom-build-pack[0m and container [32mstep-build-set-version[0m
Picked up _JAVA_OPTIONS: -XX:+UnlockExperimentalVMOptions -Dsun.zip.disableMemoryMapping=true -XX:+UseParallelGC -XX:MinHeapFreeRatio=5 -XX:MaxHeapFreeRatio=10 -XX:GCTimeRatio=4 -XX:AdaptiveSizePolicyWeight=90 -Xms10m -Xmx8000m
[INFO] Scanning for projects...
[INFO] 
[INFO] ----------< org.entando.entando.plugins:entando-plugin-jacms >----------
[INFO] Building Entando Plugin: CMS 6.2.0-SNAPSHOT
[INFO] --------------------------------[ war ]---------------------------------
[INFO] 
[INFO] --- versions-maven-plugin:2.8.1:set (default-cli) @ entando-plugin-jacms ---
[INFO] Local aggregation ****: /workspace/source
[INFO] Processing change of org.entando.entando.plugins:entando-plugin-jacms:6.2.0-SNAPSHOT -> 0.0.0-SNAPSHOT-PR-56-9
[INFO] Processing org.entando.entando.plugins:entando-plugin-jacms
[INFO]     Updating project org.entando.entando.plugins:entando-plugin-jacms
[INFO]         from version 6.2.0-SNAPSHOT to 0.0.0-SNAPSHOT-PR-56-9
[INFO] 
[INFO] ------------------------------------------------------------------------
[INFO] BUILD SUCCESS
[INFO] ------------------------------------------------------------------------
[INFO] Total time:  11.779 s
[INFO] Finished at: 2020-11-06T12:45:25Z
[INFO] ------------------------------------------------------------------------

Showing logs for build [32mentando-entando-plugin-jacms-pr-sjpzn-9[0m stage [32mfrom-build-pack[0m and container [32mstep-build-fix-git-for-sonar[0m
error: Your local changes to the following files would be overwritten by checkout:
	pom.xml
Please commit your changes or stash them before you switch branches.
Aborting
error: Cannot delete branch 'master' checked out at '/workspace/source'
fatal: Refusing to fetch into current branch refs/heads/master of non-bare repository
[31m
Pipeline failed on stage 'from-build-pack' : container 'step-build-fix-git-for-sonar'. The execution of the pipeline has stopped.[0m
