
Showing logs for build [32mentando-k8s-entando-k8s-cluster-xz5bq-1[0m stage [32mfrom-build-pack[0m and container [32mstep-credential-initializer-sscnr[0m
{"level":"warn","ts":1604828237.9550264,"logger":"fallback-logger","caller":"logging/config.go:69","msg":"Fetch GitHub commit ID from kodata failed: \"ref: refs/heads/0.8.0-**-support-backwards-incompats\" is not a valid GitHub commit ID"}
{"level":"info","ts":1604828237.9620552,"logger":"fallback-logger","caller":"creds-init/main.go:40","msg":"Credentials initialized."}

Showing logs for build [32mentando-k8s-entando-k8s-cluster-xz5bq-1[0m stage [32mfrom-build-pack[0m and container [32mstep-working-dir-initializer-29m94[0m
{"level":"warn","ts":1604828239.5150073,"logger":"fallback-logger","caller":"logging/config.go:69","msg":"Fetch GitHub commit ID from kodata failed: open /var/run/ko/HEAD: no such file or directory"}
{"level":"info","ts":1604828239.5284045,"logger":"fallback-logger","caller":"bash/main.go:64","msg":"Successfully e**cuted command \"sh -c mkdir -p /workspace/source\"; output "}

Showing logs for build [32mentando-k8s-entando-k8s-cluster-xz5bq-1[0m stage [32mfrom-build-pack[0m and container [32mstep-place-tools[0m

Showing logs for build [32mentando-k8s-entando-k8s-cluster-xz5bq-1[0m stage [32mfrom-build-pack[0m and container [32mstep-git-source-entando-k8s-entando-k8s-cluster-zb8st[0m
{"level":"warn","ts":1604828260.9158356,"logger":"fallback-logger","caller":"logging/config.go:69","msg":"Fetch GitHub commit ID from kodata failed: \"ref: refs/heads/0.8.0-**-support-backwards-incompats\" is not a valid GitHub commit ID"}
{"level":"info","ts":1604828262.339263,"logger":"fallback-logger","caller":"git/git.go:103","msg":"Successfully cloned https://github.com/entando-k8s/entando-k8s-cluster-infrastructure-controller.git @ master in path /workspace/source"}

Showing logs for build [32mentando-k8s-entando-k8s-cluster-xz5bq-1[0m stage [32mfrom-build-pack[0m and container [32mstep-git-merge[0m
Using SHAs from PULL_REFS=master:f2baa79a0a3a41e2664a03e5841cf1e96d5183e9,15:e41cf6d36da1e5414cb009a12330298df62cf430
DEBUG: ran git fetch --unshallow origin e41cf6d36da1e5414cb009a12330298df62cf430: f2baa79a0a3a41e2664a03e5841cf1e96d5183e9: in 
DEBUG: ran git checkout master in 
DEBUG: ran git reset --hard f2baa79a0a3a41e2664a03e5841cf1e96d5183e9 in 
DEBUG: ran clean --force -d . in 
DEBUG: ran git merge e41cf6d36da1e5414cb009a12330298df62cf430 in 
Merged SHA e41cf6d36da1e5414cb009a12330298df62cf430 with commit message 'ENG-1447 minor tweaks in the build' into base branch master
Merged SHA 5649ffdabf38dfdbb480211a661b768d83532a0b with commit message 'poste proposal' into base branch master

Showing logs for build [32mentando-k8s-entando-k8s-cluster-xz5bq-1[0m stage [32mfrom-build-pack[0m and container [32mstep-build-set-version[0m
Picked up _JAVA_OPTIONS: -XX:+UnlockExperimentalVMOptions -Dsun.zip.disableMemoryMapping=true -XX:+UseParallelGC -XX:MinHeapFreeRatio=5 -XX:MaxHeapFreeRatio=10 -XX:GCTimeRatio=4 -XX:AdaptiveSizePolicyWeight=90 -Xms1000m -Xmx12000m
[INFO] Scanning for projects...
[WARNING] 
[WARNING] Some problems were encountered while building the effective model for org.entando:entando-k8s-cluster-infrastructure-controller:jar:6.2.0-SNAPSHOT
[WARNING] 'dependencyManagement.dependencies.dependency.(groupId:artifactId:type:classifier)' must be unique: org.yaml:snakeyaml:jar -> version 1.27 vs ${snakeyaml.version} @ org.entando:entando-quarkus-parent:6.2.5, /home/jenkins/.mvnrepository/org/entando/entando-quarkus-parent/6.2.5/entando-quarkus-parent-6.2.5.pom, line 283, column 25
[WARNING] 
[WARNING] It is highly recommended to fix these problems because they threaten the stability of your build.
[WARNING] 
[WARNING] For this reason, future Maven versions might no longer support building such malformed projects.
[WARNING] 
[INFO] 
[INFO] -----< org.entando:entando-k8s-cluster-infrastructure-controller >------
[INFO] Building Entando K8S Controller for Entando Cluster Infrastructure Deployments 6.2.0-SNAPSHOT
[INFO] --------------------------------[ jar ]---------------------------------
[INFO] 
[INFO] --- versions-maven-plugin:2.8.1:set (default-cli) @ entando-k8s-cluster-infrastructure-controller ---
[INFO] Local aggregation ****: /workspace/source
[INFO] Processing change of org.entando:entando-k8s-cluster-infrastructure-controller:6.2.0-SNAPSHOT -> 0.0.0-SNAPSHOT-PR-15-1
[INFO] Processing org.entando:entando-k8s-cluster-infrastructure-controller
[INFO]     Updating project org.entando:entando-k8s-cluster-infrastructure-controller
[INFO]         from version 6.2.0-SNAPSHOT to 0.0.0-SNAPSHOT-PR-15-1
[INFO] 
[INFO] ------------------------------------------------------------------------
[INFO] BUILD SUCCESS
[INFO] ------------------------------------------------------------------------
[INFO] Total time:  8.716 s
[INFO] Finished at: 2020-11-08T09:37:58Z
[INFO] ------------------------------------------------------------------------

Showing logs for build [32mentando-k8s-entando-k8s-cluster-xz5bq-1[0m stage [32mfrom-build-pack[0m and container [32mstep-build-fix-git-for-sonar[0m
Switched to a new branch 'PR-15'
M	pom.xml
Deleted branch master (was e41cf6d).
From https://github.com/entando-k8s/entando-k8s-cluster-infrastructure-controller
 * [new branch]      master     -> master

Showing logs for build [32mentando-k8s-entando-k8s-cluster-xz5bq-1[0m stage [32mfrom-build-pack[0m and container [32mstep-build-mvn-verify-pr[0m
  % Total    % Received % Xferd  Average Speed   Time    Time     Time  Current
                                 Dload  Upload   Total   Spent    Left  Speed
  0     0    0     0    0     0      0      0 --:--:-- --:--:-- --:--:--     0  0     0    0     0    0     0      0      0 --:--:-- --:--:-- --:--:--     0100  1924  100  1687  100   237   1919    269 --:--:-- --:--:-- --:--:--  1928
{
  "url": "https://api.github.com/repos/entando-k8s/entando-k8s-cluster-infrastructure-controller/statuses/e41cf6d36da1e5414cb009a12330298df62cf430",
  "avatar_url": "https://avatars2.githubusercontent.com/u/57885396?v=4",
  "id": 11287619815,
  "node_id": "MDEzOlN0YXR1c0NvbnRleHQxMTI4NzYxOTgxNQ==",
  "state": "pending",
  "description": "Pre-deployment tests pending!",
  "target_url": "https://entando-k8s.github.io/devops-results/entando-k8s-cluster-infrastructure-controller/PR-15/surefire-report.html",
  "context": "Pre-deployment tests",
  "created_at": "2020-11-08T09:38:01Z",
  "updated_at": "2020-11-08T09:38:01Z",
  "creator": {
    "login": "**********",
    "id": 57885396,
    "node_id": "MDQ6VXNlcjU3ODg1Mzk2",
    "avatar_url": "https://avatars2.githubusercontent.com/u/57885396?v=4",
    "gravatar_id": "",
    "url": "https://api.github.com/users/entando-**",
    "html_url": "https://github.com/entando-**",
    "followers_url": "https://api.github.com/users/**********/followers",
    "following_url": "https://api.github.com/users/entando-**/following{/other_user}",
    "gists_url": "https://api.github.com/users/**********/gists{/gist_id}",
    "starred_url": "https://api.github.com/users/**********/starred{/owner}{/repo}",
    "subscriptions_url": "https://api.github.com/users/**********/subscriptions",
    "organizations_url": "https://api.github.com/users/entando-**/orgs",
    "repos_url": "https://api.github.com/users/**********/repos",
    "events_url": "https://api.github.com/users/entando-**/events{/privacy}",
    "received_events_url": "https://api.github.com/users/entando-**/received_events",
    "type": "User",
    "site_*****": *****
  }
}
  % Total    % Received % Xferd  Average Speed   Time    Time     Time  Current
                                 Dload  Upload   Total   Spent    Left  Speed
  0     0    0     0    0     0      0      0 --:--:-- --:--:-- --:--:--     0 12  1928    0     0  100   239      0    385 --:--:-- --:--:-- --:--:--   384100  1928  100  1689  100   239   2722    385 --:--:-- --:--:-- --:--:--  2719
{
  "url": "https://api.github.com/repos/entando-k8s/entando-k8s-cluster-infrastructure-controller/statuses/e41cf6d36da1e5414cb009a12330298df62cf430",
  "avatar_url": "https://avatars2.githubusercontent.com/u/57885396?v=4",
  "id": 11287619827,
  "node_id": "MDEzOlN0YXR1c0NvbnRleHQxMTI4NzYxOTgyNw==",
  "state": "pending",
  "description": "Post-deployment tests pending!",
  "target_url": "https://entando-k8s.github.io/devops-results/entando-k8s-cluster-infrastructure-controller/PR-15/failsafe-report.html",
  "context": "Post-deployment tests",
  "created_at": "2020-11-08T09:38:02Z",
  "updated_at": "2020-11-08T09:38:02Z",
  "creator": {
    "login": "entando-**",
    "id": 57885396,
    "node_id": "MDQ6VXNlcjU3ODg1Mzk2",
    "avatar_url": "https://avatars2.githubusercontent.com/u/57885396?v=4",
    "gravatar_id": "",
    "url": "https://api.github.com/users/entando-**",
    "html_url": "https://github.com/entando-**",
    "followers_url": "https://api.github.com/users/**********/followers",
    "following_url": "https://api.github.com/users/**********/following{/other_user}",
    "gists_url": "https://api.github.com/users/entando-**/gists{/gist_id}",
    "starred_url": "https://api.github.com/users/entando-**/starred{/owner}{/repo}",
    "subscriptions_url": "https://api.github.com/users/**********/subscriptions",
    "organizations_url": "https://api.github.com/users/entando-**/orgs",
    "repos_url": "https://api.github.com/users/entando-**/repos",
    "events_url": "https://api.github.com/users/entando-**/events{/privacy}",
    "received_events_url": "https://api.github.com/users/**********/received_events",
    "type": "User",
    "site_*****": *****
  }
}
  % Total    % Received % Xferd  Average Speed   Time    Time     Time  Current
                                 Dload  Upload   Total   Spent    Left  Speed
  0     0    0     0    0     0      0      0 --:--:-- --:--:-- --:--:--     0100  1874  100  1662  100   212   2675    341 --:--:-- --:--:-- --:--:--  2676
  % Total    % Received % Xferd  Average Speed   Time    Time     Time  Current
                                 Dload  Upload   Total   Spent    Left  Speed
{
  "url": "https://api.github.com/repos/entando-k8s/entando-k8s-cluster-infrastructure-controller/statuses/e41cf6d36da1e5414cb009a12330298df62cf430",
  "avatar_url": "https://avatars2.githubusercontent.com/u/57885396?v=4",
  "id": 11287619843,
  "node_id": "MDEzOlN0YXR1c0NvbnRleHQxMTI4NzYxOTg0Mw==",
  "state": "pending",
  "description": "Checkstyle pending!",
  "target_url": "https://entando-k8s.github.io/devops-results/entando-k8s-cluster-infrastructure-controller/PR-15/checkstyle.html",
  "context": "Checkstyle",
  "created_at": "2020-11-08T09:38:03Z",
  "updated_at": "2020-11-08T09:38:03Z",
  "creator": {
    "login": "entando-**",
    "id": 57885396,
    "node_id": "MDQ6VXNlcjU3ODg1Mzk2",
    "avatar_url": "https://avatars2.githubusercontent.com/u/57885396?v=4",
    "gravatar_id": "",
    "url": "https://api.github.com/users/**********",
    "html_url": "https://github.com/entando-**",
    "followers_url": "https://api.github.com/users/**********/followers",
    "following_url": "https://api.github.com/users/**********/following{/other_user}",
    "gists_url": "https://api.github.com/users/entando-**/gists{/gist_id}",
    "starred_url": "https://api.github.com/users/entando-**/starred{/owner}{/repo}",
    "subscriptions_url": "https://api.github.com/users/**********/subscriptions",
    "organizations_url": "https://api.github.com/users/entando-**/orgs",
    "repos_url": "https://api.github.com/users/entando-**/repos",
    "events_url": "https://api.github.com/users/**********/events{/privacy}",
    "received_events_url": "https://api.github.com/users/entando-**/received_events",
    "type": "User",
    "site_*****": *****
  }
}
  0     0    0     0    0     0      0      0 --:--:-- --:--:-- --:--:--     0  0     0    0     0    0     0      0      0 --:--:-- --:--:-- --:--:--     0100  1896  100  1673  100   223   2778    370 --:--:-- --:--:-- --:--:--  2774
Picked up _JAVA_OPTIONS: -XX:+UnlockExperimentalVMOptions -Dsun.zip.disableMemoryMapping=true -XX:+UseParallelGC -XX:MinHeapFreeRatio=5 -XX:MaxHeapFreeRatio=10 -XX:GCTimeRatio=4 -XX:AdaptiveSizePolicyWeight=90 -Xms1000m -Xmx12000m
{
  "url": "https://api.github.com/repos/entando-k8s/entando-k8s-cluster-infrastructure-controller/statuses/e41cf6d36da1e5414cb009a12330298df62cf430",
  "avatar_url": "https://avatars2.githubusercontent.com/u/57885396?v=4",
  "id": 11287619860,
  "node_id": "MDEzOlN0YXR1c0NvbnRleHQxMTI4NzYxOTg2MA==",
  "state": "pending",
  "description": "OWASP CVE pending!",
  "target_url": "https://entando-k8s.github.io/devops-results/entando-k8s-cluster-infrastructure-controller/PR-15/dependency-check-report.html",
  "context": "OWASP CVE",
  "created_at": "2020-11-08T09:38:03Z",
  "updated_at": "2020-11-08T09:38:03Z",
  "creator": {
    "login": "entando-**",
    "id": 57885396,
    "node_id": "MDQ6VXNlcjU3ODg1Mzk2",
    "avatar_url": "https://avatars2.githubusercontent.com/u/57885396?v=4",
    "gravatar_id": "",
    "url": "https://api.github.com/users/**********",
    "html_url": "https://github.com/**********",
    "followers_url": "https://api.github.com/users/entando-**/followers",
    "following_url": "https://api.github.com/users/entando-**/following{/other_user}",
    "gists_url": "https://api.github.com/users/entando-**/gists{/gist_id}",
    "starred_url": "https://api.github.com/users/**********/starred{/owner}{/repo}",
    "subscriptions_url": "https://api.github.com/users/entando-**/subscriptions",
    "organizations_url": "https://api.github.com/users/entando-**/orgs",
    "repos_url": "https://api.github.com/users/**********/repos",
    "events_url": "https://api.github.com/users/**********/events{/privacy}",
    "received_events_url": "https://api.github.com/users/**********/received_events",
    "type": "User",
    "site_*****": *****
  }
}
[INFO] Scanning for projects...
[WARNING] 
[WARNING] Some problems were encountered while building the effective model for org.entando:entando-k8s-cluster-infrastructure-controller:jar:0.0.0-SNAPSHOT-PR-15-1
[WARNING] 'dependencyManagement.dependencies.dependency.(groupId:artifactId:type:classifier)' must be unique: org.yaml:snakeyaml:jar -> version 1.27 vs ${snakeyaml.version} @ org.entando:entando-quarkus-parent:6.2.5, /home/jenkins/.mvnrepository/org/entando/entando-quarkus-parent/6.2.5/entando-quarkus-parent-6.2.5.pom, line 283, column 25
[WARNING] 
[WARNING] It is highly recommended to fix these problems because they threaten the stability of your build.
[WARNING] 
[WARNING] For this reason, future Maven versions might no longer support building such malformed projects.
[WARNING] 
[INFO] 
[INFO] -----< org.entando:entando-k8s-cluster-infrastructure-controller >------
[INFO] Building Entando K8S Controller for Entando Cluster Infrastructure Deployments 0.0.0-SNAPSHOT-PR-15-1
[INFO] --------------------------------[ jar ]---------------------------------
[INFO] 
[INFO] --- maven-checkstyle-plugin:3.1.1:check (validate) @ entando-k8s-cluster-infrastructure-controller ---
[INFO] Starting audit...
Audit done.
[INFO] You have 0 Checkstyle violations.
[INFO] 
[INFO] --- maven-checkstyle-plugin:3.1.1:checkstyle (validate) @ entando-k8s-cluster-infrastructure-controller ---
[INFO] Starting audit...
Audit done.
[INFO] 
[INFO] --- jacoco-maven-plugin:0.8.5:prepare-agent (prepare-agent) @ entando-k8s-cluster-infrastructure-controller ---
[INFO] argLine set to -javaagent:/home/jenkins/.mvnrepository/org/jacoco/org.jacoco.agent/0.8.5/org.jacoco.agent-0.8.5-runtime.jar=destfile=/workspace/source/target/jacoco.e**c
[INFO] 
[INFO] --- maven-resources-plugin:2.6:resources (default-resources) @ entando-k8s-cluster-infrastructure-controller ---
[INFO] Using 'UTF-8' encoding to copy filtered resources.
[INFO] Copying 3 resources
[INFO] 
[INFO] --- maven-compiler-plugin:3.8.1:compile (default-compile) @ entando-k8s-cluster-infrastructure-controller ---
[INFO] Changes detected - recompiling the module!
[INFO] Compiling 5 source files to /workspace/source/target/classes
[INFO] 
[INFO] --- maven-resources-plugin:2.6:testResources (default-testResources) @ entando-k8s-cluster-infrastructure-controller ---
[INFO] Using 'UTF-8' encoding to copy filtered resources.
[INFO] Copying 3 resources
[INFO] 
[INFO] --- maven-compiler-plugin:3.8.1:testCompile (default-testCompile) @ entando-k8s-cluster-infrastructure-controller ---
[INFO] Changes detected - recompiling the module!
[INFO] Compiling 2 source files to /workspace/source/target/test-classes
[INFO] 
[INFO] --- maven-surefire-plugin:3.0.0-M1:test (default-test) @ entando-k8s-cluster-infrastructure-controller ---
[INFO] 
[INFO] -------------------------------------------------------
[INFO]  T E S T S
[INFO] -------------------------------------------------------
[INFO] Running org.entando.kubernetes.controller.clusterinfrastructure.inprocesstests.DeployEntandoClusterInfrastructureTest
[INFO] Tests run: 4, Failures: 0, Errors: 0, Skipped: 0, Time elapsed: 4.62 s - in org.entando.kubernetes.controller.clusterinfrastructure.inprocesstests.DeployEntandoClusterInfrastructureTest
[INFO] 
[INFO] Results:
[INFO] 
[INFO] Tests run: 4, Failures: 0, Errors: 0, Skipped: 0
[INFO] 
[INFO] 
[INFO] --- maven-jar-plugin:3.2.0:jar (default-jar) @ entando-k8s-cluster-infrastructure-controller ---
[INFO] Building jar: /workspace/source/target/entando-k8s-cluster-infrastructure-controller-0.0.0-SNAPSHOT-PR-15-1.jar
[INFO] 
[INFO] --- maven-jar-plugin:3.2.0:test-jar (build-test-jar) @ entando-k8s-cluster-infrastructure-controller ---
[INFO] Building jar: /workspace/source/target/entando-k8s-cluster-infrastructure-controller-0.0.0-SNAPSHOT-PR-15-1-tests.jar
[INFO] 
[INFO] --- quarkus-maven-plugin:1.2.0.Final:build (default) @ entando-k8s-cluster-infrastructure-controller ---
[WARNING] [io.quarkus.creator.curator.Curator] These dependencies are not recommended:
	- jakarta.xml.bind:jakarta.xml.bind-api should be replaced by org.jboss.spec.javax.xml.bind:jboss-jaxb-api_2.3_spec
	- javax.activation:activation should be replaced by com.sun.activation:jakarta.activation
You might end up with two different versions of the same classes or with an artifact you shouldn't have in your classpath.
[INFO] [org.jboss.threads] JBoss Threads version 3.0.0.Final
[INFO] [io.quarkus.deployment.pkg.steps.JarResultBuildStep] Building thin jar: /workspace/source/target/entando-k8s-cluster-infrastructure-controller-0.0.0-SNAPSHOT-PR-15-1-runner.jar
[INFO] [io.quarkus.deployment.QuarkusAugmentor] Quarkus augmentation completed in 1933ms
[INFO] 
[INFO] --- maven-surefire-report-plugin:3.0.0-M4:failsafe-report-only (integration-tests) @ entando-k8s-cluster-infrastructure-controller ---
[INFO] 
[INFO] --- dependency-check-maven:5.3.2:aggregate (default) @ entando-k8s-cluster-infrastructure-controller ---
[INFO] 

Dependency-Check is an open source tool performing a best effort analysis of 3rd party dependencies; ***** positives and ***** negatives may exist in the analysis performed by the tool. Use of the tool and the reporting provided constitutes acceptance for use in an AS IS condition, and there are NO warranties, implied or otherwise, with regard to the analysis or its use. Any use of the tool and the reporting provided is at the user’s risk. In no event shall the copyright holder or OWASP be held liable for any damages whatsoever arising out of or in connection with the use of this tool, the analysis performed, or the resulting report.


[INFO] Analysis Started
[INFO] Finished Archive Analyzer (0 seconds)
[INFO] Finished File Name Analyzer (0 seconds)
[INFO] Finished Jar Analyzer (0 seconds)
[INFO] Finished Dependency Merging Analyzer (0 seconds)
[INFO] Finished Version Filter Analyzer (0 seconds)
[INFO] Finished Hint Analyzer (0 seconds)
[INFO] Created CPE Index (2 seconds)
[INFO] Finished CPE Analyzer (4 seconds)
[INFO] Finished False Positive Analyzer (0 seconds)
[INFO] Finished NVD CVE Analyzer (0 seconds)
[INFO] Finished Sonatype OSS Index Analyzer (1 seconds)
[INFO] Finished Vulnerability Suppression Analyzer (0 seconds)
[INFO] Finished Dependency Bundling Analyzer (0 seconds)
[INFO] Analysis Complete (8 seconds)
[INFO] 
[INFO] --- jacoco-maven-plugin:0.8.5:report (report) @ entando-k8s-cluster-infrastructure-controller ---
[INFO] Loading e**cution data file /workspace/source/target/jacoco.e**c
[INFO] Analyzed bundle 'Entando K8S Controller for Entando Cluster Infrastructure Deployments' with 5 classes
[INFO] 
[INFO] --- maven-surefire-report-plugin:3.0.0-M4:report-only (unit-tests) @ entando-k8s-cluster-infrastructure-controller ---
[WARNING] Unable to locate Test Source XRef to link to - DISABLED
[INFO] 
[INFO] --- maven-install-plugin:2.4:install (default-install) @ entando-k8s-cluster-infrastructure-controller ---
[INFO] Installing /workspace/source/target/entando-k8s-cluster-infrastructure-controller-0.0.0-SNAPSHOT-PR-15-1.jar to /home/jenkins/.mvnrepository/org/entando/entando-k8s-cluster-infrastructure-controller/0.0.0-SNAPSHOT-PR-15-1/entando-k8s-cluster-infrastructure-controller-0.0.0-SNAPSHOT-PR-15-1.jar
[INFO] Installing /workspace/source/pom.xml to /home/jenkins/.mvnrepository/org/entando/entando-k8s-cluster-infrastructure-controller/0.0.0-SNAPSHOT-PR-15-1/entando-k8s-cluster-infrastructure-controller-0.0.0-SNAPSHOT-PR-15-1.pom
[INFO] Installing /workspace/source/target/entando-k8s-cluster-infrastructure-controller-0.0.0-SNAPSHOT-PR-15-1-tests.jar to /home/jenkins/.mvnrepository/org/entando/entando-k8s-cluster-infrastructure-controller/0.0.0-SNAPSHOT-PR-15-1/entando-k8s-cluster-infrastructure-controller-0.0.0-SNAPSHOT-PR-15-1-tests.jar
[INFO] 
[INFO] -----< org.entando:entando-k8s-cluster-infrastructure-controller >------
[INFO] Building Entando K8S Controller for Entando Cluster Infrastructure Deployments 0.0.0-SNAPSHOT-PR-15-1
[INFO] --------------------------------[ jar ]---------------------------------
[INFO] 
[INFO] --- sonar-maven-plugin:3.7.0.1746:sonar (default-cli) @ entando-k8s-cluster-infrastructure-controller ---
[INFO] User cache: /****/.sonar/cache
[INFO] SonarQube version: 8.0.0
[INFO] Default locale: "en_US", source code encoding: "UTF-8"
[INFO] Load global settings
[INFO] Load global settings (done) | time=439ms
[INFO] Server id: 1BD809FA-AWHW8ct9-T_TB3XqouNu
[INFO] User cache: /****/.sonar/cache
[INFO] Load/download plugins
[INFO] Load plugins index
[INFO] Load plugins index (done) | time=85ms
[INFO] Load/download plugins (done) | time=23018ms
[INFO] Loaded core extensions: developer-scanner
[INFO] JavaScript/TypeScript frontend is enabled
[INFO] Load project settings for component key: 'entando-k8s_entando-k8s-cluster-infrastructure-controller'
[INFO] Load project settings for component key: 'entando-k8s_entando-k8s-cluster-infrastructure-controller' (done) | time=25ms
[INFO] Process project properties
[INFO] E**cute project builders
[INFO] E**cute project builders (done) | time=2ms
[INFO] Project key: entando-k8s_entando-k8s-cluster-infrastructure-controller
[INFO] Base dir: /workspace/source
[INFO] Working dir: /workspace/source/target/sonar
[INFO] Load project branches
[INFO] Load project branches (done) | time=32ms
[INFO] Check ALM binding of project 'entando-k8s_entando-k8s-cluster-infrastructure-controller'
[INFO] Detected project binding: BOUND
[INFO] Check ALM binding of project 'entando-k8s_entando-k8s-cluster-infrastructure-controller' (done) | time=23ms
[INFO] Load project pull requests
[INFO] Load project pull requests (done) | time=28ms
[INFO] Load branch configuration
[INFO] Load branch configuration (done) | time=623ms
[INFO] Load quality profiles
[INFO] Load quality profiles (done) | time=61ms
[INFO] Load active rules
[INFO] Load active rules (done) | time=1174ms
[INFO] Organization key: entando-k8s
[INFO] Pull request 15 for merge into master from ENG-1447_improved_eci_and_kc_config
[INFO] SCM collecting changed files in the branch
[WARNING] Exception caught during e**cution of command '[/usr/local/git/bin/git, config, --******, --edit]' in '/usr/local/git/bin', return code '128', error message 'fatal: Invalid path '/usr/local/git/etc': No such file or directory
'
[INFO] SCM collecting changed files in the branch (done) | time=359ms
[INFO] Indexing files...
[INFO] Project configuration:
[INFO] 8 files inde**d
[INFO] 0 files ignored because of scm ignore settings
[INFO] Quality profile for java: Sonar way
[INFO] Quality profile for xml: Sonar way
[INFO] ------------- Run sensors on module Entando K8S Controller for Entando Cluster Infrastructure Deployments
[INFO] JavaScript/TypeScript frontend is enabled
[INFO] Load metrics repository
[INFO] Load metrics repository (done) | time=24ms
WARNING: An illegal reflective access operation has occurred
WARNING: Illegal reflective access by net.sf.cglib.core.ReflectUtils$1 (file:/****/.sonar/cache/a89f1943fc75b65becd9fb4ecab8d913/sonar-tsql-plugin.jar) to method java.lang.ClassLoader.defineClass(java.lang.String,byte[],int,int,java.security.ProtectionDomain)
WARNING: Please consider reporting this to the maintainers of net.sf.cglib.core.ReflectUtils$1
WARNING: Use --illegal-access=warn to enable warnings of further illegal reflective access operations
WARNING: All illegal access operations will be denied in a future release
[INFO] Sensor JavaSquidSensor [java]
[INFO] Configured Java source version (sonar.java.source): 8
[INFO] JavaClasspath initialization
[INFO] JavaClasspath initialization (done) | time=15ms
[INFO] JavaTestClasspath initialization
[INFO] JavaTestClasspath initialization (done) | time=3ms
[INFO] Java Main Files AST scan
[INFO] 5 source files to be analyzed
[INFO] 5/5 source files have been analyzed
[INFO] Java Main Files AST scan (done) | time=2447ms
[INFO] Java Test Files AST scan
[INFO] 2 source files to be analyzed
[INFO] Java Test Files AST scan (done) | time=434ms
[INFO] Java Generated Files AST scan
[INFO] 0 source files to be analyzed
[INFO] 2/2 source files have been analyzed
[INFO] Java Generated Files AST scan (done) | time=1ms
[INFO] Sensor JavaSquidSensor [java] (done) | time=3079ms
[INFO] Sensor SonarCSS Rules [cssfamily]
[INFO] No CSS, PHP, HTML or VueJS files are found in the project. CSS analysis is skipped.
[INFO] Sensor SonarCSS Rules [cssfamily] (done) | time=1ms
[INFO] Sensor C# Properties [csharp]
[INFO] Sensor C# Properties [csharp] (done) | time=1ms
[INFO] Sensor Import of Checkstyle issues [java]
[INFO] Importing /workspace/source/target/checkstyle-result.xml
[INFO] 0/0 source files have been analyzed
[INFO] Sensor Import of Checkstyle issues [java] (done) | time=78ms
[INFO] Sensor SurefireSensor [java]
[INFO] parsing [/workspace/source/target/surefire-reports]
[INFO] Sensor SurefireSensor [java] (done) | time=45ms
[INFO] Sensor JavaXmlSensor [java]
[INFO] 1 source files to be analyzed
[INFO] Sensor JavaXmlSensor [java] (done) | time=605ms
[INFO] 1/1 source files have been analyzed
[INFO] Sensor HTML [web]
[INFO] Sensor HTML [web] (done) | time=5ms
[INFO] Sensor XML Sensor [xml]
[INFO] 1 source files to be analyzed
[INFO] Sensor XML Sensor [xml] (done) | time=183ms
[INFO] Sensor VB.NET Properties [vbnet]
[INFO] Sensor VB.NET Properties [vbnet] (done) | time=2ms
[INFO] Sensor JaCoCo XML Report Importer [jacoco]
[INFO] 1/1 source files have been analyzed
[INFO] Importing 1 report(s). Turn your logs in debug mode in order to see the exhaustive list.
[INFO] Sensor JaCoCo XML Report Importer [jacoco] (done) | time=32ms
[INFO] Sensor ThymeLeaf template sensor [securityjavafrontend]
[INFO] Sensor ThymeLeaf template sensor [securityjavafrontend] (done) | time=2ms
[INFO] Sensor JavaSecuritySensor [security]
[INFO] Reading type hierarchy from: /workspace/source/target/sonar/ucfg2/java
[INFO] Read 78 type definitions
[INFO] Reading UCFGs from: /workspace/source/target/sonar/ucfg2/java
[INFO] 09:39:37.393539 Building Type propagation graph
[INFO] 09:39:37.403227 Running Tarjan on 97 nodes
[INFO] 09:39:37.406043 Tarjan found 97 components
[INFO] 09:39:37.41025 Variable type analysis: done
[INFO] 09:39:37.411233 Building Type propagation graph
[INFO] 09:39:37.415713 Running Tarjan on 97 nodes
[INFO] 09:39:37.416497 Tarjan found 97 components
[INFO] 09:39:37.417449 Variable type analysis: done
[INFO] Analyzing 36 ucfgs to detect vulnerabilities.
[INFO] All rules entrypoints : 0 Retained UCFGs : 0
[INFO] rule: S5131, entrypoints: 0
[INFO] rule: S5131 done
[INFO] rule: S3649, entrypoints: 0
[INFO] rule: S3649 done
[INFO] rule: S2076, entrypoints: 0
[INFO] rule: S2076 done
[INFO] rule: S2091, entrypoints: 0
[INFO] rule: S2091 done
[INFO] rule: S2078, entrypoints: 0
[INFO] rule: S2078 done
[INFO] rule: S2631, entrypoints: 0
[INFO] rule: S2631 done
[INFO] rule: S5135, entrypoints: 0
[INFO] rule: S5135 done
[INFO] rule: S2083, entrypoints: 0
[INFO] rule: S2083 done
[INFO] rule: S5167, entrypoints: 0
[INFO] rule: S5167 done
[INFO] rule: S5144, entrypoints: 0
[INFO] rule: S5144 done
[INFO] rule: S5145, entrypoints: 0
[INFO] rule: S5145 done
[INFO] rule: S5146, entrypoints: 0
[INFO] rule: S5146 done
[INFO] rule: S5334, entrypoints: 0
[INFO] rule: S5334 done
[INFO] Sensor JavaSecuritySensor [security] (done) | time=446ms
[INFO] Sensor CSharpSecuritySensor [security]
[INFO] Reading type hierarchy from: /workspace/source/target/ucfg_cs2
[INFO] Read 0 type definitions
[INFO] Reading UCFGs from: /workspace/source/target/ucfg_cs2
[INFO] No UCFGs have been included for analysis.
[INFO] Sensor CSharpSecuritySensor [security] (done) | time=1ms
[INFO] Sensor PhpSecuritySensor [security]
[INFO] Reading type hierarchy from: /workspace/source/target/sonar/ucfg2/php
[INFO] Read 0 type definitions
[INFO] Reading UCFGs from: /workspace/source/target/sonar/ucfg2/php
[INFO] No UCFGs have been included for analysis.
[INFO] Sensor PhpSecuritySensor [security] (done) | time=1ms
[INFO] Sensor PythonSecuritySensor [security]
[INFO] Reading type hierarchy from: /workspace/source/target/sonar/ucfg2/python
[INFO] Read 0 type definitions
[INFO] Reading UCFGs from: /workspace/source/target/sonar/ucfg2/python
[INFO] No UCFGs have been included for analysis.
[INFO] Sensor PythonSecuritySensor [security] (done) | time=2ms
[INFO] Sensor JsSecuritySensor [security]
[INFO] Reading type hierarchy from: /workspace/source/target/sonar/ucfg2/js
[INFO] Read 0 type definitions
[INFO] Reading UCFGs from: /workspace/source/target/sonar/ucfg2/js
[INFO] No UCFGs have been included for analysis.
[INFO] Sensor JsSecuritySensor [security] (done) | time=2ms
[INFO] ------------- Run sensors on project
[INFO] Sensor Zero Coverage Sensor
[INFO] Sensor Zero Coverage Sensor (done) | time=1ms
[INFO] Sensor Java CPD Block Inde**r
[INFO] Sensor Java CPD Block Inde**r (done) | time=35ms
[INFO] SCM Publisher SCM provider for this project is: git
[INFO] SCM Publisher 6 source files to be analyzed
[INFO] SCM Publisher 5/6 source files have been analyzed (done) | time=166ms
[WARNING] Missing blame information for the following files:
[WARNING]   * pom.xml
[WARNING] This may lead to missing/broken features in SonarCloud
[INFO] CPD E**cutor 1 file had no CPD blocks
[INFO] CPD E**cutor Calculating CPD for 4 files
[INFO] CPD E**cutor CPD calculation finished (done) | time=10ms
[INFO] SCM writing changed lines
[INFO] SCM writing changed lines (done) | time=73ms
[INFO] Analysis report generated in 226ms, dir size=238 KB
[INFO] Analysis report compressed in 34ms, zip size=63 KB
[INFO] Analysis report uploaded in 118ms
[INFO] ANALYSIS SUCCESSFUL, you can find the results at: https://sonarcloud.io/dashboard?id=entando-k8s_entando-k8s-cluster-infrastructure-controller&pullRequest=15
[INFO] Note that you will be able to access the updated dashboard once the server has processed the submitted analysis report
[INFO] More about the report processing at https://sonarcloud.io/api/ce/task?id=AXWnObSJPOAnaJWzaEPn
[INFO] Analysis total time: 11.563 s
[INFO] ------------------------------------------------------------------------
[INFO] BUILD SUCCESS
[INFO] ------------------------------------------------------------------------
[INFO] Total time:  01:31 min
[INFO] Finished at: 2020-11-08T09:39:38Z
[INFO] ------------------------------------------------------------------------
Picked up _JAVA_OPTIONS: -XX:+UnlockExperimentalVMOptions -Dsun.zip.disableMemoryMapping=true -XX:+UseParallelGC -XX:MinHeapFreeRatio=5 -XX:MaxHeapFreeRatio=10 -XX:GCTimeRatio=4 -XX:AdaptiveSizePolicyWeight=90 -Xms1000m -Xmx12000m
[INFO] Scanning for projects...
[WARNING] 
[WARNING] Some problems were encountered while building the effective model for org.entando:entando-k8s-cluster-infrastructure-controller:jar:0.0.0-SNAPSHOT-PR-15-1
[WARNING] 'dependencyManagement.dependencies.dependency.(groupId:artifactId:type:classifier)' must be unique: org.yaml:snakeyaml:jar -> version 1.27 vs ${snakeyaml.version} @ org.entando:entando-quarkus-parent:6.2.5, /home/jenkins/.mvnrepository/org/entando/entando-quarkus-parent/6.2.5/entando-quarkus-parent-6.2.5.pom, line 283, column 25
[WARNING] 
[WARNING] It is highly recommended to fix these problems because they threaten the stability of your build.
[WARNING] 
[WARNING] For this reason, future Maven versions might no longer support building such malformed projects.
[WARNING] 
[INFO] 
[INFO] -----< org.entando:entando-k8s-cluster-infrastructure-controller >------
[INFO] Building Entando K8S Controller for Entando Cluster Infrastructure Deployments 0.0.0-SNAPSHOT-PR-15-1
[INFO] --------------------------------[ jar ]---------------------------------
[INFO] 
[INFO] --- maven-site-plugin:3.9.0:site (default-site) @ entando-k8s-cluster-infrastructure-controller ---
[INFO] configuring report plugin org.apache.maven.plugins:maven-project-info-reports-plugin:3.0.0
[INFO] 9 reports configured for maven-project-info-reports-plugin:3.0.0: dependency-info, distribution-management, index, ci-management, issue-management, licenses, plugins, scm, summary
[INFO] Rendering site with default locale English (en)
[WARNING] Unable to find a URL to the parent project. The parent menu will NOT be added.
[INFO] Relativizing decoration links with respect to localized project URL: https://central.entando.com
[INFO] Rendering content with org.apache.maven.skins:maven-default-skin:jar:1.3 skin.
[INFO] Generating "Dependency Information" report --- maven-project-info-reports-plugin:3.0.0:dependency-info
[INFO] Generating "About" report         --- maven-project-info-reports-plugin:3.0.0:index
[INFO] Generating "Issue Management" report --- maven-project-info-reports-plugin:3.0.0:issue-management
[INFO] Generating "Licenses" report      --- maven-project-info-reports-plugin:3.0.0:licenses
[INFO] Generating "Plugins" report       --- maven-project-info-reports-plugin:3.0.0:plugins
[INFO] Generating "Source Code Management" report --- maven-project-info-reports-plugin:3.0.0:scm
[INFO] Generating "Summary" report       --- maven-project-info-reports-plugin:3.0.0:summary
[INFO] ------------------------------------------------------------------------
[INFO] BUILD SUCCESS
[INFO] ------------------------------------------------------------------------
[INFO] Total time:  8.240 s
[INFO] Finished at: 2020-11-08T09:39:48Z
[INFO] ------------------------------------------------------------------------
shallow cloning https://github.com/entando-k8s/devops-results.git branch gh-pages
ran git init in /tmp/jenkins-x-collect014149185
ran git add remote origin https://github.com/entando-k8s/devops-results.git in /tmp/jenkins-x-collect014149185
ran git fetch origin --depth=1 gh-pages in dir /tmp/jenkins-x-collect014149185
Publishing https://raw.githubusercontent.com/entando-k8s/devops-results/gh-pages/entando-k8s-cluster-infrastructure-controller/PR-15/checkstyle.html
Publishing https://raw.githubusercontent.com/entando-k8s/devops-results/gh-pages/entando-k8s-cluster-infrastructure-controller/PR-15/checkstyle.rss
Publishing https://raw.githubusercontent.com/entando-k8s/devops-results/gh-pages/entando-k8s-cluster-infrastructure-controller/PR-15/css/maven-base.css
Publishing https://raw.githubusercontent.com/entando-k8s/devops-results/gh-pages/entando-k8s-cluster-infrastructure-controller/PR-15/css/maven-theme.css
Publishing https://raw.githubusercontent.com/entando-k8s/devops-results/gh-pages/entando-k8s-cluster-infrastructure-controller/PR-15/css/print.css
Publishing https://raw.githubusercontent.com/entando-k8s/devops-results/gh-pages/entando-k8s-cluster-infrastructure-controller/PR-15/css/site.css
Publishing https://raw.githubusercontent.com/entando-k8s/devops-results/gh-pages/entando-k8s-cluster-infrastructure-controller/PR-15/dependency-check-junit.xml
Publishing https://raw.githubusercontent.com/entando-k8s/devops-results/gh-pages/entando-k8s-cluster-infrastructure-controller/PR-15/dependency-check-report.html
Publishing https://raw.githubusercontent.com/entando-k8s/devops-results/gh-pages/entando-k8s-cluster-infrastructure-controller/PR-15/dependency-check-report.xml
Publishing https://raw.githubusercontent.com/entando-k8s/devops-results/gh-pages/entando-k8s-cluster-infrastructure-controller/PR-15/dependency-info.html
Publishing https://raw.githubusercontent.com/entando-k8s/devops-results/gh-pages/entando-k8s-cluster-infrastructure-controller/PR-15/images/collapsed.gif
Publishing https://raw.githubusercontent.com/entando-k8s/devops-results/gh-pages/entando-k8s-cluster-infrastructure-controller/PR-15/images/expanded.gif
Publishing https://raw.githubusercontent.com/entando-k8s/devops-results/gh-pages/entando-k8s-cluster-infrastructure-controller/PR-15/images/external.png
Publishing https://raw.githubusercontent.com/entando-k8s/devops-results/gh-pages/entando-k8s-cluster-infrastructure-controller/PR-15/images/icon_error_sml.gif
Publishing https://raw.githubusercontent.com/entando-k8s/devops-results/gh-pages/entando-k8s-cluster-infrastructure-controller/PR-15/images/icon_info_sml.gif
Publishing https://raw.githubusercontent.com/entando-k8s/devops-results/gh-pages/entando-k8s-cluster-infrastructure-controller/PR-15/images/icon_success_sml.gif
Publishing https://raw.githubusercontent.com/entando-k8s/devops-results/gh-pages/entando-k8s-cluster-infrastructure-controller/PR-15/images/icon_warning_sml.gif
Publishing https://raw.githubusercontent.com/entando-k8s/devops-results/gh-pages/entando-k8s-cluster-infrastructure-controller/PR-15/images/logos/build-by-maven-black.png
Publishing https://raw.githubusercontent.com/entando-k8s/devops-results/gh-pages/entando-k8s-cluster-infrastructure-controller/PR-15/images/logos/build-by-maven-white.png
Publishing https://raw.githubusercontent.com/entando-k8s/devops-results/gh-pages/entando-k8s-cluster-infrastructure-controller/PR-15/images/logos/maven-feather.png
Publishing https://raw.githubusercontent.com/entando-k8s/devops-results/gh-pages/entando-k8s-cluster-infrastructure-controller/PR-15/images/newwindow.png
Publishing https://raw.githubusercontent.com/entando-k8s/devops-results/gh-pages/entando-k8s-cluster-infrastructure-controller/PR-15/images/rss.png
Publishing https://raw.githubusercontent.com/entando-k8s/devops-results/gh-pages/entando-k8s-cluster-infrastructure-controller/PR-15/index.html
Publishing https://raw.githubusercontent.com/entando-k8s/devops-results/gh-pages/entando-k8s-cluster-infrastructure-controller/PR-15/issue-management.html
Publishing https://raw.githubusercontent.com/entando-k8s/devops-results/gh-pages/entando-k8s-cluster-infrastructure-controller/PR-15/jacoco/index.html
Publishing https://raw.githubusercontent.com/entando-k8s/devops-results/gh-pages/entando-k8s-cluster-infrastructure-controller/PR-15/jacoco/jacoco-resources/branchfc.gif
Publishing https://raw.githubusercontent.com/entando-k8s/devops-results/gh-pages/entando-k8s-cluster-infrastructure-controller/PR-15/jacoco/jacoco-resources/branchnc.gif
Publishing https://raw.githubusercontent.com/entando-k8s/devops-results/gh-pages/entando-k8s-cluster-infrastructure-controller/PR-15/jacoco/jacoco-resources/branchpc.gif
Publishing https://raw.githubusercontent.com/entando-k8s/devops-results/gh-pages/entando-k8s-cluster-infrastructure-controller/PR-15/jacoco/jacoco-resources/bundle.gif
Publishing https://raw.githubusercontent.com/entando-k8s/devops-results/gh-pages/entando-k8s-cluster-infrastructure-controller/PR-15/jacoco/jacoco-resources/class.gif
Publishing https://raw.githubusercontent.com/entando-k8s/devops-results/gh-pages/entando-k8s-cluster-infrastructure-controller/PR-15/jacoco/jacoco-resources/down.gif
Publishing https://raw.githubusercontent.com/entando-k8s/devops-results/gh-pages/entando-k8s-cluster-infrastructure-controller/PR-15/jacoco/jacoco-resources/greenbar.gif
Publishing https://raw.githubusercontent.com/entando-k8s/devops-results/gh-pages/entando-k8s-cluster-infrastructure-controller/PR-15/jacoco/jacoco-resources/group.gif
Publishing https://raw.githubusercontent.com/entando-k8s/devops-results/gh-pages/entando-k8s-cluster-infrastructure-controller/PR-15/jacoco/jacoco-resources/method.gif
Publishing https://raw.githubusercontent.com/entando-k8s/devops-results/gh-pages/entando-k8s-cluster-infrastructure-controller/PR-15/jacoco/jacoco-resources/package.gif
Publishing https://raw.githubusercontent.com/entando-k8s/devops-results/gh-pages/entando-k8s-cluster-infrastructure-controller/PR-15/jacoco/jacoco-resources/prettify.css
Publishing https://raw.githubusercontent.com/entando-k8s/devops-results/gh-pages/entando-k8s-cluster-infrastructure-controller/PR-15/jacoco/jacoco-resources/prettify.js
Publishing https://raw.githubusercontent.com/entando-k8s/devops-results/gh-pages/entando-k8s-cluster-infrastructure-controller/PR-15/jacoco/jacoco-resources/redbar.gif
Publishing https://raw.githubusercontent.com/entando-k8s/devops-results/gh-pages/entando-k8s-cluster-infrastructure-controller/PR-15/jacoco/jacoco-resources/report.css
Publishing https://raw.githubusercontent.com/entando-k8s/devops-results/gh-pages/entando-k8s-cluster-infrastructure-controller/PR-15/jacoco/jacoco-resources/report.gif
Publishing https://raw.githubusercontent.com/entando-k8s/devops-results/gh-pages/entando-k8s-cluster-infrastructure-controller/PR-15/jacoco/jacoco-resources/session.gif
Publishing https://raw.githubusercontent.com/entando-k8s/devops-results/gh-pages/entando-k8s-cluster-infrastructure-controller/PR-15/jacoco/jacoco-resources/sort.gif
Publishing https://raw.githubusercontent.com/entando-k8s/devops-results/gh-pages/entando-k8s-cluster-infrastructure-controller/PR-15/jacoco/jacoco-resources/sort.js
Publishing https://raw.githubusercontent.com/entando-k8s/devops-results/gh-pages/entando-k8s-cluster-infrastructure-controller/PR-15/jacoco/jacoco-resources/source.gif
Publishing https://raw.githubusercontent.com/entando-k8s/devops-results/gh-pages/entando-k8s-cluster-infrastructure-controller/PR-15/jacoco/jacoco-resources/up.gif
Publishing https://raw.githubusercontent.com/entando-k8s/devops-results/gh-pages/entando-k8s-cluster-infrastructure-controller/PR-15/jacoco/jacoco-sessions.html
Publishing https://raw.githubusercontent.com/entando-k8s/devops-results/gh-pages/entando-k8s-cluster-infrastructure-controller/PR-15/jacoco/jacoco.csv
Publishing https://raw.githubusercontent.com/entando-k8s/devops-results/gh-pages/entando-k8s-cluster-infrastructure-controller/PR-15/jacoco/jacoco.xml
Publishing https://raw.githubusercontent.com/entando-k8s/devops-results/gh-pages/entando-k8s-cluster-infrastructure-controller/PR-15/jacoco/org.entando.kubernetes.controller.clusterinfrastructure/ClusterInfrastructureDeploymentResult.html
Publishing https://raw.githubusercontent.com/entando-k8s/devops-results/gh-pages/entando-k8s-cluster-infrastructure-controller/PR-15/jacoco/org.entando.kubernetes.controller.clusterinfrastructure/ClusterInfrastructureDeploymentResult.java.html
Publishing https://raw.githubusercontent.com/entando-k8s/devops-results/gh-pages/entando-k8s-cluster-infrastructure-controller/PR-15/jacoco/org.entando.kubernetes.controller.clusterinfrastructure/EntandoClusterInfrastructureController.html
Publishing https://raw.githubusercontent.com/entando-k8s/devops-results/gh-pages/entando-k8s-cluster-infrastructure-controller/PR-15/jacoco/org.entando.kubernetes.controller.clusterinfrastructure/EntandoClusterInfrastructureController.java.html
Publishing https://raw.githubusercontent.com/entando-k8s/devops-results/gh-pages/entando-k8s-cluster-infrastructure-controller/PR-15/jacoco/org.entando.kubernetes.controller.clusterinfrastructure/EntandoK8SServiceDeployable.html
Publishing https://raw.githubusercontent.com/entando-k8s/devops-results/gh-pages/entando-k8s-cluster-infrastructure-controller/PR-15/jacoco/org.entando.kubernetes.controller.clusterinfrastructure/EntandoK8SServiceDeployable.java.html
Publishing https://raw.githubusercontent.com/entando-k8s/devops-results/gh-pages/entando-k8s-cluster-infrastructure-controller/PR-15/jacoco/org.entando.kubernetes.controller.clusterinfrastructure/EntandoK8SServiceDeployableContainer.html
Publishing https://raw.githubusercontent.com/entando-k8s/devops-results/gh-pages/entando-k8s-cluster-infrastructure-controller/PR-15/jacoco/org.entando.kubernetes.controller.clusterinfrastructure/EntandoK8SServiceDeployableContainer.java.html
Publishing https://raw.githubusercontent.com/entando-k8s/devops-results/gh-pages/entando-k8s-cluster-infrastructure-controller/PR-15/jacoco/org.entando.kubernetes.controller.clusterinfrastructure/InfrastructureDeployableBase.html
Publishing https://raw.githubusercontent.com/entando-k8s/devops-results/gh-pages/entando-k8s-cluster-infrastructure-controller/PR-15/jacoco/org.entando.kubernetes.controller.clusterinfrastructure/InfrastructureDeployableBase.java.html
Publishing https://raw.githubusercontent.com/entando-k8s/devops-results/gh-pages/entando-k8s-cluster-infrastructure-controller/PR-15/jacoco/org.entando.kubernetes.controller.clusterinfrastructure/index.html
Publishing https://raw.githubusercontent.com/entando-k8s/devops-results/gh-pages/entando-k8s-cluster-infrastructure-controller/PR-15/jacoco/org.entando.kubernetes.controller.clusterinfrastructure/index.source.html
Publishing https://raw.githubusercontent.com/entando-k8s/devops-results/gh-pages/entando-k8s-cluster-infrastructure-controller/PR-15/licenses.html
Publishing https://raw.githubusercontent.com/entando-k8s/devops-results/gh-pages/entando-k8s-cluster-infrastructure-controller/PR-15/plugins.html
Publishing https://raw.githubusercontent.com/entando-k8s/devops-results/gh-pages/entando-k8s-cluster-infrastructure-controller/PR-15/project-info.html
Publishing https://raw.githubusercontent.com/entando-k8s/devops-results/gh-pages/entando-k8s-cluster-infrastructure-controller/PR-15/scm.html
Publishing https://raw.githubusercontent.com/entando-k8s/devops-results/gh-pages/entando-k8s-cluster-infrastructure-controller/PR-15/summary.html
Publishing https://raw.githubusercontent.com/entando-k8s/devops-results/gh-pages/entando-k8s-cluster-infrastructure-controller/PR-15/surefire-report.html
stashed: https://raw.githubusercontent.com/entando-k8s/devops-results/gh-pages/entando-k8s-cluster-infrastructure-controller/PR-15/checkstyle.html
stashed: https://raw.githubusercontent.com/entando-k8s/devops-results/gh-pages/entando-k8s-cluster-infrastructure-controller/PR-15/checkstyle.rss
stashed: https://raw.githubusercontent.com/entando-k8s/devops-results/gh-pages/entando-k8s-cluster-infrastructure-controller/PR-15/css/maven-base.css
stashed: https://raw.githubusercontent.com/entando-k8s/devops-results/gh-pages/entando-k8s-cluster-infrastructure-controller/PR-15/css/maven-theme.css
stashed: https://raw.githubusercontent.com/entando-k8s/devops-results/gh-pages/entando-k8s-cluster-infrastructure-controller/PR-15/css/print.css
stashed: https://raw.githubusercontent.com/entando-k8s/devops-results/gh-pages/entando-k8s-cluster-infrastructure-controller/PR-15/css/site.css
stashed: https://raw.githubusercontent.com/entando-k8s/devops-results/gh-pages/entando-k8s-cluster-infrastructure-controller/PR-15/dependency-check-junit.xml
stashed: https://raw.githubusercontent.com/entando-k8s/devops-results/gh-pages/entando-k8s-cluster-infrastructure-controller/PR-15/dependency-check-report.html
stashed: https://raw.githubusercontent.com/entando-k8s/devops-results/gh-pages/entando-k8s-cluster-infrastructure-controller/PR-15/dependency-check-report.xml
stashed: https://raw.githubusercontent.com/entando-k8s/devops-results/gh-pages/entando-k8s-cluster-infrastructure-controller/PR-15/dependency-info.html
stashed: https://raw.githubusercontent.com/entando-k8s/devops-results/gh-pages/entando-k8s-cluster-infrastructure-controller/PR-15/images/collapsed.gif
stashed: https://raw.githubusercontent.com/entando-k8s/devops-results/gh-pages/entando-k8s-cluster-infrastructure-controller/PR-15/images/expanded.gif
stashed: https://raw.githubusercontent.com/entando-k8s/devops-results/gh-pages/entando-k8s-cluster-infrastructure-controller/PR-15/images/external.png
stashed: https://raw.githubusercontent.com/entando-k8s/devops-results/gh-pages/entando-k8s-cluster-infrastructure-controller/PR-15/images/icon_error_sml.gif
stashed: https://raw.githubusercontent.com/entando-k8s/devops-results/gh-pages/entando-k8s-cluster-infrastructure-controller/PR-15/images/icon_info_sml.gif
stashed: https://raw.githubusercontent.com/entando-k8s/devops-results/gh-pages/entando-k8s-cluster-infrastructure-controller/PR-15/images/icon_success_sml.gif
stashed: https://raw.githubusercontent.com/entando-k8s/devops-results/gh-pages/entando-k8s-cluster-infrastructure-controller/PR-15/images/icon_warning_sml.gif
stashed: https://raw.githubusercontent.com/entando-k8s/devops-results/gh-pages/entando-k8s-cluster-infrastructure-controller/PR-15/images/logos/build-by-maven-black.png
stashed: https://raw.githubusercontent.com/entando-k8s/devops-results/gh-pages/entando-k8s-cluster-infrastructure-controller/PR-15/images/logos/build-by-maven-white.png
stashed: https://raw.githubusercontent.com/entando-k8s/devops-results/gh-pages/entando-k8s-cluster-infrastructure-controller/PR-15/images/logos/maven-feather.png
stashed: https://raw.githubusercontent.com/entando-k8s/devops-results/gh-pages/entando-k8s-cluster-infrastructure-controller/PR-15/images/newwindow.png
stashed: https://raw.githubusercontent.com/entando-k8s/devops-results/gh-pages/entando-k8s-cluster-infrastructure-controller/PR-15/images/rss.png
stashed: https://raw.githubusercontent.com/entando-k8s/devops-results/gh-pages/entando-k8s-cluster-infrastructure-controller/PR-15/index.html
stashed: https://raw.githubusercontent.com/entando-k8s/devops-results/gh-pages/entando-k8s-cluster-infrastructure-controller/PR-15/issue-management.html
stashed: https://raw.githubusercontent.com/entando-k8s/devops-results/gh-pages/entando-k8s-cluster-infrastructure-controller/PR-15/jacoco/index.html
stashed: https://raw.githubusercontent.com/entando-k8s/devops-results/gh-pages/entando-k8s-cluster-infrastructure-controller/PR-15/jacoco/jacoco-resources/branchfc.gif
stashed: https://raw.githubusercontent.com/entando-k8s/devops-results/gh-pages/entando-k8s-cluster-infrastructure-controller/PR-15/jacoco/jacoco-resources/branchnc.gif
stashed: https://raw.githubusercontent.com/entando-k8s/devops-results/gh-pages/entando-k8s-cluster-infrastructure-controller/PR-15/jacoco/jacoco-resources/branchpc.gif
stashed: https://raw.githubusercontent.com/entando-k8s/devops-results/gh-pages/entando-k8s-cluster-infrastructure-controller/PR-15/jacoco/jacoco-resources/bundle.gif
stashed: https://raw.githubusercontent.com/entando-k8s/devops-results/gh-pages/entando-k8s-cluster-infrastructure-controller/PR-15/jacoco/jacoco-resources/class.gif
stashed: https://raw.githubusercontent.com/entando-k8s/devops-results/gh-pages/entando-k8s-cluster-infrastructure-controller/PR-15/jacoco/jacoco-resources/down.gif
stashed: https://raw.githubusercontent.com/entando-k8s/devops-results/gh-pages/entando-k8s-cluster-infrastructure-controller/PR-15/jacoco/jacoco-resources/greenbar.gif
stashed: https://raw.githubusercontent.com/entando-k8s/devops-results/gh-pages/entando-k8s-cluster-infrastructure-controller/PR-15/jacoco/jacoco-resources/group.gif
stashed: https://raw.githubusercontent.com/entando-k8s/devops-results/gh-pages/entando-k8s-cluster-infrastructure-controller/PR-15/jacoco/jacoco-resources/method.gif
stashed: https://raw.githubusercontent.com/entando-k8s/devops-results/gh-pages/entando-k8s-cluster-infrastructure-controller/PR-15/jacoco/jacoco-resources/package.gif
stashed: https://raw.githubusercontent.com/entando-k8s/devops-results/gh-pages/entando-k8s-cluster-infrastructure-controller/PR-15/jacoco/jacoco-resources/prettify.css
stashed: https://raw.githubusercontent.com/entando-k8s/devops-results/gh-pages/entando-k8s-cluster-infrastructure-controller/PR-15/jacoco/jacoco-resources/prettify.js
stashed: https://raw.githubusercontent.com/entando-k8s/devops-results/gh-pages/entando-k8s-cluster-infrastructure-controller/PR-15/jacoco/jacoco-resources/redbar.gif
stashed: https://raw.githubusercontent.com/entando-k8s/devops-results/gh-pages/entando-k8s-cluster-infrastructure-controller/PR-15/jacoco/jacoco-resources/report.css
stashed: https://raw.githubusercontent.com/entando-k8s/devops-results/gh-pages/entando-k8s-cluster-infrastructure-controller/PR-15/jacoco/jacoco-resources/report.gif
stashed: https://raw.githubusercontent.com/entando-k8s/devops-results/gh-pages/entando-k8s-cluster-infrastructure-controller/PR-15/jacoco/jacoco-resources/session.gif
stashed: https://raw.githubusercontent.com/entando-k8s/devops-results/gh-pages/entando-k8s-cluster-infrastructure-controller/PR-15/jacoco/jacoco-resources/sort.gif
stashed: https://raw.githubusercontent.com/entando-k8s/devops-results/gh-pages/entando-k8s-cluster-infrastructure-controller/PR-15/jacoco/jacoco-resources/sort.js
stashed: https://raw.githubusercontent.com/entando-k8s/devops-results/gh-pages/entando-k8s-cluster-infrastructure-controller/PR-15/jacoco/jacoco-resources/source.gif
stashed: https://raw.githubusercontent.com/entando-k8s/devops-results/gh-pages/entando-k8s-cluster-infrastructure-controller/PR-15/jacoco/jacoco-resources/up.gif
stashed: https://raw.githubusercontent.com/entando-k8s/devops-results/gh-pages/entando-k8s-cluster-infrastructure-controller/PR-15/jacoco/jacoco-sessions.html
stashed: https://raw.githubusercontent.com/entando-k8s/devops-results/gh-pages/entando-k8s-cluster-infrastructure-controller/PR-15/jacoco/jacoco.csv
stashed: https://raw.githubusercontent.com/entando-k8s/devops-results/gh-pages/entando-k8s-cluster-infrastructure-controller/PR-15/jacoco/jacoco.xml
stashed: https://raw.githubusercontent.com/entando-k8s/devops-results/gh-pages/entando-k8s-cluster-infrastructure-controller/PR-15/jacoco/org.entando.kubernetes.controller.clusterinfrastructure/ClusterInfrastructureDeploymentResult.html
stashed: https://raw.githubusercontent.com/entando-k8s/devops-results/gh-pages/entando-k8s-cluster-infrastructure-controller/PR-15/jacoco/org.entando.kubernetes.controller.clusterinfrastructure/ClusterInfrastructureDeploymentResult.java.html
stashed: https://raw.githubusercontent.com/entando-k8s/devops-results/gh-pages/entando-k8s-cluster-infrastructure-controller/PR-15/jacoco/org.entando.kubernetes.controller.clusterinfrastructure/EntandoClusterInfrastructureController.html
stashed: https://raw.githubusercontent.com/entando-k8s/devops-results/gh-pages/entando-k8s-cluster-infrastructure-controller/PR-15/jacoco/org.entando.kubernetes.controller.clusterinfrastructure/EntandoClusterInfrastructureController.java.html
stashed: https://raw.githubusercontent.com/entando-k8s/devops-results/gh-pages/entando-k8s-cluster-infrastructure-controller/PR-15/jacoco/org.entando.kubernetes.controller.clusterinfrastructure/EntandoK8SServiceDeployable.html
stashed: https://raw.githubusercontent.com/entando-k8s/devops-results/gh-pages/entando-k8s-cluster-infrastructure-controller/PR-15/jacoco/org.entando.kubernetes.controller.clusterinfrastructure/EntandoK8SServiceDeployable.java.html
stashed: https://raw.githubusercontent.com/entando-k8s/devops-results/gh-pages/entando-k8s-cluster-infrastructure-controller/PR-15/jacoco/org.entando.kubernetes.controller.clusterinfrastructure/EntandoK8SServiceDeployableContainer.html
stashed: https://raw.githubusercontent.com/entando-k8s/devops-results/gh-pages/entando-k8s-cluster-infrastructure-controller/PR-15/jacoco/org.entando.kubernetes.controller.clusterinfrastructure/EntandoK8SServiceDeployableContainer.java.html
stashed: https://raw.githubusercontent.com/entando-k8s/devops-results/gh-pages/entando-k8s-cluster-infrastructure-controller/PR-15/jacoco/org.entando.kubernetes.controller.clusterinfrastructure/InfrastructureDeployableBase.html
stashed: https://raw.githubusercontent.com/entando-k8s/devops-results/gh-pages/entando-k8s-cluster-infrastructure-controller/PR-15/jacoco/org.entando.kubernetes.controller.clusterinfrastructure/InfrastructureDeployableBase.java.html
stashed: https://raw.githubusercontent.com/entando-k8s/devops-results/gh-pages/entando-k8s-cluster-infrastructure-controller/PR-15/jacoco/org.entando.kubernetes.controller.clusterinfrastructure/index.html
stashed: https://raw.githubusercontent.com/entando-k8s/devops-results/gh-pages/entando-k8s-cluster-infrastructure-controller/PR-15/jacoco/org.entando.kubernetes.controller.clusterinfrastructure/index.source.html
stashed: https://raw.githubusercontent.com/entando-k8s/devops-results/gh-pages/entando-k8s-cluster-infrastructure-controller/PR-15/licenses.html
stashed: https://raw.githubusercontent.com/entando-k8s/devops-results/gh-pages/entando-k8s-cluster-infrastructure-controller/PR-15/plugins.html
stashed: https://raw.githubusercontent.com/entando-k8s/devops-results/gh-pages/entando-k8s-cluster-infrastructure-controller/PR-15/project-info.html
stashed: https://raw.githubusercontent.com/entando-k8s/devops-results/gh-pages/entando-k8s-cluster-infrastructure-controller/PR-15/scm.html
stashed: https://raw.githubusercontent.com/entando-k8s/devops-results/gh-pages/entando-k8s-cluster-infrastructure-controller/PR-15/summary.html
stashed: https://raw.githubusercontent.com/entando-k8s/devops-results/gh-pages/entando-k8s-cluster-infrastructure-controller/PR-15/surefire-report.html
error: etcdserver: request is too large
  % Total    % Received % Xferd  Average Speed   Time    Time     Time  Current
                                 Dload  Upload   Total   Spent    Left  Speed
  0     0    0     0    0     0      0      0 --:--:-- --:--:-- --:--:--     0  0     0    0     0    0     0      0      0 --:--:-- --:--:-- --:--:--     0100  1924  100  1687  100   237   2810    394 --:--:-- --:--:-- --:--:--  2811
{
  "url": "https://api.github.com/repos/entando-k8s/entando-k8s-cluster-infrastructure-controller/statuses/e41cf6d36da1e5414cb009a12330298df62cf430",
  "avatar_url": "https://avatars2.githubusercontent.com/u/57885396?v=4",
  "id": 11287623785,
  "node_id": "MDEzOlN0YXR1c0NvbnRleHQxMTI4NzYyMzc4NQ==",
  "state": "success",
  "description": "Pre-deployment tests success!",
  "target_url": "https://entando-k8s.github.io/devops-results/entando-k8s-cluster-infrastructure-controller/PR-15/surefire-report.html",
  "context": "Pre-deployment tests",
  "created_at": "2020-11-08T09:40:27Z",
  "updated_at": "2020-11-08T09:40:27Z",
  "creator": {
    "login": "**********",
    "id": 57885396,
    "node_id": "MDQ6VXNlcjU3ODg1Mzk2",
    "avatar_url": "https://avatars2.githubusercontent.com/u/57885396?v=4",
    "gravatar_id": "",
    "url": "https://api.github.com/users/entando-**",
    "html_url": "https://github.com/**********",
    "followers_url": "https://api.github.com/users/entando-**/followers",
    "following_url": "https://api.github.com/users/entando-**/following{/other_user}",
    "gists_url": "https://api.github.com/users/**********/gists{/gist_id}",
    "starred_url": "https://api.github.com/users/**********/starred{/owner}{/repo}",
    "subscriptions_url": "https://api.github.com/users/entando-**/subscriptions",
    "organizations_url": "https://api.github.com/users/**********/orgs",
    "repos_url": "https://api.github.com/users/**********/repos",
    "events_url": "https://api.github.com/users/entando-**/events{/privacy}",
    "received_events_url": "https://api.github.com/users/**********/received_events",
    "type": "User",
    "site_*****": *****
  }
}
  % Total    % Received % Xferd  Average Speed   Time    Time     Time  Current
                                 Dload  Upload   Total   Spent    Left  Speed
{
  "url": "https://api.github.com/repos/entando-k8s/entando-k8s-cluster-infrastructure-controller/statuses/e41cf6d36da1e5414cb009a12330298df62cf430",
  "avatar_url": "https://avatars2.githubusercontent.com/u/57885396?v=4",
  "id": 11287623804,
  "node_id": "MDEzOlN0YXR1c0NvbnRleHQxMTI4NzYyMzgwNA==",
  "state": "success",
  "description": "Checkstyle success!",
  "target_url": "https://entando-k8s.github.io/devops-results/entando-k8s-cluster-infrastructure-controller/PR-15/checkstyle.html",
  "context": "Checkstyle",
  "created_at": "2020-11-08T09:40:28Z",
  "updated_at": "2020-11-08T09:40:28Z",
  "creator": {
    "login": "**********",
    "id": 57885396,
    "node_id": "MDQ6VXNlcjU3ODg1Mzk2",
    "avatar_url": "https://avatars2.githubusercontent.com/u/57885396?v=4",
    "gravatar_id": "",
    "url": "https://api.github.com/users/**********",
    "html_url": "https://github.com/entando-**",
    "followers_url": "https://api.github.com/users/entando-**/followers",
    "following_url": "https://api.github.com/users/**********/following{/other_user}",
    "gists_url": "https://api.github.com/users/**********/gists{/gist_id}",
    "starred_url": "https://api.github.com/users/**********/starred{/owner}{/repo}",
    "subscriptions_url": "https://api.github.com/users/**********/subscriptions",
    "organizations_url": "https://api.github.com/users/**********/orgs",
    "repos_url": "https://api.github.com/users/entando-**/repos",
    "events_url": "https://api.github.com/users/**********/events{/privacy}",
    "received_events_url": "https://api.github.com/users/**********/received_events",
    "type": "User",
    "site_*****": *****
  }
}
  0     0    0     0    0     0      0      0 --:--:-- --:--:-- --:--:--     0 11  1874    0     0  100   212      0    353 --:--:-- --:--:-- --:--:--   353100  1874  100  1662  100   212   2771    353 --:--:-- --:--:-- --:--:--  2770
  % Total    % Received % Xferd  Average Speed   Time    Time     Time  Current
                                 Dload  Upload   Total   Spent    Left  Speed
{
  "url": "https://api.github.com/repos/entando-k8s/entando-k8s-cluster-infrastructure-controller/statuses/e41cf6d36da1e5414cb009a12330298df62cf430",
  "avatar_url": "https://avatars2.githubusercontent.com/u/57885396?v=4",
  "id": 11287623813,
  "node_id": "MDEzOlN0YXR1c0NvbnRleHQxMTI4NzYyMzgxMw==",
  "state": "success",
  "description": "OWASP CVE success!",
  "target_url": "https://entando-k8s.github.io/devops-results/entando-k8s-cluster-infrastructure-controller/PR-15/dependency-check-report.html",
  "context": "OWASP CVE",
  "created_at": "2020-11-08T09:40:29Z",
  "updated_at": "2020-11-08T09:40:29Z",
  "creator": {
    "login": "entando-**",
    "id": 57885396,
    "node_id": "MDQ6VXNlcjU3ODg1Mzk2",
    "avatar_url": "https://avatars2.githubusercontent.com/u/57885396?v=4",
    "gravatar_id": "",
    "url": "https://api.github.com/users/entando-**",
    "html_url": "https://github.com/entando-**",
    "followers_url": "https://api.github.com/users/**********/followers",
    "following_url": "https://api.github.com/users/entando-**/following{/other_user}",
    "gists_url": "https://api.github.com/users/**********/gists{/gist_id}",
    "starred_url": "https://api.github.com/users/**********/starred{/owner}{/repo}",
    "subscriptions_url": "https://api.github.com/users/entando-**/subscriptions",
    "organizations_url": "https://api.github.com/users/entando-**/orgs",
    "repos_url": "https://api.github.com/users/entando-**/repos",
    "events_url": "https://api.github.com/users/**********/events{/privacy}",
    "received_events_url": "https://api.github.com/users/**********/received_events",
    "type": "User",
    "site_*****": *****
  }
}
  0     0    0     0    0     0      0      0 --:--:-- --:--:-- --:--:--     0100  1896  100  1673  100   223   2885    384 --:--:-- --:--:-- --:--:--  2889
Congratulations! No build failures found for entando-k8s-cluster-infrastructure-controller-PR-15.

Showing logs for build [32mentando-k8s-entando-k8s-cluster-xz5bq-1[0m stage [32mfrom-build-pack[0m and container [32mstep-build-container-build[0m
Generating tags...
 - entando/entando-k8s-cluster-infrastructure-controller -> docker.io/entando/entando-k8s-cluster-infrastructure-controller:0.0.0-SNAPSHOT-PR-15-1
Checking cache...
 - entando/entando-k8s-cluster-infrastructure-controller: Not found. Building
Building [entando/entando-k8s-cluster-infrastructure-controller]...
Sending build context to Docker daemon  540.7kBSending build context to Docker daemon  4.951MBSending build context to Docker daemon  12.08MBSending build context to Docker daemon  21.51MBSending build context to Docker daemon  28.71MBSending build context to Docker daemon  37.53MBSending build context to Docker daemon  40.05MB
Step 1/6 : FROM fabric8/java-alpine-openjdk8-jre
 ---> 6383f0513235
Step 2/6 : ENV JAVA_OPTIONS "-Dquarkus.http.host=0.0.0.0 -Djava.util.logging.manager=org.jboss.logmanager.LogManager"
 ---> Using cache
 ---> 781f0699f0f0
Step 3/6 : ENV AB_ENABLED jmx_exporter
 ---> Using cache
 ---> 3d03a75b86f8
Step 4/6 : COPY target/lib/* /deployments/lib/
 ---> Using cache
 ---> ce3b8cfc2f4a
Step 5/6 : COPY target/*-runner.jar /deployments/app.jar
 ---> fc662945e8fa
Step 6/6 : ENTRYPOINT /deployments/run-java.sh
 ---> Running in 7d1198e2bd71
 ---> de3ab5aa2ab3
Successfully built de3ab5aa2ab3
The push refers to a repository [docker.io/entando/entando-k8s-cluster-infrastructure-controller]
55a7a532a7a2: Preparing
b9e98fde5102: Preparing
a37d6baa8a5e: Preparing
4246c252be29: Preparing
bbc6d89e45a1: Preparing
6a8968c88953: Preparing
c11f0dd7f64f: Preparing
081a861c7ecd: Preparing
df5b415aa3df: Preparing
77cae8ab23bf: Preparing
6a8968c88953: Waiting
c11f0dd7f64f: Waiting
081a861c7ecd: Waiting
df5b415aa3df: Waiting
77cae8ab23bf: Waiting
a37d6baa8a5e: Layer already exists
4246c252be29: Layer already exists
bbc6d89e45a1: Layer already exists
081a861c7ecd: Layer already exists
6a8968c88953: Layer already exists
c11f0dd7f64f: Layer already exists
b9e98fde5102: Mounted from entando/entando-k8s-database-service-controller
77cae8ab23bf: Layer already exists
df5b415aa3df: Layer already exists
55a7a532a7a2: Pushed
0.0.0-SNAPSHOT-PR-15-1: digest: sha256:e6529008aff2dfc4e6d3a0cb3417208693d8f7b0c2e5422b0fb527ed7cbe2fbc size: 2410
There is a new version (1.16.0) of Skaffold available. Download it at https://storage.googleapis.com/skaffold/releases/latest/skaffold-linux-amd64


Showing logs for build [32mentando-k8s-entando-k8s-cluster-xz5bq-1[0m stage [32mfrom-build-pack[0m and container [32mstep-postbuild-post-build[0m
no CVE provider running in the current ** namespace so skip adding image to be analysed

Showing logs for build [32mentando-k8s-entando-k8s-cluster-xz5bq-1[0m stage [32mfrom-build-pack[0m and container [32mstep-promote-make-preview[0m
sed -i -e "s/version:.*/version: 0.0.0-SNAPSHOT-PR-15-1/" Chart.yaml
sed -i -e "s/version:.*/version: 0.0.0-SNAPSHOT-PR-15-1/" ../*/Chart.yaml
sed -i -e "s|repository:.*|repository: docker.io\/entando\/entando-k8s-cluster-infrastructure-controller|" values.yaml
sed -i -e "s/tag:.*/tag: 0.0.0-SNAPSHOT-PR-15-1/" values.yaml
echo "  version: 0.0.0-SNAPSHOT-PR-15-1" >> requirements.yaml
** step helm build
WARNING: No $CHART_REPOSITORY defined so using the default value of: http://jenkins-x-chartmuseum:8080
Adding missing Helm repo: storage.googleapis.com https://storage.googleapis.com/chartmuseum.jenkins-x.io
Successfully added Helm repository storage.googleapis.com.
Adding missing Helm repo: jenkins-x-chartmuseum http://jenkins-x-chartmuseum:8080
Successfully added Helm repository jenkins-x-chartmuseum.
WARNING: No $CHART_REPOSITORY defined so using the default value of: http://jenkins-x-chartmuseum:8080

Showing logs for build [32mentando-k8s-entando-k8s-cluster-xz5bq-1[0m stage [32mfrom-build-pack[0m and container [32mstep-promote-jx-preview[0m
Creating a preview
Found commit author match for: ampie with email address: ampie.private@gmail.com
Created environment entando-k8s-cluster-infrastructure-controller-cipr15
Namespace entando-k8s-cluster-infrastructure-controller-cipr15 created 
expose:
  Annotations:
    helm.sh/hook: post-install,post-upgrade
    helm.sh/hook-delete-policy: hook-succeeded
  config:
    domain: *************
    exposer: Ingress
    http: "true"
preview:
  image:
    repository: docker.io/entando/entando-k8s-cluster-infrastructure-controller
    tag: 0.0.0-SNAPSHOT-PR-15-1

WARNING: Could not find the service URL in namespace entando-k8s-cluster-infrastructure-controller-cipr15 for names : Timed out after 1m0s, last error: %!s(<nil>)
Updating PipelineActivities entando-k8s-entando-k8s-cluster-infrastructure-controller-pr-15-1 which has status Running
WARNING: Failed to find the service entando-k8s-cluster-infrastructure-controller : failed to find service entando-k8s-cluster-infrastructure-controller in namespace entando-k8s-cluster-infrastructure-controller-cipr15: services "entando-k8s-cluster-infrastructure-controller" not found

Showing logs for build [32mentando-k8s-entando-k8s-cluster-xz5bq-1[0m stage [32mfrom-build-pack[0m and container [32mstep-promote-run-post-deployment-tests[0m
Picked up _JAVA_OPTIONS: -XX:+UnlockExperimentalVMOptions -Dsun.zip.disableMemoryMapping=true -XX:+UseParallelGC -XX:MinHeapFreeRatio=5 -XX:MaxHeapFreeRatio=10 -XX:GCTimeRatio=4 -XX:AdaptiveSizePolicyWeight=90 -Xms1000m -Xmx12000m
[INFO] Scanning for projects...
[WARNING] 
[WARNING] Some problems were encountered while building the effective model for org.entando:entando-k8s-cluster-infrastructure-controller:jar:0.0.0-SNAPSHOT-PR-15-1
[WARNING] 'dependencyManagement.dependencies.dependency.(groupId:artifactId:type:classifier)' must be unique: org.yaml:snakeyaml:jar -> version 1.27 vs ${snakeyaml.version} @ org.entando:entando-quarkus-parent:6.2.5, /home/jenkins/.mvnrepository/org/entando/entando-quarkus-parent/6.2.5/entando-quarkus-parent-6.2.5.pom, line 283, column 25
[WARNING] 
[WARNING] It is highly recommended to fix these problems because they threaten the stability of your build.
[WARNING] 
[WARNING] For this reason, future Maven versions might no longer support building such malformed projects.
[WARNING] 
[INFO] 
[INFO] -----< org.entando:entando-k8s-cluster-infrastructure-controller >------
[INFO] Building Entando K8S Controller for Entando Cluster Infrastructure Deployments 0.0.0-SNAPSHOT-PR-15-1
[INFO] --------------------------------[ jar ]---------------------------------
[INFO] 
[INFO] --- maven-resources-plugin:2.6:resources (default-resources) @ entando-k8s-cluster-infrastructure-controller ---
[INFO] Using 'UTF-8' encoding to copy filtered resources.
[INFO] Copying 3 resources
[INFO] 
[INFO] --- maven-compiler-plugin:3.8.1:compile (default-compile) @ entando-k8s-cluster-infrastructure-controller ---
[INFO] Nothing to compile - all classes are up to date
[INFO] 
[INFO] --- maven-resources-plugin:2.6:testResources (default-testResources) @ entando-k8s-cluster-infrastructure-controller ---
[INFO] Using 'UTF-8' encoding to copy filtered resources.
[INFO] Copying 3 resources
[INFO] 
[INFO] --- maven-compiler-plugin:3.8.1:testCompile (default-testCompile) @ entando-k8s-cluster-infrastructure-controller ---
[INFO] Nothing to compile - all classes are up to date
[INFO] 
[INFO] --- maven-surefire-plugin:3.0.0-M1:test (default-test) @ entando-k8s-cluster-infrastructure-controller ---
[INFO] Tests are skipped.
[INFO] 
[INFO] --- maven-jar-plugin:3.2.0:jar (default-jar) @ entando-k8s-cluster-infrastructure-controller ---
[INFO] 
[INFO] --- maven-jar-plugin:3.2.0:test-jar (build-test-jar) @ entando-k8s-cluster-infrastructure-controller ---
[INFO] 
[INFO] --- maven-failsafe-plugin:3.0.0-M4:integration-test (run-tests) @ entando-k8s-cluster-infrastructure-controller ---
[INFO] 
[INFO] -------------------------------------------------------
[INFO]  T E S T S
[INFO] -------------------------------------------------------
[INFO] Running org.entando.kubernetes.controller.clusterinfrastructure.interprocesstests.AddClusterInfrastructureIT
Nov 08, 2020 9:42:36 AM org.entando.kubernetes.controller.integrationtest.support.DeletionWaiter lambda$deleteSingleItem$2
WARNING: Deleting pods  entando-k8s-cluster-infrastructure-controller-cipr15/pg-test
!!!!!!!On EntandoClusterInfrastructure add!!!!!!!!!
ADDED:PodStatus(conditions=[PodCondition(lastProbeTime=null, lastTransitionTime=2020-11-08T09:42:51Z, message=null, reason=null, status=True, type=Initialized, additionalProperties={}), PodCondition(lastProbeTime=null, lastTransitionTime=2020-11-08T09:42:51Z, message=containers with unready status: [k8s-svc-container], reason=ContainersNotReady, status=False, type=Ready, additionalProperties={}), PodCondition(lastProbeTime=null, lastTransitionTime=null, message=containers with unready status: [k8s-svc-container], reason=ContainersNotReady, status=False, type=ContainersReady, additionalProperties={}), PodCondition(lastProbeTime=null, lastTransitionTime=2020-11-08T09:42:51Z, message=null, reason=null, status=True, type=PodScheduled, additionalProperties={})], containerStatuses=[ContainerStatus(containerID=null, image=docker.io/entando/entando-k8s-service:6.2.0, imageID=, lastState=ContainerState(running=null, terminated=null, waiting=null, additionalProperties={}), name=k8s-svc-container, ready=*****, restartCount=0, started=null, state=ContainerState(running=null, terminated=null, waiting=ContainerStateWaiting(message=null, reason=ContainerCreating, additionalProperties={}), additionalProperties={}), additionalProperties={})], ephemeralContainerStatuses=[], hostIP=54.36.53.206, initContainerStatuses=[], message=null, nominatedNodeName=null, phase=Pending, podIP=null, podIPs=[], qosClass=Burstable, reason=null, startTime=2020-11-08T09:42:51Z, additionalProperties={})
MODIFIED:PodStatus(conditions=[PodCondition(lastProbeTime=null, lastTransitionTime=2020-11-08T09:42:51Z, message=null, reason=null, status=True, type=Initialized, additionalProperties={}), PodCondition(lastProbeTime=null, lastTransitionTime=2020-11-08T09:42:51Z, message=containers with unready status: [k8s-svc-container], reason=ContainersNotReady, status=False, type=Ready, additionalProperties={}), PodCondition(lastProbeTime=null, lastTransitionTime=null, message=containers with unready status: [k8s-svc-container], reason=ContainersNotReady, status=False, type=ContainersReady, additionalProperties={}), PodCondition(lastProbeTime=null, lastTransitionTime=2020-11-08T09:42:51Z, message=null, reason=null, status=True, type=PodScheduled, additionalProperties={})], containerStatuses=[ContainerStatus(containerID=docker://e98eb3701dbf9a6d8195b0b049867afe78275c506a594918ea70ac57b3ce1333, image=docker.io/entando/entando-k8s-service:6.2.0, imageID=docker-pullable://docker.io/entando/entando-k8s-service@sha256:00afdc481c2a7ca46dc6e79da3f1ce0938793d82000076a9708f680bc2500e07, lastState=ContainerState(running=null, terminated=null, waiting=null, additionalProperties={}), name=k8s-svc-container, ready=*****, restartCount=0, started=null, state=ContainerState(running=ContainerStateRunning(startedAt=2020-11-08T09:42:56Z, additionalProperties={}), terminated=null, waiting=null, additionalProperties={}), additionalProperties={})], ephemeralContainerStatuses=[], hostIP=54.36.53.206, initContainerStatuses=[], message=null, nominatedNodeName=null, phase=Running, podIP=10.128.1.13, podIPs=[], qosClass=Burstable, reason=null, startTime=2020-11-08T09:42:51Z, additionalProperties={})
MODIFIED:PodStatus(conditions=[PodCondition(lastProbeTime=null, lastTransitionTime=2020-11-08T09:42:51Z, message=null, reason=null, status=True, type=Initialized, additionalProperties={}), PodCondition(lastProbeTime=null, lastTransitionTime=2020-11-08T09:43:28Z, message=null, reason=null, status=True, type=Ready, additionalProperties={}), PodCondition(lastProbeTime=null, lastTransitionTime=null, message=null, reason=null, status=True, type=ContainersReady, additionalProperties={}), PodCondition(lastProbeTime=null, lastTransitionTime=2020-11-08T09:42:51Z, message=null, reason=null, status=True, type=PodScheduled, additionalProperties={})], containerStatuses=[ContainerStatus(containerID=docker://e98eb3701dbf9a6d8195b0b049867afe78275c506a594918ea70ac57b3ce1333, image=docker.io/entando/entando-k8s-service:6.2.0, imageID=docker-pullable://docker.io/entando/entando-k8s-service@sha256:00afdc481c2a7ca46dc6e79da3f1ce0938793d82000076a9708f680bc2500e07, lastState=ContainerState(running=null, terminated=null, waiting=null, additionalProperties={}), name=k8s-svc-container, ready=true, restartCount=0, started=null, state=ContainerState(running=ContainerStateRunning(startedAt=2020-11-08T09:42:56Z, additionalProperties={}), terminated=null, waiting=null, additionalProperties={}), additionalProperties={})], ephemeralContainerStatuses=[], hostIP=54.36.53.206, initContainerStatuses=[], message=null, nominatedNodeName=null, phase=Running, podIP=10.128.1.13, podIPs=[], qosClass=Burstable, reason=null, startTime=2020-11-08T09:42:51Z, additionalProperties={})
Finished: eti-cipr15-k8s-svc-deployment-c5ff8fb9-6d6gs
200:null
[INFO] Tests run: 1, Failures: 0, Errors: 0, Skipped: 0, Time elapsed: 59.782 s - in org.entando.kubernetes.controller.clusterinfrastructure.interprocesstests.AddClusterInfrastructureIT
[INFO] 
[INFO] Results:
[INFO] 
[INFO] Tests run: 1, Failures: 0, Errors: 0, Skipped: 0
[INFO] 
[INFO] 
[INFO] --- maven-surefire-report-plugin:3.0.0-M4:failsafe-report-only (integration-tests) @ entando-k8s-cluster-infrastructure-controller ---
[WARNING] Unable to locate Test Source XRef to link to - DISABLED
[INFO] 
[INFO] --- maven-surefire-report-plugin:3.0.0-M4:report-only (unit-tests) @ entando-k8s-cluster-infrastructure-controller ---
[WARNING] Unable to locate Test Source XRef to link to - DISABLED
[INFO] 
[INFO] --- maven-failsafe-plugin:3.0.0-M4:verify (run-tests) @ entando-k8s-cluster-infrastructure-controller ---
[INFO] 
[INFO] --- maven-site-plugin:3.9.0:site (default-site) @ entando-k8s-cluster-infrastructure-controller ---
[INFO] configuring report plugin org.apache.maven.plugins:maven-project-info-reports-plugin:3.0.0
[INFO] 9 reports configured for maven-project-info-reports-plugin:3.0.0: dependency-info, distribution-management, index, ci-management, issue-management, licenses, plugins, scm, summary
[INFO] Rendering site with default locale English (en)
[WARNING] Unable to find a URL to the parent project. The parent menu will NOT be added.
[INFO] Relativizing decoration links with respect to localized project URL: https://central.entando.com
[INFO] Rendering content with org.apache.maven.skins:maven-default-skin:jar:1.3 skin.
[INFO] Generating "Dependency Information" report --- maven-project-info-reports-plugin:3.0.0:dependency-info
[INFO] Generating "About" report         --- maven-project-info-reports-plugin:3.0.0:index
[INFO] Generating "Issue Management" report --- maven-project-info-reports-plugin:3.0.0:issue-management
[INFO] Generating "Licenses" report      --- maven-project-info-reports-plugin:3.0.0:licenses
[INFO] Generating "Plugins" report       --- maven-project-info-reports-plugin:3.0.0:plugins
[INFO] Generating "Source Code Management" report --- maven-project-info-reports-plugin:3.0.0:scm
[INFO] Generating "Summary" report       --- maven-project-info-reports-plugin:3.0.0:summary
[INFO] ------------------------------------------------------------------------
[INFO] BUILD SUCCESS
[INFO] ------------------------------------------------------------------------
[INFO] Total time:  01:09 min
[INFO] Finished at: 2020-11-08T09:43:34Z
[INFO] ------------------------------------------------------------------------
shallow cloning https://github.com/entando-k8s/devops-results.git branch gh-pages
ran git init in /tmp/jenkins-x-collect237881534
ran git add remote origin https://github.com/entando-k8s/devops-results.git in /tmp/jenkins-x-collect237881534
ran git fetch origin --depth=1 gh-pages in dir /tmp/jenkins-x-collect237881534
Publishing https://raw.githubusercontent.com/entando-k8s/devops-results/gh-pages/entando-k8s-cluster-infrastructure-controller/PR-15/failsafe-report.html
stashed: https://raw.githubusercontent.com/entando-k8s/devops-results/gh-pages/entando-k8s-cluster-infrastructure-controller/PR-15/failsafe-report.html
error: etcdserver: request is too large
  % Total    % Received % Xferd  Average Speed   Time    Time     Time  Current
                                 Dload  Upload   Total   Spent    Left  Speed
  0     0    0     0    0     0      0      0 --:--:-- --:--:-- --:--:--     0  0     0    0     0    0     0      0      0 --:--:-- --:--:-- --:--:--     0100  1928  100  1689  100   239   2996    423 --:--:-- --:--:-- --:--:--  2994
{
  "url": "https://api.github.com/repos/entando-k8s/entando-k8s-cluster-infrastructure-controller/statuses/e41cf6d36da1e5414cb009a12330298df62cf430",
  "avatar_url": "https://avatars2.githubusercontent.com/u/57885396?v=4",
  "id": 11287629362,
  "node_id": "MDEzOlN0YXR1c0NvbnRleHQxMTI4NzYyOTM2Mg==",
  "state": "success",
  "description": "Post-deployment tests success!",
  "target_url": "https://entando-k8s.github.io/devops-results/entando-k8s-cluster-infrastructure-controller/PR-15/failsafe-report.html",
  "context": "Post-deployment tests",
  "created_at": "2020-11-08T09:44:13Z",
  "updated_at": "2020-11-08T09:44:13Z",
  "creator": {
    "login": "entando-**",
    "id": 57885396,
    "node_id": "MDQ6VXNlcjU3ODg1Mzk2",
    "avatar_url": "https://avatars2.githubusercontent.com/u/57885396?v=4",
    "gravatar_id": "",
    "url": "https://api.github.com/users/entando-**",
    "html_url": "https://github.com/**********",
    "followers_url": "https://api.github.com/users/**********/followers",
    "following_url": "https://api.github.com/users/**********/following{/other_user}",
    "gists_url": "https://api.github.com/users/entando-**/gists{/gist_id}",
    "starred_url": "https://api.github.com/users/entando-**/starred{/owner}{/repo}",
    "subscriptions_url": "https://api.github.com/users/**********/subscriptions",
    "organizations_url": "https://api.github.com/users/entando-**/orgs",
    "repos_url": "https://api.github.com/users/entando-**/repos",
    "events_url": "https://api.github.com/users/entando-**/events{/privacy}",
    "received_events_url": "https://api.github.com/users/**********/received_events",
    "type": "User",
    "site_*****": *****
  }
}
