
Showing logs for build [32mentando-k8s-entando-jx-maven-ja-h6ckr-5[0m stage [32mfrom-build-pack[0m and container [32mstep-credential-initializer-45zvf[0m
{"level":"warn","ts":1604477740.6505172,"logger":"fallback-logger","caller":"logging/config.go:69","msg":"Fetch GitHub commit ID from kodata failed: \"ref: refs/heads/0.8.0-**-support-backwards-incompats\" is not a valid GitHub commit ID"}
{"level":"info","ts":1604477740.6581702,"logger":"fallback-logger","caller":"creds-init/main.go:40","msg":"Credentials initialized."}

Showing logs for build [32mentando-k8s-entando-jx-maven-ja-h6ckr-5[0m stage [32mfrom-build-pack[0m and container [32mstep-working-dir-initializer-qmw8h[0m
{"level":"warn","ts":1604477743.8169844,"logger":"fallback-logger","caller":"logging/config.go:69","msg":"Fetch GitHub commit ID from kodata failed: open /var/run/ko/HEAD: no such file or directory"}
{"level":"info","ts":1604477743.8340456,"logger":"fallback-logger","caller":"bash/main.go:64","msg":"Successfully e**cuted command \"sh -c mkdir -p /workspace/source\"; output "}

Showing logs for build [32mentando-k8s-entando-jx-maven-ja-h6ckr-5[0m stage [32mfrom-build-pack[0m and container [32mstep-place-tools[0m

Showing logs for build [32mentando-k8s-entando-jx-maven-ja-h6ckr-5[0m stage [32mfrom-build-pack[0m and container [32mstep-git-source-entando-k8s-entando-jx-maven-ja-xpdqq[0m
{"level":"warn","ts":1604477839.1155221,"logger":"fallback-logger","caller":"logging/config.go:69","msg":"Fetch GitHub commit ID from kodata failed: \"ref: refs/heads/0.8.0-**-support-backwards-incompats\" is not a valid GitHub commit ID"}
{"level":"info","ts":1604477840.553408,"logger":"fallback-logger","caller":"git/git.go:103","msg":"Successfully cloned https://github.com/entando-k8s/**********-maven-java11.git @ v0.0.64 in path /workspace/source"}

Showing logs for build [32mentando-k8s-entando-jx-maven-ja-h6ckr-5[0m stage [32mfrom-build-pack[0m and container [32mstep-git-merge[0m
Using SHAs from PULL_REFS=master:059fd7c33649abb8d361f36a754f4c68a3e3ed79
WARNING: no SHAs to merge, falling back to initial cloned commit

Showing logs for build [32mentando-k8s-entando-jx-maven-ja-h6ckr-5[0m stage [32mfrom-build-pack[0m and container [32mstep-setup-jx-git-credentials[0m
Generated Git credentials file /workspace/xdg_config/git/credentials

Showing logs for build [32mentando-k8s-entando-jx-maven-ja-h6ckr-5[0m stage [32mfrom-build-pack[0m and container [32mstep-build-container-build[0m
[36mINFO[0m[0000] Downloading base image gcr.io/jenkinsxio/builder-maven-graalvm:latest 
2020/11/04 08:17:23 No matching credentials were found, falling back on anonymous
[36mINFO[0m[0000] Error while retrieving image from cache: getting file info: stat /workspace/sha256:16bb644ecabcf78633ba180f6a4421032cda43e602e196a300ea5dbe491d8dd2: no such file or directory 
[36mINFO[0m[0000] Downloading base image gcr.io/jenkinsxio/builder-maven-graalvm:latest 
2020/11/04 08:17:23 No matching credentials were found, falling back on anonymous
[36mINFO[0m[0001] Checking for cached layer docker.io/todo/cache:f67dd688c190e16205b90241b4811a3bca309ec44704d71a8bcb7f22c8604b4e... 
[36mINFO[0m[0003] No cached layer found for cmd RUN yum update -y     && yum install epel-release -y     && yum install --enablerepo=centosplus -y --quiet git chromium chromium-headless chromedriver 
[36mINFO[0m[0003] Unpacking ****fs as cmd RUN yum update -y     && yum install epel-release -y     && yum install --enablerepo=centosplus -y --quiet git chromium chromium-headless chromedriver requires it. 
[36mINFO[0m[0146] Taking snapshot of full file******...        
[36mINFO[0m[0213] ENV CHROME_DRIVER_VERSION=83.0.4103.39       
[36mINFO[0m[0213] No files changed in this command, skipping snapshotting. 
[36mINFO[0m[0213] ENV ALLURE_VERSION=2.13.3                    
[36mINFO[0m[0213] No files changed in this command, skipping snapshotting. 
[36mINFO[0m[0213] RUN yum update -y     && yum install epel-release -y     && yum install --enablerepo=centosplus -y --quiet git chromium chromium-headless chromedriver 
[36mINFO[0m[0213] cmd: /bin/sh                                 
[36mINFO[0m[0213] args: [-c yum update -y     && yum install epel-release -y     && yum install --enablerepo=centosplus -y --quiet git chromium chromium-headless chromedriver] 
Loaded plugins: fastestmirror, ovl
Determining fastest mirrors
 * base: centos.quelquesmots.fr
 * epel: ftp.uni-stuttgart.de
 * extras: distrib-coffee.ipsl.jussieu.fr
 * updates: distrib-coffee.ipsl.jussieu.fr
Resolving Dependencies
--> Running transaction check
---> Package bind-license.noarch 32:9.11.4-16.P2.el7_8.3 will be updated
---> Package bind-license.noarch 32:9.11.4-16.P2.el7_8.6 will be an update
---> Package ca-certificates.noarch 0:2019.2.32-76.el7_7 will be updated
---> Package ca-certificates.noarch 0:2020.2.41-70.0.el7_8 will be an update
---> Package curl.x86_64 0:7.29.0-57.el7 will be updated
---> Package curl.x86_64 0:7.29.0-57.el7_8.1 will be an update
---> Package dbus.x86_64 1:1.10.24-13.el7_6 will be updated
---> Package dbus.x86_64 1:1.10.24-14.el7_8 will be an update
---> Package dbus-libs.x86_64 1:1.10.24-13.el7_6 will be updated
---> Package dbus-libs.x86_64 1:1.10.24-14.el7_8 will be an update
---> Package epel-release.noarch 0:7-11 will be updated
---> Package epel-release.noarch 0:7-12 will be an update
---> Package google-chrome-stable.x86_64 0:83.0.4103.61-1 will be updated
---> Package google-chrome-stable.x86_64 0:86.0.4240.183-1 will be an update
---> Package kernel-debug-devel.x86_64 0:3.10.0-1127.8.2.el7 will be updated
---> Package kernel-debug-devel.x86_64 0:3.10.0-1127.19.1.el7 will be an update
---> Package kernel-headers.x86_64 0:3.10.0-1127.8.2.el7 will be updated
---> Package kernel-headers.x86_64 0:3.10.0-1127.19.1.el7 will be an update
---> Package libcurl.x86_64 0:7.29.0-57.el7 will be updated
---> Package libcurl.x86_64 0:7.29.0-57.el7_8.1 will be an update
---> Package libcurl-devel.x86_64 0:7.29.0-57.el7 will be updated
---> Package libcurl-devel.x86_64 0:7.29.0-57.el7_8.1 will be an update
---> Package mokutil.x86_64 0:15-2.el7.centos will be updated
---> Package mokutil.x86_64 0:15-8.el7 will be an update
---> Package python2-pip.noarch 0:8.1.2-12.el7 will be updated
---> Package python2-pip.noarch 0:8.1.2-14.el7 will be an update
---> Package ******d.x86_64 0:219-73.el7_8.6 will be updated
---> Package ******d.x86_64 0:219-73.el7_8.9 will be an update
---> Package ******d-libs.x86_64 0:219-73.el7_8.6 will be updated
---> Package ******d-libs.x86_64 0:219-73.el7_8.9 will be an update
---> Package ******d-sysv.x86_64 0:219-73.el7_8.6 will be updated
---> Package ******d-sysv.x86_64 0:219-73.el7_8.9 will be an update
--> Finished Dependency Resolution

Dependencies Resolved

================================================================================
 Package               Arch    Version                     Repository      Size
================================================================================
Updating:
 bind-license          noarch  32:9.11.4-16.P2.el7_8.6     updates         90 k
 ca-certificates       noarch  2020.2.41-70.0.el7_8        updates        382 k
 curl                  x86_64  7.29.0-57.el7_8.1           updates        271 k
 dbus                  x86_64  1:1.10.24-14.el7_8          updates        245 k
 dbus-libs             x86_64  1:1.10.24-14.el7_8          updates        169 k
 epel-release          noarch  7-12                        epel            15 k
 google-chrome-stable  x86_64  86.0.4240.183-1             google-chrome   68 M
 kernel-debug-devel    x86_64  3.10.0-1127.19.1.el7        updates         18 M
 kernel-headers        x86_64  3.10.0-1127.19.1.el7        updates        9.0 M
 libcurl               x86_64  7.29.0-57.el7_8.1           updates        223 k
 libcurl-devel         x86_64  7.29.0-57.el7_8.1           updates        303 k
 mokutil               x86_64  15-8.el7                    updates         42 k
 python2-pip           noarch  8.1.2-14.el7                epel           1.7 M
 ******d               x86_64  219-73.el7_8.9              updates        5.1 M
 ******d-libs          x86_64  219-73.el7_8.9              updates        416 k
 ******d-sysv          x86_64  219-73.el7_8.9              updates         94 k

Transaction Summary
================================================================================
Upgrade  16 Packages

Total download size: 104 M
Downloading packages:
Delta RPMs disabled because /usr/bin/applydeltarpm not installed.
--------------------------------------------------------------------------------
Total                                               37 MB/s | 104 MB  00:02     
Running transaction check
Running transaction test
Transaction test succeeded
Running transaction
  Updating   : libcurl-7.29.0-57.el7_8.1.x86_64                            1/32 
  Updating   : ******d-libs-219-73.el7_8.9.x86_64                          2/32 
  Updating   : 1:dbus-libs-1.10.24-14.el7_8.x86_64                         3/32 
  Updating   : ******d-219-73.el7_8.9.x86_64                               4/32 
Failed to get D-Bus connection: Operation not permitted
  Updating   : 1:dbus-1.10.24-14.el7_8.x86_64                              5/32 
  Updating   : ca-certificates-2020.2.41-70.0.el7_8.noarch                 6/32 
  Updating   : google-chrome-stable-86.0.4240.183-1.x86_64                 7/32 
/var/tmp/rpm-tmp.vTtTJ5: line 647: service: command not found
  Updating   : ******d-sysv-219-73.el7_8.9.x86_64                          8/32 
  Updating   : libcurl-devel-7.29.0-57.el7_8.1.x86_64                      9/32 
  Updating   : curl-7.29.0-57.el7_8.1.x86_64                              10/32 
  Updating   : 32:bind-license-9.11.4-16.P2.el7_8.6.noarch                11/32 
  Updating   : epel-release-7-12.noarch                                   12/32 
  Updating   : mokutil-15-8.el7.x86_64                                    13/32 
  Updating   : python2-pip-8.1.2-14.el7.noarch                            14/32 
  Updating   : kernel-headers-3.10.0-1127.19.1.el7.x86_64                 15/32 
  Updating   : kernel-debug-devel-3.10.0-1127.19.1.el7.x86_64             16/32 
  Cleanup    : google-chrome-stable-83.0.4103.61-1.x86_64                 17/32 
  Cleanup    : libcurl-devel-7.29.0-57.el7.x86_64                         18/32 
  Cleanup    : ******d-sysv-219-73.el7_8.6.x86_64                         19/32 
  Cleanup    : ca-certificates-2019.2.32-76.el7_7.noarch                  20/32 
  Cleanup    : 32:bind-license-9.11.4-16.P2.el7_8.3.noarch                21/32 
  Cleanup    : epel-release-7-11.noarch                                   22/32 
  Cleanup    : python2-pip-8.1.2-12.el7.noarch                            23/32 
  Cleanup    : kernel-headers-3.10.0-1127.8.2.el7.x86_64                  24/32 
  Cleanup    : kernel-debug-devel-3.10.0-1127.8.2.el7.x86_64              25/32 
  Cleanup    : 1:dbus-1.10.24-13.el7_6.x86_64                             26/32 
  Cleanup    : ******d-219-73.el7_8.6.x86_64                              27/32 
  Cleanup    : 1:dbus-libs-1.10.24-13.el7_6.x86_64                        28/32 
  Cleanup    : curl-7.29.0-57.el7.x86_64                                  29/32 
  Cleanup    : libcurl-7.29.0-57.el7.x86_64                               30/32 
  Cleanup    : ******d-libs-219-73.el7_8.6.x86_64                         31/32 
  Cleanup    : mokutil-15-2.el7.centos.x86_64                             32/32 
  Verifying  : ******d-sysv-219-73.el7_8.9.x86_64                          1/32 
  Verifying  : 1:dbus-libs-1.10.24-14.el7_8.x86_64                         2/32 
  Verifying  : google-chrome-stable-86.0.4240.183-1.x86_64                 3/32 
  Verifying  : libcurl-devel-7.29.0-57.el7_8.1.x86_64                      4/32 
  Verifying  : ca-certificates-2020.2.41-70.0.el7_8.noarch                 5/32 
  Verifying  : kernel-debug-devel-3.10.0-1127.19.1.el7.x86_64              6/32 
  Verifying  : 1:dbus-1.10.24-14.el7_8.x86_64                              7/32 
  Verifying  : kernel-headers-3.10.0-1127.19.1.el7.x86_64                  8/32 
  Verifying  : python2-pip-8.1.2-14.el7.noarch                             9/32 
  Verifying  : curl-7.29.0-57.el7_8.1.x86_64                              10/32 
  Verifying  : ******d-219-73.el7_8.9.x86_64                              11/32 
  Verifying  : ******d-libs-219-73.el7_8.9.x86_64                         12/32 
  Verifying  : mokutil-15-8.el7.x86_64                                    13/32 
  Verifying  : epel-release-7-12.noarch                                   14/32 
  Verifying  : 32:bind-license-9.11.4-16.P2.el7_8.6.noarch                15/32 
  Verifying  : libcurl-7.29.0-57.el7_8.1.x86_64                           16/32 
  Verifying  : libcurl-devel-7.29.0-57.el7.x86_64                         17/32 
  Verifying  : 32:bind-license-9.11.4-16.P2.el7_8.3.noarch                18/32 
  Verifying  : libcurl-7.29.0-57.el7.x86_64                               19/32 
  Verifying  : epel-release-7-11.noarch                                   20/32 
  Verifying  : curl-7.29.0-57.el7.x86_64                                  21/32 
  Verifying  : ******d-sysv-219-73.el7_8.6.x86_64                         22/32 
  Verifying  : ******d-libs-219-73.el7_8.6.x86_64                         23/32 
  Verifying  : ca-certificates-2019.2.32-76.el7_7.noarch                  24/32 
  Verifying  : google-chrome-stable-83.0.4103.61-1.x86_64                 25/32 
  Verifying  : ******d-219-73.el7_8.6.x86_64                              26/32 
  Verifying  : kernel-headers-3.10.0-1127.8.2.el7.x86_64                  27/32 
  Verifying  : 1:dbus-libs-1.10.24-13.el7_6.x86_64                        28/32 
  Verifying  : 1:dbus-1.10.24-13.el7_6.x86_64                             29/32 
  Verifying  : kernel-debug-devel-3.10.0-1127.8.2.el7.x86_64              30/32 
  Verifying  : mokutil-15-2.el7.centos.x86_64                             31/32 
  Verifying  : python2-pip-8.1.2-12.el7.noarch                            32/32 

Updated:
  bind-license.noarch 32:9.11.4-16.P2.el7_8.6                                   
  ca-certificates.noarch 0:2020.2.41-70.0.el7_8                                 
  curl.x86_64 0:7.29.0-57.el7_8.1                                               
  dbus.x86_64 1:1.10.24-14.el7_8                                                
  dbus-libs.x86_64 1:1.10.24-14.el7_8                                           
  epel-release.noarch 0:7-12                                                    
  google-chrome-stable.x86_64 0:86.0.4240.183-1                                 
  kernel-debug-devel.x86_64 0:3.10.0-1127.19.1.el7                              
  kernel-headers.x86_64 0:3.10.0-1127.19.1.el7                                  
  libcurl.x86_64 0:7.29.0-57.el7_8.1                                            
  libcurl-devel.x86_64 0:7.29.0-57.el7_8.1                                      
  mokutil.x86_64 0:15-8.el7                                                     
  python2-pip.noarch 0:8.1.2-14.el7                                             
  ******d.x86_64 0:219-73.el7_8.9                                               
  ******d-libs.x86_64 0:219-73.el7_8.9                                          
  ******d-sysv.x86_64 0:219-73.el7_8.9                                          

Complete!
Loaded plugins: fastestmirror, ovl
Loading mirror speeds from cached hostfile
 * base: centos.quelquesmots.fr
 * epel: ftp.uni-stuttgart.de
 * extras: distrib-coffee.ipsl.jussieu.fr
 * updates: distrib-coffee.ipsl.jussieu.fr
Package epel-release-7-12.noarch already installed and latest version
Nothing to do
[36mINFO[0m[0379] Taking snapshot of full file******...        
[36mINFO[0m[0380] Adding whiteout for /var/lib/yum/yumdb/s/f22fab6789733b4fa0b46a12498fd513bdc88ff2-******d-libs-219-73.el7_8.6-x86_64 
[36mINFO[0m[0380] Adding whiteout for /var/lib/yum/yumdb/g/228bb15fa395eb063cc6e78a4bd745d5265c205e-google-chrome-stable-83.0.4103.61-1-x86_64 
[36mINFO[0m[0380] Adding whiteout for /var/lib/yum/yumdb/c/ff1a83c91f5413ec091f6a8c178c7c54df69dacf-ca-certificates-2019.2.32-76.el7_7-noarch 
[36mINFO[0m[0380] Adding whiteout for /var/lib/yum/yumdb/k/6f32177f8fd7c8d59d3cd40d1e714fd9ec958dd9-kernel-debug-devel-3.10.0-1127.8.2.el7-x86_64 
[36mINFO[0m[0380] Adding whiteout for /var/lib/yum/yumdb/s/fd91868e432260a3d6332676ce7e18f4bba43187-******d-219-73.el7_8.6-x86_64 
[36mINFO[0m[0380] Adding whiteout for /var/lib/yum/yumdb/d/7b1da4da6affa8135a3c294886b7d86115f2e666-dbus-libs-1.10.24-13.el7_6-x86_64 
[36mINFO[0m[0380] Adding whiteout for /var/lib/yum/yumdb/k/8ee8bf003d34ccb41973419b2ac587747c8cea05-kernel-headers-3.10.0-1127.8.2.el7-x86_64 
[36mINFO[0m[0380] Adding whiteout for /var/lib/yum/yumdb/s/cfa7f0950394b4190e9e842ae9fbbfc05be94c42-******d-sysv-219-73.el7_8.6-x86_64 
[36mINFO[0m[0380] Adding whiteout for /var/lib/yum/yumdb/l/efc1fe788e153fb033c2274de56e0dba58f7b071-libcurl-7.29.0-57.el7-x86_64 
[36mINFO[0m[0380] Adding whiteout for /var/lib/yum/yumdb/e/dff32fb95d039ec3f54ed89672a93caf50b6722b-epel-release-7-11-noarch 
[36mINFO[0m[0380] Adding whiteout for /var/lib/yum/yumdb/l/d4f61d6413332b5762bbcf5472b793157318f085-libcurl-devel-7.29.0-57.el7-x86_64 
[36mINFO[0m[0380] Adding whiteout for /usr/lib/.build-id       
[36mINFO[0m[0380] Adding whiteout for /usr/src/kernels/3.10.0-1127.8.2.el7.x86_64.debug 
[36mINFO[0m[0380] Adding whiteout for /var/lib/yum/yumdb/b/a42e21be8e9d93e9a92506c419555cd5b15a26bd-bind-license-9.11.4-16.P2.el7_8.3-noarch 
[36mINFO[0m[0380] Adding whiteout for /var/lib/yum/yumdb/p/c96b582716a0255038108a88765c13e14fdd59d3-python2-pip-8.1.2-12.el7-noarch 
[36mINFO[0m[0380] Adding whiteout for /var/lib/yum/yumdb/m/1c1f0e717e8f5bb3debde4a97913ef8fb644c169-mokutil-15-2.el7.centos-x86_64 
[36mINFO[0m[0380] Adding whiteout for /var/lib/yum/yumdb/c/1245cf49ff349fcd795064b3a8a45e89c95145a4-curl-7.29.0-57.el7-x86_64 
[36mINFO[0m[0380] Adding whiteout for /var/lib/yum/yumdb/d/76dc39fe7386e6aa009ef42b82a097633fd285d0-dbus-1.10.24-13.el7_6-x86_64 
[36mINFO[0m[0556] Pushing layer docker.io/todo/cache:f67dd688c190e16205b90241b4811a3bca309ec44704d71a8bcb7f22c8604b4e to cache now 
[36mINFO[0m[0556] RUN wget --no-verbose -O /tmp/allure-cli.zip https://repo.maven.apache.org/maven2/io/qameta/allure/allure-commandline/${ALLURE_VERSION}/allure-commandline-${ALLURE_VERSION}.zip     && unzip /tmp/allure-cli.zip -d /opt     && rm /tmp/allure-cli.zip     && chmod 755 /opt/allure-${ALLURE_VERSION}/bin/allure     && ln -s /opt/allure-${ALLURE_VERSION}/bin/allure /usr/bin/allure 
[36mINFO[0m[0556] cmd: /bin/sh                                 
[36mINFO[0m[0556] args: [-c wget --no-verbose -O /tmp/allure-cli.zip https://repo.maven.apache.org/maven2/io/qameta/allure/allure-commandline/${ALLURE_VERSION}/allure-commandline-${ALLURE_VERSION}.zip     && unzip /tmp/allure-cli.zip -d /opt     && rm /tmp/allure-cli.zip     && chmod 755 /opt/allure-${ALLURE_VERSION}/bin/allure     && ln -s /opt/allure-${ALLURE_VERSION}/bin/allure /usr/bin/allure] 
2020-11-04 08:26:39 URL:https://repo.maven.apache.org/maven2/io/qameta/allure/allure-commandline/2.13.3/allure-commandline-2.13.3.zip [17225438/17225438] -> "/tmp/allure-cli.zip" [1]
Archive:  /tmp/allure-cli.zip
   creating: /opt/allure-2.13.3/
   creating: /opt/allure-2.13.3/plugins/
  inflating: /opt/allure-2.13.3/plugins/README.txt  
   creating: /opt/allure-2.13.3/config/
  inflating: /opt/allure-2.13.3/config/allure.yml  
  inflating: /opt/allure-2.13.3/config/allure-junit.yml  
  inflating: /opt/allure-2.13.3/config/allure-cucumber.yml  
   creating: /opt/allure-2.13.3/lib/
   creating: /opt/allure-2.13.3/lib/config/
  inflating: /opt/allure-2.13.3/lib/config/jetty-logging.properties  
  inflating: /opt/allure-2.13.3/lib/config/log4j.properties  
  inflating: /opt/allure-2.13.3/lib/allure-commandline-2.13.3.jar  
  inflating: /opt/allure-2.13.3/lib/jcommander-1.78.jar  
  inflating: /opt/allure-2.13.3/lib/allure-generator-2.13.3.jar  
  inflating: /opt/allure-2.13.3/lib/allure-plugin-api-2.13.3.jar  
  inflating: /opt/allure-2.13.3/lib/jackson-dataformat-xml-2.9.8.jar  
  inflating: /opt/allure-2.13.3/lib/allure-model-2.13.0.jar  
  inflating: /opt/allure-2.13.3/lib/jackson-module-jaxb-annotations-2.9.8.jar  
  inflating: /opt/allure-2.13.3/lib/jackson-databind-2.9.8.jar  
  inflating: /opt/allure-2.13.3/lib/jackson-dataformat-yaml-2.9.8.jar  
  inflating: /opt/allure-2.13.3/lib/commons-io-2.6.jar  
  inflating: /opt/allure-2.13.3/lib/jetty-server-9.4.20.v20190813.jar  
  inflating: /opt/allure-2.13.3/lib/slf4j-log4j12-1.7.28.jar  
  inflating: /opt/allure-2.13.3/lib/jackson-annotations-2.9.0.jar  
  inflating: /opt/allure-2.13.3/lib/jackson-core-2.9.8.jar  
  inflating: /opt/allure-2.13.3/lib/snakeyaml-1.23.jar  
  inflating: /opt/allure-2.13.3/lib/javax.servlet-api-3.1.0.jar  
  inflating: /opt/allure-2.13.3/lib/jetty-http-9.4.20.v20190813.jar  
  inflating: /opt/allure-2.13.3/lib/jetty-io-9.4.20.v20190813.jar  
  inflating: /opt/allure-2.13.3/lib/allure1-model-1.0.jar  
  inflating: /opt/allure-2.13.3/lib/slf4j-api-1.7.28.jar  
  inflating: /opt/allure-2.13.3/lib/log4j-1.2.17.jar  
  inflating: /opt/allure-2.13.3/lib/jaxb-api-2.3.1.jar  
  inflating: /opt/allure-2.13.3/lib/httpclient-4.5.9.jar  
  inflating: /opt/allure-2.13.3/lib/tika-core-1.22.jar  
  inflating: /opt/allure-2.13.3/lib/freemarker-2.3.29.jar  
  inflating: /opt/allure-2.13.3/lib/jetty-util-9.4.20.v20190813.jar  
  inflating: /opt/allure-2.13.3/lib/opencsv-4.6.jar  
  inflating: /opt/allure-2.13.3/lib/flexmark-0.50.36.jar  
  inflating: /opt/allure-2.13.3/lib/woodstox-core-5.0.3.jar  
  inflating: /opt/allure-2.13.3/lib/stax2-api-3.1.4.jar  
  inflating: /opt/allure-2.13.3/lib/javax.activation-api-1.2.0.jar  
  inflating: /opt/allure-2.13.3/lib/properties-2.0.RC5.jar  
  inflating: /opt/allure-2.13.3/lib/jaxb-utils-1.0.jar  
  inflating: /opt/allure-2.13.3/lib/httpcore-4.4.11.jar  
  inflating: /opt/allure-2.13.3/lib/commons-beanutils-1.9.3.jar  
  inflating: /opt/allure-2.13.3/lib/commons-logging-1.2.jar  
  inflating: /opt/allure-2.13.3/lib/commons-codec-1.11.jar  
  inflating: /opt/allure-2.13.3/lib/commons-text-1.3.jar  
  inflating: /opt/allure-2.13.3/lib/commons-lang3-3.9.jar  
  inflating: /opt/allure-2.13.3/lib/commons-collections4-4.2.jar  
  inflating: /opt/allure-2.13.3/lib/flexmark-util-0.50.36.jar  
  inflating: /opt/allure-2.13.3/lib/commons-collections-3.2.2.jar  
   creating: /opt/allure-2.13.3/bin/
  inflating: /opt/allure-2.13.3/bin/allure.bat  
  inflating: /opt/allure-2.13.3/bin/allure  
   creating: /opt/allure-2.13.3/plugins/custom-logo-plugin/
   creating: /opt/allure-2.13.3/plugins/custom-logo-plugin/static/
  inflating: /opt/allure-2.13.3/plugins/custom-logo-plugin/static/custom-logo.svg  
  inflating: /opt/allure-2.13.3/plugins/custom-logo-plugin/static/styles.css  
  inflating: /opt/allure-2.13.3/plugins/custom-logo-plugin/allure-plugin.yml  
  inflating: /opt/allure-2.13.3/plugins/custom-logo-plugin/custom-logo-plugin-2.13.3.jar  
   creating: /opt/allure-2.13.3/plugins/xray-plugin/
  inflating: /opt/allure-2.13.3/plugins/xray-plugin/allure-plugin.yml  
   creating: /opt/allure-2.13.3/plugins/xray-plugin/lib/
  inflating: /opt/allure-2.13.3/plugins/xray-plugin/lib/okhttp-3.12.0.jar  
  inflating: /opt/allure-2.13.3/plugins/xray-plugin/lib/jackson-databind-2.9.8.jar  
  inflating: /opt/allure-2.13.3/plugins/xray-plugin/lib/allure-jira-commons-2.13.3.jar  
  inflating: /opt/allure-2.13.3/plugins/xray-plugin/lib/converter-jackson-2.6.1.jar  
  inflating: /opt/allure-2.13.3/plugins/xray-plugin/lib/jackson-core-2.9.8.jar  
  inflating: /opt/allure-2.13.3/plugins/xray-plugin/lib/jackson-annotations-2.9.0.jar  
  inflating: /opt/allure-2.13.3/plugins/xray-plugin/lib/okio-1.15.0.jar  
  inflating: /opt/allure-2.13.3/plugins/xray-plugin/lib/retrofit-2.6.1.jar  
  inflating: /opt/allure-2.13.3/plugins/xray-plugin/xray-plugin-2.13.3.jar  
   creating: /opt/allure-2.13.3/plugins/junit-xml-plugin/
  inflating: /opt/allure-2.13.3/plugins/junit-xml-plugin/allure-plugin.yml  
  inflating: /opt/allure-2.13.3/plugins/junit-xml-plugin/junit-xml-plugin-2.13.3.jar  
   creating: /opt/allure-2.13.3/plugins/xunit-xml-plugin/
  inflating: /opt/allure-2.13.3/plugins/xunit-xml-plugin/allure-plugin.yml  
  inflating: /opt/allure-2.13.3/plugins/xunit-xml-plugin/xunit-xml-plugin-2.13.3.jar  
   creating: /opt/allure-2.13.3/plugins/jira-plugin/
  inflating: /opt/allure-2.13.3/plugins/jira-plugin/allure-plugin.yml  
  inflating: /opt/allure-2.13.3/plugins/jira-plugin/jira-plugin-2.13.3.jar  
   creating: /opt/allure-2.13.3/plugins/jira-plugin/lib/
  inflating: /opt/allure-2.13.3/plugins/jira-plugin/lib/okhttp-3.12.0.jar  
  inflating: /opt/allure-2.13.3/plugins/jira-plugin/lib/jackson-databind-2.9.8.jar  
  inflating: /opt/allure-2.13.3/plugins/jira-plugin/lib/allure-jira-commons-2.13.3.jar  
  inflating: /opt/allure-2.13.3/plugins/jira-plugin/lib/converter-jackson-2.6.1.jar  
  inflating: /opt/allure-2.13.3/plugins/jira-plugin/lib/jackson-core-2.9.8.jar  
  inflating: /opt/allure-2.13.3/plugins/jira-plugin/lib/jackson-annotations-2.9.0.jar  
  inflating: /opt/allure-2.13.3/plugins/jira-plugin/lib/okio-1.15.0.jar  
  inflating: /opt/allure-2.13.3/plugins/jira-plugin/lib/retrofit-2.6.1.jar  
   creating: /opt/allure-2.13.3/plugins/behaviors-plugin/
   creating: /opt/allure-2.13.3/plugins/behaviors-plugin/static/
  inflating: /opt/allure-2.13.3/plugins/behaviors-plugin/static/index.js  
  inflating: /opt/allure-2.13.3/plugins/behaviors-plugin/allure-plugin.yml  
  inflating: /opt/allure-2.13.3/plugins/behaviors-plugin/behaviors-plugin-2.13.3.jar  
   creating: /opt/allure-2.13.3/plugins/packages-plugin/
   creating: /opt/allure-2.13.3/plugins/packages-plugin/static/
  inflating: /opt/allure-2.13.3/plugins/packages-plugin/static/index.js  
  inflating: /opt/allure-2.13.3/plugins/packages-plugin/allure-plugin.yml  
  inflating: /opt/allure-2.13.3/plugins/packages-plugin/packages-plugin-2.13.3.jar  
   creating: /opt/allure-2.13.3/plugins/screen-diff-plugin/
   creating: /opt/allure-2.13.3/plugins/screen-diff-plugin/static/
  inflating: /opt/allure-2.13.3/plugins/screen-diff-plugin/static/index.js  
  inflating: /opt/allure-2.13.3/plugins/screen-diff-plugin/static/styles.css  
  inflating: /opt/allure-2.13.3/plugins/screen-diff-plugin/allure-plugin.yml  
  inflating: /opt/allure-2.13.3/plugins/screen-diff-plugin/screen-diff-plugin-2.13.3.jar  
   creating: /opt/allure-2.13.3/plugins/xctest-plugin/
  inflating: /opt/allure-2.13.3/plugins/xctest-plugin/allure-plugin.yml  
   creating: /opt/allure-2.13.3/plugins/xctest-plugin/lib/
  inflating: /opt/allure-2.13.3/plugins/xctest-plugin/lib/xmlwise-1.2.11.jar  
  inflating: /opt/allure-2.13.3/plugins/xctest-plugin/xctest-plugin-2.13.3.jar  
   creating: /opt/allure-2.13.3/plugins/trx-plugin/
  inflating: /opt/allure-2.13.3/plugins/trx-plugin/allure-plugin.yml  
  inflating: /opt/allure-2.13.3/plugins/trx-plugin/trx-plugin-2.13.3.jar  
[36mINFO[0m[0557] Taking snapshot of full file******...        
[36mINFO[0m[0636] Pushing layer docker.io/todo/cache:5153bf0a74bf668b0abfec9e8b9507a57c1652a017b8355b45d8cf4f46ce355d to cache now 
[36mINFO[0m[0636] Using files from context: [/workspace/source/bin/fetch-history-by-days /workspace/source/bin/fix-git-branches /workspace/source/bin/image-info-configmap-name /workspace/source/bin/mvn-deploy-release /workspace/source/bin/mvn-verify-pr /workspace/source/bin/prepare-permissions /workspace/source/bin/publish-image-info /workspace/source/bin/publish-link /workspace/source/bin/publish-status /workspace/source/bin/run-post-deployment-tests /workspace/source/bin/skaffold-build /workspace/source/bin/update-bom /workspace/source/bin/verify-pre-deployment-build] 
[36mINFO[0m[0636] COPY bin/* /usr/bin/                         
[36mINFO[0m[0636] Taking snapshot of files...                  
[33mWARN[0m[0638] error uploading layer to cache: failed to push to destination index.docker.io/todo/cache:f67dd688c190e16205b90241b4811a3bca309ec44704d71a8bcb7f22c8604b4e: unsupported status code 401; body:  
2020/11/04 08:28:02 existing blob: sha256:7df25cbc8f9a88a648d2bef21c2b0d7562395300054a32a1e9046c7a8962fb28
2020/11/04 08:28:02 existing blob: sha256:0198222479507cf949bfe9ba022e59df2c1d8e4f04f23ecf37e5dd2c677bc3d3
2020/11/04 08:28:02 existing blob: sha256:524b0c1e57f8ee5fee01a1decba2f301c324a6513ca3551021264e3aa7341ebc
2020/11/04 08:28:02 existing blob: sha256:a3181543eb196c7ac196ce759b509da6e5ac619fe04cd24813d3c5cb442a0587
2020/11/04 08:28:02 existing blob: sha256:2a1dc2d979acaaffb7050879c5d3f92ac8efe856a7fbe4151bf3b0e0b5b11ea5
2020/11/04 08:28:03 pushed blob: sha256:67223d0b09576bf085f524b24940ebf77833367e828e3e01710938b8c2a91e76
2020/11/04 08:28:03 pushed blob: sha256:73c2fdfa2d2b2d654900fa1f7d32737797046eed52bd7ed65c4c6cb539777348
2020/11/04 08:28:05 pushed blob: sha256:ae25d4ba80d45b6bcd89505d45090e08110b34eb1d51595dc8ce1647460e5be9
2020/11/04 08:28:05 pushed blob: sha256:c2f1c879cdf0b0e6631e6fb5a0e9ba784903794da74878940a7a8eb85c898881
2020/11/04 08:28:06 pushed blob: sha256:b218162de381eea9f7845d263001fb370ee89de4ed6ced8f0a40c6eb6da8b5ea
2020/11/04 08:28:12 pushed blob: sha256:b2b8f4aee5a035f6c3562b0726c0d745a4dfffaf78b8f958cf2ed9c01d98fc1a
2020/11/04 08:28:29 pushed blob: sha256:c6604f99343e07d9e1959ba4c9411e36b6dc499382ef5798c2dad9c9c556c3b6
2020/11/04 08:30:16 pushed blob: sha256:bcaebc1b000a0fc784431d883ff0ae904e9066014f7731ced5cfc249e6806ef8
2020/11/04 08:30:16 index.docker.io/entando/entando-**-maven-java11:0.0.64: digest: sha256:40c8dff8c0ba797d44b1374cdb0e7bda121be202bb4243b8830e5ffa34b12899 size: 2241

Showing logs for build [32mentando-k8s-entando-jx-maven-ja-h6ckr-5[0m stage [32mfrom-build-pack[0m and container [32mstep-promote-changelog[0m
Converted /workspace/source to an unshallow repository
Generating change log from git ref 65b5d263078f32d9ebc9440b87f93b37e5a1493f => 5877ea8fd8124e1c05b67b57271117dc856557d2
WARNING: Failed to enrich commit 059fd7c33649abb8d361f36a754f4c68a3e3ed79 with issues: selected more than one user from users.jenkins.io: [ampie ampie-0]
WARNING: Failed to enrich commit 059fd7c33649abb8d361f36a754f4c68a3e3ed79 with issues: selected more than one user from users.jenkins.io: [ampie ampie-0]
Finding issues in commit messages using git format
WARNING: No release found for entando-k8s/entando-**-maven-java11 and tag v0.0.64 so creating a new release
Updated the release information at https://github.com/entando-k8s/**********-maven-java11/releases/tag/v0.0.64
generated: /workspace/source/charts/**********-maven-java11/templates/release.yaml
Created Release **********-maven-java11-0-0-64 resource in namespace **
Updating PipelineActivity entando-k8s-entando-**-maven-java11-master-5 with version 0.0.64
Updated PipelineActivities entando-k8s-entando-**-maven-java11-master-5 with release notes URL: https://github.com/entando-k8s/entando-**-maven-java11/releases/tag/v0.0.64

Showing logs for build [32mentando-k8s-entando-jx-maven-ja-h6ckr-5[0m stage [32mfrom-build-pack[0m and container [32mstep-promote-apply-pod-template[0m
configmap/jenkins-x-pod-template-entando-**-maven configured
