
Showing logs for build [32mentando-entando-plugin-jacms-pr-nkvl8-3[0m stage [32mfrom-build-pack[0m and container [32mstep-credential-initializer-k9249[0m
{"level":"warn","ts":1603306285.1660357,"logger":"fallback-logger","caller":"logging/config.go:69","msg":"Fetch GitHub commit ID from kodata failed: \"ref: refs/heads/0.8.0-**-support-backwards-incompats\" is not a valid GitHub commit ID"}
{"level":"info","ts":1603306285.1723752,"logger":"fallback-logger","caller":"creds-init/main.go:40","msg":"Credentials initialized."}

Showing logs for build [32mentando-entando-plugin-jacms-pr-nkvl8-3[0m stage [32mfrom-build-pack[0m and container [32mstep-working-dir-initializer-5zptq[0m
{"level":"warn","ts":1603306286.3726823,"logger":"fallback-logger","caller":"logging/config.go:69","msg":"Fetch GitHub commit ID from kodata failed: open /var/run/ko/HEAD: no such file or directory"}
{"level":"info","ts":1603306286.382389,"logger":"fallback-logger","caller":"bash/main.go:64","msg":"Successfully e**cuted command \"sh -c mkdir -p /workspace/source\"; output "}

Showing logs for build [32mentando-entando-plugin-jacms-pr-nkvl8-3[0m stage [32mfrom-build-pack[0m and container [32mstep-place-tools[0m

Showing logs for build [32mentando-entando-plugin-jacms-pr-nkvl8-3[0m stage [32mfrom-build-pack[0m and container [32mstep-git-source-entando-entando-plugin-jacms-pr-l8mgc[0m
{"level":"warn","ts":1603306316.7335048,"logger":"fallback-logger","caller":"logging/config.go:69","msg":"Fetch GitHub commit ID from kodata failed: \"ref: refs/heads/0.8.0-**-support-backwards-incompats\" is not a valid GitHub commit ID"}
{"level":"info","ts":1603306318.9271026,"logger":"fallback-logger","caller":"git/git.go:103","msg":"Successfully cloned https://github.com/entando/entando-plugin-jacms.git @ master in path /workspace/source"}

Showing logs for build [32mentando-entando-plugin-jacms-pr-nkvl8-3[0m stage [32mfrom-build-pack[0m and container [32mstep-git-merge[0m
Using SHAs from PULL_REFS=master:3609b0d16129323b9559d2803f035e4fdcf17775,45:d659cc334529d907813c18e837585cc8b6bb02ff
DEBUG: ran git fetch --unshallow origin d659cc334529d907813c18e837585cc8b6bb02ff: 3609b0d16129323b9559d2803f035e4fdcf17775: in 
DEBUG: ran git checkout master in 
DEBUG: ran git reset --hard 3609b0d16129323b9559d2803f035e4fdcf17775 in 
DEBUG: ran clean --force -d . in 
DEBUG: ran git merge d659cc334529d907813c18e837585cc8b6bb02ff in 
Merged SHA d659cc334529d907813c18e837585cc8b6bb02ff with commit message 'ENG-1395 cleaning up' into base branch master
Merged SHA 16d38fd579e617f6a0b85fb387b2ec20d80f5165 with commit message 'ENG-1395 cleaning up' into base branch master
Merged SHA b510db5e5abd58c903000166f3d9b440987a290a with commit message 'ENG-1395 added support for creating assets using code and to create contents referencing assets using same code;' into base branch master

Showing logs for build [32mentando-entando-plugin-jacms-pr-nkvl8-3[0m stage [32mfrom-build-pack[0m and container [32mstep-build-set-version[0m
Picked up _JAVA_OPTIONS: -XX:+UnlockExperimentalVMOptions -Dsun.zip.disableMemoryMapping=true -XX:+UseParallelGC -XX:MinHeapFreeRatio=5 -XX:MaxHeapFreeRatio=10 -XX:GCTimeRatio=4 -XX:AdaptiveSizePolicyWeight=90 -Xms10m -Xmx8000m
[INFO] Scanning for projects...
[INFO] 
[INFO] ----------< org.entando.entando.plugins:entando-plugin-jacms >----------
[INFO] Building Entando Plugin: CMS 6.2.0-SNAPSHOT
[INFO] --------------------------------[ war ]---------------------------------
[INFO] 
[INFO] --- versions-maven-plugin:2.8.1:set (default-cli) @ entando-plugin-jacms ---
[INFO] Local aggregation ****: /workspace/source
[INFO] Processing change of org.entando.entando.plugins:entando-plugin-jacms:6.2.0-SNAPSHOT -> 0.0.0-SNAPSHOT-PR-45-3
[INFO] Processing org.entando.entando.plugins:entando-plugin-jacms
[INFO]     Updating project org.entando.entando.plugins:entando-plugin-jacms
[INFO]         from version 6.2.0-SNAPSHOT to 0.0.0-SNAPSHOT-PR-45-3
[INFO] 
[INFO] ------------------------------------------------------------------------
[INFO] BUILD SUCCESS
[INFO] ------------------------------------------------------------------------
[INFO] Total time:  13.033 s
[INFO] Finished at: 2020-10-21T18:52:18Z
[INFO] ------------------------------------------------------------------------

Showing logs for build [32mentando-entando-plugin-jacms-pr-nkvl8-3[0m stage [32mfrom-build-pack[0m and container [32mstep-build-fix-git-for-sonar[0m
Switched to a new branch 'PR-45'
M	pom.xml
Deleted branch master (was d659cc3).
From https://github.com/entando/entando-plugin-jacms
 * [new branch]      master            -> master
 * [new tag]         5.0.0.initial     -> 5.0.0.initial
 * [new tag]         pia-crs4          -> pia-crs4
 * [new tag]         v5.0.0-pre        -> v5.0.0-pre
 * [new tag]         v6.2.0-sprint1-rc -> v6.2.0-sprint1-rc
 * [new tag]         v6.2.0-sprint2-rc -> v6.2.0-sprint2-rc
 * [new tag]         v6.2.0-sprint3-rc -> v6.2.0-sprint3-rc
 * [new tag]         v6.2.0-sprint4-rc -> v6.2.0-sprint4-rc
 * [new tag]         v6.2.0-sprint5-rc -> v6.2.0-sprint5-rc

Showing logs for build [32mentando-entando-plugin-jacms-pr-nkvl8-3[0m stage [32mfrom-build-pack[0m and container [32mstep-build-mvn-verify-pr[0m
  % Total    % Received % Xferd  Average Speed   Time    Time     Time  Current
                                 Dload  Upload   Total   Spent    Left  Speed
  0     0    0     0    0     0      0      0 --:--:-- --:--:-- --:--:--     0100  1845  100  1633  100   212   2250    292 --:--:-- --:--:-- --:--:--  2271
{
  "url": "https://api.github.com/repos/entando/entando-plugin-jacms/statuses/d659cc334529d907813c18e837585cc8b6bb02ff",
  "avatar_url": "https://avatars2.githubusercontent.com/u/57885396?v=4",
  "id": 11121496907,
  "node_id": "MDEzOlN0YXR1c0NvbnRleHQxMTEyMTQ5NjkwNw==",
  "state": "pending",
  "description": "Pre-deployment tests pending!",
  "target_url": "https://entando-k8s.github.io/devops-results/entando-plugin-jacms/PR-45/surefire-report.html",
  "context": "Pre-deployment tests",
  "created_at": "2020-10-21T18:52:21Z",
  "updated_at": "2020-10-21T18:52:21Z",
  "creator": {
    "login": "entando-**",
    "id": 57885396,
    "node_id": "MDQ6VXNlcjU3ODg1Mzk2",
    "avatar_url": "https://avatars2.githubusercontent.com/u/57885396?v=4",
    "gravatar_id": "",
    "url": "https://api.github.com/users/entando-**",
    "html_url": "https://github.com/**********",
    "followers_url": "https://api.github.com/users/entando-**/followers",
    "following_url": "https://api.github.com/users/entando-**/following{/other_user}",
    "gists_url": "https://api.github.com/users/entando-**/gists{/gist_id}",
    "starred_url": "https://api.github.com/users/entando-**/starred{/owner}{/repo}",
    "subscriptions_url": "https://api.github.com/users/**********/subscriptions",
    "organizations_url": "https://api.github.com/users/entando-**/orgs",
    "repos_url": "https://api.github.com/users/**********/repos",
    "events_url": "https://api.github.com/users/entando-**/events{/privacy}",
    "received_events_url": "https://api.github.com/users/entando-**/received_events",
    "type": "User",
    "site_*****": *****
  }
}
  % Total    % Received % Xferd  Average Speed   Time    Time     Time  Current
                                 Dload  Upload   Total   Spent    Left  Speed
  0     0    0     0    0     0      0      0 --:--:-- --:--:-- --:--:--     0  0     0    0     0    0     0      0      0 --:--:-- --:--:-- --:--:--     0100  1817  100  1619  100   198   2456    300 --:--:-- --:--:-- --:--:--  2456
{
  "url": "https://api.github.com/repos/entando/entando-plugin-jacms/statuses/d659cc334529d907813c18e837585cc8b6bb02ff",
  "avatar_url": "https://avatars2.githubusercontent.com/u/57885396?v=4",
  "id": 11121497080,
  "node_id": "MDEzOlN0YXR1c0NvbnRleHQxMTEyMTQ5NzA4MA==",
  "state": "pending",
  "description": "OWASP CVE pending!",
  "target_url": "https://entando-k8s.github.io/devops-results/entando-plugin-jacms/PR-45/dependency-check-report.html",
  "context": "OWASP CVE",
  "created_at": "2020-10-21T18:52:22Z",
  "updated_at": "2020-10-21T18:52:22Z",
  "creator": {
    "login": "entando-**",
    "id": 57885396,
    "node_id": "MDQ6VXNlcjU3ODg1Mzk2",
    "avatar_url": "https://avatars2.githubusercontent.com/u/57885396?v=4",
    "gravatar_id": "",
    "url": "https://api.github.com/users/**********",
    "html_url": "https://github.com/entando-**",
    "followers_url": "https://api.github.com/users/**********/followers",
    "following_url": "https://api.github.com/users/entando-**/following{/other_user}",
    "gists_url": "https://api.github.com/users/entando-**/gists{/gist_id}",
    "starred_url": "https://api.github.com/users/entando-**/starred{/owner}{/repo}",
    "subscriptions_url": "https://api.github.com/users/**********/subscriptions",
    "organizations_url": "https://api.github.com/users/**********/orgs",
    "repos_url": "https://api.github.com/users/entando-**/repos",
    "events_url": "https://api.github.com/users/entando-**/events{/privacy}",
    "received_events_url": "https://api.github.com/users/**********/received_events",
    "type": "User",
    "site_*****": *****
  }
}
Picked up _JAVA_OPTIONS: -XX:+UnlockExperimentalVMOptions -Dsun.zip.disableMemoryMapping=true -XX:+UseParallelGC -XX:MinHeapFreeRatio=5 -XX:MaxHeapFreeRatio=10 -XX:GCTimeRatio=4 -XX:AdaptiveSizePolicyWeight=90 -Xms10m -Xmx8000m
[INFO] Scanning for projects...
[INFO] 
[INFO] ----------< org.entando.entando.plugins:entando-plugin-jacms >----------
[INFO] Building Entando Plugin: CMS 0.0.0-SNAPSHOT-PR-45-3
[INFO] --------------------------------[ war ]---------------------------------
[WARNING] The POM for com.sun.xml.bind:jaxb-impl:jar:2.2.11 is invalid, transitive dependencies (if any) will not be available, enable debug logging for more details
[INFO] 
[INFO] --- maven-checkstyle-plugin:3.1.1:check (validate) @ entando-plugin-jacms ---
[INFO] 
[INFO] --- maven-checkstyle-plugin:3.1.1:checkstyle (validate) @ entando-plugin-jacms ---
[INFO] 
[INFO] --- jacoco-maven-plugin:0.8.5:prepare-agent (prepare-agent) @ entando-plugin-jacms ---
[INFO] argLine set to -javaagent:/home/jenkins/.mvnrepository/org/jacoco/org.jacoco.agent/0.8.5/org.jacoco.agent-0.8.5-runtime.jar=destfile=/workspace/source/target/jacoco.e**c
[INFO] 
[INFO] --- maven-resources-plugin:2.5:resources (default-resources) @ entando-plugin-jacms ---
[debug] e**cute contextualize
[INFO] Using 'UTF-8' encoding to copy filtered resources.
[INFO] Copying 19 resources
[INFO] Copying 1 resource
[INFO] Copying 52 resources
[INFO] Copying 98 resources
[INFO] Copying 3 resources to META-INF
[INFO] 
[INFO] --- maven-compiler-plugin:3.8.1:compile (default-compile) @ entando-plugin-jacms ---
[INFO] Changes detected - recompiling the module!
[INFO] Compiling 327 source files to /workspace/source/target/classes
[INFO] /workspace/source/src/main/java/com/agiletec/plugins/jacms/aps/******/services/content/IContentManager.java: Some input files use or override a deprecated API.
[INFO] /workspace/source/src/main/java/com/agiletec/plugins/jacms/aps/******/services/content/IContentManager.java: Recompile with -Xlint:deprecation for details.
[INFO] /workspace/source/src/main/java/com/agiletec/plugins/jacms/aps/******/services/cache/CmsCacheWrapperManager.java: Some input files additionally use unchecked or unsafe operations.
[INFO] -------------------------------------------------------------
[WARNING] COMPILATION WARNING : 
[INFO] -------------------------------------------------------------
[WARNING] /workspace/source/src/main/java/com/agiletec/plugins/jacms/aps/******/services/searchengine/SearchEngineManager.java:[244,41] unchecked call to SearchEngineFilter(java.lang.String,T) as a member of the raw type org.entando.entando.aps.******.services.searchengine.SearchEngineFilter
[WARNING] /workspace/source/src/main/java/com/agiletec/plugins/jacms/aps/******/services/searchengine/SearchEngineManager.java:[277,108] unchecked call to SearchEngineFilter(java.lang.String,boolean,T) as a member of the raw type org.entando.entando.aps.******.services.searchengine.SearchEngineFilter
[WARNING] /workspace/source/src/main/java/com/agiletec/plugins/jacms/aps/******/services/resource/ResourceManager.java:[263,40] unchecked method invocation: method setMetadata in interface com.agiletec.plugins.jacms.aps.******.services.resource.model.ResourceInterface is applied to given types
  required: java.util.Map<java.lang.String,java.lang.String>
  found: java.util.Map
[WARNING] /workspace/source/src/main/java/com/agiletec/plugins/jacms/aps/******/services/resource/ResourceManager.java:[263,57] unchecked conversion
  required: java.util.Map<java.lang.String,java.lang.String>
  found:    java.util.Map
[WARNING] /workspace/source/src/main/java/com/agiletec/plugins/jacms/aps/******/services/resource/ResourceManager.java:[307,29] unchecked method invocation: method setMetadata in interface com.agiletec.plugins.jacms.aps.******.services.resource.model.ResourceInterface is applied to given types
  required: java.util.Map<java.lang.String,java.lang.String>
  found: java.util.Map
[WARNING] /workspace/source/src/main/java/com/agiletec/plugins/jacms/aps/******/services/resource/ResourceManager.java:[307,46] unchecked conversion
  required: java.util.Map<java.lang.String,java.lang.String>
  found:    java.util.Map
[WARNING] /workspace/source/src/main/java/com/agiletec/plugins/jacms/aps/******/services/resource/ResourceManager.java:[596,82] unchecked conversion
  required: java.util.List<java.lang.String>
  found:    java.util.List
[WARNING] /workspace/source/src/main/java/com/agiletec/plugins/jacms/aps/******/services/resource/ResourceManager.java:[625,52] unchecked conversion
  required: java.util.List<java.lang.String>
  found:    java.util.List
[WARNING] /workspace/source/src/main/java/com/agiletec/plugins/jacms/aps/******/services/content/widget/UserFilterOptionBean.java:[246,42] unchecked call to EntitySearchFilter(java.lang.String,boolean,T,boolean) as a member of the raw type com.agiletec.aps.******.common.entity.model.EntitySearchFilter
[WARNING] /workspace/source/src/main/java/com/agiletec/plugins/jacms/aps/******/services/content/widget/UserFilterOptionBean.java:[255,42] unchecked call to EntitySearchFilter(java.lang.String,boolean,T,T) as a member of the raw type com.agiletec.aps.******.common.entity.model.EntitySearchFilter
[WARNING] /workspace/source/src/main/java/com/agiletec/plugins/jacms/aps/******/services/content/widget/UserFilterOptionBean.java:[266,50] unchecked call to EntitySearchFilter(java.lang.String,boolean,T,boolean) as a member of the raw type com.agiletec.aps.******.common.entity.model.EntitySearchFilter
[WARNING] /workspace/source/src/main/java/com/agiletec/plugins/jacms/aps/******/services/content/widget/UserFilterOptionBean.java:[281,42] unchecked call to EntitySearchFilter(java.lang.String,boolean,T,T) as a member of the raw type com.agiletec.aps.******.common.entity.model.EntitySearchFilter
[WARNING] /workspace/source/src/main/java/com/agiletec/plugins/jacms/aps/******/services/content/widget/UserFilterOptionBean.java:[311,42] unchecked call to SearchEngineFilter(java.lang.String,T,org.entando.entando.aps.******.services.searchengine.SearchEngineFilter.TextSearchOption) as a member of the raw type org.entando.entando.aps.******.services.searchengine.SearchEngineFilter
[WARNING] /workspace/source/src/main/java/com/agiletec/plugins/jacms/aps/******/services/content/widget/UserFilterOptionBean.java:[313,42] unchecked call to SearchEngineFilter(java.lang.String,T,org.entando.entando.aps.******.services.searchengine.SearchEngineFilter.TextSearchOption) as a member of the raw type org.entando.entando.aps.******.services.searchengine.SearchEngineFilter
[WARNING] /workspace/source/src/main/java/com/agiletec/plugins/jacms/aps/******/services/content/widget/UserFilterOptionBean.java:[318,42] unchecked call to SearchEngineFilter(java.lang.String,T,org.entando.entando.aps.******.services.searchengine.SearchEngineFilter.TextSearchOption) as a member of the raw type org.entando.entando.aps.******.services.searchengine.SearchEngineFilter
[WARNING] /workspace/source/src/main/java/com/agiletec/plugins/jacms/aps/******/services/content/widget/UserFilterOptionBean.java:[331,42] unchecked call to SearchEngineFilter(java.lang.String,T,T) as a member of the raw type org.entando.entando.aps.******.services.searchengine.SearchEngineFilter
[WARNING] /workspace/source/src/main/java/com/agiletec/plugins/jacms/aps/******/services/content/widget/UserFilterOptionBean.java:[334,42] unchecked call to SearchEngineFilter(java.lang.String,T,org.entando.entando.aps.******.services.searchengine.SearchEngineFilter.TextSearchOption) as a member of the raw type org.entando.entando.aps.******.services.searchengine.SearchEngineFilter
[WARNING] /workspace/source/src/main/java/com/agiletec/plugins/jacms/aps/******/services/content/widget/UserFilterOptionBean.java:[349,42] unchecked call to SearchEngineFilter(java.lang.String,T,T) as a member of the raw type org.entando.entando.aps.******.services.searchengine.SearchEngineFilter
[WARNING] /workspace/source/src/main/java/com/agiletec/plugins/jacms/aps/******/services/content/widget/ContentListHelper.java:[194,46] unchecked conversion
  required: java.util.List<java.lang.String>
  found:    java.util.List
[WARNING] /workspace/source/src/main/java/com/agiletec/plugins/jacms/aps/******/services/content/widget/ContentListHelper.java:[282,38] unchecked call to ArrayList(java.util.Collection<? extends E>) as a member of the raw type java.util.ArrayList
[WARNING] /workspace/source/src/main/java/com/agiletec/plugins/jacms/aps/******/services/content/widget/ContentListHelper.java:[282,38] unchecked conversion
  required: java.util.List<java.lang.String>
  found:    java.util.ArrayList
[WARNING] /workspace/source/src/main/java/org/entando/entando/plugins/jacms/aps/******/services/api/ApiContentInterface.java:[426,103] unchecked conversion
  required: java.util.List<java.lang.String>
  found:    java.util.List
[WARNING] /workspace/source/src/main/java/com/agiletec/plugins/jacms/aps*****/resource/ResourceAction.java:[214,37] unchecked method invocation: method setMetadata in class com.agiletec.plugins.jacms.aps*****.resource.ResourceAction is applied to given types
  required: java.util.Map<java.lang.String,java.lang.String>
  found: java.util.Map
[WARNING] /workspace/source/src/main/java/com/agiletec/plugins/jacms/aps*****/resource/ResourceAction.java:[214,38] unchecked conversion
  required: java.util.Map<java.lang.String,java.lang.String>
  found:    java.util.Map
[WARNING] /workspace/source/src/main/java/com/agiletec/plugins/jacms/aps*****/resource/ResourceAction.java:[221,33] unchecked method invocation: method setMetadata in class com.agiletec.plugins.jacms.aps*****.resource.ResourceAction is applied to given types
  required: java.util.Map<java.lang.String,java.lang.String>
  found: java.util.Map
[WARNING] /workspace/source/src/main/java/com/agiletec/plugins/jacms/aps*****/resource/ResourceAction.java:[221,34] unchecked conversion
  required: java.util.Map<java.lang.String,java.lang.String>
  found:    java.util.Map
[WARNING] /workspace/source/src/main/java/com/agiletec/plugins/jacms/aps/******/services/content/model/ContentDto.java:[256,96] unchecked cast
  required: java.util.Map<java.lang.String,java.lang.Object>
  found:    java.lang.Object
[WARNING] /workspace/source/src/main/java/com/agiletec/plugins/jacms/aps/******/services/content/model/ContentDto.java:[257,91] unchecked cast
  required: java.util.Map<java.lang.String,java.lang.Object>
  found:    java.lang.Object
[WARNING] /workspace/source/src/main/java/com/agiletec/plugins/jacms/aps/******/services/content/model/ContentDto.java:[258,85] unchecked cast
  required: java.util.Map<java.lang.String,java.lang.Object>
  found:    java.lang.Object
[WARNING] /workspace/source/src/main/java/com/agiletec/plugins/jacms/aps/******/services/content/model/ContentDto.java:[270,113] unchecked cast
  required: java.util.Map<java.lang.String,java.lang.Object>
  found:    java.lang.Object
[WARNING] /workspace/source/src/main/java/com/agiletec/plugins/jacms/aps/******/services/content/model/ContentDto.java:[271,29] unchecked cast
  required: java.util.Map<java.lang.String,java.lang.Object>
  found:    java.lang.Object
[WARNING] /workspace/source/src/main/java/com/agiletec/plugins/jacms/aps*****/content/ContentFinderAction.java:[873,46] unchecked call to EntitySearchFilter(java.lang.String,boolean,T,boolean) as a member of the raw type com.agiletec.aps.******.common.entity.model.EntitySearchFilter
[WARNING] /workspace/source/src/main/java/com/agiletec/plugins/jacms/aps*****/content/ContentFinderAction.java:[882,46] unchecked call to EntitySearchFilter(java.lang.String,boolean,T,boolean) as a member of the raw type com.agiletec.aps.******.common.entity.model.EntitySearchFilter
[WARNING] /workspace/source/src/main/java/com/agiletec/plugins/jacms/aps*****/content/ContentFinderAction.java:[891,46] unchecked call to EntitySearchFilter(java.lang.String,boolean,T,boolean) as a member of the raw type com.agiletec.aps.******.common.entity.model.EntitySearchFilter
[WARNING] /workspace/source/src/main/java/com/agiletec/plugins/jacms/aps*****/content/ContentFinderAction.java:[909,46] unchecked call to EntitySearchFilter(java.lang.String,boolean,T,boolean) as a member of the raw type com.agiletec.aps.******.common.entity.model.EntitySearchFilter
[WARNING] /workspace/source/src/main/java/com/agiletec/plugins/jacms/aps*****/content/ContentFinderAction.java:[938,50] unchecked call to EntitySearchFilter(java.lang.String,boolean,T,boolean) as a member of the raw type com.agiletec.aps.******.common.entity.model.EntitySearchFilter
[WARNING] /workspace/source/src/main/java/com/agiletec/plugins/jacms/aps*****/content/helper/ContentActionHelper.java:[232,85] unchecked conversion
  required: java.util.List<java.lang.Object>
  found:    java.util.List
[WARNING] /workspace/source/src/main/java/org/entando/entando/plugins/jacms/web/resource/ResourcesController.java:[219,59] unchecked conversion
  required: T
  found:    java.util.HashMap
[WARNING] /workspace/source/src/main/java/org/entando/entando/plugins/jacms/web/resource/ResourcesController.java:[219,33] unchecked method invocation: method ok in class org.springframework.http.ResponseEntity is applied to given types
  required: T
  found: org.entando.entando.web.common.model.SimpleRestResponse<java.util.Map<java.lang.String,java.lang.String>>
[WARNING] /workspace/source/src/main/java/org/entando/entando/plugins/jacms/web/resource/ResourcesController.java:[219,33] unchecked conversion
  required: org.springframework.http.ResponseEntity<org.entando.entando.web.common.model.SimpleRestResponse<java.util.Map<java.lang.String,java.lang.String>>>
  found:    org.springframework.http.ResponseEntity
[WARNING] /workspace/source/src/main/java/org/entando/entando/plugins/jacms/aps/******/services/resource/ResourcesService.java:[408,25] unchecked method invocation: method sort in class java.util.Collections is applied to given types
  required: java.util.List<T>,java.util.Comparator<? super T>
  found: java.util.List<com.agiletec.plugins.jacms.aps.******.services.resource.model.ImageResourceDimension>,org.apache.commons.beanutils.BeanComparator
[WARNING] /workspace/source/src/main/java/org/entando/entando/plugins/jacms/aps/******/services/resource/ResourcesService.java:[408,38] unchecked conversion
  required: java.util.Comparator<? super T>
  found:    org.apache.commons.beanutils.BeanComparator
[WARNING] /workspace/source/src/main/java/org/entando/entando/plugins/jacms/aps/******/services/resource/ResourcesService.java:[417,21] unchecked call to FieldSearchFilter(java.lang.String,T,boolean) as a member of the raw type com.agiletec.aps.******.common.FieldSearchFilter
[WARNING] /workspace/source/src/main/java/org/entando/entando/plugins/jacms/aps/******/services/resource/ResourcesService.java:[456,21] unchecked call to FieldSearchFilter(java.lang.String,T,boolean) as a member of the raw type com.agiletec.aps.******.common.FieldSearchFilter
[WARNING] /workspace/source/src/main/java/org/entando/entando/plugins/jacms/aps/******/services/resource/ResourcesService.java:[463,21] unchecked call to FieldSearchFilter(java.lang.String,java.util.List<T>,boolean) as a member of the raw type com.agiletec.aps.******.common.FieldSearchFilter
[WARNING] /workspace/source/src/main/java/org/entando/entando/plugins/jacms/aps/******/services/resource/ResourcesService.java:[475,25] unchecked call to FieldSearchFilter(java.lang.String,T,boolean) as a member of the raw type com.agiletec.aps.******.common.FieldSearchFilter
[WARNING] /workspace/source/src/main/java/org/entando/entando/plugins/jacms/aps/******/services/resource/ResourcesService.java:[484,22] unchecked call to EntitySearchFilter(java.lang.String,boolean,T,T) as a member of the raw type com.agiletec.aps.******.common.entity.model.EntitySearchFilter
[WARNING] /workspace/source/src/main/java/org/entando/entando/plugins/jacms/aps/******/services/resource/ResourcesService.java:[486,22] unchecked call to EntitySearchFilter(java.lang.String,boolean,T,T) as a member of the raw type com.agiletec.aps.******.common.entity.model.EntitySearchFilter
[WARNING] /workspace/source/src/main/java/org/entando/entando/plugins/jacms/aps/******/services/resource/ResourcesService.java:[488,22] unchecked call to EntitySearchFilter(java.lang.String,boolean,T,boolean) as a member of the raw type com.agiletec.aps.******.common.entity.model.EntitySearchFilter
[WARNING] /workspace/source/src/main/java/org/entando/entando/plugins/jacms/aps/******/services/resource/ResourcesService.java:[491,22] unchecked call to EntitySearchFilter(java.lang.String,boolean,T,boolean,com.agiletec.aps.******.common.FieldSearchFilter.LikeOptionType) as a member of the raw type com.agiletec.aps.******.common.entity.model.EntitySearchFilter
[WARNING] /workspace/source/src/main/java/org/entando/entando/plugins/jacms/aps/******/services/content/ContentService.java:[265,86] unchecked cast
  required: com.agiletec.aps.******.services.group.GroupUtilizer<java.lang.String>
  found:    com.agiletec.plugins.jacms.aps.******.services.content.IContentManager
[WARNING] /workspace/source/src/main/java/org/entando/entando/plugins/jacms/aps/******/services/content/ContentService.java:[276,105] unchecked conversion
  required: java.util.List<java.lang.String>
  found:    java.util.List
[WARNING] /workspace/source/src/main/java/org/entando/entando/plugins/jacms/aps/******/services/content/ContentService.java:[287,97] unchecked conversion
  required: java.util.List<java.lang.String>
  found:    java.util.List
[WARNING] /workspace/source/src/main/java/org/entando/entando/plugins/jacms/aps/******/services/content/ContentService.java:[298,103] unchecked conversion
  required: java.util.List<java.lang.String>
  found:    java.util.List
[WARNING] /workspace/source/src/main/java/org/entando/entando/plugins/jacms/aps/******/services/content/ContentService.java:[384,21] unchecked call to EntitySearchFilter(java.lang.String,boolean,T,boolean) as a member of the raw type com.agiletec.aps.******.common.entity.model.EntitySearchFilter
[WARNING] /workspace/source/src/main/java/org/entando/entando/plugins/jacms/aps/******/services/content/ContentService.java:[636,57] unchecked call to SearcherDaoPaginatedResult(java.lang.Integer,java.util.List<T>) as a member of the raw type com.agiletec.aps.******.common.model.dao.SearcherDaoPaginatedResult
[WARNING] /workspace/source/src/main/java/org/entando/entando/plugins/jacms/aps/******/services/content/ContentService.java:[638,50] unchecked cast
  required: java.util.List<java.lang.Object>
  found:    java.util.List<capture#1 of ?>
[WARNING] /workspace/source/src/main/java/org/entando/entando/plugins/jacms/aps/******/services/api/ApiResourceInterface.java:[387,105] unchecked conversion
  required: java.util.List<java.lang.String>
  found:    java.util.List
[WARNING] /workspace/source/src/main/java/com/agiletec/plugins/jacms/aps*****/resource/MultipleResourceAction.java:[249,53] unchecked method invocation: method setMetadata in class com.agiletec.plugins.jacms.aps.******.services.resource.model.BaseResourceDataBean is applied to given types
  required: java.util.Map<java.lang.String,java.lang.String>
  found: java.util.Map
[WARNING] /workspace/source/src/main/java/com/agiletec/plugins/jacms/aps*****/resource/MultipleResourceAction.java:[249,54] unchecked conversion
  required: java.util.Map<java.lang.String,java.lang.String>
  found:    java.util.Map
[WARNING] /workspace/source/src/main/java/com/agiletec/plugins/jacms/aps*****/resource/MultipleResourceAction.java:[256,49] unchecked method invocation: method setMetadata in class com.agiletec.plugins.jacms.aps.******.services.resource.model.BaseResourceDataBean is applied to given types
  required: java.util.Map<java.lang.String,java.lang.String>
  found: java.util.Map
[WARNING] /workspace/source/src/main/java/com/agiletec/plugins/jacms/aps*****/resource/MultipleResourceAction.java:[256,50] unchecked conversion
  required: java.util.Map<java.lang.String,java.lang.String>
  found:    java.util.Map
[WARNING] /workspace/source/src/main/java/com/agiletec/plugins/jacms/aps*****/resource/MultipleResourceAction.java:[264,40] unchecked call to add(E) as a member of the raw type java.util.List
[WARNING] /workspace/source/src/main/java/com/agiletec/plugins/jacms/aps*****/resource/MultipleResourceAction.java:[289,28] unchecked call to forEach(java.util.function.Consumer<? super T>) as a member of the raw type java.lang.Iterable
[WARNING] /workspace/source/src/main/java/com/agiletec/plugins/jacms/aps*****/content/attribute/action/link/UrlLinkAction.java:[51,123] unchecked cast
  required: java.util.Map<java.lang.String,java.lang.String>
  found:    java.lang.Object
[WARNING] /workspace/source/src/main/java/com/agiletec/plugins/jacms/aps*****/content/attribute/action/link/PageLinkAction.java:[50,123] unchecked cast
  required: java.util.Map<java.lang.String,java.lang.String>
  found:    java.lang.Object
[WARNING] /workspace/source/src/main/java/org/entando/entando/plugins/jacms/aps*****/portal/helper/ContentPageValidator.java:[75,101] unchecked conversion
  required: java.util.List<java.lang.String>
  found:    java.util.List
[WARNING] /workspace/source/src/main/java/com/agiletec/plugins/jacms/aps*****/content/AbstractContentAction.java:[244,33] unchecked method invocation: method sort in class java.util.Collections is applied to given types
  required: java.util.List<T>,java.util.Comparator<? super T>
  found: java.util.List<com.agiletec.aps.******.services.group.Group>,org.apache.commons.beanutils.BeanComparator
[WARNING] /workspace/source/src/main/java/com/agiletec/plugins/jacms/aps*****/content/AbstractContentAction.java:[244,42] unchecked conversion
  required: java.util.Comparator<? super T>
  found:    org.apache.commons.beanutils.BeanComparator
[WARNING] /workspace/source/src/main/java/com/agiletec/plugins/jacms/aps*****/content/ContentInspectionAction.java:[43,112] unchecked conversion
  required: java.util.List<com.agiletec.aps.******.services.page.IPage>
  found:    java.util.List
[WARNING] /workspace/source/src/main/java/com/agiletec/plugins/jacms/aps*****/content/ContentInspectionAction.java:[59,113] unchecked conversion
  required: java.util.List<java.lang.String>
  found:    java.util.List
[WARNING] /workspace/source/src/main/java/com/agiletec/plugins/jacms/aps/******/services/content/AbstractContentSearcherDAO.java:[71,57] unchecked call to EntitySearchFilter(java.lang.String,boolean,T,boolean) as a member of the raw type com.agiletec.aps.******.common.entity.model.EntitySearchFilter
[WARNING] /workspace/source/src/main/java/org/entando/entando/plugins/jacms/aps/******/services/page/CmsPageServiceWrapper.java:[52,81] unchecked conversion
  required: java.util.List<com.agiletec.aps.******.services.page.IPage>
  found:    java.util.List
[WARNING] /workspace/source/src/main/java/com/agiletec/plugins/jacms/aps*****/content/ContentAction.java:[340,75] unchecked conversion
  required: java.util.List<com.agiletec.aps.******.services.page.IPage>
  found:    java.util.List
[WARNING] /workspace/source/src/main/java/com/agiletec/plugins/jacms/aps/******/services/resource/ResourceDAO.java:[263,53] unchecked call to FieldSearchFilter(java.lang.String,T,boolean) as a member of the raw type com.agiletec.aps.******.common.FieldSearchFilter
[WARNING] /workspace/source/src/main/java/com/agiletec/plugins/jacms/aps/******/services/resource/ResourceDAO.java:[263,53] unchecked conversion
  required: com.agiletec.aps.******.common.FieldSearchFilter<java.lang.String>
  found:    com.agiletec.aps.******.common.FieldSearchFilter
[WARNING] /workspace/source/src/main/java/com/agiletec/plugins/jacms/aps/******/services/resource/ResourceDAO.java:[267,53] unchecked call to FieldSearchFilter(java.lang.String,T,boolean) as a member of the raw type com.agiletec.aps.******.common.FieldSearchFilter
[WARNING] /workspace/source/src/main/java/com/agiletec/plugins/jacms/aps/******/services/resource/ResourceDAO.java:[267,53] unchecked conversion
  required: com.agiletec.aps.******.common.FieldSearchFilter<java.lang.String>
  found:    com.agiletec.aps.******.common.FieldSearchFilter
[WARNING] /workspace/source/src/main/java/com/agiletec/plugins/jacms/aps/******/services/resource/ResourceDAO.java:[271,53] unchecked call to FieldSearchFilter(java.lang.String,T,boolean) as a member of the raw type com.agiletec.aps.******.common.FieldSearchFilter
[WARNING] /workspace/source/src/main/java/com/agiletec/plugins/jacms/aps/******/services/resource/ResourceDAO.java:[271,53] unchecked conversion
  required: com.agiletec.aps.******.common.FieldSearchFilter<java.lang.String>
  found:    com.agiletec.aps.******.common.FieldSearchFilter
[WARNING] /workspace/source/src/main/java/com/agiletec/plugins/jacms/aps/******/services/resource/ResourceDAO.java:[285,53] unchecked call to FieldSearchFilter(java.lang.String,java.util.List<T>,boolean) as a member of the raw type com.agiletec.aps.******.common.FieldSearchFilter
[WARNING] /workspace/source/src/main/java/com/agiletec/plugins/jacms/aps/******/services/resource/ResourceDAO.java:[285,53] unchecked conversion
  required: com.agiletec.aps.******.common.FieldSearchFilter<java.lang.String>
  found:    com.agiletec.aps.******.common.FieldSearchFilter
[WARNING] /workspace/source/src/main/java/com/agiletec/plugins/jacms/aps*****/content/attribute/action/resource/ExtendedResourceAction.java:[120,41] unchecked method invocation: method setMetadata in class com.agiletec.plugins.jacms.aps.******.services.resource.model.BaseResourceDataBean is applied to given types
  required: java.util.Map<java.lang.String,java.lang.String>
  found: java.util.Map
[WARNING] /workspace/source/src/main/java/com/agiletec/plugins/jacms/aps*****/content/attribute/action/resource/ExtendedResourceAction.java:[120,42] unchecked conversion
  required: java.util.Map<java.lang.String,java.lang.String>
  found:    java.util.Map
[WARNING] /workspace/source/src/main/java/com/agiletec/plugins/jacms/aps/******/services/resource/parse/ImageDimensionDOM.java:[59,84] unchecked conversion
  required: java.util.List<org.jdom.Element>
  found:    java.util.List
[WARNING] /workspace/source/src/main/java/com/agiletec/plugins/jacms/aps/******/services/contentmodel/ContentModelManager.java:[176,25] unchecked method invocation: method sort in class java.util.Collections is applied to given types
  required: java.util.List<T>
  found: java.util.List<com.agiletec.plugins.jacms.aps.******.services.contentmodel.ContentModel>
[WARNING] /workspace/source/src/main/java/org/entando/entando/plugins/jacms/aps*****/content/bulk/ContentCategoryBulkAction.java:[102,137] unchecked cast
  required: org.entando.entando.plugins.jacms.aps.******.services.content.command.common.BaseContentPropertyBulkCommand<com.agiletec.aps.******.services.category.Category>
  found:    java.lang.Object
[WARNING] /workspace/source/src/main/java/com/agiletec/plugins/jacms/aps/******/services/searchengine/SearcherDAO.java:[190,77] unchecked conversion
  required: java.util.List<java.lang.String>
  found:    java.util.List
[WARNING] /workspace/source/src/main/java/com/agiletec/plugins/jacms/aps*****/resource/ResourceFinderAction.java:[110,30] unchecked call to FieldSearchFilter(java.lang.String,T,boolean) as a member of the raw type com.agiletec.aps.******.common.FieldSearchFilter
[WARNING] /workspace/source/src/main/java/com/agiletec/plugins/jacms/aps*****/resource/ResourceFinderAction.java:[114,45] unchecked call to FieldSearchFilter(java.lang.String,T,boolean) as a member of the raw type com.agiletec.aps.******.common.FieldSearchFilter
[WARNING] /workspace/source/src/main/java/com/agiletec/plugins/jacms/aps*****/resource/ResourceFinderAction.java:[118,44] unchecked call to FieldSearchFilter(java.lang.String,T,boolean) as a member of the raw type com.agiletec.aps.******.common.FieldSearchFilter
[WARNING] /workspace/source/src/main/java/com/agiletec/plugins/jacms/aps*****/resource/ResourceFinderAction.java:[122,48] unchecked call to FieldSearchFilter(java.lang.String,T,boolean) as a member of the raw type com.agiletec.aps.******.common.FieldSearchFilter
[WARNING] /workspace/source/src/main/java/com/agiletec/plugins/jacms/aps*****/resource/ResourceFinderAction.java:[200,25] unchecked method invocation: method sort in class java.util.Collections is applied to given types
  required: java.util.List<T>,java.util.Comparator<? super T>
  found: java.util.List<com.agiletec.plugins.jacms.aps.******.services.resource.model.ImageResourceDimension>,org.apache.commons.beanutils.BeanComparator
[WARNING] /workspace/source/src/main/java/com/agiletec/plugins/jacms/aps*****/resource/ResourceFinderAction.java:[200,38] unchecked conversion
  required: java.util.Comparator<? super T>
  found:    org.apache.commons.beanutils.BeanComparator
[WARNING] /workspace/source/src/main/java/org/entando/entando/plugins/jacms/aps*****/content/bulk/ContentBulkAction.java:[76,155] unchecked cast
  required: org.entando.entando.plugins.jacms.aps.******.services.content.command.common.BaseContentBulkCommand<org.entando.entando.plugins.jacms.aps.******.services.content.command.common.ContentBulkCommandContext>
  found:    java.lang.Object
[WARNING] /workspace/source/src/main/java/com/agiletec/plugins/jacms/aps/******/services/resource/cache/ResourceManagerCacheWrapper.java:[56,24] unchecked conversion
  required: java.util.Map<java.lang.String,java.util.List<java.lang.String>>
  found:    java.util.Map
[WARNING] /workspace/source/src/main/java/org/entando/entando/plugins/jacms/aps*****/content/bulk/ContentGroupBulkAction.java:[98,133] unchecked cast
  required: org.entando.entando.plugins.jacms.aps.******.services.content.command.common.BaseContentPropertyBulkCommand<java.lang.String>
  found:    java.lang.Object
[WARNING] /workspace/source/src/main/java/com/agiletec/plugins/jacms/aps/******/services/resource/ResourceService.java:[80,88] unchecked cast
  required: com.agiletec.aps.******.services.group.GroupUtilizer<java.lang.String>
  found:    com.agiletec.plugins.jacms.aps.******.services.resource.IResourceManager
[WARNING] /workspace/source/src/main/java/com/agiletec/plugins/jacms/aps/******/services/resource/ResourceService.java:[91,107] unchecked conversion
  required: java.util.List<java.lang.String>
  found:    java.util.List
[WARNING] /workspace/source/src/main/java/org/entando/entando/plugins/jacms/aps/******/services/widgettype/validators/WidgetValidatorCmsHelper.java:[130,35] unchecked cast
  required: java.util.List<java.lang.Object>
  found:    java.lang.Object
[INFO] 100 warnings 
[INFO] -------------------------------------------------------------
[INFO] -------------------------------------------------------------
[ERROR] COMPILATION ERROR : 
[INFO] -------------------------------------------------------------
[ERROR] /workspace/source/src/main/java/org/entando/entando/plugins/jacms/web/resource/ResourcesController.java:[159,17] method createAsset in class org.entando.entando.plugins.jacms.aps.******.services.resource.ResourcesService cannot be applied to given types;
  required: java.lang.String,org.springframework.web.multipart.MultipartFile,java.lang.String,java.util.List<java.lang.String>,java.lang.String,com.agiletec.aps.******.services.user.UserDetails
  found: java.lang.String,java.lang.String,org.springframework.web.multipart.MultipartFile,java.lang.String,java.util.List<java.lang.String>,java.lang.String,com.agiletec.aps.******.services.user.UserDetails
  reason: actual and formal argument lists differ in length
[ERROR] /workspace/source/src/main/java/org/entando/entando/plugins/jacms/aps/******/services/content/ContentService.java:[683,52] method getAsset in class org.entando.entando.plugins.jacms.aps.******.services.resource.ResourcesService cannot be applied to given types;
  required: java.lang.String
  found: java.lang.String,java.lang.String
  reason: actual and formal argument lists differ in length
[INFO] 2 errors 
[INFO] -------------------------------------------------------------
[INFO] 
[INFO] ------------------------------------------------------------------------
[INFO] Skipping Entando Plugin: CMS
[INFO] This project has been banned from the build due to previous failures.
[INFO] ------------------------------------------------------------------------
[INFO] ------------------------------------------------------------------------
[INFO] BUILD FAILURE
[INFO] ------------------------------------------------------------------------
[INFO] Total time:  34.887 s
[INFO] Finished at: 2020-10-21T18:52:59Z
[INFO] ------------------------------------------------------------------------
[ERROR] Failed to e**cute goal org.apache.maven.plugins:maven-compiler-plugin:3.8.1:compile (default-compile) on project entando-plugin-jacms: Compilation failure: Compilation failure: 
[ERROR] /workspace/source/src/main/java/org/entando/entando/plugins/jacms/web/resource/ResourcesController.java:[159,17] method createAsset in class org.entando.entando.plugins.jacms.aps.******.services.resource.ResourcesService cannot be applied to given types;
[ERROR]   required: java.lang.String,org.springframework.web.multipart.MultipartFile,java.lang.String,java.util.List<java.lang.String>,java.lang.String,com.agiletec.aps.******.services.user.UserDetails
[ERROR]   found: java.lang.String,java.lang.String,org.springframework.web.multipart.MultipartFile,java.lang.String,java.util.List<java.lang.String>,java.lang.String,com.agiletec.aps.******.services.user.UserDetails
[ERROR]   reason: actual and formal argument lists differ in length
[ERROR] /workspace/source/src/main/java/org/entando/entando/plugins/jacms/aps/******/services/content/ContentService.java:[683,52] method getAsset in class org.entando.entando.plugins.jacms.aps.******.services.resource.ResourcesService cannot be applied to given types;
[ERROR]   required: java.lang.String
[ERROR]   found: java.lang.String,java.lang.String
[ERROR]   reason: actual and formal argument lists differ in length
[ERROR] -> [Help 1]
[ERROR] 
[ERROR] To see the full stack trace of the errors, re-run Maven with the -e switch.
[ERROR] Re-run Maven using the -X switch to enable full debug logging.
[ERROR] 
[ERROR] For more information about the errors and possible solutions, please read the following articles:
[ERROR] [Help 1] http://cwiki.apache.org/confluence/display/MAVEN/MojoFailureException
shallow cloning https://github.com/entando-k8s/devops-results.git branch gh-pages
ran git init in /tmp/jenkins-x-collect577169659
ran git add remote origin https://github.com/entando-k8s/devops-results.git in /tmp/jenkins-x-collect577169659
ran git fetch origin --depth=1 gh-pages in dir /tmp/jenkins-x-collect577169659
No pre-deployment test results found for entando-plugin-jacms-PR-45.
  % Total    % Received % Xferd  Average Speed   Time    Time     Time  Current
                                 Dload  Upload   Total   Spent    Left  Speed
  0     0    0     0    0     0      0      0 --:--:-- --:--:-- --:--:--     0 11  1845    0     0  100   212      0    277 --:--:-- --:--:-- --:--:--   279100  1845  100  1633  100   212   2131    276 --:--:-- --:--:-- --:--:--  2143
{
  "url": "https://api.github.com/repos/entando/entando-plugin-jacms/statuses/d659cc334529d907813c18e837585cc8b6bb02ff",
  "avatar_url": "https://avatars2.githubusercontent.com/u/57885396?v=4",
  "id": 11121507185,
  "node_id": "MDEzOlN0YXR1c0NvbnRleHQxMTEyMTUwNzE4NQ==",
  "state": "failure",
  "description": "Pre-deployment tests failure!",
  "target_url": "https://entando-k8s.github.io/devops-results/entando-plugin-jacms/PR-45/surefire-report.html",
  "context": "Pre-deployment tests",
  "created_at": "2020-10-21T18:53:11Z",
  "updated_at": "2020-10-21T18:53:11Z",
  "creator": {
    "login": "**********",
    "id": 57885396,
    "node_id": "MDQ6VXNlcjU3ODg1Mzk2",
    "avatar_url": "https://avatars2.githubusercontent.com/u/57885396?v=4",
    "gravatar_id": "",
    "url": "https://api.github.com/users/**********",
    "html_url": "https://github.com/entando-**",
    "followers_url": "https://api.github.com/users/entando-**/followers",
    "following_url": "https://api.github.com/users/entando-**/following{/other_user}",
    "gists_url": "https://api.github.com/users/entando-**/gists{/gist_id}",
    "starred_url": "https://api.github.com/users/entando-**/starred{/owner}{/repo}",
    "subscriptions_url": "https://api.github.com/users/**********/subscriptions",
    "organizations_url": "https://api.github.com/users/**********/orgs",
    "repos_url": "https://api.github.com/users/**********/repos",
    "events_url": "https://api.github.com/users/entando-**/events{/privacy}",
    "received_events_url": "https://api.github.com/users/entando-**/received_events",
    "type": "User",
    "site_*****": *****
  }
}
OWASP has found dependencies with vulnerabilities for entando-plugin-jacms-PR-45.
  % Total    % Received % Xferd  Average Speed   Time    Time     Time  Current
                                 Dload  Upload   Total   Spent    Left  Speed
{
  "url": "https://api.github.com/repos/entando/entando-plugin-jacms/statuses/d659cc334529d907813c18e837585cc8b6bb02ff",
  "avatar_url": "https://avatars2.githubusercontent.com/u/57885396?v=4",
  "id": 11121507380,
  "node_id": "MDEzOlN0YXR1c0NvbnRleHQxMTEyMTUwNzM4MA==",
  "state": "failure",
  "description": "OWASP CVE failure!",
  "target_url": "https://entando-k8s.github.io/devops-results/entando-plugin-jacms/PR-45/dependency-check-report.html",
  "context": "OWASP CVE",
  "created_at": "2020-10-21T18:53:12Z",
  "updated_at": "2020-10-21T18:53:12Z",
  "creator": {
    "login": "entando-**",
    "id": 57885396,
    "node_id": "MDQ6VXNlcjU3ODg1Mzk2",
    "avatar_url": "https://avatars2.githubusercontent.com/u/57885396?v=4",
    "gravatar_id": "",
    "url": "https://api.github.com/users/entando-**",
    "html_url": "https://github.com/entando-**",
    "followers_url": "https://api.github.com/users/entando-**/followers",
    "following_url": "https://api.github.com/users/entando-**/following{/other_user}",
    "gists_url": "https://api.github.com/users/entando-**/gists{/gist_id}",
    "starred_url": "https://api.github.com/users/**********/starred{/owner}{/repo}",
    "subscriptions_url": "https://api.github.com/users/entando-**/subscriptions",
    "organizations_url": "https://api.github.com/users/entando-**/orgs",
    "repos_url": "https://api.github.com/users/entando-**/repos",
    "events_url": "https://api.github.com/users/**********/events{/privacy}",
    "received_events_url": "https://api.github.com/users/entando-**/received_events",
    "type": "User",
    "site_*****": *****
  }
}
  0     0    0     0    0     0      0      0 --:--:-- --:--:-- --:--:--     0 10  1817    0     0  100   198      0    235 --:--:-- --:--:-- --:--:--   235100  1817  100  1619  100   198   1925    235 --:--:-- --:--:-- --:--:--  1925
The following checks failed: for entando-plugin-jacms-PR-45 : Pre-deployment tests; OWASP Maven Dependency Check; 
[31m
Pipeline failed on stage 'from-build-pack' : container 'step-build-mvn-verify-pr'. The execution of the pipeline has stopped.[0m
