
Showing logs for build [32mentando-entando-plugin-jacms-pr-qrmmc-8[0m stage [32mfrom-build-pack[0m and container [32mstep-credential-initializer-2h7wv[0m
{"level":"warn","ts":1603831037.21784,"logger":"fallback-logger","caller":"logging/config.go:69","msg":"Fetch GitHub commit ID from kodata failed: \"ref: refs/heads/0.8.0-**-support-backwards-incompats\" is not a valid GitHub commit ID"}
{"level":"info","ts":1603831037.228534,"logger":"fallback-logger","caller":"creds-init/main.go:40","msg":"Credentials initialized."}

Showing logs for build [32mentando-entando-plugin-jacms-pr-qrmmc-8[0m stage [32mfrom-build-pack[0m and container [32mstep-working-dir-initializer-sp2kg[0m
{"level":"warn","ts":1603831042.3537903,"logger":"fallback-logger","caller":"logging/config.go:69","msg":"Fetch GitHub commit ID from kodata failed: open /var/run/ko/HEAD: no such file or directory"}
{"level":"info","ts":1603831042.3773901,"logger":"fallback-logger","caller":"bash/main.go:64","msg":"Successfully e**cuted command \"sh -c mkdir -p /workspace/source\"; output "}

Showing logs for build [32mentando-entando-plugin-jacms-pr-qrmmc-8[0m stage [32mfrom-build-pack[0m and container [32mstep-place-tools[0m

Showing logs for build [32mentando-entando-plugin-jacms-pr-qrmmc-8[0m stage [32mfrom-build-pack[0m and container [32mstep-git-source-entando-entando-plugin-jacms-pr-c6v9z[0m
{"level":"warn","ts":1603831156.0244396,"logger":"fallback-logger","caller":"logging/config.go:69","msg":"Fetch GitHub commit ID from kodata failed: \"ref: refs/heads/0.8.0-**-support-backwards-incompats\" is not a valid GitHub commit ID"}
{"level":"info","ts":1603831160.7036588,"logger":"fallback-logger","caller":"git/git.go:103","msg":"Successfully cloned https://github.com/entando/entando-plugin-jacms.git @ master in path /workspace/source"}

Showing logs for build [32mentando-entando-plugin-jacms-pr-qrmmc-8[0m stage [32mfrom-build-pack[0m and container [32mstep-git-merge[0m
Using SHAs from PULL_REFS=master:ca9bef1cdc64b25f6795764b63c8c425f92088da,45:fb79d30605637e430affe57febd86b4a7aa6565c
DEBUG: ran git fetch --unshallow origin fb79d30605637e430affe57febd86b4a7aa6565c: ca9bef1cdc64b25f6795764b63c8c425f92088da: in 
DEBUG: ran git checkout master in 
DEBUG: ran git reset --hard ca9bef1cdc64b25f6795764b63c8c425f92088da in 
DEBUG: ran clean --force -d . in 
DEBUG: ran git merge fb79d30605637e430affe57febd86b4a7aa6565c in 
Merged SHA 41937d1c9aa0fed1d1ea91fc095ee2be0fa87624 with commit message 'Merge commit 'fb79d30605637e430affe57febd86b4a7aa6565c'' into base branch master
Merged SHA fb79d30605637e430affe57febd86b4a7aa6565c with commit message 'ENG-1395: updated for RestNamedId' into base branch master
Merged SHA ac0232a6aef2ae9b818b36191f10a7e559c469a3 with commit message 'ENG-1395 cleaning up' into base branch master
Merged SHA b4308e4165d6a3244c74eaa0a9eafdfde6b851d7 with commit message 'Merge commit '76e7acfffeca6963c5a8273a6c34c744e1e0ae36' into ENG-1395-assets-contents-correlation-using-code' into base branch master
Merged SHA 8f72e2bbe30c1b70740fbdee1f7ea938ec3838ff with commit message 'ENG-1395 Added delete cms asset using alternative correlation code;' into base branch master
Merged SHA 2e061e73404187a301022002d081cd9db9a005cf with commit message 'ENG-1395 cleaning up' into base branch master
Merged SHA 2e912cd3ea456fcae0e5361ad1622fd869d730fe with commit message 'Merge branch 'master' into ENG-1395-assets-contents-correlation-using-code' into base branch master
Merged SHA c3dda6f901a0d37119bdc4a4bc80de3f2cc869e7 with commit message 'ENG-1395 fixing merge issues' into base branch master
Merged SHA d659cc334529d907813c18e837585cc8b6bb02ff with commit message 'ENG-1395 cleaning up' into base branch master
Merged SHA 16d38fd579e617f6a0b85fb387b2ec20d80f5165 with commit message 'ENG-1395 cleaning up' into base branch master
Merged SHA b510db5e5abd58c903000166f3d9b440987a290a with commit message 'ENG-1395 added support for creating assets using code and to create contents referencing assets using same code;' into base branch master

Showing logs for build [32mentando-entando-plugin-jacms-pr-qrmmc-8[0m stage [32mfrom-build-pack[0m and container [32mstep-build-set-version[0m
Picked up _JAVA_OPTIONS: -XX:+UnlockExperimentalVMOptions -Dsun.zip.disableMemoryMapping=true -XX:+UseParallelGC -XX:MinHeapFreeRatio=5 -XX:MaxHeapFreeRatio=10 -XX:GCTimeRatio=4 -XX:AdaptiveSizePolicyWeight=90 -Xms10m -Xmx8000m
[INFO] Scanning for projects...
[INFO] 
[INFO] ----------< org.entando.entando.plugins:entando-plugin-jacms >----------
[INFO] Building Entando Plugin: CMS 6.2.0-SNAPSHOT
[INFO] --------------------------------[ war ]---------------------------------
[INFO] 
[INFO] --- versions-maven-plugin:2.8.1:set (default-cli) @ entando-plugin-jacms ---
[INFO] Local aggregation ****: /workspace/source
[INFO] Processing change of org.entando.entando.plugins:entando-plugin-jacms:6.2.0-SNAPSHOT -> 0.0.0-SNAPSHOT-PR-45-8
[INFO] Processing org.entando.entando.plugins:entando-plugin-jacms
[INFO]     Updating project org.entando.entando.plugins:entando-plugin-jacms
[INFO]         from version 6.2.0-SNAPSHOT to 0.0.0-SNAPSHOT-PR-45-8
[INFO] 
[INFO] ------------------------------------------------------------------------
[INFO] BUILD SUCCESS
[INFO] ------------------------------------------------------------------------
[INFO] Total time:  13.575 s
[INFO] Finished at: 2020-10-27T20:39:42Z
[INFO] ------------------------------------------------------------------------

Showing logs for build [32mentando-entando-plugin-jacms-pr-qrmmc-8[0m stage [32mfrom-build-pack[0m and container [32mstep-build-fix-git-for-sonar[0m
Switched to a new branch 'PR-45'
M	pom.xml
Deleted branch master (was 41937d1).
From https://github.com/entando/entando-plugin-jacms
 * [new branch]      master            -> master
 * [new tag]         5.0.0.initial     -> 5.0.0.initial
 * [new tag]         pia-crs4          -> pia-crs4
 * [new tag]         v5.0.0-pre        -> v5.0.0-pre
 * [new tag]         v6.2.0-sprint1-rc -> v6.2.0-sprint1-rc
 * [new tag]         v6.2.0-sprint2-rc -> v6.2.0-sprint2-rc
 * [new tag]         v6.2.0-sprint3-rc -> v6.2.0-sprint3-rc
 * [new tag]         v6.2.0-sprint4-rc -> v6.2.0-sprint4-rc
 * [new tag]         v6.2.0-sprint5-rc -> v6.2.0-sprint5-rc

Showing logs for build [32mentando-entando-plugin-jacms-pr-qrmmc-8[0m stage [32mfrom-build-pack[0m and container [32mstep-build-mvn-verify-pr[0m
  % Total    % Received % Xferd  Average Speed   Time    Time     Time  Current
                                 Dload  Upload   Total   Spent    Left  Speed
{
  "url": "https://api.github.com/repos/entando/entando-plugin-jacms/statuses/fb79d30605637e430affe57febd86b4a7aa6565c",
  "avatar_url": "https://avatars2.githubusercontent.com/u/57885396?v=4",
  "id": 11178286958,
  "node_id": "MDEzOlN0YXR1c0NvbnRleHQxMTE3ODI4Njk1OA==",
  "state": "pending",
  "description": "Pre-deployment tests pending!",
  "target_url": "https://entando-k8s.github.io/devops-results/entando-plugin-jacms/PR-45/surefire-report.html",
  "context": "Pre-deployment tests",
  "created_at": "2020-10-27T20:39:44Z",
  "updated_at": "2020-10-27T20:39:44Z",
  "creator": {
    "login": "entando-**",
    "id": 57885396,
    "node_id": "MDQ6VXNlcjU3ODg1Mzk2",
    "avatar_url": "https://avatars2.githubusercontent.com/u/57885396?v=4",
    "gravatar_id": "",
    "url": "https://api.github.com/users/**********",
    "html_url": "https://github.com/entando-**",
    "followers_url": "https://api.github.com/users/entando-**/followers",
    "following_url": "https://api.github.com/users/entando-**/following{/other_user}",
    "gists_url": "https://api.github.com/users/entando-**/gists{/gist_id}",
    "starred_url": "https://api.github.com/users/entando-**/starred{/owner}{/repo}",
    "subscriptions_url": "https://api.github.com/users/**********/subscriptions",
    "organizations_url": "https://api.github.com/users/**********/orgs",
    "repos_url": "https://api.github.com/users/entando-**/repos",
    "events_url": "https://api.github.com/users/entando-**/events{/privacy}",
    "received_events_url": "https://api.github.com/users/entando-**/received_events",
    "type": "User",
    "site_*****": *****
  }
}
  0     0    0     0    0     0      0      0 --:--:-- --:--:-- --:--:--     0 11  1845    0     0  100   212      0    309 --:--:-- --:--:-- --:--:--   309100  1845  100  1633  100   212   2384    309 --:--:-- --:--:-- --:--:--  2383
  % Total    % Received % Xferd  Average Speed   Time    Time     Time  Current
                                 Dload  Upload   Total   Spent    Left  Speed
  0     0    0     0    0     0      0      0 --:--:-- --:--:-- --:--:--     0100  1817  100  1619  100   198   2441    298 --:--:-- --:--:-- --:--:--  2445
{
  "url": "https://api.github.com/repos/entando/entando-plugin-jacms/statuses/fb79d30605637e430affe57febd86b4a7aa6565c",
  "avatar_url": "https://avatars2.githubusercontent.com/u/57885396?v=4",
  "id": 11178287095,
  "node_id": "MDEzOlN0YXR1c0NvbnRleHQxMTE3ODI4NzA5NQ==",
  "state": "pending",
  "description": "OWASP CVE pending!",
  "target_url": "https://entando-k8s.github.io/devops-results/entando-plugin-jacms/PR-45/dependency-check-report.html",
  "context": "OWASP CVE",
  "created_at": "2020-10-27T20:39:45Z",
  "updated_at": "2020-10-27T20:39:45Z",
  "creator": {
    "login": "entando-**",
    "id": 57885396,
    "node_id": "MDQ6VXNlcjU3ODg1Mzk2",
    "avatar_url": "https://avatars2.githubusercontent.com/u/57885396?v=4",
    "gravatar_id": "",
    "url": "https://api.github.com/users/entando-**",
    "html_url": "https://github.com/entando-**",
    "followers_url": "https://api.github.com/users/entando-**/followers",
    "following_url": "https://api.github.com/users/entando-**/following{/other_user}",
    "gists_url": "https://api.github.com/users/entando-**/gists{/gist_id}",
    "starred_url": "https://api.github.com/users/entando-**/starred{/owner}{/repo}",
    "subscriptions_url": "https://api.github.com/users/entando-**/subscriptions",
    "organizations_url": "https://api.github.com/users/entando-**/orgs",
    "repos_url": "https://api.github.com/users/**********/repos",
    "events_url": "https://api.github.com/users/entando-**/events{/privacy}",
    "received_events_url": "https://api.github.com/users/entando-**/received_events",
    "type": "User",
    "site_*****": *****
  }
}
Picked up _JAVA_OPTIONS: -XX:+UnlockExperimentalVMOptions -Dsun.zip.disableMemoryMapping=true -XX:+UseParallelGC -XX:MinHeapFreeRatio=5 -XX:MaxHeapFreeRatio=10 -XX:GCTimeRatio=4 -XX:AdaptiveSizePolicyWeight=90 -Xms10m -Xmx8000m
[INFO] Scanning for projects...
[INFO] 
[INFO] ----------< org.entando.entando.plugins:entando-plugin-jacms >----------
[INFO] Building Entando Plugin: CMS 0.0.0-SNAPSHOT-PR-45-8
[INFO] --------------------------------[ war ]---------------------------------
[WARNING] The POM for com.sun.xml.bind:jaxb-impl:jar:2.2.11 is invalid, transitive dependencies (if any) will not be available, enable debug logging for more details
[INFO] 
[INFO] --- maven-checkstyle-plugin:3.1.1:check (validate) @ entando-plugin-jacms ---
[INFO] 
[INFO] --- maven-checkstyle-plugin:3.1.1:checkstyle (validate) @ entando-plugin-jacms ---
[INFO] 
[INFO] --- jacoco-maven-plugin:0.8.5:prepare-agent (prepare-agent) @ entando-plugin-jacms ---
[INFO] argLine set to -javaagent:/home/jenkins/.mvnrepository/org/jacoco/org.jacoco.agent/0.8.5/org.jacoco.agent-0.8.5-runtime.jar=destfile=/workspace/source/target/jacoco.e**c
[INFO] 
[INFO] --- maven-resources-plugin:2.5:resources (default-resources) @ entando-plugin-jacms ---
[debug] e**cute contextualize
[INFO] Using 'UTF-8' encoding to copy filtered resources.
[INFO] Copying 19 resources
[INFO] Copying 1 resource
[INFO] Copying 52 resources
[INFO] Copying 98 resources
[INFO] Copying 3 resources to META-INF
[INFO] 
[INFO] --- maven-compiler-plugin:3.8.1:compile (default-compile) @ entando-plugin-jacms ---
[INFO] Changes detected - recompiling the module!
[INFO] Compiling 327 source files to /workspace/source/target/classes
[INFO] /workspace/source/src/main/java/com/agiletec/plugins/jacms/aps/******/services/content/IContentManager.java: Some input files use or override a deprecated API.
[INFO] /workspace/source/src/main/java/com/agiletec/plugins/jacms/aps/******/services/content/IContentManager.java: Recompile with -Xlint:deprecation for details.
[INFO] -------------------------------------------------------------
[ERROR] COMPILATION ERROR : 
[INFO] -------------------------------------------------------------
[ERROR] /workspace/source/src/main/java/org/entando/entando/plugins/jacms/web/resource/ResourcesController.java:[37,45] cannot find symbol
  symbol:   class RestNamedId
  location: package org.entando.entando.plugins.jacms.web
[ERROR] /workspace/source/src/main/java/org/entando/entando/plugins/jacms/web/resource/ResourcesController.java:[186,45] cannot find symbol
  symbol:   class RestNamedId
  location: class org.entando.entando.plugins.jacms.web.resource.ResourcesController
[ERROR] /workspace/source/src/main/java/org/entando/entando/plugins/jacms/web/resource/ResourcesController.java:[220,45] cannot find symbol
  symbol:   class RestNamedId
  location: class org.entando.entando.plugins.jacms.web.resource.ResourcesController
[INFO] 3 errors 
[INFO] -------------------------------------------------------------
[INFO] 
[INFO] ------------------------------------------------------------------------
[INFO] Skipping Entando Plugin: CMS
[INFO] This project has been banned from the build due to previous failures.
[INFO] ------------------------------------------------------------------------
[INFO] ------------------------------------------------------------------------
[INFO] BUILD FAILURE
[INFO] ------------------------------------------------------------------------
[INFO] Total time:  40.944 s
[INFO] Finished at: 2020-10-27T20:40:28Z
[INFO] ------------------------------------------------------------------------
[ERROR] Failed to e**cute goal org.apache.maven.plugins:maven-compiler-plugin:3.8.1:compile (default-compile) on project entando-plugin-jacms: Compilation failure: Compilation failure: 
[ERROR] /workspace/source/src/main/java/org/entando/entando/plugins/jacms/web/resource/ResourcesController.java:[37,45] cannot find symbol
[ERROR]   symbol:   class RestNamedId
[ERROR]   location: package org.entando.entando.plugins.jacms.web
[ERROR] /workspace/source/src/main/java/org/entando/entando/plugins/jacms/web/resource/ResourcesController.java:[186,45] cannot find symbol
[ERROR]   symbol:   class RestNamedId
[ERROR]   location: class org.entando.entando.plugins.jacms.web.resource.ResourcesController
[ERROR] /workspace/source/src/main/java/org/entando/entando/plugins/jacms/web/resource/ResourcesController.java:[220,45] cannot find symbol
[ERROR]   symbol:   class RestNamedId
[ERROR]   location: class org.entando.entando.plugins.jacms.web.resource.ResourcesController
[ERROR] -> [Help 1]
[ERROR] 
[ERROR] To see the full stack trace of the errors, re-run Maven with the -e switch.
[ERROR] Re-run Maven using the -X switch to enable full debug logging.
[ERROR] 
[ERROR] For more information about the errors and possible solutions, please read the following articles:
[ERROR] [Help 1] http://cwiki.apache.org/confluence/display/MAVEN/MojoFailureException
shallow cloning https://github.com/entando-k8s/devops-results.git branch gh-pages
ran git init in /tmp/jenkins-x-collect325050646
ran git add remote origin https://github.com/entando-k8s/devops-results.git in /tmp/jenkins-x-collect325050646
ran git fetch origin --depth=1 gh-pages in dir /tmp/jenkins-x-collect325050646
No pre-deployment test results found for entando-plugin-jacms-PR-45.
  % Total    % Received % Xferd  Average Speed   Time    Time     Time  Current
                                 Dload  Upload   Total   Spent    Left  Speed
{
  "url": "https://api.github.com/repos/entando/entando-plugin-jacms/statuses/fb79d30605637e430affe57febd86b4a7aa6565c",
  0     0    0     0    0     0      0      0 --:--:-- --:--:-- --:--:--     0 11  1845    0     0  100   212      0    317 --:--:-- --:--:-- --:--:--   317100  1845  100  1633  100   212   2444    317 --:--:-- --:--:-- --:--:--  2444
  "avatar_url": "https://avatars2.githubusercontent.com/u/57885396?v=4",
  "id": 11178299889,
  "node_id": "MDEzOlN0YXR1c0NvbnRleHQxMTE3ODI5OTg4OQ==",
  "state": "failure",
  "description": "Pre-deployment tests failure!",
  "target_url": "https://entando-k8s.github.io/devops-results/entando-plugin-jacms/PR-45/surefire-report.html",
  "context": "Pre-deployment tests",
  "created_at": "2020-10-27T20:40:49Z",
  "updated_at": "2020-10-27T20:40:49Z",
  "creator": {
    "login": "entando-**",
    "id": 57885396,
    "node_id": "MDQ6VXNlcjU3ODg1Mzk2",
    "avatar_url": "https://avatars2.githubusercontent.com/u/57885396?v=4",
    "gravatar_id": "",
    "url": "https://api.github.com/users/entando-**",
    "html_url": "https://github.com/**********",
    "followers_url": "https://api.github.com/users/entando-**/followers",
    "following_url": "https://api.github.com/users/**********/following{/other_user}",
    "gists_url": "https://api.github.com/users/entando-**/gists{/gist_id}",
    "starred_url": "https://api.github.com/users/entando-**/starred{/owner}{/repo}",
    "subscriptions_url": "https://api.github.com/users/entando-**/subscriptions",
    "organizations_url": "https://api.github.com/users/entando-**/orgs",
    "repos_url": "https://api.github.com/users/entando-**/repos",
    "events_url": "https://api.github.com/users/entando-**/events{/privacy}",
    "received_events_url": "https://api.github.com/users/**********/received_events",
    "type": "User",
    "site_*****": *****
  }
}
OWASP has found dependencies with vulnerabilities for entando-plugin-jacms-PR-45.
  % Total    % Received % Xferd  Average Speed   Time    Time     Time  Current
                                 Dload  Upload   Total   Spent    Left  Speed
{
  "url": "https://api.github.com/repos/entando/entando-plugin-jacms/statuses/fb79d30605637e430affe57febd86b4a7aa6565c",
  "avatar_url": "https://avatars2.githubusercontent.com/u/57885396?v=4",
  "id": 11178300010,
  "node_id": "MDEzOlN0YXR1c0NvbnRleHQxMTE3ODMwMDAxMA==",
  "state": "failure",
  "description": "OWASP CVE failure!",
  "target_url": "https://entando-k8s.github.io/devops-results/entando-plugin-jacms/PR-45/dependency-check-report.html",
  "context": "OWASP CVE",
  "created_at": "2020-10-27T20:40:50Z",
  "updated_at": "2020-10-27T20:40:50Z",
  "creator": {
    "login": "entando-**",
    "id": 57885396,
    "node_id": "MDQ6VXNlcjU3ODg1Mzk2",
    "avatar_url": "https://avatars2.githubusercontent.com/u/57885396?v=4",
    "gravatar_id": "",
    "url": "https://api.github.com/users/**********",
    "html_url": "https://github.com/entando-**",
    "followers_url": "https://api.github.com/users/entando-**/followers",
    "following_url": "https://api.github.com/users/**********/following{/other_user}",
    "gists_url": "https://api.github.com/users/**********/gists{/gist_id}",
    "starred_url": "https://api.github.com/users/entando-**/starred{/owner}{/repo}",
    "subscriptions_url": "https://api.github.com/users/entando-**/subscriptions",
    "organizations_url": "https://api.github.com/users/entando-**/orgs",
    "repos_url": "https://api.github.com/users/entando-**/repos",
    "events_url": "https://api.github.com/users/entando-**/events{/privacy}",
    "received_events_url": "https://api.github.com/users/**********/received_events",
    "type": "User",
    "site_*****": *****
  }
}
  0     0    0     0    0     0      0      0 --:--:-- --:--:-- --:--:--     0100  1817  100  1619  100   198   2756    337 --:--:-- --:--:-- --:--:--  2758
The following checks failed: for entando-plugin-jacms-PR-45 : Pre-deployment tests; OWASP Maven Dependency Check; 
[31m
Pipeline failed on stage 'from-build-pack' : container 'step-build-mvn-verify-pr'. The execution of the pipeline has stopped.[0m
