
Showing logs for build [32mentando-k8s-entando-component-m-d9zj8-17[0m stage [32mfrom-build-pack[0m and container [32mstep-credential-initializer-l6tlv[0m
{"level":"warn","ts":1605137369.901105,"logger":"fallback-logger","caller":"logging/config.go:69","msg":"Fetch GitHub commit ID from kodata failed: \"ref: refs/heads/0.8.0-**-support-backwards-incompats\" is not a valid GitHub commit ID"}
{"level":"info","ts":1605137369.908348,"logger":"fallback-logger","caller":"creds-init/main.go:40","msg":"Credentials initialized."}

Showing logs for build [32mentando-k8s-entando-component-m-d9zj8-17[0m stage [32mfrom-build-pack[0m and container [32mstep-working-dir-initializer-kpjh2[0m
{"level":"warn","ts":1605137372.273146,"logger":"fallback-logger","caller":"logging/config.go:69","msg":"Fetch GitHub commit ID from kodata failed: open /var/run/ko/HEAD: no such file or directory"}
{"level":"info","ts":1605137372.2842777,"logger":"fallback-logger","caller":"bash/main.go:64","msg":"Successfully e**cuted command \"sh -c mkdir -p /workspace/source\"; output "}

Showing logs for build [32mentando-k8s-entando-component-m-d9zj8-17[0m stage [32mfrom-build-pack[0m and container [32mstep-place-tools[0m

Showing logs for build [32mentando-k8s-entando-component-m-d9zj8-17[0m stage [32mfrom-build-pack[0m and container [32mstep-git-source-entando-k8s-entando-component-m-qnwrp[0m
{"level":"warn","ts":1605137468.0911903,"logger":"fallback-logger","caller":"logging/config.go:69","msg":"Fetch GitHub commit ID from kodata failed: \"ref: refs/heads/0.8.0-**-support-backwards-incompats\" is not a valid GitHub commit ID"}
{"level":"info","ts":1605137471.2832613,"logger":"fallback-logger","caller":"git/git.go:103","msg":"Successfully cloned https://github.com/entando-k8s/entando-component-manager.git @ master in path /workspace/source"}

Showing logs for build [32mentando-k8s-entando-component-m-d9zj8-17[0m stage [32mfrom-build-pack[0m and container [32mstep-git-merge[0m
Using SHAs from PULL_REFS=master:f7c5631df92fc2b291d451e080cd94145fe45154,78:2821c38906ad01e9986d32a87e2eef4ea043bc17
DEBUG: ran git fetch --unshallow origin 2821c38906ad01e9986d32a87e2eef4ea043bc17: f7c5631df92fc2b291d451e080cd94145fe45154: in 
DEBUG: ran git checkout master in 
DEBUG: ran git reset --hard f7c5631df92fc2b291d451e080cd94145fe45154 in 
DEBUG: ran clean --force -d . in 
DEBUG: ran git merge 2821c38906ad01e9986d32a87e2eef4ea043bc17 in 
Merged SHA 2821c38906ad01e9986d32a87e2eef4ea043bc17 with commit message 'ENG-1319 add support for plugin updates ****DRAFT****' into base branch master
Merged SHA 3093b1f491bc39c6bc0b981f3dea3fb2c6e4f15a with commit message 'ENG-1319 plugin conflict management' into base branch master
Merged SHA ac8d5138021929854b8fcf3b8615dd13b650bc33 with commit message 'ENG-1319 fi**d issues with update on an installed bundle' into base branch master
Merged SHA 110a952a9dadb3a4199634f13bbbcf72e37d85dd with commit message 'ENG-1319 Page and Content types dependency management' into base branch master
Merged SHA c272fc09dec50bddbac2e9de490bc77db9e0a8dc with commit message 'ENG-1319 Fixing NPE when lastJob is not the one that was successful' into base branch master
Merged SHA fd1770196014fb5b7087bffc214e16f1513dbd02 with commit message 'ENG-1319 Fi**d issue with installation/update of assets' into base branch master
Merged SHA 57889a2d002dd61a0e6245d4544a5a6698f521fa with commit message 'ENG-1319 - ContentTypeInstallable calls the parent constructor passing the conflict action - Installable constructor without action DEPRECATED' into base branch master
Merged SHA 71293053ab47c383c3713010b782860d55d88bc2 with commit message 'ENG-1319 page creation divided in 2 phases: create with stub and at the end populate them' into base branch master
Merged SHA 4075e6969821939841782bea569b904c36e3b0f7 with commit message 'ENG-1319 added implementation for uninstall, to regenerate the least of inconsistencies when uninstalling/rollbacking an updated bundle;' into base branch master
Merged SHA 315a5abdf5dbeb3cc7dc627d2a48d88d309b3a7e with commit message 'ENG-1319 content attribute type mapping fix' into base branch master
Merged SHA 84be229cd2bce79f9aea99fc85d55c1dd00fe47c with commit message 'Merge branch 'ENG-1318_validate-bundle-before-installing-new' into ENG-1319-support-for-conflict-management' into base branch master
Merged SHA 4e318b87ae785bad2c2b6ee30b87be57e8f2378a with commit message 'ENG-1318 meaningful error for component descriptor parsing' into base branch master
Merged SHA b3a1e99b0bf004200a52c7d2902ae7b374ddc493 with commit message 'ENG-1318 - parallel analysis report requests - test improvements' into base branch master
Merged SHA 0bd990f1dcd380be142c4c77edd78aa09d37a4f4 with commit message 'ENG-1319 applying checkstyle' into base branch master
Merged SHA efb55de168b9429bddb6e85e70e0693a96402dd3 with commit message 'ENG-1319 finished implementation of Install endpoint with conflict management' into base branch master
Merged SHA f9515ad48244bb48412bf8db1f798c9f6f626c78 with commit message 'Merge commit '71deef14800f52315789f45cb195ec241e85202b' into ENG-1319-support-for-conflict-management' into base branch master
Merged SHA 71deef14800f52315789f45cb195ec241e85202b with commit message 'ENG-1318 directories redirected to resources' into base branch master
Merged SHA 7a1b327d67ad421788eee812728dafb02cb3035c with commit message 'Merge commit 'ac0a83a67ec8ddce17016089c8d6701c723c19f8' into ENG-1319-support-for-conflict-management' into base branch master
Merged SHA ac0a83a67ec8ddce17016089c8d6701c723c19f8 with commit message 'ENG-1318 tests refinement' into base branch master
Merged SHA fab87018e06685ccc88f2d3d80d5f74ff0bc44b3 with commit message 'Merge commit '6848516675cbeb5732feb8db9bbb6ae5fb8e775c' into ENG-1319-support-for-conflict-management' into base branch master
Merged SHA 6848516675cbeb5732feb8db9bbb6ae5fb8e775c with commit message 'ENG-1318 tests refinement' into base branch master
Merged SHA 8ebe7b95be8026894da22e0d32e09ef24062f127 with commit message 'Merge commit '131a63ec62f46e99964f2098594dda96cb382161' into ENG-1319-support-for-conflict-management' into base branch master
Merged SHA 131a63ec62f46e99964f2098594dda96cb382161 with commit message 'ENG-1318 bundle validation endpoint' into base branch master
Merged SHA dc4ddec5d31f19a85a6737f03cce802786cd3af5 with commit message 'Merge commit '7e7aa6b1f7178ed5a78b12abc28fea0beeb5e802' into ENG-1319-support-for-conflict-management' into base branch master
Merged SHA 7e7aa6b1f7178ed5a78b12abc28fea0beeb5e802 with commit message 'ENG-1318 test init' into base branch master
Merged SHA 1e49745392f8e64a3284997b3642dcb79bc6e471 with commit message 'ENG-1318 should work - waiting for entando-engine to confirm it' into base branch master
Merged SHA 2f96c082502b6983cd14df44ea1e22590a117fb7 with commit message 'ENG-1327 first version of conflict management strategy' into base branch master

Showing logs for build [32mentando-k8s-entando-component-m-d9zj8-17[0m stage [32mfrom-build-pack[0m and container [32mstep-build-set-version[0m
Picked up _JAVA_OPTIONS: -XX:+UnlockExperimentalVMOptions -Dsun.zip.disableMemoryMapping=true -XX:+UseParallelGC -XX:MinHeapFreeRatio=5 -XX:MaxHeapFreeRatio=10 -XX:GCTimeRatio=4 -XX:AdaptiveSizePolicyWeight=90 -Xms1000m -Xmx12000m
[INFO] Scanning for projects...
[INFO] 
[INFO] ---------------< org.entando:entando-component-manager >----------------
[INFO] Building Entando Component Manager 6.2.0-SNAPSHOT
[INFO] --------------------------------[ jar ]---------------------------------
[INFO] 
[INFO] --- versions-maven-plugin:2.8.1:set (default-cli) @ entando-component-manager ---
[INFO] Local aggregation ****: /workspace/source
[INFO] Processing change of org.entando:entando-component-manager:6.2.0-SNAPSHOT -> 0.0.0-SNAPSHOT-PR-78-17
[INFO] Processing org.entando:entando-component-manager
[INFO]     Updating project org.entando:entando-component-manager
[INFO]         from version 6.2.0-SNAPSHOT to 0.0.0-SNAPSHOT-PR-78-17
[INFO] 
[INFO] ------------------------------------------------------------------------
[INFO] BUILD SUCCESS
[INFO] ------------------------------------------------------------------------
[INFO] Total time:  9.248 s
[INFO] Finished at: 2020-11-11T23:31:26Z
[INFO] ------------------------------------------------------------------------

Showing logs for build [32mentando-k8s-entando-component-m-d9zj8-17[0m stage [32mfrom-build-pack[0m and container [32mstep-build-fix-git-for-sonar[0m
Switched to a new branch 'PR-78'
M	pom.xml
Deleted branch master (was 2821c38).
From https://github.com/entando-k8s/entando-component-manager
 * [new branch]      master     -> master
 * [new tag]         list       -> list
 * [new tag]         v6.0.32    -> v6.0.32
 * [new tag]         v6.0.32.1  -> v6.0.32.1

Showing logs for build [32mentando-k8s-entando-component-m-d9zj8-17[0m stage [32mfrom-build-pack[0m and container [32mstep-build-mvn-verify-pr[0m
  % Total    % Received % Xferd  Average Speed   Time    Time     Time  Current
                                 Dload  Upload   Total   Spent    Left  Speed
  0     0    0     0    0     0      0      0 --:--:-- --:--:-- --:--:--     0100  1864  100  1647  100   217   2537    334 --:--:-- --:--:-- --:--:--  2557
{
  "url": "https://api.github.com/repos/entando-k8s/entando-component-manager/statuses/2821c38906ad01e9986d32a87e2eef4ea043bc17",
  "avatar_url": "https://avatars2.githubusercontent.com/u/57885396?v=4",
  "id": 11327100523,
  "node_id": "MDEzOlN0YXR1c0NvbnRleHQxMTMyNzEwMDUyMw==",
  "state": "pending",
  "description": "Pre-deployment tests pending!",
  "target_url": "https://entando-k8s.github.io/devops-results/entando-component-manager/PR-78/surefire-report.html",
  "context": "Pre-deployment tests",
  "created_at": "2020-11-11T23:31:29Z",
  "updated_at": "2020-11-11T23:31:29Z",
  "creator": {
    "login": "entando-**",
    "id": 57885396,
    "node_id": "MDQ6VXNlcjU3ODg1Mzk2",
    "avatar_url": "https://avatars2.githubusercontent.com/u/57885396?v=4",
    "gravatar_id": "",
    "url": "https://api.github.com/users/entando-**",
    "html_url": "https://github.com/entando-**",
    "followers_url": "https://api.github.com/users/entando-**/followers",
    "following_url": "https://api.github.com/users/entando-**/following{/other_user}",
    "gists_url": "https://api.github.com/users/entando-**/gists{/gist_id}",
    "starred_url": "https://api.github.com/users/entando-**/starred{/owner}{/repo}",
    "subscriptions_url": "https://api.github.com/users/entando-**/subscriptions",
    "organizations_url": "https://api.github.com/users/entando-**/orgs",
    "repos_url": "https://api.github.com/users/entando-**/repos",
    "events_url": "https://api.github.com/users/entando-**/events{/privacy}",
    "received_events_url": "https://api.github.com/users/entando-**/received_events",
    "type": "User",
    "site_*****": *****
  }
}
  % Total    % Received % Xferd  Average Speed   Time    Time     Time  Current
                                 Dload  Upload   Total   Spent    Left  Speed
  0     0    0     0    0     0      0      0 --:--:-- --:--:-- --:--:--     0  0     0    0     0    0     0      0      0 --:--:-- --:--:-- --:--:--     0100  1814  100  1622  100   192   2617    309 --:--:-- --:--:-- --:--:--  2616
{
  "url": "https://api.github.com/repos/entando-k8s/entando-component-manager/statuses/2821c38906ad01e9986d32a87e2eef4ea043bc17",
  "avatar_url": "https://avatars2.githubusercontent.com/u/57885396?v=4",
  "id": 11327100598,
  "node_id": "MDEzOlN0YXR1c0NvbnRleHQxMTMyNzEwMDU5OA==",
  "state": "pending",
  "description": "Checkstyle pending!",
  "target_url": "https://entando-k8s.github.io/devops-results/entando-component-manager/PR-78/checkstyle.html",
  "context": "Checkstyle",
  "created_at": "2020-11-11T23:31:29Z",
  "updated_at": "2020-11-11T23:31:29Z",
  "creator": {
    "login": "entando-**",
    "id": 57885396,
    "node_id": "MDQ6VXNlcjU3ODg1Mzk2",
    "avatar_url": "https://avatars2.githubusercontent.com/u/57885396?v=4",
    "gravatar_id": "",
    "url": "https://api.github.com/users/entando-**",
    "html_url": "https://github.com/entando-**",
    "followers_url": "https://api.github.com/users/entando-**/followers",
    "following_url": "https://api.github.com/users/entando-**/following{/other_user}",
    "gists_url": "https://api.github.com/users/entando-**/gists{/gist_id}",
    "starred_url": "https://api.github.com/users/entando-**/starred{/owner}{/repo}",
    "subscriptions_url": "https://api.github.com/users/entando-**/subscriptions",
    "organizations_url": "https://api.github.com/users/entando-**/orgs",
    "repos_url": "https://api.github.com/users/entando-**/repos",
    "events_url": "https://api.github.com/users/entando-**/events{/privacy}",
    "received_events_url": "https://api.github.com/users/entando-**/received_events",
    "type": "User",
    "site_*****": *****
  }
}
  % Total    % Received % Xferd  Average Speed   Time    Time     Time  Current
                                 Dload  Upload   Total   Spent    Left  Speed
{
  "url": "https://api.github.com/repos/entando-k8s/entando-component-manager/statuses/2821c38906ad01e9986d32a87e2eef4ea043bc17",
  "avatar_url": "https://avatars2.githubusercontent.com/u/57885396?v=4",
  "id": 11327100709,
  "node_id": "MDEzOlN0YXR1c0NvbnRleHQxMTMyNzEwMDcwOQ==",
  "state": "pending",
  "description": "OWASP CVE pending!",
  "target_url": "https://entando-k8s.github.io/devops-results/entando-component-manager/PR-78/dependency-check-report.html",
  "context": "OWASP CVE",
  "created_at": "2020-11-11T23:31:30Z",
  "updated_at": "2020-11-11T23:31:30Z",
  "creator": {
    "login": "entando-**",
    "id": 57885396,
    "node_id": "MDQ6VXNlcjU3ODg1Mzk2",
    "avatar_url": "https://avatars2.githubusercontent.com/u/57885396?v=4",
    "gravatar_id": "",
    "url": "https://api.github.com/users/entando-**",
    "html_url": "https://github.com/entando-**",
    "followers_url": "https://api.github.com/users/entando-**/followers",
    "following_url": "https://api.github.com/users/entando-**/following{/other_user}",
    "gists_url": "https://api.github.com/users/entando-**/gists{/gist_id}",
    "starred_url": "https://api.github.com/users/entando-**/starred{/owner}{/repo}",
    "subscriptions_url": "https://api.github.com/users/entando-**/subscriptions",
    "organizations_url": "https://api.github.com/users/entando-**/orgs",
    "repos_url": "https://api.github.com/users/entando-**/repos",
    "events_url": "https://api.github.com/users/entando-**/events{/privacy}",
    "received_events_url": "https://api.github.com/users/entando-**/received_events",
    "type": "User",
    "site_*****": *****
  }
}
  0     0    0     0    0     0      0      0 --:--:-- --:--:-- --:--:--     0 11  1836    0     0  100   203      0    316 --:--:-- --:--:-- --:--:--   316100  1836  100  1633  100   203   2544    316 --:--:-- --:--:-- --:--:--  2543
Picked up _JAVA_OPTIONS: -XX:+UnlockExperimentalVMOptions -Dsun.zip.disableMemoryMapping=true -XX:+UseParallelGC -XX:MinHeapFreeRatio=5 -XX:MaxHeapFreeRatio=10 -XX:GCTimeRatio=4 -XX:AdaptiveSizePolicyWeight=90 -Xms1000m -Xmx12000m
[INFO] Scanning for projects...
[INFO] 
[INFO] ---------------< org.entando:entando-component-manager >----------------
[INFO] Building Entando Component Manager 0.0.0-SNAPSHOT-PR-78-17
[INFO] --------------------------------[ jar ]---------------------------------
[INFO] 
[INFO] --- maven-checkstyle-plugin:3.1.1:check (validate) @ entando-component-manager ---
[INFO] Starting audit...
[WARN] /workspace/source/src/main/java/org/entando/kubernetes/client/k8ssvc/DefaultK8SServiceClient.java:144: Javadoc comment at column 8 has parse error. Missed HTML close tag 'pre'. Sometimes it means that close tag missed for one of previous tags. [AtclauseOrder]
[WARN] /workspace/source/src/main/java/org/entando/kubernetes/client/request/AnalysisReportClientRequestFactory.java:77: Comment has incorrect indentation level 0, expected is 4, indentation should be the same level as line 80. [CommentsIndentation]
[WARN] /workspace/source/src/test/java/org/entando/kubernetes/client/request/AnalysisReportClientRequestFactoryTest.java:163: Comment has incorrect indentation level 0, expected is 4, indentation should be the same level as line 119. [CommentsIndentation]
[WARN] /workspace/source/src/test/java/org/entando/kubernetes/utils/EntandoCoreMockServer.java:201: First sentence of Javadoc is missing an ending period. [SummaryJavadoc]
Audit done.
[WARNING] src/main/java/org/entando/kubernetes/client/k8ssvc/DefaultK8SServiceClient.java:[144] (javadoc) AtclauseOrder: Javadoc comment at column 8 has parse error. Missed HTML close tag 'pre'. Sometimes it means that close tag missed for one of previous tags.
[WARNING] src/main/java/org/entando/kubernetes/client/request/AnalysisReportClientRequestFactory.java:[77] (indentation) CommentsIndentation: Comment has incorrect indentation level 0, expected is 4, indentation should be the same level as line 80.
[WARNING] src/test/java/org/entando/kubernetes/client/request/AnalysisReportClientRequestFactoryTest.java:[163] (indentation) CommentsIndentation: Comment has incorrect indentation level 0, expected is 4, indentation should be the same level as line 119.
[WARNING] src/test/java/org/entando/kubernetes/utils/EntandoCoreMockServer.java:[201] (javadoc) SummaryJavadoc: First sentence of Javadoc is missing an ending period.
[WARNING] checkstyle:check violations detected but failOnViolation set to *****
[INFO] You have 4 Checkstyle violations.
[INFO] 
[INFO] --- maven-checkstyle-plugin:3.1.1:checkstyle (validate) @ entando-component-manager ---
[INFO] Starting audit...
[WARN] /workspace/source/src/main/java/org/entando/kubernetes/client/k8ssvc/DefaultK8SServiceClient.java:144: Javadoc comment at column 8 has parse error. Missed HTML close tag 'pre'. Sometimes it means that close tag missed for one of previous tags. [SummaryJavadoc]
[WARN] /workspace/source/src/main/java/org/entando/kubernetes/client/request/AnalysisReportClientRequestFactory.java:77: Comment has incorrect indentation level 0, expected is 4, indentation should be the same level as line 80. [CommentsIndentation]
[WARN] /workspace/source/src/test/java/org/entando/kubernetes/client/request/AnalysisReportClientRequestFactoryTest.java:163: Comment has incorrect indentation level 0, expected is 4, indentation should be the same level as line 119. [CommentsIndentation]
[WARN] /workspace/source/src/test/java/org/entando/kubernetes/utils/EntandoCoreMockServer.java:201: First sentence of Javadoc is missing an ending period. [SummaryJavadoc]
Audit done.
[INFO] 
[INFO] --- jacoco-maven-plugin:0.8.5:prepare-agent (prepare-agent) @ entando-component-manager ---
[INFO] argLine set to -javaagent:/home/jenkins/.mvnrepository/org/jacoco/org.jacoco.agent/0.8.5/org.jacoco.agent-0.8.5-runtime.jar=destfile=/workspace/source/target/jacoco.e**c
[INFO] 
[INFO] --- maven-resources-plugin:2.6:resources (default-resources) @ entando-component-manager ---
[INFO] Using 'UTF-8' encoding to copy filtered resources.
[INFO] Copying 8 resources
[INFO] 
[INFO] --- maven-compiler-plugin:3.8.1:compile (default-compile) @ entando-component-manager ---
[INFO] Changes detected - recompiling the module!
[INFO] Compiling 220 source files to /workspace/source/target/classes
compiler message file broken: key=compiler.misc.msg.bug arguments=11.0.6, {1}, {2}, {3}, {4}, {5}, {6}, {7}
java.lang.AssertionError: Incorrect number of arguments; expected 2, found 0
	at jdk.compiler/com.sun.tools.javac.util.Assert.error(Assert.java:162)
	at jdk.compiler/com.sun.tools.javac.comp.TransTypes.visitApply(TransTypes.java:636)
	at jdk.compiler/com.sun.tools.javac.tree.JCTree$JCMethodInvocation.accept(JCTree.java:1634)
	at jdk.compiler/com.sun.tools.javac.tree.TreeTranslator.translate(TreeTranslator.java:58)
	at jdk.compiler/com.sun.tools.javac.comp.TransTypes.translate(TransTypes.java:454)
	at jdk.compiler/com.sun.tools.javac.comp.TransTypes.visitVarDef(TransTypes.java:499)
	at jdk.compiler/com.sun.tools.javac.tree.JCTree$JCVariableDecl.accept(JCTree.java:956)
	at jdk.compiler/com.sun.tools.javac.tree.TreeTranslator.translate(TreeTranslator.java:58)
	at jdk.compiler/com.sun.tools.javac.tree.TreeTranslator.translate(TreeTranslator.java:70)
	at jdk.compiler/com.sun.tools.javac.tree.TreeTranslator.visitBlock(TreeTranslator.java:167)
	at jdk.compiler/com.sun.tools.javac.tree.JCTree$JCBlock.accept(JCTree.java:1020)
	at jdk.compiler/com.sun.tools.javac.tree.TreeTranslator.translate(TreeTranslator.java:58)
	at jdk.compiler/com.sun.tools.javac.comp.TransTypes.translate(TransTypes.java:454)
	at jdk.compiler/com.sun.tools.javac.comp.TransTypes.visitLambda(TransTypes.java:540)
	at jdk.compiler/com.sun.tools.javac.tree.JCTree$JCLambda.accept(JCTree.java:1811)
	at jdk.compiler/com.sun.tools.javac.tree.TreeTranslator.translate(TreeTranslator.java:58)
	at jdk.compiler/com.sun.tools.javac.comp.TransTypes.translate(TransTypes.java:454)
	at jdk.compiler/com.sun.tools.javac.comp.TransTypes.translateArgs(TransTypes.java:200)
	at jdk.compiler/com.sun.tools.javac.comp.TransTypes.visitApply(TransTypes.java:639)
	at jdk.compiler/com.sun.tools.javac.tree.JCTree$JCMethodInvocation.accept(JCTree.java:1634)
	at jdk.compiler/com.sun.tools.javac.tree.TreeTranslator.translate(TreeTranslator.java:58)
	at jdk.compiler/com.sun.tools.javac.comp.TransTypes.translate(TransTypes.java:454)
	at jdk.compiler/com.sun.tools.javac.comp.TransTypes.visitReturn(TransTypes.java:605)
	at jdk.compiler/com.sun.tools.javac.tree.JCTree$JCReturn.accept(JCTree.java:1546)
	at jdk.compiler/com.sun.tools.javac.tree.TreeTranslator.translate(TreeTranslator.java:58)
	at jdk.compiler/com.sun.tools.javac.tree.TreeTranslator.translate(TreeTranslator.java:70)
	at jdk.compiler/com.sun.tools.javac.tree.TreeTranslator.visitBlock(TreeTranslator.java:167)
	at jdk.compiler/com.sun.tools.javac.tree.JCTree$JCBlock.accept(JCTree.java:1020)
	at jdk.compiler/com.sun.tools.javac.tree.TreeTranslator.translate(TreeTranslator.java:58)
	at jdk.compiler/com.sun.tools.javac.comp.TransTypes.translate(TransTypes.java:454)
	at jdk.compiler/com.sun.tools.javac.comp.TransTypes.visitMethodDef(TransTypes.java:489)
	at jdk.compiler/com.sun.tools.javac.tree.JCTree$JCMethodDecl.accept(JCTree.java:866)
	at jdk.compiler/com.sun.tools.javac.tree.TreeTranslator.translate(TreeTranslator.java:58)
	at jdk.compiler/com.sun.tools.javac.tree.TreeTranslator.translate(TreeTranslator.java:70)
	at jdk.compiler/com.sun.tools.javac.tree.TreeTranslator.visitClassDef(TreeTranslator.java:139)
	at jdk.compiler/com.sun.tools.javac.comp.TransTypes.translateClass(TransTypes.java:918)
	at jdk.compiler/com.sun.tools.javac.comp.TransTypes.visitClassDef(TransTypes.java:475)
	at jdk.compiler/com.sun.tools.javac.tree.JCTree$JCClassDecl.accept(JCTree.java:774)
	at jdk.compiler/com.sun.tools.javac.tree.TreeTranslator.translate(TreeTranslator.java:58)
	at jdk.compiler/com.sun.tools.javac.comp.TransTypes.translate(TransTypes.java:454)
	at jdk.compiler/com.sun.tools.javac.comp.TransTypes.translateTopLevelClass(TransTypes.java:942)
	at jdk.compiler/com.sun.tools.javac.main.JavaCompiler.desugar(JavaCompiler.java:1553)
	at jdk.compiler/com.sun.tools.javac.main.JavaCompiler.desugar(JavaCompiler.java:1432)
	at jdk.compiler/com.sun.tools.javac.main.JavaCompiler.compile(JavaCompiler.java:973)
	at jdk.compiler/com.sun.tools.javac.api.JavacTaskImpl.lambda$doCall$0(JavacTaskImpl.java:104)
	at jdk.compiler/com.sun.tools.javac.api.JavacTaskImpl.handleExceptions(JavacTaskImpl.java:147)
	at jdk.compiler/com.sun.tools.javac.api.JavacTaskImpl.doCall(JavacTaskImpl.java:100)
	at jdk.compiler/com.sun.tools.javac.api.JavacTaskImpl.call(JavacTaskImpl.java:94)
	at org.codehaus.plexus.compiler.javac.JavaxToolsCompiler.compileInProcess(JavaxToolsCompiler.java:126)
	at org.codehaus.plexus.compiler.javac.JavacCompiler.performCompile(JavacCompiler.java:174)
	at org.apache.maven.plugin.compiler.AbstractCompilerMojo.e**cute(AbstractCompilerMojo.java:1134)
	at org.apache.maven.plugin.compiler.CompilerMojo.e**cute(CompilerMojo.java:187)
	at org.apache.maven.plugin.DefaultBuildPluginManager.e**cuteMojo(DefaultBuildPluginManager.java:137)
	at org.apache.maven.lifecycle.internal.MojoE**cutor.e**cute(MojoE**cutor.java:210)
	at org.apache.maven.lifecycle.internal.MojoE**cutor.e**cute(MojoE**cutor.java:156)
	at org.apache.maven.lifecycle.internal.MojoE**cutor.e**cute(MojoE**cutor.java:148)
	at org.apache.maven.lifecycle.internal.LifecycleModuleBuilder.buildProject(LifecycleModuleBuilder.java:117)
	at org.apache.maven.lifecycle.internal.LifecycleModuleBuilder.buildProject(LifecycleModuleBuilder.java:81)
	at org.apache.maven.lifecycle.internal.builder.singlethreaded.SingleThreadedBuilder.build(SingleThreadedBuilder.java:56)
	at org.apache.maven.lifecycle.internal.LifecycleStarter.e**cute(LifecycleStarter.java:128)
	at org.apache.maven.DefaultMaven.doE**cute(DefaultMaven.java:305)
	at org.apache.maven.DefaultMaven.doE**cute(DefaultMaven.java:192)
	at org.apache.maven.DefaultMaven.e**cute(DefaultMaven.java:105)
	at org.apache.maven.cli.MavenCli.e**cute(MavenCli.java:957)
	at org.apache.maven.cli.MavenCli.doMain(MavenCli.java:289)
	at org.apache.maven.cli.MavenCli.main(MavenCli.java:193)
	at java.base/jdk.internal.reflect.NativeMethodAccessorImpl.invoke0(Native Method)
	at java.base/jdk.internal.reflect.NativeMethodAccessorImpl.invoke(NativeMethodAccessorImpl.java:62)
	at java.base/jdk.internal.reflect.DelegatingMethodAccessorImpl.invoke(DelegatingMethodAccessorImpl.java:43)
	at java.base/java.lang.reflect.Method.invoke(Method.java:566)
	at org.codehaus.plexus.classworlds.launcher.Launcher.launchEnhanced(Launcher.java:282)
	at org.codehaus.plexus.classworlds.launcher.Launcher.launch(Launcher.java:225)
	at org.codehaus.plexus.classworlds.launcher.Launcher.mainWithExitCode(Launcher.java:406)
	at org.codehaus.plexus.classworlds.launcher.Launcher.main(Launcher.java:347)
[INFO] /workspace/source/src/main/java/org/entando/kubernetes/client/core/DefaultEntandoCoreClient.java: Some input files use or override a deprecated API.
[INFO] /workspace/source/src/main/java/org/entando/kubernetes/client/core/DefaultEntandoCoreClient.java: Recompile with -Xlint:deprecation for details.
[INFO] -------------------------------------------------------------
[WARNING] COMPILATION WARNING : 
[INFO] -------------------------------------------------------------
[WARNING] /workspace/source/src/main/java/org/entando/kubernetes/service/digitalexchange/job/EntandoBundleInstallService.java:[167,29] unchecked method invocation: method e**cuteInstall in class org.entando.kubernetes.service.digitalexchange.job.EntandoBundleInstallService is applied to given types
  required: org.entando.kubernetes.model.bundle.installable.Installable<T>
  found: org.entando.kubernetes.model.bundle.installable.Installable
[INFO] 1 warning
[INFO] -------------------------------------------------------------
[INFO] 
[INFO] ------------------------------------------------------------------------
[INFO] Skipping Entando Component Manager
[INFO] This project has been banned from the build due to previous failures.
[INFO] ------------------------------------------------------------------------
[INFO] ------------------------------------------------------------------------
[INFO] BUILD FAILURE
[INFO] ------------------------------------------------------------------------
[INFO] Total time:  31.382 s
[INFO] Finished at: 2020-11-11T23:32:04Z
[INFO] ------------------------------------------------------------------------
[WARNING] The requested profile "***" could not be activated because it does not exist.
[ERROR] Failed to e**cute goal org.apache.maven.plugins:maven-compiler-plugin:3.8.1:compile (default-compile) on project entando-component-manager: Compilation failure
[ERROR] /workspace/source/src/main/java/org/entando/kubernetes/service/digitalexchange/job/EntandoBundleInstallService.java:[167,29] unchecked method invocation: method e**cuteInstall in class org.entando.kubernetes.service.digitalexchange.job.EntandoBundleInstallService is applied to given types
[ERROR]   required: org.entando.kubernetes.model.bundle.installable.Installable<T>
[ERROR]   found: org.entando.kubernetes.model.bundle.installable.Installable
[ERROR] 
[ERROR] -> [Help 1]
[ERROR] 
[ERROR] To see the full stack trace of the errors, re-run Maven with the -e switch.
[ERROR] Re-run Maven using the -X switch to enable full debug logging.
[ERROR] 
[ERROR] For more information about the errors and possible solutions, please read the following articles:
[ERROR] [Help 1] http://cwiki.apache.org/confluence/display/MAVEN/MojoFailureException
Picked up _JAVA_OPTIONS: -XX:+UnlockExperimentalVMOptions -Dsun.zip.disableMemoryMapping=true -XX:+UseParallelGC -XX:MinHeapFreeRatio=5 -XX:MaxHeapFreeRatio=10 -XX:GCTimeRatio=4 -XX:AdaptiveSizePolicyWeight=90 -Xms1000m -Xmx12000m
[INFO] Scanning for projects...
[INFO] 
[INFO] ---------------< org.entando:entando-component-manager >----------------
[INFO] Building Entando Component Manager 0.0.0-SNAPSHOT-PR-78-17
[INFO] --------------------------------[ jar ]---------------------------------
[INFO] 
[INFO] --- maven-site-plugin:3.9.0:site (default-site) @ entando-component-manager ---
[INFO] configuring report plugin org.apache.maven.plugins:maven-project-info-reports-plugin:3.0.0
[WARNING] dependency-info report is declared twice in default reportSet
[WARNING] distribution-management report is declared twice in default reportSet
[WARNING] index report is declared twice in default reportSet
[WARNING] ci-management report is declared twice in default reportSet
[WARNING] issue-management report is declared twice in default reportSet
[WARNING] licenses report is declared twice in default reportSet
[WARNING] plugins report is declared twice in default reportSet
[WARNING] scm report is declared twice in default reportSet
[WARNING] summary report is declared twice in default reportSet
[INFO] 9 reports configured for maven-project-info-reports-plugin:3.0.0: dependency-info, distribution-management, index, ci-management, issue-management, licenses, plugins, scm, summary
[INFO] Rendering site with default locale English (en)
[WARNING] Unable to find a URL to the parent project. The parent menu will NOT be added.
[INFO] Relativizing decoration links with respect to localized project URL: http://www.entando.com/
[INFO] Rendering content with org.apache.maven.skins:maven-default-skin:jar:1.3 skin.
[INFO] Generating "Dependency Information" report --- maven-project-info-reports-plugin:3.0.0:dependency-info
[INFO] Generating "About" report         --- maven-project-info-reports-plugin:3.0.0:index
[INFO] Generating "Issue Management" report --- maven-project-info-reports-plugin:3.0.0:issue-management
[INFO] Generating "Licenses" report      --- maven-project-info-reports-plugin:3.0.0:licenses
[INFO] Generating "Plugins" report       --- maven-project-info-reports-plugin:3.0.0:plugins
[INFO] Generating "Source Code Management" report --- maven-project-info-reports-plugin:3.0.0:scm
[INFO] Generating "Summary" report       --- maven-project-info-reports-plugin:3.0.0:summary
[INFO] ------------------------------------------------------------------------
[INFO] BUILD SUCCESS
[INFO] ------------------------------------------------------------------------
[INFO] Total time:  9.494 s
[INFO] Finished at: 2020-11-11T23:32:15Z
[INFO] ------------------------------------------------------------------------
shallow cloning https://github.com/entando-k8s/devops-results.git branch gh-pages
ran git init in /tmp/jenkins-x-collect372421838
ran git add remote origin https://github.com/entando-k8s/devops-results.git in /tmp/jenkins-x-collect372421838
ran git fetch origin --depth=1 gh-pages in dir /tmp/jenkins-x-collect372421838
Publishing https://raw.githubusercontent.com/entando-k8s/devops-results/gh-pages/entando-component-manager/PR-78/checkstyle.html
Publishing https://raw.githubusercontent.com/entando-k8s/devops-results/gh-pages/entando-component-manager/PR-78/checkstyle.rss
Publishing https://raw.githubusercontent.com/entando-k8s/devops-results/gh-pages/entando-component-manager/PR-78/css/maven-base.css
Publishing https://raw.githubusercontent.com/entando-k8s/devops-results/gh-pages/entando-component-manager/PR-78/css/maven-theme.css
Publishing https://raw.githubusercontent.com/entando-k8s/devops-results/gh-pages/entando-component-manager/PR-78/css/print.css
Publishing https://raw.githubusercontent.com/entando-k8s/devops-results/gh-pages/entando-component-manager/PR-78/css/site.css
Publishing https://raw.githubusercontent.com/entando-k8s/devops-results/gh-pages/entando-component-manager/PR-78/dependency-info.html
Publishing https://raw.githubusercontent.com/entando-k8s/devops-results/gh-pages/entando-component-manager/PR-78/images/collapsed.gif
Publishing https://raw.githubusercontent.com/entando-k8s/devops-results/gh-pages/entando-component-manager/PR-78/images/expanded.gif
Publishing https://raw.githubusercontent.com/entando-k8s/devops-results/gh-pages/entando-component-manager/PR-78/images/external.png
Publishing https://raw.githubusercontent.com/entando-k8s/devops-results/gh-pages/entando-component-manager/PR-78/images/icon_error_sml.gif
Publishing https://raw.githubusercontent.com/entando-k8s/devops-results/gh-pages/entando-component-manager/PR-78/images/icon_info_sml.gif
Publishing https://raw.githubusercontent.com/entando-k8s/devops-results/gh-pages/entando-component-manager/PR-78/images/icon_success_sml.gif
Publishing https://raw.githubusercontent.com/entando-k8s/devops-results/gh-pages/entando-component-manager/PR-78/images/icon_warning_sml.gif
Publishing https://raw.githubusercontent.com/entando-k8s/devops-results/gh-pages/entando-component-manager/PR-78/images/logos/build-by-maven-black.png
Publishing https://raw.githubusercontent.com/entando-k8s/devops-results/gh-pages/entando-component-manager/PR-78/images/logos/build-by-maven-white.png
Publishing https://raw.githubusercontent.com/entando-k8s/devops-results/gh-pages/entando-component-manager/PR-78/images/logos/maven-feather.png
Publishing https://raw.githubusercontent.com/entando-k8s/devops-results/gh-pages/entando-component-manager/PR-78/images/newwindow.png
Publishing https://raw.githubusercontent.com/entando-k8s/devops-results/gh-pages/entando-component-manager/PR-78/images/rss.png
Publishing https://raw.githubusercontent.com/entando-k8s/devops-results/gh-pages/entando-component-manager/PR-78/index.html
Publishing https://raw.githubusercontent.com/entando-k8s/devops-results/gh-pages/entando-component-manager/PR-78/issue-management.html
Publishing https://raw.githubusercontent.com/entando-k8s/devops-results/gh-pages/entando-component-manager/PR-78/licenses.html
Publishing https://raw.githubusercontent.com/entando-k8s/devops-results/gh-pages/entando-component-manager/PR-78/plugins.html
Publishing https://raw.githubusercontent.com/entando-k8s/devops-results/gh-pages/entando-component-manager/PR-78/project-info.html
Publishing https://raw.githubusercontent.com/entando-k8s/devops-results/gh-pages/entando-component-manager/PR-78/scm.html
Publishing https://raw.githubusercontent.com/entando-k8s/devops-results/gh-pages/entando-component-manager/PR-78/summary.html
stashed: https://raw.githubusercontent.com/entando-k8s/devops-results/gh-pages/entando-component-manager/PR-78/checkstyle.html
stashed: https://raw.githubusercontent.com/entando-k8s/devops-results/gh-pages/entando-component-manager/PR-78/checkstyle.rss
stashed: https://raw.githubusercontent.com/entando-k8s/devops-results/gh-pages/entando-component-manager/PR-78/css/maven-base.css
stashed: https://raw.githubusercontent.com/entando-k8s/devops-results/gh-pages/entando-component-manager/PR-78/css/maven-theme.css
stashed: https://raw.githubusercontent.com/entando-k8s/devops-results/gh-pages/entando-component-manager/PR-78/css/print.css
stashed: https://raw.githubusercontent.com/entando-k8s/devops-results/gh-pages/entando-component-manager/PR-78/css/site.css
stashed: https://raw.githubusercontent.com/entando-k8s/devops-results/gh-pages/entando-component-manager/PR-78/dependency-info.html
stashed: https://raw.githubusercontent.com/entando-k8s/devops-results/gh-pages/entando-component-manager/PR-78/images/collapsed.gif
stashed: https://raw.githubusercontent.com/entando-k8s/devops-results/gh-pages/entando-component-manager/PR-78/images/expanded.gif
stashed: https://raw.githubusercontent.com/entando-k8s/devops-results/gh-pages/entando-component-manager/PR-78/images/external.png
stashed: https://raw.githubusercontent.com/entando-k8s/devops-results/gh-pages/entando-component-manager/PR-78/images/icon_error_sml.gif
stashed: https://raw.githubusercontent.com/entando-k8s/devops-results/gh-pages/entando-component-manager/PR-78/images/icon_info_sml.gif
stashed: https://raw.githubusercontent.com/entando-k8s/devops-results/gh-pages/entando-component-manager/PR-78/images/icon_success_sml.gif
stashed: https://raw.githubusercontent.com/entando-k8s/devops-results/gh-pages/entando-component-manager/PR-78/images/icon_warning_sml.gif
stashed: https://raw.githubusercontent.com/entando-k8s/devops-results/gh-pages/entando-component-manager/PR-78/images/logos/build-by-maven-black.png
stashed: https://raw.githubusercontent.com/entando-k8s/devops-results/gh-pages/entando-component-manager/PR-78/images/logos/build-by-maven-white.png
stashed: https://raw.githubusercontent.com/entando-k8s/devops-results/gh-pages/entando-component-manager/PR-78/images/logos/maven-feather.png
stashed: https://raw.githubusercontent.com/entando-k8s/devops-results/gh-pages/entando-component-manager/PR-78/images/newwindow.png
stashed: https://raw.githubusercontent.com/entando-k8s/devops-results/gh-pages/entando-component-manager/PR-78/images/rss.png
stashed: https://raw.githubusercontent.com/entando-k8s/devops-results/gh-pages/entando-component-manager/PR-78/index.html
stashed: https://raw.githubusercontent.com/entando-k8s/devops-results/gh-pages/entando-component-manager/PR-78/issue-management.html
stashed: https://raw.githubusercontent.com/entando-k8s/devops-results/gh-pages/entando-component-manager/PR-78/licenses.html
stashed: https://raw.githubusercontent.com/entando-k8s/devops-results/gh-pages/entando-component-manager/PR-78/plugins.html
stashed: https://raw.githubusercontent.com/entando-k8s/devops-results/gh-pages/entando-component-manager/PR-78/project-info.html
stashed: https://raw.githubusercontent.com/entando-k8s/devops-results/gh-pages/entando-component-manager/PR-78/scm.html
stashed: https://raw.githubusercontent.com/entando-k8s/devops-results/gh-pages/entando-component-manager/PR-78/summary.html
No pre-deployment test results found for entando-component-manager-PR-78.
  % Total    % Received % Xferd  Average Speed   Time    Time     Time  Current
                                 Dload  Upload   Total   Spent    Left  Speed
  0     0    0     0    0     0      0      0 --:--:-- --:--:-- --:--:--     0100  1904  100  1667  100   237   2734    388 --:--:-- --:--:-- --:--:--  2759
{
  "url": "https://api.github.com/repos/entando-k8s/entando-component-manager/statuses/2821c38906ad01e9986d32a87e2eef4ea043bc17",
  "avatar_url": "https://avatars2.githubusercontent.com/u/57885396?v=4",
  "id": 11327111529,
  "node_id": "MDEzOlN0YXR1c0NvbnRleHQxMTMyNzExMTUyOQ==",
  "state": "pending",
  "description": "No pre-deployment test results produced by build!",
  "target_url": "https://entando-k8s.github.io/devops-results/entando-component-manager/PR-78/surefire-report.html",
  "context": "Pre-deployment tests",
  "created_at": "2020-11-11T23:32:58Z",
  "updated_at": "2020-11-11T23:32:58Z",
  "creator": {
    "login": "entando-**",
    "id": 57885396,
    "node_id": "MDQ6VXNlcjU3ODg1Mzk2",
    "avatar_url": "https://avatars2.githubusercontent.com/u/57885396?v=4",
    "gravatar_id": "",
    "url": "https://api.github.com/users/entando-**",
    "html_url": "https://github.com/entando-**",
    "followers_url": "https://api.github.com/users/entando-**/followers",
    "following_url": "https://api.github.com/users/**********/following{/other_user}",
    "gists_url": "https://api.github.com/users/entando-**/gists{/gist_id}",
    "starred_url": "https://api.github.com/users/entando-**/starred{/owner}{/repo}",
    "subscriptions_url": "https://api.github.com/users/entando-**/subscriptions",
    "organizations_url": "https://api.github.com/users/entando-**/orgs",
    "repos_url": "https://api.github.com/users/**********/repos",
    "events_url": "https://api.github.com/users/entando-**/events{/privacy}",
    "received_events_url": "https://api.github.com/users/entando-**/received_events",
    "type": "User",
    "site_*****": *****
  }
}
Checkstyle rules were violated for entando-component-manager-PR-78.
  % Total    % Received % Xferd  Average Speed   Time    Time     Time  Current
                                 Dload  Upload   Total   Spent    Left  Speed
{
  "url": "https://api.github.com/repos/entando-k8s/entando-component-manager/statuses/2821c38906ad01e9986d32a87e2eef4ea043bc17",
  "avatar_url": "https://avatars2.githubusercontent.com/u/57885396?v=4",
  "id": 11327111594,
  "node_id": "MDEzOlN0YXR1c0NvbnRleHQxMTMyNzExMTU5NA==",
  "state": "failure",
  "description": "Checkstyle failure!",
  "target_url": "https://entando-k8s.github.io/devops-results/entando-component-manager/PR-78/checkstyle.html",
  "context": "Checkstyle",
  "created_at": "2020-11-11T23:32:58Z",
  "updated_at": "2020-11-11T23:32:58Z",
  "creator": {
    "login": "entando-**",
    "id": 57885396,
    "node_id": "MDQ6VXNlcjU3ODg1Mzk2",
    "avatar_url": "https://avatars2.githubusercontent.com/u/57885396?v=4",
    "gravatar_id": "",
    "url": "https://api.github.com/users/entando-**",
    "html_url": "https://github.com/entando-**",
    "followers_url": "https://api.github.com/users/entando-**/followers",
    "following_url": "https://api.github.com/users/entando-**/following{/other_user}",
    "gists_url": "https://api.github.com/users/entando-**/gists{/gist_id}",
    "starred_url": "https://api.github.com/users/**********/starred{/owner}{/repo}",
    "subscriptions_url": "https://api.github.com/users/entando-**/subscriptions",
    "organizations_url": "https://api.github.com/users/entando-**/orgs",
    "repos_url": "https://api.github.com/users/entando-**/repos",
    "events_url": "https://api.github.com/users/entando-**/events{/privacy}",
    "received_events_url": "https://api.github.com/users/entando-**/received_events",
    "type": "User",
    "site_*****": *****
  }
}
  0     0    0     0    0     0      0      0 --:--:-- --:--:-- --:--:--     0 10  1814    0     0  100   192      0    319 --:--:-- --:--:-- --:--:--   319100  1814  100  1622  100   192   2698    319 --:--:-- --:--:-- --:--:--  2698
No OWASP dependency check found for entando-component-manager-PR-78.
  % Total    % Received % Xferd  Average Speed   Time    Time     Time  Current
                                 Dload  Upload   Total   Spent    Left  Speed
{
  "url": "https://api.github.com/repos/entando-k8s/entando-component-manager/statuses/2821c38906ad01e9986d32a87e2eef4ea043bc17",
  "avatar_url": "https://avatars2.githubusercontent.com/u/57885396?v=4",
  "id": 11327111696,
  "node_id": "MDEzOlN0YXR1c0NvbnRleHQxMTMyNzExMTY5Ng==",
  "state": "pending",
  "description": "No OWASP dependency check results produced by build!",
  "target_url": "https://entando-k8s.github.io/devops-results/entando-component-manager/PR-78/dependency-check-report.html",
  "context": "OWASP CVE",
  "created_at": "2020-11-11T23:32:59Z",
  "updated_at": "2020-11-11T23:32:59Z",
  "creator": {
    "login": "entando-**",
    "id": 57885396,
    "node_id": "MDQ6VXNlcjU3ODg1Mzk2",
    "avatar_url": "https://avatars2.githubusercontent.com/u/57885396?v=4",
    "gravatar_id": "",
    "url": "https://api.github.com/users/entando-**",
    "html_url": "https://github.com/entando-**",
    "followers_url": "https://api.github.com/users/entando-**/followers",
    "following_url": "https://api.github.com/users/entando-**/following{/other_user}",
    "gists_url": "https://api.github.com/users/entando-**/gists{/gist_id}",
    "starred_url": "https://api.github.com/users/entando-**/starred{/owner}{/repo}",
    "subscriptions_url": "https://api.github.com/users/entando-**/subscriptions",
    "organizations_url": "https://api.github.com/users/entando-**/orgs",
    "repos_url": "https://api.github.com/users/entando-**/repos",
    "events_url": "https://api.github.com/users/entando-**/events{/privacy}",
    "received_events_url": "https://api.github.com/users/entando-**/received_events",
    "type": "User",
    "site_*****": *****
  }
}
  0     0    0     0    0     0      0      0 --:--:-- --:--:-- --:--:--     0 12  1904    0     0  100   237      0    334 --:--:-- --:--:-- --:--:--   335100  1904  100  1667  100   237   2352    334 --:--:-- --:--:-- --:--:--  2357
The following checks failed for entando-component-manager-PR-78:
No pre-deployment test results produced by build
Checkstyle
No OWASP dependency check results produced by build
[31m
Pipeline failed on stage 'from-build-pack' : container 'step-build-mvn-verify-pr'. The execution of the pipeline has stopped.[0m
