
Showing logs for build [32mentando-k8s-entando-component-m-cqttc-2[0m stage [32mfrom-build-pack[0m and container [32mstep-credential-initializer-mf8z4[0m
{"level":"warn","ts":1604582898.4461339,"logger":"fallback-logger","caller":"logging/config.go:69","msg":"Fetch GitHub commit ID from kodata failed: \"ref: refs/heads/0.8.0-**-support-backwards-incompats\" is not a valid GitHub commit ID"}
{"level":"info","ts":1604582898.4488237,"logger":"fallback-logger","caller":"creds-init/main.go:40","msg":"Credentials initialized."}

Showing logs for build [32mentando-k8s-entando-component-m-cqttc-2[0m stage [32mfrom-build-pack[0m and container [32mstep-working-dir-initializer-mv4xk[0m
{"level":"warn","ts":1604582901.229186,"logger":"fallback-logger","caller":"logging/config.go:69","msg":"Fetch GitHub commit ID from kodata failed: open /var/run/ko/HEAD: no such file or directory"}
{"level":"info","ts":1604582901.2338653,"logger":"fallback-logger","caller":"bash/main.go:64","msg":"Successfully e**cuted command \"sh -c mkdir -p /workspace/source\"; output "}

Showing logs for build [32mentando-k8s-entando-component-m-cqttc-2[0m stage [32mfrom-build-pack[0m and container [32mstep-place-tools[0m

Showing logs for build [32mentando-k8s-entando-component-m-cqttc-2[0m stage [32mfrom-build-pack[0m and container [32mstep-git-source-entando-k8s-entando-component-m-67h82[0m
{"level":"warn","ts":1604582996.3673613,"logger":"fallback-logger","caller":"logging/config.go:69","msg":"Fetch GitHub commit ID from kodata failed: \"ref: refs/heads/0.8.0-**-support-backwards-incompats\" is not a valid GitHub commit ID"}
{"level":"info","ts":1604582998.4008355,"logger":"fallback-logger","caller":"git/git.go:103","msg":"Successfully cloned https://github.com/entando-k8s/entando-component-manager.git @ master in path /workspace/source"}

Showing logs for build [32mentando-k8s-entando-component-m-cqttc-2[0m stage [32mfrom-build-pack[0m and container [32mstep-git-merge[0m
Using SHAs from PULL_REFS=master:f7c5631df92fc2b291d451e080cd94145fe45154,78:fab87018e06685ccc88f2d3d80d5f74ff0bc44b3
DEBUG: ran git fetch --unshallow origin fab87018e06685ccc88f2d3d80d5f74ff0bc44b3: f7c5631df92fc2b291d451e080cd94145fe45154: in 
DEBUG: ran git checkout master in 
DEBUG: ran git reset --hard f7c5631df92fc2b291d451e080cd94145fe45154 in 
DEBUG: ran clean --force -d . in 
DEBUG: ran git merge fab87018e06685ccc88f2d3d80d5f74ff0bc44b3 in 
Merged SHA fab87018e06685ccc88f2d3d80d5f74ff0bc44b3 with commit message 'Merge commit '6848516675cbeb5732feb8db9bbb6ae5fb8e775c' into ENG-1319-support-for-conflict-management' into base branch master
Merged SHA 6848516675cbeb5732feb8db9bbb6ae5fb8e775c with commit message 'ENG-1318 tests refinement' into base branch master
Merged SHA 8ebe7b95be8026894da22e0d32e09ef24062f127 with commit message 'Merge commit '131a63ec62f46e99964f2098594dda96cb382161' into ENG-1319-support-for-conflict-management' into base branch master
Merged SHA 131a63ec62f46e99964f2098594dda96cb382161 with commit message 'ENG-1318 bundle validation endpoint' into base branch master
Merged SHA dc4ddec5d31f19a85a6737f03cce802786cd3af5 with commit message 'Merge commit '7e7aa6b1f7178ed5a78b12abc28fea0beeb5e802' into ENG-1319-support-for-conflict-management' into base branch master
Merged SHA 7e7aa6b1f7178ed5a78b12abc28fea0beeb5e802 with commit message 'ENG-1318 test init' into base branch master
Merged SHA 1e49745392f8e64a3284997b3642dcb79bc6e471 with commit message 'ENG-1318 should work - waiting for entando-engine to confirm it' into base branch master
Merged SHA 2f96c082502b6983cd14df44ea1e22590a117fb7 with commit message 'ENG-1327 first version of conflict management strategy' into base branch master

Showing logs for build [32mentando-k8s-entando-component-m-cqttc-2[0m stage [32mfrom-build-pack[0m and container [32mstep-build-set-version[0m
Picked up _JAVA_OPTIONS: -XX:+UnlockExperimentalVMOptions -Dsun.zip.disableMemoryMapping=true -XX:+UseParallelGC -XX:MinHeapFreeRatio=5 -XX:MaxHeapFreeRatio=10 -XX:GCTimeRatio=4 -XX:AdaptiveSizePolicyWeight=90 -Xms1000m -Xmx12000m
[INFO] Scanning for projects...
[INFO] 
[INFO] ---------------< org.entando:entando-component-manager >----------------
[INFO] Building Entando Component Manager 6.2.0-SNAPSHOT
[INFO] --------------------------------[ jar ]---------------------------------
[INFO] 
[INFO] --- versions-maven-plugin:2.8.1:set (default-cli) @ entando-component-manager ---
[INFO] Local aggregation ****: /workspace/source
[INFO] Processing change of org.entando:entando-component-manager:6.2.0-SNAPSHOT -> 0.0.0-SNAPSHOT-PR-78-2
[INFO] Processing org.entando:entando-component-manager
[INFO]     Updating project org.entando:entando-component-manager
[INFO]         from version 6.2.0-SNAPSHOT to 0.0.0-SNAPSHOT-PR-78-2
[INFO] 
[INFO] ------------------------------------------------------------------------
[INFO] BUILD SUCCESS
[INFO] ------------------------------------------------------------------------
[INFO] Total time:  25.138 s
[INFO] Finished at: 2020-11-05T13:30:35Z
[INFO] ------------------------------------------------------------------------

Showing logs for build [32mentando-k8s-entando-component-m-cqttc-2[0m stage [32mfrom-build-pack[0m and container [32mstep-build-fix-git-for-sonar[0m
Switched to a new branch 'PR-78'
M	pom.xml
Deleted branch master (was fab8701).
From https://github.com/entando-k8s/entando-component-manager
 * [new branch]      master     -> master
 * [new tag]         list       -> list
 * [new tag]         v6.0.32    -> v6.0.32
 * [new tag]         v6.0.32.1  -> v6.0.32.1

Showing logs for build [32mentando-k8s-entando-component-m-cqttc-2[0m stage [32mfrom-build-pack[0m and container [32mstep-build-mvn-verify-pr[0m
  % Total    % Received % Xferd  Average Speed   Time    Time     Time  Current
                                 Dload  Upload   Total   Spent    Left  Speed
  0     0    0     0    0     0      0      0 --:--:-- --:--:-- --:--:--     0 11  1864    0     0  100   217      0    267 --:--:-- --:--:-- --:--:--   267100  1864  100  1647  100   217   2027    267 --:--:-- --:--:-- --:--:--  2025
{
  "url": "https://api.github.com/repos/entando-k8s/entando-component-manager/statuses/fab87018e06685ccc88f2d3d80d5f74ff0bc44b3",
  "avatar_url": "https://avatars2.githubusercontent.com/u/57885396?v=4",
  "id": 11265940406,
  "node_id": "MDEzOlN0YXR1c0NvbnRleHQxMTI2NTk0MDQwNg==",
  "state": "pending",
  "description": "Pre-deployment tests pending!",
  "target_url": "https://entando-k8s.github.io/devops-results/entando-component-manager/PR-78/surefire-report.html",
  "context": "Pre-deployment tests",
  "created_at": "2020-11-05T13:30:38Z",
  "updated_at": "2020-11-05T13:30:38Z",
  "creator": {
    "login": "**********",
    "id": 57885396,
    "node_id": "MDQ6VXNlcjU3ODg1Mzk2",
    "avatar_url": "https://avatars2.githubusercontent.com/u/57885396?v=4",
    "gravatar_id": "",
    "url": "https://api.github.com/users/**********",
    "html_url": "https://github.com/entando-**",
    "followers_url": "https://api.github.com/users/entando-**/followers",
    "following_url": "https://api.github.com/users/**********/following{/other_user}",
    "gists_url": "https://api.github.com/users/**********/gists{/gist_id}",
    "starred_url": "https://api.github.com/users/**********/starred{/owner}{/repo}",
    "subscriptions_url": "https://api.github.com/users/entando-**/subscriptions",
    "organizations_url": "https://api.github.com/users/**********/orgs",
    "repos_url": "https://api.github.com/users/**********/repos",
    "events_url": "https://api.github.com/users/entando-**/events{/privacy}",
    "received_events_url": "https://api.github.com/users/**********/received_events",
    "type": "User",
    "site_*****": *****
  }
}
  % Total    % Received % Xferd  Average Speed   Time    Time     Time  Current
                                 Dload  Upload   Total   Spent    Left  Speed
{
  "url": "https://api.github.com/repos/entando-k8s/entando-component-manager/statuses/fab87018e06685ccc88f2d3d80d5f74ff0bc44b3",
  "avatar_url": "https://avatars2.githubusercontent.com/u/57885396?v=4",
  "id": 11265940587,
  "node_id": "MDEzOlN0YXR1c0NvbnRleHQxMTI2NTk0MDU4Nw==",
  "state": "pending",
  "description": "Checkstyle pending!",
  "target_url": "https://entando-k8s.github.io/devops-results/entando-component-manager/PR-78/checkstyle.html",
  "context": "Checkstyle",
  "created_at": "2020-11-05T13:30:39Z",
  "updated_at": "2020-11-05T13:30:39Z",
  "creator": {
    "login": "**********",
    "id": 57885396,
    "node_id": "MDQ6VXNlcjU3ODg1Mzk2",
    "avatar_url": "https://avatars2.githubusercontent.com/u/57885396?v=4",
    "gravatar_id": "",
    "url": "https://api.github.com/users/**********",
    "html_url": "https://github.com/**********",
    "followers_url": "https://api.github.com/users/**********/followers",
    "following_url": "https://api.github.com/users/**********/following{/other_user}",
    "gists_url": "https://api.github.com/users/**********/gists{/gist_id}",
    "starred_url": "https://api.github.com/users/**********/starred{/owner}{/repo}",
    "subscriptions_url": "https://api.github.com/users/**********/subscriptions",
    "organizations_url": "https://api.github.com/users/**********/orgs",
    "repos_url": "https://api.github.com/users/**********/repos",
    "events_url": "https://api.github.com/users/entando-**/events{/privacy}",
    "received_events_url": "https://api.github.com/users/**********/received_events",
    "type": "User",
    "site_*****": *****
  }
}
  0     0    0     0    0     0      0      0 --:--:-- --:--:-- --:--:--     0 10  1814    0     0  100   192      0    246 --:--:-- --:--:-- --:--:--   248100  1814  100  1622  100   192   2085    246 --:--:-- --:--:-- --:--:--  2098
  % Total    % Received % Xferd  Average Speed   Time    Time     Time  Current
                                 Dload  Upload   Total   Spent    Left  Speed
{
  "url": "https://api.github.com/repos/entando-k8s/entando-component-manager/statuses/fab87018e06685ccc88f2d3d80d5f74ff0bc44b3",
  "avatar_url": "https://avatars2.githubusercontent.com/u/57885396?v=4",
  "id": 11265940724,
  "node_id": "MDEzOlN0YXR1c0NvbnRleHQxMTI2NTk0MDcyNA==",
  "state": "pending",
  "description": "OWASP CVE pending!",
  "target_url": "https://entando-k8s.github.io/devops-results/entando-component-manager/PR-78/dependency-check-report.html",
  "context": "OWASP CVE",
  "created_at": "2020-11-05T13:30:40Z",
  "updated_at": "2020-11-05T13:30:40Z",
  "creator": {
    "login": "**********",
    "id": 57885396,
    "node_id": "MDQ6VXNlcjU3ODg1Mzk2",
    "avatar_url": "https://avatars2.githubusercontent.com/u/57885396?v=4",
    "gravatar_id": "",
    "url": "https://api.github.com/users/**********",
    "html_url": "https://github.com/**********",
    "followers_url": "https://api.github.com/users/**********/followers",
    "following_url": "https://api.github.com/users/**********/following{/other_user}",
    "gists_url": "https://api.github.com/users/**********/gists{/gist_id}",
    "starred_url": "https://api.github.com/users/**********/starred{/owner}{/repo}",
    "subscriptions_url": "https://api.github.com/users/entando-**/subscriptions",
    "organizations_url": "https://api.github.com/users/entando-**/orgs",
    "repos_url": "https://api.github.com/users/**********/repos",
    "events_url": "https://api.github.com/users/**********/events{/privacy}",
    "received_events_url": "https://api.github.com/users/**********/received_events",
    "type": "User",
    "site_*****": *****
  }
}
  0     0    0     0    0     0      0      0 --:--:-- --:--:-- --:--:--     0100  1836  100  1633  100   203   2652    329 --:--:-- --:--:-- --:--:--  2672
Picked up _JAVA_OPTIONS: -XX:+UnlockExperimentalVMOptions -Dsun.zip.disableMemoryMapping=true -XX:+UseParallelGC -XX:MinHeapFreeRatio=5 -XX:MaxHeapFreeRatio=10 -XX:GCTimeRatio=4 -XX:AdaptiveSizePolicyWeight=90 -Xms1000m -Xmx12000m
[INFO] Scanning for projects...
[INFO] 
[INFO] ---------------< org.entando:entando-component-manager >----------------
[INFO] Building Entando Component Manager 0.0.0-SNAPSHOT-PR-78-2
[INFO] --------------------------------[ jar ]---------------------------------
[INFO] 
[INFO] --- maven-checkstyle-plugin:3.1.1:check (validate) @ entando-component-manager ---
[INFO] Starting audit...
[WARN] /workspace/source/src/main/java/org/entando/kubernetes/model/bundle/processor/DirectoryProcessor.java:128: Comment has incorrect indentation level 20, expected is 12, indentation should be the same level as line 129. [CommentsIndentation]
Audit done.
[WARNING] src/main/java/org/entando/kubernetes/model/bundle/processor/DirectoryProcessor.java:[128] (indentation) CommentsIndentation: Comment has incorrect indentation level 20, expected is 12, indentation should be the same level as line 129.
[WARNING] checkstyle:check violations detected but failOnViolation set to *****
[INFO] You have 1 Checkstyle violation.
[INFO] 
[INFO] --- maven-checkstyle-plugin:3.1.1:checkstyle (validate) @ entando-component-manager ---
[INFO] Starting audit...
[WARN] /workspace/source/src/main/java/org/entando/kubernetes/model/bundle/processor/DirectoryProcessor.java:128: Comment has incorrect indentation level 20, expected is 12, indentation should be the same level as line 129. [CommentsIndentation]
Audit done.
[INFO] 
[INFO] --- jacoco-maven-plugin:0.8.5:prepare-agent (prepare-agent) @ entando-component-manager ---
[INFO] argLine set to -javaagent:/home/jenkins/.mvnrepository/org/jacoco/org.jacoco.agent/0.8.5/org.jacoco.agent-0.8.5-runtime.jar=destfile=/workspace/source/target/jacoco.e**c
[INFO] 
[INFO] --- maven-resources-plugin:2.6:resources (default-resources) @ entando-component-manager ---
[INFO] Using 'UTF-8' encoding to copy filtered resources.
[INFO] Copying 7 resources
[INFO] 
[INFO] --- maven-compiler-plugin:3.8.1:compile (default-compile) @ entando-component-manager ---
[INFO] Changes detected - recompiling the module!
[INFO] Compiling 210 source files to /workspace/source/target/classes
[INFO] -------------------------------------------------------------
[ERROR] COMPILATION ERROR : 
[INFO] -------------------------------------------------------------
[ERROR] /workspace/source/src/main/java/org/entando/kubernetes/model/bundle/processor/FragmentProcessor.java:[23,54] cannot find symbol
  symbol:   class ReportableComponentProcessor
  location: package org.entando.kubernetes.model.bundle.reportable
[ERROR] /workspace/source/src/main/java/org/entando/kubernetes/model/bundle/reportable/EntandoEngineReportableProcessor.java:[10,59] cannot find symbol
  symbol: class ReportableComponentProcessor
[ERROR] /workspace/source/src/main/java/org/entando/kubernetes/service/digitalexchange/job/EntandoBundleInstallService.java:[29,54] cannot find symbol
  symbol:   class ReportableComponentProcessor
  location: package org.entando.kubernetes.model.bundle.reportable
[ERROR] /workspace/source/src/main/java/org/entando/kubernetes/service/digitalexchange/job/EntandoBundleInstallService.java:[58,33] cannot find symbol
  symbol:   class ReportableComponentProcessor
  location: class org.entando.kubernetes.service.digitalexchange.job.EntandoBundleInstallService
[ERROR] /workspace/source/src/main/java/org/entando/kubernetes/service/digitalexchange/job/EntandoBundleInstallService.java:[49,1] cannot find symbol
  symbol:   class ReportableComponentProcessor
  location: class org.entando.kubernetes.service.digitalexchange.job.EntandoBundleInstallService
[ERROR] /workspace/source/src/main/java/org/entando/kubernetes/client/core/DefaultEntandoCoreClient.java:[9,45] cannot find symbol
  symbol:   class AnalysisReportClientRequestBuilder
  location: package org.entando.kubernetes.client.request
[ERROR] /workspace/source/src/main/java/org/entando/kubernetes/model/bundle/processor/LanguageProcessor.java:[23,54] cannot find symbol
  symbol:   class ReportableComponentProcessor
  location: package org.entando.kubernetes.model.bundle.reportable
[ERROR] /workspace/source/src/main/java/org/entando/kubernetes/model/bundle/processor/AssetProcessor.java:[24,54] cannot find symbol
  symbol:   class ReportableComponentProcessor
  location: package org.entando.kubernetes.model.bundle.reportable
[ERROR] /workspace/source/src/main/java/org/entando/kubernetes/model/bundle/reportable/EntandoCMSReportableProcessor.java:[10,56] cannot find symbol
  symbol: class ReportableComponentProcessor
[ERROR] /workspace/source/src/main/java/org/entando/kubernetes/model/bundle/processor/GroupProcessor.java:[23,54] cannot find symbol
  symbol:   class ReportableComponentProcessor
  location: package org.entando.kubernetes.model.bundle.reportable
[ERROR] /workspace/source/src/main/java/org/entando/kubernetes/model/bundle/processor/PluginProcessor.java:[22,54] cannot find symbol
  symbol:   class ReportableComponentProcessor
  location: package org.entando.kubernetes.model.bundle.reportable
[ERROR] /workspace/source/src/main/java/org/entando/kubernetes/model/bundle/reportable/EntandoK8SServiceReportableProcessor.java:[10,63] cannot find symbol
  symbol: class ReportableComponentProcessor
[ERROR] /workspace/source/src/main/java/org/entando/kubernetes/model/bundle/processor/ContentTemplateProcessor.java:[23,54] cannot find symbol
  symbol:   class ReportableComponentProcessor
  location: package org.entando.kubernetes.model.bundle.reportable
[ERROR] /workspace/source/src/main/java/org/entando/kubernetes/model/bundle/processor/PageProcessor.java:[23,54] cannot find symbol
  symbol:   class ReportableComponentProcessor
  location: package org.entando.kubernetes.model.bundle.reportable
[ERROR] /workspace/source/src/main/java/org/entando/kubernetes/model/bundle/processor/PageTemplateProcessor.java:[23,54] cannot find symbol
  symbol:   class ReportableComponentProcessor
  location: package org.entando.kubernetes.model.bundle.reportable
[ERROR] /workspace/source/src/main/java/org/entando/kubernetes/model/bundle/processor/LabelProcessor.java:[23,54] cannot find symbol
  symbol:   class ReportableComponentProcessor
  location: package org.entando.kubernetes.model.bundle.reportable
[ERROR] /workspace/source/src/main/java/org/entando/kubernetes/model/bundle/processor/ContentTypeProcessor.java:[23,54] cannot find symbol
  symbol:   class ReportableComponentProcessor
  location: package org.entando.kubernetes.model.bundle.reportable
[ERROR] /workspace/source/src/main/java/org/entando/kubernetes/config/AppConfiguration.java:[18,54] cannot find symbol
  symbol:   class ReportableComponentProcessor
  location: package org.entando.kubernetes.model.bundle.reportable
[ERROR] /workspace/source/src/main/java/org/entando/kubernetes/config/AppConfiguration.java:[63,17] cannot find symbol
  symbol:   class ReportableComponentProcessor
  location: class org.entando.kubernetes.config.AppConfiguration
[ERROR] /workspace/source/src/main/java/org/entando/kubernetes/model/bundle/processor/CategoryProcessor.java:[23,54] cannot find symbol
  symbol:   class ReportableComponentProcessor
  location: package org.entando.kubernetes.model.bundle.reportable
[ERROR] /workspace/source/src/main/java/org/entando/kubernetes/model/bundle/processor/WidgetProcessor.java:[24,54] cannot find symbol
  symbol:   class ReportableComponentProcessor
  location: package org.entando.kubernetes.model.bundle.reportable
[INFO] 21 errors 
[INFO] -------------------------------------------------------------
[INFO] 
[INFO] ------------------------------------------------------------------------
[INFO] Skipping Entando Component Manager
[INFO] This project has been banned from the build due to previous failures.
[INFO] ------------------------------------------------------------------------
[INFO] ------------------------------------------------------------------------
[INFO] BUILD FAILURE
[INFO] ------------------------------------------------------------------------
[INFO] Total time:  01:09 min
[INFO] Finished at: 2020-11-05T13:31:53Z
[INFO] ------------------------------------------------------------------------
[WARNING] The requested profile "***" could not be activated because it does not exist.
[ERROR] Failed to e**cute goal org.apache.maven.plugins:maven-compiler-plugin:3.8.1:compile (default-compile) on project entando-component-manager: Compilation failure: Compilation failure: 
[ERROR] /workspace/source/src/main/java/org/entando/kubernetes/model/bundle/processor/FragmentProcessor.java:[23,54] cannot find symbol
[ERROR]   symbol:   class ReportableComponentProcessor
[ERROR]   location: package org.entando.kubernetes.model.bundle.reportable
[ERROR] /workspace/source/src/main/java/org/entando/kubernetes/model/bundle/reportable/EntandoEngineReportableProcessor.java:[10,59] cannot find symbol
[ERROR]   symbol: class ReportableComponentProcessor
[ERROR] /workspace/source/src/main/java/org/entando/kubernetes/service/digitalexchange/job/EntandoBundleInstallService.java:[29,54] cannot find symbol
[ERROR]   symbol:   class ReportableComponentProcessor
[ERROR]   location: package org.entando.kubernetes.model.bundle.reportable
[ERROR] /workspace/source/src/main/java/org/entando/kubernetes/service/digitalexchange/job/EntandoBundleInstallService.java:[58,33] cannot find symbol
[ERROR]   symbol:   class ReportableComponentProcessor
[ERROR]   location: class org.entando.kubernetes.service.digitalexchange.job.EntandoBundleInstallService
[ERROR] /workspace/source/src/main/java/org/entando/kubernetes/service/digitalexchange/job/EntandoBundleInstallService.java:[49,1] cannot find symbol
[ERROR]   symbol:   class ReportableComponentProcessor
[ERROR]   location: class org.entando.kubernetes.service.digitalexchange.job.EntandoBundleInstallService
[ERROR] /workspace/source/src/main/java/org/entando/kubernetes/client/core/DefaultEntandoCoreClient.java:[9,45] cannot find symbol
[ERROR]   symbol:   class AnalysisReportClientRequestBuilder
[ERROR]   location: package org.entando.kubernetes.client.request
[ERROR] /workspace/source/src/main/java/org/entando/kubernetes/model/bundle/processor/LanguageProcessor.java:[23,54] cannot find symbol
[ERROR]   symbol:   class ReportableComponentProcessor
[ERROR]   location: package org.entando.kubernetes.model.bundle.reportable
[ERROR] /workspace/source/src/main/java/org/entando/kubernetes/model/bundle/processor/AssetProcessor.java:[24,54] cannot find symbol
[ERROR]   symbol:   class ReportableComponentProcessor
[ERROR]   location: package org.entando.kubernetes.model.bundle.reportable
[ERROR] /workspace/source/src/main/java/org/entando/kubernetes/model/bundle/reportable/EntandoCMSReportableProcessor.java:[10,56] cannot find symbol
[ERROR]   symbol: class ReportableComponentProcessor
[ERROR] /workspace/source/src/main/java/org/entando/kubernetes/model/bundle/processor/GroupProcessor.java:[23,54] cannot find symbol
[ERROR]   symbol:   class ReportableComponentProcessor
[ERROR]   location: package org.entando.kubernetes.model.bundle.reportable
[ERROR] /workspace/source/src/main/java/org/entando/kubernetes/model/bundle/processor/PluginProcessor.java:[22,54] cannot find symbol
[ERROR]   symbol:   class ReportableComponentProcessor
[ERROR]   location: package org.entando.kubernetes.model.bundle.reportable
[ERROR] /workspace/source/src/main/java/org/entando/kubernetes/model/bundle/reportable/EntandoK8SServiceReportableProcessor.java:[10,63] cannot find symbol
[ERROR]   symbol: class ReportableComponentProcessor
[ERROR] /workspace/source/src/main/java/org/entando/kubernetes/model/bundle/processor/ContentTemplateProcessor.java:[23,54] cannot find symbol
[ERROR]   symbol:   class ReportableComponentProcessor
[ERROR]   location: package org.entando.kubernetes.model.bundle.reportable
[ERROR] /workspace/source/src/main/java/org/entando/kubernetes/model/bundle/processor/PageProcessor.java:[23,54] cannot find symbol
[ERROR]   symbol:   class ReportableComponentProcessor
[ERROR]   location: package org.entando.kubernetes.model.bundle.reportable
[ERROR] /workspace/source/src/main/java/org/entando/kubernetes/model/bundle/processor/PageTemplateProcessor.java:[23,54] cannot find symbol
[ERROR]   symbol:   class ReportableComponentProcessor
[ERROR]   location: package org.entando.kubernetes.model.bundle.reportable
[ERROR] /workspace/source/src/main/java/org/entando/kubernetes/model/bundle/processor/LabelProcessor.java:[23,54] cannot find symbol
[ERROR]   symbol:   class ReportableComponentProcessor
[ERROR]   location: package org.entando.kubernetes.model.bundle.reportable
[ERROR] /workspace/source/src/main/java/org/entando/kubernetes/model/bundle/processor/ContentTypeProcessor.java:[23,54] cannot find symbol
[ERROR]   symbol:   class ReportableComponentProcessor
[ERROR]   location: package org.entando.kubernetes.model.bundle.reportable
[ERROR] /workspace/source/src/main/java/org/entando/kubernetes/config/AppConfiguration.java:[18,54] cannot find symbol
[ERROR]   symbol:   class ReportableComponentProcessor
[ERROR]   location: package org.entando.kubernetes.model.bundle.reportable
[ERROR] /workspace/source/src/main/java/org/entando/kubernetes/config/AppConfiguration.java:[63,17] cannot find symbol
[ERROR]   symbol:   class ReportableComponentProcessor
[ERROR]   location: class org.entando.kubernetes.config.AppConfiguration
[ERROR] /workspace/source/src/main/java/org/entando/kubernetes/model/bundle/processor/CategoryProcessor.java:[23,54] cannot find symbol
[ERROR]   symbol:   class ReportableComponentProcessor
[ERROR]   location: package org.entando.kubernetes.model.bundle.reportable
[ERROR] /workspace/source/src/main/java/org/entando/kubernetes/model/bundle/processor/WidgetProcessor.java:[24,54] cannot find symbol
[ERROR]   symbol:   class ReportableComponentProcessor
[ERROR]   location: package org.entando.kubernetes.model.bundle.reportable
[ERROR] -> [Help 1]
[ERROR] 
[ERROR] To see the full stack trace of the errors, re-run Maven with the -e switch.
[ERROR] Re-run Maven using the -X switch to enable full debug logging.
[ERROR] 
[ERROR] For more information about the errors and possible solutions, please read the following articles:
[ERROR] [Help 1] http://cwiki.apache.org/confluence/display/MAVEN/MojoFailureException
Picked up _JAVA_OPTIONS: -XX:+UnlockExperimentalVMOptions -Dsun.zip.disableMemoryMapping=true -XX:+UseParallelGC -XX:MinHeapFreeRatio=5 -XX:MaxHeapFreeRatio=10 -XX:GCTimeRatio=4 -XX:AdaptiveSizePolicyWeight=90 -Xms1000m -Xmx12000m
[INFO] Scanning for projects...
[INFO] 
[INFO] ---------------< org.entando:entando-component-manager >----------------
[INFO] Building Entando Component Manager 0.0.0-SNAPSHOT-PR-78-2
[INFO] --------------------------------[ jar ]---------------------------------
[INFO] 
[INFO] --- maven-site-plugin:3.9.0:site (default-site) @ entando-component-manager ---
[INFO] configuring report plugin org.apache.maven.plugins:maven-project-info-reports-plugin:3.0.0
[WARNING] dependency-info report is declared twice in default reportSet
[WARNING] distribution-management report is declared twice in default reportSet
[WARNING] index report is declared twice in default reportSet
[WARNING] ci-management report is declared twice in default reportSet
[WARNING] issue-management report is declared twice in default reportSet
[WARNING] licenses report is declared twice in default reportSet
[WARNING] plugins report is declared twice in default reportSet
[WARNING] scm report is declared twice in default reportSet
[WARNING] summary report is declared twice in default reportSet
[INFO] 9 reports configured for maven-project-info-reports-plugin:3.0.0: dependency-info, distribution-management, index, ci-management, issue-management, licenses, plugins, scm, summary
[INFO] Rendering site with default locale English (en)
[WARNING] Unable to find a URL to the parent project. The parent menu will NOT be added.
[INFO] Relativizing decoration links with respect to localized project URL: http://www.entando.com/
[INFO] Rendering content with org.apache.maven.skins:maven-default-skin:jar:1.3 skin.
[INFO] Generating "Dependency Information" report --- maven-project-info-reports-plugin:3.0.0:dependency-info
[INFO] Generating "About" report         --- maven-project-info-reports-plugin:3.0.0:index
[INFO] Generating "Issue Management" report --- maven-project-info-reports-plugin:3.0.0:issue-management
[INFO] Generating "Licenses" report      --- maven-project-info-reports-plugin:3.0.0:licenses
[INFO] Generating "Plugins" report       --- maven-project-info-reports-plugin:3.0.0:plugins
[INFO] Generating "Source Code Management" report --- maven-project-info-reports-plugin:3.0.0:scm
[INFO] Generating "Summary" report       --- maven-project-info-reports-plugin:3.0.0:summary
[INFO] ------------------------------------------------------------------------
[INFO] BUILD SUCCESS
[INFO] ------------------------------------------------------------------------
[INFO] Total time:  24.436 s
[INFO] Finished at: 2020-11-05T13:32:22Z
[INFO] ------------------------------------------------------------------------
shallow cloning https://github.com/entando-k8s/devops-results.git branch gh-pages
ran git init in /tmp/jenkins-x-collect403139706
ran git add remote origin https://github.com/entando-k8s/devops-results.git in /tmp/jenkins-x-collect403139706
ran git fetch origin --depth=1 gh-pages in dir /tmp/jenkins-x-collect403139706
Publishing https://raw.githubusercontent.com/entando-k8s/devops-results/gh-pages/entando-component-manager/PR-78/checkstyle.html
Publishing https://raw.githubusercontent.com/entando-k8s/devops-results/gh-pages/entando-component-manager/PR-78/checkstyle.rss
Publishing https://raw.githubusercontent.com/entando-k8s/devops-results/gh-pages/entando-component-manager/PR-78/css/maven-base.css
Publishing https://raw.githubusercontent.com/entando-k8s/devops-results/gh-pages/entando-component-manager/PR-78/css/maven-theme.css
Publishing https://raw.githubusercontent.com/entando-k8s/devops-results/gh-pages/entando-component-manager/PR-78/css/print.css
Publishing https://raw.githubusercontent.com/entando-k8s/devops-results/gh-pages/entando-component-manager/PR-78/css/site.css
Publishing https://raw.githubusercontent.com/entando-k8s/devops-results/gh-pages/entando-component-manager/PR-78/dependency-info.html
Publishing https://raw.githubusercontent.com/entando-k8s/devops-results/gh-pages/entando-component-manager/PR-78/images/collapsed.gif
Publishing https://raw.githubusercontent.com/entando-k8s/devops-results/gh-pages/entando-component-manager/PR-78/images/expanded.gif
Publishing https://raw.githubusercontent.com/entando-k8s/devops-results/gh-pages/entando-component-manager/PR-78/images/external.png
Publishing https://raw.githubusercontent.com/entando-k8s/devops-results/gh-pages/entando-component-manager/PR-78/images/icon_error_sml.gif
Publishing https://raw.githubusercontent.com/entando-k8s/devops-results/gh-pages/entando-component-manager/PR-78/images/icon_info_sml.gif
Publishing https://raw.githubusercontent.com/entando-k8s/devops-results/gh-pages/entando-component-manager/PR-78/images/icon_success_sml.gif
Publishing https://raw.githubusercontent.com/entando-k8s/devops-results/gh-pages/entando-component-manager/PR-78/images/icon_warning_sml.gif
Publishing https://raw.githubusercontent.com/entando-k8s/devops-results/gh-pages/entando-component-manager/PR-78/images/logos/build-by-maven-black.png
Publishing https://raw.githubusercontent.com/entando-k8s/devops-results/gh-pages/entando-component-manager/PR-78/images/logos/build-by-maven-white.png
Publishing https://raw.githubusercontent.com/entando-k8s/devops-results/gh-pages/entando-component-manager/PR-78/images/logos/maven-feather.png
Publishing https://raw.githubusercontent.com/entando-k8s/devops-results/gh-pages/entando-component-manager/PR-78/images/newwindow.png
Publishing https://raw.githubusercontent.com/entando-k8s/devops-results/gh-pages/entando-component-manager/PR-78/images/rss.png
Publishing https://raw.githubusercontent.com/entando-k8s/devops-results/gh-pages/entando-component-manager/PR-78/index.html
Publishing https://raw.githubusercontent.com/entando-k8s/devops-results/gh-pages/entando-component-manager/PR-78/issue-management.html
Publishing https://raw.githubusercontent.com/entando-k8s/devops-results/gh-pages/entando-component-manager/PR-78/licenses.html
Publishing https://raw.githubusercontent.com/entando-k8s/devops-results/gh-pages/entando-component-manager/PR-78/plugins.html
Publishing https://raw.githubusercontent.com/entando-k8s/devops-results/gh-pages/entando-component-manager/PR-78/project-info.html
Publishing https://raw.githubusercontent.com/entando-k8s/devops-results/gh-pages/entando-component-manager/PR-78/scm.html
Publishing https://raw.githubusercontent.com/entando-k8s/devops-results/gh-pages/entando-component-manager/PR-78/summary.html
stashed: https://raw.githubusercontent.com/entando-k8s/devops-results/gh-pages/entando-component-manager/PR-78/checkstyle.html
stashed: https://raw.githubusercontent.com/entando-k8s/devops-results/gh-pages/entando-component-manager/PR-78/checkstyle.rss
stashed: https://raw.githubusercontent.com/entando-k8s/devops-results/gh-pages/entando-component-manager/PR-78/css/maven-base.css
stashed: https://raw.githubusercontent.com/entando-k8s/devops-results/gh-pages/entando-component-manager/PR-78/css/maven-theme.css
stashed: https://raw.githubusercontent.com/entando-k8s/devops-results/gh-pages/entando-component-manager/PR-78/css/print.css
stashed: https://raw.githubusercontent.com/entando-k8s/devops-results/gh-pages/entando-component-manager/PR-78/css/site.css
stashed: https://raw.githubusercontent.com/entando-k8s/devops-results/gh-pages/entando-component-manager/PR-78/dependency-info.html
stashed: https://raw.githubusercontent.com/entando-k8s/devops-results/gh-pages/entando-component-manager/PR-78/images/collapsed.gif
stashed: https://raw.githubusercontent.com/entando-k8s/devops-results/gh-pages/entando-component-manager/PR-78/images/expanded.gif
stashed: https://raw.githubusercontent.com/entando-k8s/devops-results/gh-pages/entando-component-manager/PR-78/images/external.png
stashed: https://raw.githubusercontent.com/entando-k8s/devops-results/gh-pages/entando-component-manager/PR-78/images/icon_error_sml.gif
stashed: https://raw.githubusercontent.com/entando-k8s/devops-results/gh-pages/entando-component-manager/PR-78/images/icon_info_sml.gif
stashed: https://raw.githubusercontent.com/entando-k8s/devops-results/gh-pages/entando-component-manager/PR-78/images/icon_success_sml.gif
stashed: https://raw.githubusercontent.com/entando-k8s/devops-results/gh-pages/entando-component-manager/PR-78/images/icon_warning_sml.gif
stashed: https://raw.githubusercontent.com/entando-k8s/devops-results/gh-pages/entando-component-manager/PR-78/images/logos/build-by-maven-black.png
stashed: https://raw.githubusercontent.com/entando-k8s/devops-results/gh-pages/entando-component-manager/PR-78/images/logos/build-by-maven-white.png
stashed: https://raw.githubusercontent.com/entando-k8s/devops-results/gh-pages/entando-component-manager/PR-78/images/logos/maven-feather.png
stashed: https://raw.githubusercontent.com/entando-k8s/devops-results/gh-pages/entando-component-manager/PR-78/images/newwindow.png
stashed: https://raw.githubusercontent.com/entando-k8s/devops-results/gh-pages/entando-component-manager/PR-78/images/rss.png
stashed: https://raw.githubusercontent.com/entando-k8s/devops-results/gh-pages/entando-component-manager/PR-78/index.html
stashed: https://raw.githubusercontent.com/entando-k8s/devops-results/gh-pages/entando-component-manager/PR-78/issue-management.html
stashed: https://raw.githubusercontent.com/entando-k8s/devops-results/gh-pages/entando-component-manager/PR-78/licenses.html
stashed: https://raw.githubusercontent.com/entando-k8s/devops-results/gh-pages/entando-component-manager/PR-78/plugins.html
stashed: https://raw.githubusercontent.com/entando-k8s/devops-results/gh-pages/entando-component-manager/PR-78/project-info.html
stashed: https://raw.githubusercontent.com/entando-k8s/devops-results/gh-pages/entando-component-manager/PR-78/scm.html
stashed: https://raw.githubusercontent.com/entando-k8s/devops-results/gh-pages/entando-component-manager/PR-78/summary.html
error: etcdserver: request is too large
No pre-deployment test results found for entando-component-manager-PR-78.
  % Total    % Received % Xferd  Average Speed   Time    Time     Time  Current
                                 Dload  Upload   Total   Spent    Left  Speed
  0     0    0     0    0     0      0      0 --:--:-- --:--:-- --:--:--     0 12  1904    0     0  100   237      0    315 --:--:-- --:--:-- --:--:--   316100  1904  100  1667  100   237   2219    315 --:--:-- --:--:-- --:--:--  2228
{
  "url": "https://api.github.com/repos/entando-k8s/entando-component-manager/statuses/fab87018e06685ccc88f2d3d80d5f74ff0bc44b3",
  "avatar_url": "https://avatars2.githubusercontent.com/u/57885396?v=4",
  "id": 11265966493,
  "node_id": "MDEzOlN0YXR1c0NvbnRleHQxMTI2NTk2NjQ5Mw==",
  "state": "pending",
  "description": "No pre-deployment test results produced by build!",
  "target_url": "https://entando-k8s.github.io/devops-results/entando-component-manager/PR-78/surefire-report.html",
  "context": "Pre-deployment tests",
  "created_at": "2020-11-05T13:33:02Z",
  "updated_at": "2020-11-05T13:33:02Z",
  "creator": {
    "login": "**********",
    "id": 57885396,
    "node_id": "MDQ6VXNlcjU3ODg1Mzk2",
    "avatar_url": "https://avatars2.githubusercontent.com/u/57885396?v=4",
    "gravatar_id": "",
    "url": "https://api.github.com/users/**********",
    "html_url": "https://github.com/**********",
    "followers_url": "https://api.github.com/users/entando-**/followers",
    "following_url": "https://api.github.com/users/**********/following{/other_user}",
    "gists_url": "https://api.github.com/users/**********/gists{/gist_id}",
    "starred_url": "https://api.github.com/users/**********/starred{/owner}{/repo}",
    "subscriptions_url": "https://api.github.com/users/**********/subscriptions",
    "organizations_url": "https://api.github.com/users/**********/orgs",
    "repos_url": "https://api.github.com/users/**********/repos",
    "events_url": "https://api.github.com/users/**********/events{/privacy}",
    "received_events_url": "https://api.github.com/users/entando-**/received_events",
    "type": "User",
    "site_*****": *****
  }
}
Checkstyle rules were violated for entando-component-manager-PR-78.
  % Total    % Received % Xferd  Average Speed   Time    Time     Time  Current
                                 Dload  Upload   Total   Spent    Left  Speed
{
  "url": "https://api.github.com/repos/entando-k8s/entando-component-manager/statuses/fab87018e06685ccc88f2d3d80d5f74ff0bc44b3",
  "avatar_url": "https://avatars2.githubusercontent.com/u/57885396?v=4",
  "id": 11265966663,
  "node_id": "MDEzOlN0YXR1c0NvbnRleHQxMTI2NTk2NjY2Mw==",
  "state": "failure",
  "description": "Checkstyle failure!",
  "target_url": "https://entando-k8s.github.io/devops-results/entando-component-manager/PR-78/checkstyle.html",
  "context": "Checkstyle",
  "created_at": "2020-11-05T13:33:03Z",
  "updated_at": "2020-11-05T13:33:03Z",
  "creator": {
    "login": "**********",
    "id": 57885396,
    "node_id": "MDQ6VXNlcjU3ODg1Mzk2",
    "avatar_url": "https://avatars2.githubusercontent.com/u/57885396?v=4",
    "gravatar_id": "",
    "url": "https://api.github.com/users/**********",
    "html_url": "https://github.com/entando-**",
    "followers_url": "https://api.github.com/users/**********/followers",
    "following_url": "https://api.github.com/users/**********/following{/other_user}",
    "gists_url": "https://api.github.com/users/**********/gists{/gist_id}",
    "starred_url": "https://api.github.com/users/**********/starred{/owner}{/repo}",
    "subscriptions_url": "https://api.github.com/users/**********/subscriptions",
    "organizations_url": "https://api.github.com/users/**********/orgs",
    "repos_url": "https://api.github.com/users/**********/repos",
    "events_url": "https://api.github.com/users/entando-**/events{/privacy}",
    "received_events_url": "https://api.github.com/users/**********/received_events",
    "type": "User",
    "site_*****": *****
  }
}
  0     0    0     0    0     0      0      0 --:--:-- --:--:-- --:--:--     0 10  1814    0     0  100   192      0    226 --:--:-- --:--:-- --:--:--   226100  1814  100  1622  100   192   1911    226 --:--:-- --:--:-- --:--:--  1910
No OWASP dependency check found for entando-component-manager-PR-78.
  % Total    % Received % Xferd  Average Speed   Time    Time     Time  Current
                                 Dload  Upload   Total   Spent    Left  Speed
  0     0    0     0    0     0      0      0 --:--:-- --:--:-- --:--:--     0100  1904  100  1667  100   237   2389    339 --:--:-- --:--:-- --:--:--  2391
{
  "url": "https://api.github.com/repos/entando-k8s/entando-component-manager/statuses/fab87018e06685ccc88f2d3d80d5f74ff0bc44b3",
  "avatar_url": "https://avatars2.githubusercontent.com/u/57885396?v=4",
  "id": 11265966809,
  "node_id": "MDEzOlN0YXR1c0NvbnRleHQxMTI2NTk2NjgwOQ==",
  "state": "pending",
  "description": "No OWASP dependency check results produced by build!",
  "target_url": "https://entando-k8s.github.io/devops-results/entando-component-manager/PR-78/dependency-check-report.html",
  "context": "OWASP CVE",
  "created_at": "2020-11-05T13:33:04Z",
  "updated_at": "2020-11-05T13:33:04Z",
  "creator": {
    "login": "entando-**",
    "id": 57885396,
    "node_id": "MDQ6VXNlcjU3ODg1Mzk2",
    "avatar_url": "https://avatars2.githubusercontent.com/u/57885396?v=4",
    "gravatar_id": "",
    "url": "https://api.github.com/users/**********",
    "html_url": "https://github.com/**********",
    "followers_url": "https://api.github.com/users/entando-**/followers",
    "following_url": "https://api.github.com/users/**********/following{/other_user}",
    "gists_url": "https://api.github.com/users/**********/gists{/gist_id}",
    "starred_url": "https://api.github.com/users/**********/starred{/owner}{/repo}",
    "subscriptions_url": "https://api.github.com/users/**********/subscriptions",
    "organizations_url": "https://api.github.com/users/**********/orgs",
    "repos_url": "https://api.github.com/users/**********/repos",
    "events_url": "https://api.github.com/users/**********/events{/privacy}",
    "received_events_url": "https://api.github.com/users/**********/received_events",
    "type": "User",
    "site_*****": *****
  }
}
The following checks failed for entando-component-manager-PR-78:
No pre-deployment test results produced by build
Checkstyle
No OWASP dependency check results produced by build
[31m
Pipeline failed on stage 'from-build-pack' : container 'step-build-mvn-verify-pr'. The execution of the pipeline has stopped.[0m
