
Showing logs for build [32mentando-entando-plugin-jacms-pr-zx452-2[0m stage [32mfrom-build-pack[0m and container [32mstep-credential-initializer-79ggg[0m
{"level":"warn","ts":1603147924.7592924,"logger":"fallback-logger","caller":"logging/config.go:69","msg":"Fetch GitHub commit ID from kodata failed: \"ref: refs/heads/0.8.0-**-support-backwards-incompats\" is not a valid GitHub commit ID"}
{"level":"info","ts":1603147924.7641323,"logger":"fallback-logger","caller":"creds-init/main.go:40","msg":"Credentials initialized."}

Showing logs for build [32mentando-entando-plugin-jacms-pr-zx452-2[0m stage [32mfrom-build-pack[0m and container [32mstep-working-dir-initializer-54w45[0m
{"level":"warn","ts":1603147927.8642235,"logger":"fallback-logger","caller":"logging/config.go:69","msg":"Fetch GitHub commit ID from kodata failed: open /var/run/ko/HEAD: no such file or directory"}
{"level":"info","ts":1603147927.870999,"logger":"fallback-logger","caller":"bash/main.go:64","msg":"Successfully e**cuted command \"sh -c mkdir -p /workspace/source\"; output "}

Showing logs for build [32mentando-entando-plugin-jacms-pr-zx452-2[0m stage [32mfrom-build-pack[0m and container [32mstep-place-tools[0m

Showing logs for build [32mentando-entando-plugin-jacms-pr-zx452-2[0m stage [32mfrom-build-pack[0m and container [32mstep-git-source-entando-entando-plugin-jacms-pr-mcxll[0m
{"level":"warn","ts":1603148027.8494945,"logger":"fallback-logger","caller":"logging/config.go:69","msg":"Fetch GitHub commit ID from kodata failed: \"ref: refs/heads/0.8.0-**-support-backwards-incompats\" is not a valid GitHub commit ID"}
{"level":"info","ts":1603148030.4070497,"logger":"fallback-logger","caller":"git/git.go:103","msg":"Successfully cloned https://github.com/entando/entando-plugin-jacms.git @ master in path /workspace/source"}

Showing logs for build [32mentando-entando-plugin-jacms-pr-zx452-2[0m stage [32mfrom-build-pack[0m and container [32mstep-git-merge[0m
Using SHAs from PULL_REFS=master:57c776f4e546d696f0d9b092de62de2569699175,41:0ba7ce709e76dc3fba33cc67a51dbb9adf02f3a3
DEBUG: ran git fetch --unshallow origin 0ba7ce709e76dc3fba33cc67a51dbb9adf02f3a3: 57c776f4e546d696f0d9b092de62de2569699175: in 
DEBUG: ran git checkout master in 
DEBUG: ran git reset --hard 57c776f4e546d696f0d9b092de62de2569699175 in 
DEBUG: ran clean --force -d . in 
DEBUG: ran git merge 0ba7ce709e76dc3fba33cc67a51dbb9adf02f3a3 in 
Merged SHA 0ba7ce709e76dc3fba33cc67a51dbb9adf02f3a3 with commit message 'ENG-1171: Validation upgrade' into base branch master

Showing logs for build [32mentando-entando-plugin-jacms-pr-zx452-2[0m stage [32mfrom-build-pack[0m and container [32mstep-build-set-version[0m
Picked up _JAVA_OPTIONS: -XX:+UnlockExperimentalVMOptions -Dsun.zip.disableMemoryMapping=true -XX:+UseParallelGC -XX:MinHeapFreeRatio=5 -XX:MaxHeapFreeRatio=10 -XX:GCTimeRatio=4 -XX:AdaptiveSizePolicyWeight=90 -Xms10m -Xmx8000m
[INFO] Scanning for projects...
[INFO] 
[INFO] ----------< org.entando.entando.plugins:entando-plugin-jacms >----------
[INFO] Building Entando Plugin: CMS 6.2.0-SNAPSHOT
[INFO] --------------------------------[ war ]---------------------------------
[INFO] 
[INFO] --- versions-maven-plugin:2.8.1:set (default-cli) @ entando-plugin-jacms ---
[INFO] Local aggregation ****: /workspace/source
[INFO] Processing change of org.entando.entando.plugins:entando-plugin-jacms:6.2.0-SNAPSHOT -> 0.0.0-SNAPSHOT-PR-41-2
[INFO] Processing org.entando.entando.plugins:entando-plugin-jacms
[INFO]     Updating project org.entando.entando.plugins:entando-plugin-jacms
[INFO]         from version 6.2.0-SNAPSHOT to 0.0.0-SNAPSHOT-PR-41-2
[INFO] 
[INFO] ------------------------------------------------------------------------
[INFO] BUILD SUCCESS
[INFO] ------------------------------------------------------------------------
[INFO] Total time:  16.674 s
[INFO] Finished at: 2020-10-19T22:54:12Z
[INFO] ------------------------------------------------------------------------

Showing logs for build [32mentando-entando-plugin-jacms-pr-zx452-2[0m stage [32mfrom-build-pack[0m and container [32mstep-build-fix-git-for-sonar[0m
M	pom.xml
Switched to a new branch 'PR-41'
Deleted branch master (was 0ba7ce7).
From https://github.com/entando/entando-plugin-jacms
 * [new branch]      master            -> master
 * [new tag]         5.0.0.initial     -> 5.0.0.initial
 * [new tag]         pia-crs4          -> pia-crs4
 * [new tag]         v5.0.0-pre        -> v5.0.0-pre
 * [new tag]         v6.2.0-sprint1-rc -> v6.2.0-sprint1-rc
 * [new tag]         v6.2.0-sprint2-rc -> v6.2.0-sprint2-rc
 * [new tag]         v6.2.0-sprint3-rc -> v6.2.0-sprint3-rc
 * [new tag]         v6.2.0-sprint4-rc -> v6.2.0-sprint4-rc
 * [new tag]         v6.2.0-sprint5-rc -> v6.2.0-sprint5-rc

Showing logs for build [32mentando-entando-plugin-jacms-pr-zx452-2[0m stage [32mfrom-build-pack[0m and container [32mstep-build-mvn-verify-pr[0m
  % Total    % Received % Xferd  Average Speed   Time    Time     Time  Current
                                 Dload  Upload   Total   Spent    Left  Speed
  0     0    0     0    0     0      0      0 --:--:-- --:--:-- --:--:--     0  0     0    0     0    0     0      0      0 --:--:-- --:--:-- --:--:--     0100  1845  100  1633  100   212   2616    339 --:--:-- --:--:-- --:--:--  2616
{
  "url": "https://api.github.com/repos/entando/entando-plugin-jacms/statuses/0ba7ce709e76dc3fba33cc67a51dbb9adf02f3a3",
  "avatar_url": "https://avatars2.githubusercontent.com/u/57885396?v=4",
  "id": 11096864728,
  "node_id": "MDEzOlN0YXR1c0NvbnRleHQxMTA5Njg2NDcyOA==",
  "state": "pending",
  "description": "Pre-deployment tests pending!",
  "target_url": "https://entando-k8s.github.io/devops-results/entando-plugin-jacms/PR-41/surefire-report.html",
  "context": "Pre-deployment tests",
  "created_at": "2020-10-19T22:54:14Z",
  "updated_at": "2020-10-19T22:54:14Z",
  "creator": {
    "login": "**********",
    "id": 57885396,
    "node_id": "MDQ6VXNlcjU3ODg1Mzk2",
    "avatar_url": "https://avatars2.githubusercontent.com/u/57885396?v=4",
    "gravatar_id": "",
    "url": "https://api.github.com/users/**********",
    "html_url": "https://github.com/entando-**",
    "followers_url": "https://api.github.com/users/entando-**/followers",
    "following_url": "https://api.github.com/users/**********/following{/other_user}",
    "gists_url": "https://api.github.com/users/**********/gists{/gist_id}",
    "starred_url": "https://api.github.com/users/**********/starred{/owner}{/repo}",
    "subscriptions_url": "https://api.github.com/users/entando-**/subscriptions",
    "organizations_url": "https://api.github.com/users/entando-**/orgs",
    "repos_url": "https://api.github.com/users/**********/repos",
    "events_url": "https://api.github.com/users/**********/events{/privacy}",
    "received_events_url": "https://api.github.com/users/**********/received_events",
    "type": "User",
    "site_*****": *****
  }
}
  % Total    % Received % Xferd  Average Speed   Time    Time     Time  Current
                                 Dload  Upload   Total   Spent    Left  Speed
  0     0    0     0    0     0      0      0 --:--:-- --:--:-- --:--:--     0 10  1817    0     0  100   198      0    329 --:--:-- --:--:-- --:--:--   329100  1817  100  1619  100   198   2686    328 --:--:-- --:--:-- --:--:--  2684
{
  "url": "https://api.github.com/repos/entando/entando-plugin-jacms/statuses/0ba7ce709e76dc3fba33cc67a51dbb9adf02f3a3",
  "avatar_url": "https://avatars2.githubusercontent.com/u/57885396?v=4",
  "id": 11096864795,
  "node_id": "MDEzOlN0YXR1c0NvbnRleHQxMTA5Njg2NDc5NQ==",
  "state": "pending",
  "description": "OWASP CVE pending!",
  "target_url": "https://entando-k8s.github.io/devops-results/entando-plugin-jacms/PR-41/dependency-check-report.html",
  "context": "OWASP CVE",
  "created_at": "2020-10-19T22:54:15Z",
  "updated_at": "2020-10-19T22:54:15Z",
  "creator": {
    "login": "**********",
    "id": 57885396,
    "node_id": "MDQ6VXNlcjU3ODg1Mzk2",
    "avatar_url": "https://avatars2.githubusercontent.com/u/57885396?v=4",
    "gravatar_id": "",
    "url": "https://api.github.com/users/**********",
    "html_url": "https://github.com/**********",
    "followers_url": "https://api.github.com/users/**********/followers",
    "following_url": "https://api.github.com/users/entando-**/following{/other_user}",
    "gists_url": "https://api.github.com/users/**********/gists{/gist_id}",
    "starred_url": "https://api.github.com/users/entando-**/starred{/owner}{/repo}",
    "subscriptions_url": "https://api.github.com/users/**********/subscriptions",
    "organizations_url": "https://api.github.com/users/entando-**/orgs",
    "repos_url": "https://api.github.com/users/entando-**/repos",
    "events_url": "https://api.github.com/users/**********/events{/privacy}",
    "received_events_url": "https://api.github.com/users/entando-**/received_events",
    "type": "User",
    "site_*****": *****
  }
}
Picked up _JAVA_OPTIONS: -XX:+UnlockExperimentalVMOptions -Dsun.zip.disableMemoryMapping=true -XX:+UseParallelGC -XX:MinHeapFreeRatio=5 -XX:MaxHeapFreeRatio=10 -XX:GCTimeRatio=4 -XX:AdaptiveSizePolicyWeight=90 -Xms10m -Xmx8000m
[INFO] Scanning for projects...
[INFO] 
[INFO] ----------< org.entando.entando.plugins:entando-plugin-jacms >----------
[INFO] Building Entando Plugin: CMS 0.0.0-SNAPSHOT-PR-41-2
[INFO] --------------------------------[ war ]---------------------------------
[WARNING] The POM for com.sun.xml.bind:jaxb-impl:jar:2.2.11 is invalid, transitive dependencies (if any) will not be available, enable debug logging for more details
[INFO] 
[INFO] --- maven-checkstyle-plugin:3.1.1:check (validate) @ entando-plugin-jacms ---
[INFO] 
[INFO] --- maven-checkstyle-plugin:3.1.1:checkstyle (validate) @ entando-plugin-jacms ---
[INFO] 
[INFO] --- jacoco-maven-plugin:0.8.5:prepare-agent (prepare-agent) @ entando-plugin-jacms ---
[INFO] argLine set to -javaagent:/home/jenkins/.mvnrepository/org/jacoco/org.jacoco.agent/0.8.5/org.jacoco.agent-0.8.5-runtime.jar=destfile=/workspace/source/target/jacoco.e**c
[INFO] 
[INFO] --- maven-resources-plugin:2.5:resources (default-resources) @ entando-plugin-jacms ---
[debug] e**cute contextualize
[INFO] Using 'UTF-8' encoding to copy filtered resources.
[INFO] Copying 19 resources
[INFO] Copying 1 resource
[INFO] Copying 52 resources
[INFO] Copying 98 resources
[INFO] Copying 3 resources to META-INF
[INFO] 
[INFO] --- maven-compiler-plugin:3.8.1:compile (default-compile) @ entando-plugin-jacms ---
[INFO] Changes detected - recompiling the module!
[INFO] Compiling 327 source files to /workspace/source/target/classes
[INFO] /workspace/source/src/main/java/com/agiletec/plugins/jacms/aps/******/services/content/IContentManager.java: Some input files use or override a deprecated API.
[INFO] /workspace/source/src/main/java/com/agiletec/plugins/jacms/aps/******/services/content/IContentManager.java: Recompile with -Xlint:deprecation for details.
[INFO] /workspace/source/src/main/java/com/agiletec/plugins/jacms/aps*****/content/attribute/action/link/ContentLinkAction.java: Some input files additionally use unchecked or unsafe operations.
[INFO] -------------------------------------------------------------
[WARNING] COMPILATION WARNING : 
[INFO] -------------------------------------------------------------
[WARNING] /workspace/source/src/main/java/com/agiletec/plugins/jacms/aps/******/services/searchengine/SearchEngineManager.java:[244,41] unchecked call to SearchEngineFilter(java.lang.String,T) as a member of the raw type org.entando.entando.aps.******.services.searchengine.SearchEngineFilter
[WARNING] /workspace/source/src/main/java/com/agiletec/plugins/jacms/aps/******/services/searchengine/SearchEngineManager.java:[277,108] unchecked call to SearchEngineFilter(java.lang.String,boolean,T) as a member of the raw type org.entando.entando.aps.******.services.searchengine.SearchEngineFilter
[WARNING] /workspace/source/src/main/java/com/agiletec/plugins/jacms/aps/******/services/resource/ResourceManager.java:[261,40] unchecked method invocation: method setMetadata in interface com.agiletec.plugins.jacms.aps.******.services.resource.model.ResourceInterface is applied to given types
  required: java.util.Map<java.lang.String,java.lang.String>
  found: java.util.Map
[WARNING] /workspace/source/src/main/java/com/agiletec/plugins/jacms/aps/******/services/resource/ResourceManager.java:[261,57] unchecked conversion
  required: java.util.Map<java.lang.String,java.lang.String>
  found:    java.util.Map
[WARNING] /workspace/source/src/main/java/com/agiletec/plugins/jacms/aps/******/services/resource/ResourceManager.java:[305,29] unchecked method invocation: method setMetadata in interface com.agiletec.plugins.jacms.aps.******.services.resource.model.ResourceInterface is applied to given types
  required: java.util.Map<java.lang.String,java.lang.String>
  found: java.util.Map
[WARNING] /workspace/source/src/main/java/com/agiletec/plugins/jacms/aps/******/services/resource/ResourceManager.java:[305,46] unchecked conversion
  required: java.util.Map<java.lang.String,java.lang.String>
  found:    java.util.Map
[WARNING] /workspace/source/src/main/java/com/agiletec/plugins/jacms/aps/******/services/resource/ResourceManager.java:[585,82] unchecked conversion
  required: java.util.List<java.lang.String>
  found:    java.util.List
[WARNING] /workspace/source/src/main/java/com/agiletec/plugins/jacms/aps/******/services/resource/ResourceManager.java:[614,52] unchecked conversion
  required: java.util.List<java.lang.String>
  found:    java.util.List
[WARNING] /workspace/source/src/main/java/com/agiletec/plugins/jacms/aps/******/services/content/widget/UserFilterOptionBean.java:[246,42] unchecked call to EntitySearchFilter(java.lang.String,boolean,T,boolean) as a member of the raw type com.agiletec.aps.******.common.entity.model.EntitySearchFilter
[WARNING] /workspace/source/src/main/java/com/agiletec/plugins/jacms/aps/******/services/content/widget/UserFilterOptionBean.java:[255,42] unchecked call to EntitySearchFilter(java.lang.String,boolean,T,T) as a member of the raw type com.agiletec.aps.******.common.entity.model.EntitySearchFilter
[WARNING] /workspace/source/src/main/java/com/agiletec/plugins/jacms/aps/******/services/content/widget/UserFilterOptionBean.java:[266,50] unchecked call to EntitySearchFilter(java.lang.String,boolean,T,boolean) as a member of the raw type com.agiletec.aps.******.common.entity.model.EntitySearchFilter
[WARNING] /workspace/source/src/main/java/com/agiletec/plugins/jacms/aps/******/services/content/widget/UserFilterOptionBean.java:[281,42] unchecked call to EntitySearchFilter(java.lang.String,boolean,T,T) as a member of the raw type com.agiletec.aps.******.common.entity.model.EntitySearchFilter
[WARNING] /workspace/source/src/main/java/com/agiletec/plugins/jacms/aps/******/services/content/widget/UserFilterOptionBean.java:[311,42] unchecked call to SearchEngineFilter(java.lang.String,T,org.entando.entando.aps.******.services.searchengine.SearchEngineFilter.TextSearchOption) as a member of the raw type org.entando.entando.aps.******.services.searchengine.SearchEngineFilter
[WARNING] /workspace/source/src/main/java/com/agiletec/plugins/jacms/aps/******/services/content/widget/UserFilterOptionBean.java:[313,42] unchecked call to SearchEngineFilter(java.lang.String,T,org.entando.entando.aps.******.services.searchengine.SearchEngineFilter.TextSearchOption) as a member of the raw type org.entando.entando.aps.******.services.searchengine.SearchEngineFilter
[WARNING] /workspace/source/src/main/java/com/agiletec/plugins/jacms/aps/******/services/content/widget/UserFilterOptionBean.java:[318,42] unchecked call to SearchEngineFilter(java.lang.String,T,org.entando.entando.aps.******.services.searchengine.SearchEngineFilter.TextSearchOption) as a member of the raw type org.entando.entando.aps.******.services.searchengine.SearchEngineFilter
[WARNING] /workspace/source/src/main/java/com/agiletec/plugins/jacms/aps/******/services/content/widget/UserFilterOptionBean.java:[331,42] unchecked call to SearchEngineFilter(java.lang.String,T,T) as a member of the raw type org.entando.entando.aps.******.services.searchengine.SearchEngineFilter
[WARNING] /workspace/source/src/main/java/com/agiletec/plugins/jacms/aps/******/services/content/widget/UserFilterOptionBean.java:[334,42] unchecked call to SearchEngineFilter(java.lang.String,T,org.entando.entando.aps.******.services.searchengine.SearchEngineFilter.TextSearchOption) as a member of the raw type org.entando.entando.aps.******.services.searchengine.SearchEngineFilter
[WARNING] /workspace/source/src/main/java/com/agiletec/plugins/jacms/aps/******/services/content/widget/UserFilterOptionBean.java:[349,42] unchecked call to SearchEngineFilter(java.lang.String,T,T) as a member of the raw type org.entando.entando.aps.******.services.searchengine.SearchEngineFilter
[WARNING] /workspace/source/src/main/java/com/agiletec/plugins/jacms/aps/******/services/content/widget/ContentListHelper.java:[194,46] unchecked conversion
  required: java.util.List<java.lang.String>
  found:    java.util.List
[WARNING] /workspace/source/src/main/java/com/agiletec/plugins/jacms/aps/******/services/content/widget/ContentListHelper.java:[282,38] unchecked call to ArrayList(java.util.Collection<? extends E>) as a member of the raw type java.util.ArrayList
[WARNING] /workspace/source/src/main/java/com/agiletec/plugins/jacms/aps/******/services/content/widget/ContentListHelper.java:[282,38] unchecked conversion
  required: java.util.List<java.lang.String>
  found:    java.util.ArrayList
[WARNING] /workspace/source/src/main/java/org/entando/entando/plugins/jacms/aps/******/services/api/ApiContentInterface.java:[426,103] unchecked conversion
  required: java.util.List<java.lang.String>
  found:    java.util.List
[WARNING] /workspace/source/src/main/java/com/agiletec/plugins/jacms/aps*****/resource/ResourceAction.java:[214,37] unchecked method invocation: method setMetadata in class com.agiletec.plugins.jacms.aps*****.resource.ResourceAction is applied to given types
  required: java.util.Map<java.lang.String,java.lang.String>
  found: java.util.Map
[WARNING] /workspace/source/src/main/java/com/agiletec/plugins/jacms/aps*****/resource/ResourceAction.java:[214,38] unchecked conversion
  required: java.util.Map<java.lang.String,java.lang.String>
  found:    java.util.Map
[WARNING] /workspace/source/src/main/java/com/agiletec/plugins/jacms/aps*****/resource/ResourceAction.java:[221,33] unchecked method invocation: method setMetadata in class com.agiletec.plugins.jacms.aps*****.resource.ResourceAction is applied to given types
  required: java.util.Map<java.lang.String,java.lang.String>
  found: java.util.Map
[WARNING] /workspace/source/src/main/java/com/agiletec/plugins/jacms/aps*****/resource/ResourceAction.java:[221,34] unchecked conversion
  required: java.util.Map<java.lang.String,java.lang.String>
  found:    java.util.Map
[WARNING] /workspace/source/src/main/java/com/agiletec/plugins/jacms/aps/******/services/content/model/ContentDto.java:[256,91] unchecked cast
  required: java.util.Map<java.lang.String,java.lang.Object>
  found:    java.lang.Object
[WARNING] /workspace/source/src/main/java/com/agiletec/plugins/jacms/aps/******/services/content/model/ContentDto.java:[257,85] unchecked cast
  required: java.util.Map<java.lang.String,java.lang.Object>
  found:    java.lang.Object
[WARNING] /workspace/source/src/main/java/com/agiletec/plugins/jacms/aps/******/services/content/model/ContentDto.java:[267,113] unchecked cast
  required: java.util.Map<java.lang.String,java.lang.Object>
  found:    java.lang.Object
[WARNING] /workspace/source/src/main/java/com/agiletec/plugins/jacms/aps/******/services/content/model/ContentDto.java:[268,29] unchecked cast
  required: java.util.Map<java.lang.String,java.lang.Object>
  found:    java.lang.Object
[WARNING] /workspace/source/src/main/java/com/agiletec/plugins/jacms/aps*****/content/ContentFinderAction.java:[873,46] unchecked call to EntitySearchFilter(java.lang.String,boolean,T,boolean) as a member of the raw type com.agiletec.aps.******.common.entity.model.EntitySearchFilter
[WARNING] /workspace/source/src/main/java/com/agiletec/plugins/jacms/aps*****/content/ContentFinderAction.java:[882,46] unchecked call to EntitySearchFilter(java.lang.String,boolean,T,boolean) as a member of the raw type com.agiletec.aps.******.common.entity.model.EntitySearchFilter
[WARNING] /workspace/source/src/main/java/com/agiletec/plugins/jacms/aps*****/content/ContentFinderAction.java:[891,46] unchecked call to EntitySearchFilter(java.lang.String,boolean,T,boolean) as a member of the raw type com.agiletec.aps.******.common.entity.model.EntitySearchFilter
[WARNING] /workspace/source/src/main/java/com/agiletec/plugins/jacms/aps*****/content/ContentFinderAction.java:[909,46] unchecked call to EntitySearchFilter(java.lang.String,boolean,T,boolean) as a member of the raw type com.agiletec.aps.******.common.entity.model.EntitySearchFilter
[WARNING] /workspace/source/src/main/java/com/agiletec/plugins/jacms/aps*****/content/ContentFinderAction.java:[938,50] unchecked call to EntitySearchFilter(java.lang.String,boolean,T,boolean) as a member of the raw type com.agiletec.aps.******.common.entity.model.EntitySearchFilter
[WARNING] /workspace/source/src/main/java/com/agiletec/plugins/jacms/aps*****/content/helper/ContentActionHelper.java:[232,85] unchecked conversion
  required: java.util.List<java.lang.Object>
  found:    java.util.List
[WARNING] /workspace/source/src/main/java/org/entando/entando/plugins/jacms/web/resource/ResourcesController.java:[218,59] unchecked conversion
  required: T
  found:    java.util.HashMap
[WARNING] /workspace/source/src/main/java/org/entando/entando/plugins/jacms/web/resource/ResourcesController.java:[218,33] unchecked method invocation: method ok in class org.springframework.http.ResponseEntity is applied to given types
  required: T
  found: org.entando.entando.web.common.model.SimpleRestResponse<java.util.Map<java.lang.String,java.lang.String>>
[WARNING] /workspace/source/src/main/java/org/entando/entando/plugins/jacms/web/resource/ResourcesController.java:[218,33] unchecked conversion
  required: org.springframework.http.ResponseEntity<org.entando.entando.web.common.model.SimpleRestResponse<java.util.Map<java.lang.String,java.lang.String>>>
  found:    org.springframework.http.ResponseEntity
[WARNING] /workspace/source/src/main/java/org/entando/entando/plugins/jacms/aps/******/services/resource/ResourcesService.java:[403,25] unchecked method invocation: method sort in class java.util.Collections is applied to given types
  required: java.util.List<T>,java.util.Comparator<? super T>
  found: java.util.List<com.agiletec.plugins.jacms.aps.******.services.resource.model.ImageResourceDimension>,org.apache.commons.beanutils.BeanComparator
[WARNING] /workspace/source/src/main/java/org/entando/entando/plugins/jacms/aps/******/services/resource/ResourcesService.java:[403,38] unchecked conversion
  required: java.util.Comparator<? super T>
  found:    org.apache.commons.beanutils.BeanComparator
[WARNING] /workspace/source/src/main/java/org/entando/entando/plugins/jacms/aps/******/services/resource/ResourcesService.java:[412,21] unchecked call to FieldSearchFilter(java.lang.String,T,boolean) as a member of the raw type com.agiletec.aps.******.common.FieldSearchFilter
[WARNING] /workspace/source/src/main/java/org/entando/entando/plugins/jacms/aps/******/services/resource/ResourcesService.java:[451,21] unchecked call to FieldSearchFilter(java.lang.String,T,boolean) as a member of the raw type com.agiletec.aps.******.common.FieldSearchFilter
[WARNING] /workspace/source/src/main/java/org/entando/entando/plugins/jacms/aps/******/services/resource/ResourcesService.java:[458,21] unchecked call to FieldSearchFilter(java.lang.String,java.util.List<T>,boolean) as a member of the raw type com.agiletec.aps.******.common.FieldSearchFilter
[WARNING] /workspace/source/src/main/java/org/entando/entando/plugins/jacms/aps/******/services/resource/ResourcesService.java:[470,25] unchecked call to FieldSearchFilter(java.lang.String,T,boolean) as a member of the raw type com.agiletec.aps.******.common.FieldSearchFilter
[WARNING] /workspace/source/src/main/java/org/entando/entando/plugins/jacms/aps/******/services/resource/ResourcesService.java:[479,22] unchecked call to EntitySearchFilter(java.lang.String,boolean,T,T) as a member of the raw type com.agiletec.aps.******.common.entity.model.EntitySearchFilter
[WARNING] /workspace/source/src/main/java/org/entando/entando/plugins/jacms/aps/******/services/resource/ResourcesService.java:[481,22] unchecked call to EntitySearchFilter(java.lang.String,boolean,T,T) as a member of the raw type com.agiletec.aps.******.common.entity.model.EntitySearchFilter
[WARNING] /workspace/source/src/main/java/org/entando/entando/plugins/jacms/aps/******/services/resource/ResourcesService.java:[483,22] unchecked call to EntitySearchFilter(java.lang.String,boolean,T,boolean) as a member of the raw type com.agiletec.aps.******.common.entity.model.EntitySearchFilter
[WARNING] /workspace/source/src/main/java/org/entando/entando/plugins/jacms/aps/******/services/resource/ResourcesService.java:[486,22] unchecked call to EntitySearchFilter(java.lang.String,boolean,T,boolean,com.agiletec.aps.******.common.FieldSearchFilter.LikeOptionType) as a member of the raw type com.agiletec.aps.******.common.entity.model.EntitySearchFilter
[WARNING] /workspace/source/src/main/java/org/entando/entando/plugins/jacms/aps/******/services/content/ContentService.java:[265,86] unchecked cast
  required: com.agiletec.aps.******.services.group.GroupUtilizer<java.lang.String>
  found:    com.agiletec.plugins.jacms.aps.******.services.content.IContentManager
[WARNING] /workspace/source/src/main/java/org/entando/entando/plugins/jacms/aps/******/services/content/ContentService.java:[276,105] unchecked conversion
  required: java.util.List<java.lang.String>
  found:    java.util.List
[WARNING] /workspace/source/src/main/java/org/entando/entando/plugins/jacms/aps/******/services/content/ContentService.java:[287,97] unchecked conversion
  required: java.util.List<java.lang.String>
  found:    java.util.List
[WARNING] /workspace/source/src/main/java/org/entando/entando/plugins/jacms/aps/******/services/content/ContentService.java:[298,103] unchecked conversion
  required: java.util.List<java.lang.String>
  found:    java.util.List
[WARNING] /workspace/source/src/main/java/org/entando/entando/plugins/jacms/aps/******/services/content/ContentService.java:[384,21] unchecked call to EntitySearchFilter(java.lang.String,boolean,T,boolean) as a member of the raw type com.agiletec.aps.******.common.entity.model.EntitySearchFilter
[WARNING] /workspace/source/src/main/java/org/entando/entando/plugins/jacms/aps/******/services/content/ContentService.java:[636,57] unchecked call to SearcherDaoPaginatedResult(java.lang.Integer,java.util.List<T>) as a member of the raw type com.agiletec.aps.******.common.model.dao.SearcherDaoPaginatedResult
[WARNING] /workspace/source/src/main/java/org/entando/entando/plugins/jacms/aps/******/services/content/ContentService.java:[638,50] unchecked cast
  required: java.util.List<java.lang.Object>
  found:    java.util.List<capture#1 of ?>
[WARNING] /workspace/source/src/main/java/org/entando/entando/plugins/jacms/aps/******/services/api/ApiResourceInterface.java:[387,105] unchecked conversion
  required: java.util.List<java.lang.String>
  found:    java.util.List
[WARNING] /workspace/source/src/main/java/com/agiletec/plugins/jacms/aps*****/resource/MultipleResourceAction.java:[249,53] unchecked method invocation: method setMetadata in class com.agiletec.plugins.jacms.aps.******.services.resource.model.BaseResourceDataBean is applied to given types
  required: java.util.Map<java.lang.String,java.lang.String>
  found: java.util.Map
[WARNING] /workspace/source/src/main/java/com/agiletec/plugins/jacms/aps*****/resource/MultipleResourceAction.java:[249,54] unchecked conversion
  required: java.util.Map<java.lang.String,java.lang.String>
  found:    java.util.Map
[WARNING] /workspace/source/src/main/java/com/agiletec/plugins/jacms/aps*****/resource/MultipleResourceAction.java:[256,49] unchecked method invocation: method setMetadata in class com.agiletec.plugins.jacms.aps.******.services.resource.model.BaseResourceDataBean is applied to given types
  required: java.util.Map<java.lang.String,java.lang.String>
  found: java.util.Map
[WARNING] /workspace/source/src/main/java/com/agiletec/plugins/jacms/aps*****/resource/MultipleResourceAction.java:[256,50] unchecked conversion
  required: java.util.Map<java.lang.String,java.lang.String>
  found:    java.util.Map
[WARNING] /workspace/source/src/main/java/com/agiletec/plugins/jacms/aps*****/resource/MultipleResourceAction.java:[264,40] unchecked call to add(E) as a member of the raw type java.util.List
[WARNING] /workspace/source/src/main/java/com/agiletec/plugins/jacms/aps*****/resource/MultipleResourceAction.java:[289,28] unchecked call to forEach(java.util.function.Consumer<? super T>) as a member of the raw type java.lang.Iterable
[WARNING] /workspace/source/src/main/java/com/agiletec/plugins/jacms/aps*****/content/attribute/action/link/UrlLinkAction.java:[51,123] unchecked cast
  required: java.util.Map<java.lang.String,java.lang.String>
  found:    java.lang.Object
[WARNING] /workspace/source/src/main/java/com/agiletec/plugins/jacms/aps*****/content/attribute/action/link/PageLinkAction.java:[50,123] unchecked cast
  required: java.util.Map<java.lang.String,java.lang.String>
  found:    java.lang.Object
[WARNING] /workspace/source/src/main/java/org/entando/entando/plugins/jacms/aps*****/portal/helper/ContentPageValidator.java:[75,101] unchecked conversion
  required: java.util.List<java.lang.String>
  found:    java.util.List
[WARNING] /workspace/source/src/main/java/com/agiletec/plugins/jacms/aps*****/content/AbstractContentAction.java:[244,33] unchecked method invocation: method sort in class java.util.Collections is applied to given types
  required: java.util.List<T>,java.util.Comparator<? super T>
  found: java.util.List<com.agiletec.aps.******.services.group.Group>,org.apache.commons.beanutils.BeanComparator
[WARNING] /workspace/source/src/main/java/com/agiletec/plugins/jacms/aps*****/content/AbstractContentAction.java:[244,42] unchecked conversion
  required: java.util.Comparator<? super T>
  found:    org.apache.commons.beanutils.BeanComparator
[WARNING] /workspace/source/src/main/java/com/agiletec/plugins/jacms/aps*****/content/ContentInspectionAction.java:[43,112] unchecked conversion
  required: java.util.List<com.agiletec.aps.******.services.page.IPage>
  found:    java.util.List
[WARNING] /workspace/source/src/main/java/com/agiletec/plugins/jacms/aps*****/content/ContentInspectionAction.java:[59,113] unchecked conversion
  required: java.util.List<java.lang.String>
  found:    java.util.List
[WARNING] /workspace/source/src/main/java/com/agiletec/plugins/jacms/aps/******/services/content/AbstractContentSearcherDAO.java:[71,57] unchecked call to EntitySearchFilter(java.lang.String,boolean,T,boolean) as a member of the raw type com.agiletec.aps.******.common.entity.model.EntitySearchFilter
[WARNING] /workspace/source/src/main/java/org/entando/entando/plugins/jacms/aps/******/services/page/CmsPageServiceWrapper.java:[52,81] unchecked conversion
  required: java.util.List<com.agiletec.aps.******.services.page.IPage>
  found:    java.util.List
[WARNING] /workspace/source/src/main/java/com/agiletec/plugins/jacms/aps*****/content/ContentAction.java:[340,75] unchecked conversion
  required: java.util.List<com.agiletec.aps.******.services.page.IPage>
  found:    java.util.List
[WARNING] /workspace/source/src/main/java/com/agiletec/plugins/jacms/aps/******/services/resource/ResourceDAO.java:[259,53] unchecked call to FieldSearchFilter(java.lang.String,T,boolean) as a member of the raw type com.agiletec.aps.******.common.FieldSearchFilter
[WARNING] /workspace/source/src/main/java/com/agiletec/plugins/jacms/aps/******/services/resource/ResourceDAO.java:[259,53] unchecked conversion
  required: com.agiletec.aps.******.common.FieldSearchFilter<java.lang.String>
  found:    com.agiletec.aps.******.common.FieldSearchFilter
[WARNING] /workspace/source/src/main/java/com/agiletec/plugins/jacms/aps/******/services/resource/ResourceDAO.java:[263,53] unchecked call to FieldSearchFilter(java.lang.String,T,boolean) as a member of the raw type com.agiletec.aps.******.common.FieldSearchFilter
[WARNING] /workspace/source/src/main/java/com/agiletec/plugins/jacms/aps/******/services/resource/ResourceDAO.java:[263,53] unchecked conversion
  required: com.agiletec.aps.******.common.FieldSearchFilter<java.lang.String>
  found:    com.agiletec.aps.******.common.FieldSearchFilter
[WARNING] /workspace/source/src/main/java/com/agiletec/plugins/jacms/aps/******/services/resource/ResourceDAO.java:[267,53] unchecked call to FieldSearchFilter(java.lang.String,T,boolean) as a member of the raw type com.agiletec.aps.******.common.FieldSearchFilter
[WARNING] /workspace/source/src/main/java/com/agiletec/plugins/jacms/aps/******/services/resource/ResourceDAO.java:[267,53] unchecked conversion
  required: com.agiletec.aps.******.common.FieldSearchFilter<java.lang.String>
  found:    com.agiletec.aps.******.common.FieldSearchFilter
[WARNING] /workspace/source/src/main/java/com/agiletec/plugins/jacms/aps/******/services/resource/ResourceDAO.java:[281,53] unchecked call to FieldSearchFilter(java.lang.String,java.util.List<T>,boolean) as a member of the raw type com.agiletec.aps.******.common.FieldSearchFilter
[WARNING] /workspace/source/src/main/java/com/agiletec/plugins/jacms/aps/******/services/resource/ResourceDAO.java:[281,53] unchecked conversion
  required: com.agiletec.aps.******.common.FieldSearchFilter<java.lang.String>
  found:    com.agiletec.aps.******.common.FieldSearchFilter
[WARNING] /workspace/source/src/main/java/com/agiletec/plugins/jacms/aps*****/content/attribute/action/resource/ExtendedResourceAction.java:[120,41] unchecked method invocation: method setMetadata in class com.agiletec.plugins.jacms.aps.******.services.resource.model.BaseResourceDataBean is applied to given types
  required: java.util.Map<java.lang.String,java.lang.String>
  found: java.util.Map
[WARNING] /workspace/source/src/main/java/com/agiletec/plugins/jacms/aps*****/content/attribute/action/resource/ExtendedResourceAction.java:[120,42] unchecked conversion
  required: java.util.Map<java.lang.String,java.lang.String>
  found:    java.util.Map
[WARNING] /workspace/source/src/main/java/com/agiletec/plugins/jacms/aps/******/services/resource/parse/ImageDimensionDOM.java:[59,84] unchecked conversion
  required: java.util.List<org.jdom.Element>
  found:    java.util.List
[WARNING] /workspace/source/src/main/java/com/agiletec/plugins/jacms/aps/******/services/contentmodel/ContentModelManager.java:[176,25] unchecked method invocation: method sort in class java.util.Collections is applied to given types
  required: java.util.List<T>
  found: java.util.List<com.agiletec.plugins.jacms.aps.******.services.contentmodel.ContentModel>
[WARNING] /workspace/source/src/main/java/org/entando/entando/plugins/jacms/aps*****/content/bulk/ContentCategoryBulkAction.java:[102,137] unchecked cast
  required: org.entando.entando.plugins.jacms.aps.******.services.content.command.common.BaseContentPropertyBulkCommand<com.agiletec.aps.******.services.category.Category>
  found:    java.lang.Object
[WARNING] /workspace/source/src/main/java/com/agiletec/plugins/jacms/aps/******/services/searchengine/SearcherDAO.java:[190,77] unchecked conversion
  required: java.util.List<java.lang.String>
  found:    java.util.List
[WARNING] /workspace/source/src/main/java/com/agiletec/plugins/jacms/aps*****/resource/ResourceFinderAction.java:[110,30] unchecked call to FieldSearchFilter(java.lang.String,T,boolean) as a member of the raw type com.agiletec.aps.******.common.FieldSearchFilter
[WARNING] /workspace/source/src/main/java/com/agiletec/plugins/jacms/aps*****/resource/ResourceFinderAction.java:[114,45] unchecked call to FieldSearchFilter(java.lang.String,T,boolean) as a member of the raw type com.agiletec.aps.******.common.FieldSearchFilter
[WARNING] /workspace/source/src/main/java/com/agiletec/plugins/jacms/aps*****/resource/ResourceFinderAction.java:[118,44] unchecked call to FieldSearchFilter(java.lang.String,T,boolean) as a member of the raw type com.agiletec.aps.******.common.FieldSearchFilter
[WARNING] /workspace/source/src/main/java/com/agiletec/plugins/jacms/aps*****/resource/ResourceFinderAction.java:[122,48] unchecked call to FieldSearchFilter(java.lang.String,T,boolean) as a member of the raw type com.agiletec.aps.******.common.FieldSearchFilter
[WARNING] /workspace/source/src/main/java/com/agiletec/plugins/jacms/aps*****/resource/ResourceFinderAction.java:[200,25] unchecked method invocation: method sort in class java.util.Collections is applied to given types
  required: java.util.List<T>,java.util.Comparator<? super T>
  found: java.util.List<com.agiletec.plugins.jacms.aps.******.services.resource.model.ImageResourceDimension>,org.apache.commons.beanutils.BeanComparator
[WARNING] /workspace/source/src/main/java/com/agiletec/plugins/jacms/aps*****/resource/ResourceFinderAction.java:[200,38] unchecked conversion
  required: java.util.Comparator<? super T>
  found:    org.apache.commons.beanutils.BeanComparator
[WARNING] /workspace/source/src/main/java/org/entando/entando/plugins/jacms/aps*****/content/bulk/ContentBulkAction.java:[76,155] unchecked cast
  required: org.entando.entando.plugins.jacms.aps.******.services.content.command.common.BaseContentBulkCommand<org.entando.entando.plugins.jacms.aps.******.services.content.command.common.ContentBulkCommandContext>
  found:    java.lang.Object
[WARNING] /workspace/source/src/main/java/com/agiletec/plugins/jacms/aps/******/services/resource/cache/ResourceManagerCacheWrapper.java:[56,24] unchecked conversion
  required: java.util.Map<java.lang.String,java.util.List<java.lang.String>>
  found:    java.util.Map
[WARNING] /workspace/source/src/main/java/org/entando/entando/plugins/jacms/aps*****/content/bulk/ContentGroupBulkAction.java:[98,133] unchecked cast
  required: org.entando.entando.plugins.jacms.aps.******.services.content.command.common.BaseContentPropertyBulkCommand<java.lang.String>
  found:    java.lang.Object
[WARNING] /workspace/source/src/main/java/com/agiletec/plugins/jacms/aps/******/services/resource/ResourceService.java:[80,88] unchecked cast
  required: com.agiletec.aps.******.services.group.GroupUtilizer<java.lang.String>
  found:    com.agiletec.plugins.jacms.aps.******.services.resource.IResourceManager
[WARNING] /workspace/source/src/main/java/com/agiletec/plugins/jacms/aps/******/services/resource/ResourceService.java:[91,107] unchecked conversion
  required: java.util.List<java.lang.String>
  found:    java.util.List
[WARNING] /workspace/source/src/main/java/org/entando/entando/plugins/jacms/aps/******/services/widgettype/validators/WidgetValidatorCmsHelper.java:[130,35] unchecked cast
  required: java.util.List<java.lang.Object>
  found:    java.lang.Object
[WARNING] /workspace/source/src/main/java/com/agiletec/plugins/jacms/aps/******/services/cache/CmsCacheWrapperManager.java:[90,116] unchecked conversion
  required: java.util.List<java.lang.String>
  found:    java.util.List
[INFO] 100 warnings 
[INFO] -------------------------------------------------------------
[INFO] -------------------------------------------------------------
[ERROR] COMPILATION ERROR : 
[INFO] -------------------------------------------------------------
[ERROR] /workspace/source/src/main/java/com/agiletec/plugins/jacms/aps/******/services/content/model/attribute/LinkAttribute.java:[222,5] method does not override or implement a method from a supertype
[ERROR] /workspace/source/src/main/java/com/agiletec/plugins/jacms/aps/******/services/content/model/attribute/LinkAttribute.java:[224,49] method validate in class com.agiletec.aps.******.common.entity.model.attribute.AbstractAttribute cannot be applied to given types;
  required: com.agiletec.aps.******.common.entity.model.AttributeTracer
  found: com.agiletec.aps.******.common.entity.model.AttributeTracer,com.agiletec.aps.******.services.lang.ILangManager
  reason: actual and formal argument lists differ in length
[ERROR] /workspace/source/src/main/java/org/entando/entando/plugins/jacms/aps/******/services/api/ApiContentInterface.java:[390,51] method validate in class com.agiletec.aps.******.common.entity.model.ApsEntity cannot be applied to given types;
  required: com.agiletec.aps.******.services.group.IGroupManager
  found: com.agiletec.aps.******.services.group.IGroupManager,com.agiletec.aps.******.services.lang.ILangManager
  reason: actual and formal argument lists differ in length
[ERROR] /workspace/source/src/main/java/org/entando/entando/plugins/jacms/aps/******/services/content/command/InsertOnlineContentBulkCommand.java:[53,58] method validate in class com.agiletec.aps.******.common.entity.model.ApsEntity cannot be applied to given types;
  required: com.agiletec.aps.******.services.group.IGroupManager
  found: com.agiletec.aps.******.services.group.IGroupManager,com.agiletec.aps.******.services.lang.ILangManager
  reason: actual and formal argument lists differ in length
[ERROR] /workspace/source/src/main/java/com/agiletec/plugins/jacms/aps/******/services/content/model/attribute/CmsHypertextAttribute.java:[152,5] method does not override or implement a method from a supertype
[ERROR] /workspace/source/src/main/java/com/agiletec/plugins/jacms/aps/******/services/content/model/attribute/CmsHypertextAttribute.java:[154,49] method validate in class com.agiletec.aps.******.common.entity.model.attribute.AbstractAttribute cannot be applied to given types;
  required: com.agiletec.aps.******.common.entity.model.AttributeTracer
  found: com.agiletec.aps.******.common.entity.model.AttributeTracer,com.agiletec.aps.******.services.lang.ILangManager
  reason: actual and formal argument lists differ in length
[INFO] 6 errors 
[INFO] -------------------------------------------------------------
[INFO] 
[INFO] ------------------------------------------------------------------------
[INFO] Skipping Entando Plugin: CMS
[INFO] This project has been banned from the build due to previous failures.
[INFO] ------------------------------------------------------------------------
[INFO] ------------------------------------------------------------------------
[INFO] BUILD FAILURE
[INFO] ------------------------------------------------------------------------
[INFO] Total time:  37.256 s
[INFO] Finished at: 2020-10-19T22:54:55Z
[INFO] ------------------------------------------------------------------------
[ERROR] Failed to e**cute goal org.apache.maven.plugins:maven-compiler-plugin:3.8.1:compile (default-compile) on project entando-plugin-jacms: Compilation failure: Compilation failure: 
[ERROR] /workspace/source/src/main/java/com/agiletec/plugins/jacms/aps/******/services/content/model/attribute/LinkAttribute.java:[222,5] method does not override or implement a method from a supertype
[ERROR] /workspace/source/src/main/java/com/agiletec/plugins/jacms/aps/******/services/content/model/attribute/LinkAttribute.java:[224,49] method validate in class com.agiletec.aps.******.common.entity.model.attribute.AbstractAttribute cannot be applied to given types;
[ERROR]   required: com.agiletec.aps.******.common.entity.model.AttributeTracer
[ERROR]   found: com.agiletec.aps.******.common.entity.model.AttributeTracer,com.agiletec.aps.******.services.lang.ILangManager
[ERROR]   reason: actual and formal argument lists differ in length
[ERROR] /workspace/source/src/main/java/org/entando/entando/plugins/jacms/aps/******/services/api/ApiContentInterface.java:[390,51] method validate in class com.agiletec.aps.******.common.entity.model.ApsEntity cannot be applied to given types;
[ERROR]   required: com.agiletec.aps.******.services.group.IGroupManager
[ERROR]   found: com.agiletec.aps.******.services.group.IGroupManager,com.agiletec.aps.******.services.lang.ILangManager
[ERROR]   reason: actual and formal argument lists differ in length
[ERROR] /workspace/source/src/main/java/org/entando/entando/plugins/jacms/aps/******/services/content/command/InsertOnlineContentBulkCommand.java:[53,58] method validate in class com.agiletec.aps.******.common.entity.model.ApsEntity cannot be applied to given types;
[ERROR]   required: com.agiletec.aps.******.services.group.IGroupManager
[ERROR]   found: com.agiletec.aps.******.services.group.IGroupManager,com.agiletec.aps.******.services.lang.ILangManager
[ERROR]   reason: actual and formal argument lists differ in length
[ERROR] /workspace/source/src/main/java/com/agiletec/plugins/jacms/aps/******/services/content/model/attribute/CmsHypertextAttribute.java:[152,5] method does not override or implement a method from a supertype
[ERROR] /workspace/source/src/main/java/com/agiletec/plugins/jacms/aps/******/services/content/model/attribute/CmsHypertextAttribute.java:[154,49] method validate in class com.agiletec.aps.******.common.entity.model.attribute.AbstractAttribute cannot be applied to given types;
[ERROR]   required: com.agiletec.aps.******.common.entity.model.AttributeTracer
[ERROR]   found: com.agiletec.aps.******.common.entity.model.AttributeTracer,com.agiletec.aps.******.services.lang.ILangManager
[ERROR]   reason: actual and formal argument lists differ in length
[ERROR] -> [Help 1]
[ERROR] 
[ERROR] To see the full stack trace of the errors, re-run Maven with the -e switch.
[ERROR] Re-run Maven using the -X switch to enable full debug logging.
[ERROR] 
[ERROR] For more information about the errors and possible solutions, please read the following articles:
[ERROR] [Help 1] http://cwiki.apache.org/confluence/display/MAVEN/MojoFailureException
shallow cloning https://github.com/entando-k8s/devops-results.git branch gh-pages
ran git init in /tmp/jenkins-x-collect232062528
ran git add remote origin https://github.com/entando-k8s/devops-results.git in /tmp/jenkins-x-collect232062528
ran git fetch origin --depth=1 gh-pages in dir /tmp/jenkins-x-collect232062528
No pre-deployment test results found for entando-plugin-jacms-PR-41.
  % Total    % Received % Xferd  Average Speed   Time    Time     Time  Current
                                 Dload  Upload   Total   Spent    Left  Speed
{
  "url": "https://api.github.com/repos/entando/entando-plugin-jacms/statuses/0ba7ce709e76dc3fba33cc67a51dbb9adf02f3a3",
  "avatar_url": "https://avatars2.githubusercontent.com/u/57885396?v=4",
  "id": 11096871800,
  "node_id": "MDEzOlN0YXR1c0NvbnRleHQxMTA5Njg3MTgwMA==",
  "state": "failure",
  "description": "Pre-deployment tests failure!",
  "target_url": "https://entando-k8s.github.io/devops-results/entando-plugin-jacms/PR-41/surefire-report.html",
  "context": "Pre-deployment tests",
  "created_at": "2020-10-19T22:55:04Z",
  "updated_at": "2020-10-19T22:55:04Z",
  "creator": {
    "login": "**********",
    "id": 57885396,
    "node_id": "MDQ6VXNlcjU3ODg1Mzk2",
    "avatar_url": "https://avatars2.githubusercontent.com/u/57885396?v=4",
    "gravatar_id": "",
    "url": "https://api.github.com/users/**********",
    "html_url": "https://github.com/**********",
    "followers_url": "https://api.github.com/users/**********/followers",
    "following_url": "https://api.github.com/users/**********/following{/other_user}",
    "gists_url": "https://api.github.com/users/entando-**/gists{/gist_id}",
    "starred_url": "https://api.github.com/users/**********/starred{/owner}{/repo}",
    "subscriptions_url": "https://api.github.com/users/entando-**/subscriptions",
    "organizations_url": "https://api.github.com/users/**********/orgs",
    "repos_url": "https://api.github.com/users/**********/repos",
    "events_url": "https://api.github.com/users/entando-**/events{/privacy}",
    "received_events_url": "https://api.github.com/users/**********/received_events",
    "type": "User",
    "site_*****": *****
  }
}
  0     0    0     0    0     0      0      0 --:--:-- --:--:-- --:--:--     0100   212    0     0  100   212      0    145  0:00:01  0:00:01 --:--:--   145100  1845  100  1633  100   212    899    116  0:00:01  0:00:01 --:--:--   899
OWASP has found dependencies with vulnerabilities for entando-plugin-jacms-PR-41.
  % Total    % Received % Xferd  Average Speed   Time    Time     Time  Current
                                 Dload  Upload   Total   Spent    Left  Speed
{
  "url": "https://api.github.com/repos/entando/entando-plugin-jacms/statuses/0ba7ce709e76dc3fba33cc67a51dbb9adf02f3a3",
  "avatar_url": "https://avatars2.githubusercontent.com/u/57885396?v=4",
  "id": 11096872087,
  "node_id": "MDEzOlN0YXR1c0NvbnRleHQxMTA5Njg3MjA4Nw==",
  "state": "failure",
  "description": "OWASP CVE failure!",
  "target_url": "https://entando-k8s.github.io/devops-results/entando-plugin-jacms/PR-41/dependency-check-report.html",
  "context": "OWASP CVE",
  "created_at": "2020-10-19T22:55:05Z",
  "updated_at": "2020-10-19T22:55:05Z",
  "creator": {
    "login": "**********",
    "id": 57885396,
    "node_id": "MDQ6VXNlcjU3ODg1Mzk2",
    "avatar_url": "https://avatars2.githubusercontent.com/u/57885396?v=4",
    "gravatar_id": "",
    "url": "https://api.github.com/users/**********",
    "html_url": "https://github.com/**********",
    "followers_url": "https://api.github.com/users/entando-**/followers",
    "following_url": "https://api.github.com/users/**********/following{/other_user}",
    "gists_url": "https://api.github.com/users/**********/gists{/gist_id}",
    "starred_url": "https://api.github.com/users/entando-**/starred{/owner}{/repo}",
    "subscriptions_url": "https://api.github.com/users/**********/subscriptions",
    "organizations_url": "https://api.github.com/users/**********/orgs",
    "repos_url": "https://api.github.com/users/entando-**/repos",
    "events_url": "https://api.github.com/users/**********/events{/privacy}",
    "received_events_url": "https://api.github.com/users/**********/received_events",
    "type": "User",
    "site_*****": *****
  }
}
  0     0    0     0    0     0      0      0 --:--:-- --:--:-- --:--:--     0  0     0    0     0    0     0      0      0 --:--:-- --:--:-- --:--:--     0100  1817  100  1619  100   198   2535    310 --:--:-- --:--:-- --:--:--  2533
The following checks failed: for entando-plugin-jacms-PR-41 : Pre-deployment tests; OWASP Maven Dependency Check; 
[31m
Pipeline failed on stage 'from-build-pack' : container 'step-build-mvn-verify-pr'. The execution of the pipeline has stopped.[0m
