
Showing logs for build [32mentando-k8s-entando-de-app-pr-1-s6mfw-1[0m stage [32mfrom-build-pack[0m and container [32mstep-credential-initializer-ts5g7[0m
{"level":"warn","ts":1603119853.1067927,"logger":"fallback-logger","caller":"logging/config.go:69","msg":"Fetch GitHub commit ID from kodata failed: \"ref: refs/heads/0.8.0-**-support-backwards-incompats\" is not a valid GitHub commit ID"}
{"level":"info","ts":1603119853.11091,"logger":"fallback-logger","caller":"creds-init/main.go:40","msg":"Credentials initialized."}

Showing logs for build [32mentando-k8s-entando-de-app-pr-1-s6mfw-1[0m stage [32mfrom-build-pack[0m and container [32mstep-working-dir-initializer-97h4b[0m
{"level":"warn","ts":1603119856.635473,"logger":"fallback-logger","caller":"logging/config.go:69","msg":"Fetch GitHub commit ID from kodata failed: open /var/run/ko/HEAD: no such file or directory"}
{"level":"info","ts":1603119856.6445172,"logger":"fallback-logger","caller":"bash/main.go:64","msg":"Successfully e**cuted command \"sh -c mkdir -p /workspace/source\"; output "}

Showing logs for build [32mentando-k8s-entando-de-app-pr-1-s6mfw-1[0m stage [32mfrom-build-pack[0m and container [32mstep-place-tools[0m

Showing logs for build [32mentando-k8s-entando-de-app-pr-1-s6mfw-1[0m stage [32mfrom-build-pack[0m and container [32mstep-git-source-entando-k8s-entando-de-app-pr-1-x7c62[0m
{"level":"warn","ts":1603119960.2943752,"logger":"fallback-logger","caller":"logging/config.go:69","msg":"Fetch GitHub commit ID from kodata failed: \"ref: refs/heads/0.8.0-**-support-backwards-incompats\" is not a valid GitHub commit ID"}
{"level":"info","ts":1603119962.570678,"logger":"fallback-logger","caller":"git/git.go:103","msg":"Successfully cloned https://github.com/entando-k8s/entando-de-app.git @ master in path /workspace/source"}

Showing logs for build [32mentando-k8s-entando-de-app-pr-1-s6mfw-1[0m stage [32mfrom-build-pack[0m and container [32mstep-git-merge[0m
Using SHAs from PULL_REFS=master:ad6cf8d8716303ba786a5f21366eff4d4666a702,111:dc4ee0c8159a782a528e6fe53564b479a74ac8fd
DEBUG: ran git fetch --unshallow origin dc4ee0c8159a782a528e6fe53564b479a74ac8fd: ad6cf8d8716303ba786a5f21366eff4d4666a702: in 
DEBUG: ran git checkout master in 
DEBUG: ran git reset --hard ad6cf8d8716303ba786a5f21366eff4d4666a702 in 
DEBUG: ran clean --force -d . in 
DEBUG: ran git merge dc4ee0c8159a782a528e6fe53564b479a74ac8fd in 
Merged SHA dc4ee0c8159a782a528e6fe53564b479a74ac8fd with commit message 'ENG-1383 updating entando-engine version' into base branch master

Showing logs for build [32mentando-k8s-entando-de-app-pr-1-s6mfw-1[0m stage [32mfrom-build-pack[0m and container [32mstep-build-set-version[0m
Picked up _JAVA_OPTIONS: -XX:+UnlockExperimentalVMOptions -Dsun.zip.disableMemoryMapping=true -XX:+UseParallelGC -XX:MinHeapFreeRatio=5 -XX:MaxHeapFreeRatio=10 -XX:GCTimeRatio=4 -XX:AdaptiveSizePolicyWeight=90 -Xms1000m -Xmx12000m
[INFO] Scanning for projects...
[INFO] 
[INFO] -----------------< org.entando.entando:entando-de-app >-----------------
[INFO] Building entando-de-app 6.2.0-SNAPSHOT
[INFO] --------------------------------[ war ]---------------------------------
[INFO] 
[INFO] --- versions-maven-plugin:2.8.1:set (default-cli) @ entando-de-app ---
[INFO] Local aggregation ****: /workspace/source
[INFO] Processing change of org.entando.entando:entando-de-app:6.2.0-SNAPSHOT -> 0.0.0-SNAPSHOT-PR-111-1
[INFO] Processing org.entando.entando:entando-de-app
[INFO]     Updating project org.entando.entando:entando-de-app
[INFO]         from version 6.2.0-SNAPSHOT to 0.0.0-SNAPSHOT-PR-111-1
[INFO] 
[INFO] ------------------------------------------------------------------------
[INFO] BUILD SUCCESS
[INFO] ------------------------------------------------------------------------
[INFO] Total time:  12.124 s
[INFO] Finished at: 2020-10-19T15:06:21Z
[INFO] ------------------------------------------------------------------------

Showing logs for build [32mentando-k8s-entando-de-app-pr-1-s6mfw-1[0m stage [32mfrom-build-pack[0m and container [32mstep-build-mvn-verify[0m
Picked up _JAVA_OPTIONS: -XX:+UnlockExperimentalVMOptions -Dsun.zip.disableMemoryMapping=true -XX:+UseParallelGC -XX:MinHeapFreeRatio=5 -XX:MaxHeapFreeRatio=10 -XX:GCTimeRatio=4 -XX:AdaptiveSizePolicyWeight=90 -Xms1000m -Xmx12000m
[INFO] Scanning for projects...
[INFO] 
[INFO] -----------------< org.entando.entando:entando-de-app >-----------------
[INFO] Building entando-de-app 0.0.0-SNAPSHOT-PR-111-1
[INFO] --------------------------------[ war ]---------------------------------
[WARNING] The POM for org.entando.entando:entando-engine:jar:6.2.71 is missing, no dependency information available
[WARNING] The POM for org.entando.entando:entando-engine:jar:tests:6.2.71 is missing, no dependency information available
[INFO] ------------------------------------------------------------------------
[INFO] BUILD FAILURE
[INFO] ------------------------------------------------------------------------
[INFO] Total time:  14.291 s
[INFO] Finished at: 2020-10-19T15:06:38Z
[INFO] ------------------------------------------------------------------------
[ERROR] Failed to e**cute goal on project entando-de-app: Could not resolve dependencies for project org.entando.entando:entando-de-app:war:0.0.0-SNAPSHOT-PR-111-1: The following artifacts could not be resolved: org.entando.entando:entando-engine:jar:6.2.71, org.entando.entando:entando-engine:jar:tests:6.2.71: Could not find artifact org.entando.entando:entando-engine:jar:6.2.71 in nexus (http://nexus/repository/maven-group/) -> [Help 1]
[ERROR] 
[ERROR] To see the full stack trace of the errors, re-run Maven with the -e switch.
[ERROR] Re-run Maven using the -X switch to enable full debug logging.
[ERROR] 
[ERROR] For more information about the errors and possible solutions, please read the following articles:
[ERROR] [Help 1] http://cwiki.apache.org/confluence/display/MAVEN/DependencyResolutionException
[31m
Pipeline failed on stage 'from-build-pack' : container 'step-build-mvn-verify'. The execution of the pipeline has stopped.[0m
