
Showing logs for build [32mentando-entando-engine-pr-81-pr-jsv94-22[0m stage [32mfrom-build-pack[0m and container [32mstep-credential-initializer-wzw5v[0m
{"level":"warn","ts":1605001778.223401,"logger":"fallback-logger","caller":"logging/config.go:69","msg":"Fetch GitHub commit ID from kodata failed: \"ref: refs/heads/0.8.0-**-support-backwards-incompats\" is not a valid GitHub commit ID"}
{"level":"info","ts":1605001778.2319505,"logger":"fallback-logger","caller":"creds-init/main.go:40","msg":"Credentials initialized."}

Showing logs for build [32mentando-entando-engine-pr-81-pr-jsv94-22[0m stage [32mfrom-build-pack[0m and container [32mstep-working-dir-initializer-djfjz[0m
{"level":"warn","ts":1605001779.5394933,"logger":"fallback-logger","caller":"logging/config.go:69","msg":"Fetch GitHub commit ID from kodata failed: open /var/run/ko/HEAD: no such file or directory"}
{"level":"info","ts":1605001779.5550368,"logger":"fallback-logger","caller":"bash/main.go:64","msg":"Successfully e**cuted command \"sh -c mkdir -p /workspace/source\"; output "}

Showing logs for build [32mentando-entando-engine-pr-81-pr-jsv94-22[0m stage [32mfrom-build-pack[0m and container [32mstep-place-tools[0m

Showing logs for build [32mentando-entando-engine-pr-81-pr-jsv94-22[0m stage [32mfrom-build-pack[0m and container [32mstep-git-source-entando-entando-engine-pr-81-pr-ntnzh[0m
{"level":"warn","ts":1605002010.120807,"logger":"fallback-logger","caller":"logging/config.go:69","msg":"Fetch GitHub commit ID from kodata failed: \"ref: refs/heads/0.8.0-**-support-backwards-incompats\" is not a valid GitHub commit ID"}
{"level":"info","ts":1605002012.8964167,"logger":"fallback-logger","caller":"git/git.go:103","msg":"Successfully cloned https://github.com/entando/entando-engine.git @ master in path /workspace/source"}

Showing logs for build [32mentando-entando-engine-pr-81-pr-jsv94-22[0m stage [32mfrom-build-pack[0m and container [32mstep-git-merge[0m
Using SHAs from PULL_REFS=master:f071d24788dfbe63fcd0d265b977334c826aae63,81:821778bbf3c7a0adecb4266ae4a1bfaa405e26bc
DEBUG: ran git fetch --unshallow origin 821778bbf3c7a0adecb4266ae4a1bfaa405e26bc: f071d24788dfbe63fcd0d265b977334c826aae63: in 
DEBUG: ran git checkout master in 
DEBUG: ran git reset --hard f071d24788dfbe63fcd0d265b977334c826aae63 in 
DEBUG: ran clean --force -d . in 
DEBUG: ran git merge 821778bbf3c7a0adecb4266ae4a1bfaa405e26bc in 
Merged SHA 4c3019e2e72a4132b51e0c0b1cc2360c2b7b0e80 with commit message 'Merge commit '821778bbf3c7a0adecb4266ae4a1bfaa405e26bc'' into base branch master
Merged SHA 821778bbf3c7a0adecb4266ae4a1bfaa405e26bc with commit message 'ENG-1441: Add to EntandoEngine API to check existence of a set of components' into base branch master

Showing logs for build [32mentando-entando-engine-pr-81-pr-jsv94-22[0m stage [32mfrom-build-pack[0m and container [32mstep-build-set-version[0m
Picked up _JAVA_OPTIONS: -XX:+UnlockExperimentalVMOptions -Dsun.zip.disableMemoryMapping=true -XX:+UseParallelGC -XX:MinHeapFreeRatio=5 -XX:MaxHeapFreeRatio=10 -XX:GCTimeRatio=4 -XX:AdaptiveSizePolicyWeight=90 -Xms10m -Xmx8000m
[INFO] Scanning for projects...
[WARNING] The POM for org.eclipse.m2e:lifecycle-mapping:jar:1.0.0 is missing, no dependency information available
[WARNING] Failed to retrieve plugin descriptor for org.eclipse.m2e:lifecycle-mapping:1.0.0: Plugin org.eclipse.m2e:lifecycle-mapping:1.0.0 or one of its dependencies could not be resolved: Could not find artifact org.eclipse.m2e:lifecycle-mapping:jar:1.0.0 in nexus (http://nexus/repository/maven-group/)
[INFO] 
[INFO] -----------------< org.entando.entando:entando-engine >-----------------
[INFO] Building Entando Core: Engine 6.2.0-SNAPSHOT
[INFO] --------------------------------[ jar ]---------------------------------
[WARNING] The POM for org.eclipse.m2e:lifecycle-mapping:jar:1.0.0 is missing, no dependency information available
[WARNING] Failed to retrieve plugin descriptor for org.eclipse.m2e:lifecycle-mapping:1.0.0: Plugin org.eclipse.m2e:lifecycle-mapping:1.0.0 or one of its dependencies could not be resolved: Failure to find org.eclipse.m2e:lifecycle-mapping:jar:1.0.0 in http://nexus/repository/maven-group/ was cached in the local repository, resolution will not be reattempted until the update interval of nexus has elapsed or updates are forced
[INFO] 
[INFO] --- versions-maven-plugin:2.8.1:set (default-cli) @ entando-engine ---
[INFO] Local aggregation ****: /workspace/source
[INFO] Processing change of org.entando.entando:entando-engine:6.2.0-SNAPSHOT -> 0.0.0-SNAPSHOT-PR-81-22
[INFO] Processing org.entando.entando:entando-engine
[INFO]     Updating project org.entando.entando:entando-engine
[INFO]         from version 6.2.0-SNAPSHOT to 0.0.0-SNAPSHOT-PR-81-22
[INFO] 
[INFO] ------------------------------------------------------------------------
[INFO] BUILD SUCCESS
[INFO] ------------------------------------------------------------------------
[INFO] Total time:  19.184 s
[INFO] Finished at: 2020-11-10T09:53:59Z
[INFO] ------------------------------------------------------------------------

Showing logs for build [32mentando-entando-engine-pr-81-pr-jsv94-22[0m stage [32mfrom-build-pack[0m and container [32mstep-build-fix-git-for-sonar[0m
Switched to a new branch 'PR-81'
M	pom.xml
Deleted branch master (was 4c3019e2).
From https://github.com/entando/entando-engine
 * [new branch]        master            -> master
 * [new tag]           pia-crs4          -> pia-crs4
 * [new tag]           v4.2.0            -> v4.2.0
 * [new tag]           v4.3.2-RC1        -> v4.3.2-RC1
 * [new tag]           v5.0.0-pre        -> v5.0.0-pre
 * [new tag]           v6.2.0-sprint1-rc -> v6.2.0-sprint1-rc
 * [new tag]           v6.2.0-sprint2-rc -> v6.2.0-sprint2-rc
 * [new tag]           v6.2.0-sprint3-rc -> v6.2.0-sprint3-rc
 * [new tag]           v6.2.0-sprint4-rc -> v6.2.0-sprint4-rc
 * [new tag]           v6.2.0-sprint5-rc -> v6.2.0-sprint5-rc

Showing logs for build [32mentando-entando-engine-pr-81-pr-jsv94-22[0m stage [32mfrom-build-pack[0m and container [32mstep-build-mvn-verify-pr[0m
  % Total    % Received % Xferd  Average Speed   Time    Time     Time  Current
                                 Dload  Upload   Total   Spent    Left  Speed
{
  "url": "https://api.github.com/repos/entando/entando-engine/statuses/821778bbf3c7a0adecb4266ae4a1bfaa405e26bc",
  "avatar_url": "https://avatars2.githubusercontent.com/u/57885396?v=4",
  "id": 11305588865,
  "node_id": "MDEzOlN0YXR1c0NvbnRleHQxMTMwNTU4ODg2NQ==",
  "state": "pending",
  "description": "Pre-deployment tests pending!",
  "target_url": "https://entando-k8s.github.io/devops-results/entando-engine/PR-81/surefire-report.html",
  "context": "Pre-deployment tests",
  "created_at": "2020-11-10T09:54:01Z",
  "updated_at": "2020-11-10T09:54:01Z",
  "creator": {
    "login": "**********",
    "id": 57885396,
    "node_id": "MDQ6VXNlcjU3ODg1Mzk2",
    "avatar_url": "https://avatars2.githubusercontent.com/u/57885396?v=4",
    "gravatar_id": "",
    "url": "https://api.github.com/users/**********",
    "html_url": "https://github.com/**********",
    "followers_url": "https://api.github.com/users/**********/followers",
    "following_url": "https://api.github.com/users/**********/following{/other_user}",
    "gists_url": "https://api.github.com/users/entando-**/gists{/gist_id}",
    "starred_url": "https://api.github.com/users/**********/starred{/owner}{/repo}",
    "subscriptions_url": "https://api.github.com/users/**********/subscriptions",
    "organizations_url": "https://api.github.com/users/**********/orgs",
    "repos_url": "https://api.github.com/users/**********/repos",
    "events_url": "https://api.github.com/users/**********/events{/privacy}",
    "received_events_url": "https://api.github.com/users/**********/received_events",
    "type": "User",
    "site_*****": *****
  }
}
  0     0    0     0    0     0      0      0 --:--:-- --:--:-- --:--:--     0 11  1827    0     0  100   206      0    313 --:--:-- --:--:-- --:--:--   313100  1827  100  1621  100   206   2467    313 --:--:-- --:--:-- --:--:--  2467
  % Total    % Received % Xferd  Average Speed   Time    Time     Time  Current
                                 Dload  Upload   Total   Spent    Left  Speed
{
  "url": "https://api.github.com/repos/entando/entando-engine/statuses/821778bbf3c7a0adecb4266ae4a1bfaa405e26bc",
  "avatar_url": "https://avatars2.githubusercontent.com/u/57885396?v=4",
  "id": 11305588977,
  "node_id": "MDEzOlN0YXR1c0NvbnRleHQxMTMwNTU4ODk3Nw==",
  "state": "pending",
  "description": "OWASP CVE pending!",
  "target_url": "https://entando-k8s.github.io/devops-results/entando-engine/PR-81/dependency-check-report.html",
  "context": "OWASP CVE",
  "created_at": "2020-11-10T09:54:02Z",
  "updated_at": "2020-11-10T09:54:02Z",
  "creator": {
    "login": "**********",
    "id": 57885396,
    "node_id": "MDQ6VXNlcjU3ODg1Mzk2",
    "avatar_url": "https://avatars2.githubusercontent.com/u/57885396?v=4",
    "gravatar_id": "",
    "url": "https://api.github.com/users/**********",
    "html_url": "https://github.com/**********",
    "followers_url": "https://api.github.com/users/**********/followers",
    "following_url": "https://api.github.com/users/**********/following{/other_user}",
    "gists_url": "https://api.github.com/users/**********/gists{/gist_id}",
    "starred_url": "https://api.github.com/users/**********/starred{/owner}{/repo}",
    "subscriptions_url": "https://api.github.com/users/**********/subscriptions",
    "organizations_url": "https://api.github.com/users/**********/orgs",
    "repos_url": "https://api.github.com/users/**********/repos",
    "events_url": "https://api.github.com/users/**********/events{/privacy}",
    "received_events_url": "https://api.github.com/users/**********/received_events",
    "type": "User",
    "site_*****": *****
  }
}
  0     0    0     0    0     0      0      0 --:--:-- --:--:-- --:--:--     0100  1799  100  1607  100   192   2072    247 --:--:-- --:--:-- --:--:--  2081
Picked up _JAVA_OPTIONS: -XX:+UnlockExperimentalVMOptions -Dsun.zip.disableMemoryMapping=true -XX:+UseParallelGC -XX:MinHeapFreeRatio=5 -XX:MaxHeapFreeRatio=10 -XX:GCTimeRatio=4 -XX:AdaptiveSizePolicyWeight=90 -Xms10m -Xmx8000m
[INFO] Scanning for projects...
[WARNING] The POM for org.eclipse.m2e:lifecycle-mapping:jar:1.0.0 is missing, no dependency information available
[WARNING] Failed to retrieve plugin descriptor for org.eclipse.m2e:lifecycle-mapping:1.0.0: Plugin org.eclipse.m2e:lifecycle-mapping:1.0.0 or one of its dependencies could not be resolved: Failure to find org.eclipse.m2e:lifecycle-mapping:jar:1.0.0 in http://nexus/repository/maven-group/ was cached in the local repository, resolution will not be reattempted until the update interval of nexus has elapsed or updates are forced
[INFO] 
[INFO] -----------------< org.entando.entando:entando-engine >-----------------
[INFO] Building Entando Core: Engine 0.0.0-SNAPSHOT-PR-81-22
[INFO] --------------------------------[ jar ]---------------------------------
[WARNING] The POM for com.sun.xml.bind:jaxb-impl:jar:2.2.11 is invalid, transitive dependencies (if any) will not be available, enable debug logging for more details
[WARNING] The artifact org.hibernate:hibernate-validator:jar:6.0.17.Final has been relocated to org.hibernate.validator:hibernate-validator:jar:6.0.17.Final
[INFO] 
[INFO] --- maven-enforcer-plugin:3.0.0-M3:enforce (enforce-versions) @ entando-engine ---
[INFO] 
[INFO] --- maven-checkstyle-plugin:3.1.1:check (validate) @ entando-engine ---
[INFO] 
[INFO] --- maven-checkstyle-plugin:3.1.1:checkstyle (validate) @ entando-engine ---
[INFO] 
[INFO] --- jacoco-maven-plugin:0.8.5:prepare-agent (prepare-agent) @ entando-engine ---
[INFO] argLine set to -javaagent:/home/jenkins/.mvnrepository/org/jacoco/org.jacoco.agent/0.8.5/org.jacoco.agent-0.8.5-runtime.jar=destfile=/workspace/source/target/jacoco.e**c
[INFO] 
[INFO] --- maven-resources-plugin:2.5:resources (default-resources) @ entando-engine ---
[debug] e**cute contextualize
[INFO] Using 'UTF-8' encoding to copy filtered resources.
[INFO] Copying 30 resources
[INFO] Copying 8 resources
[INFO] Copying 64 resources
[INFO] Copying 2 resources to META-INF
[INFO] 
[INFO] --- jrebel-maven-plugin:1.1.3:generate-liverebel-xml (generate-liverebel-xml) @ entando-engine ---
[INFO] Generating liverebel.xml
[INFO] 
[INFO] --- maven-compiler-plugin:3.8.1:compile (default-compile) @ entando-engine ---
[INFO] Changes detected - recompiling the module!
[INFO] Compiling 978 source files to /workspace/source/target/classes
[WARNING] /workspace/source/src/main/java/com/agiletec/aps/******/common/FieldSearchFilter.java:[99,33] unchecked method invocation: method addAll in interface java.util.List is applied to given types
  required: java.util.Collection<? extends E>
  found: java.util.Collection
[WARNING] /workspace/source/src/main/java/com/agiletec/aps/******/common/FieldSearchFilter.java:[99,34] unchecked conversion
  required: java.util.Collection<? extends E>
  found:    java.util.Collection
[WARNING] /workspace/source/src/main/java/org/entando/entando/aps/******/init/model/DataSourceDumpReport.java:[77,96] unchecked conversion
  required: java.util.List<org.jdom.Element>
  found:    java.util.List
[WARNING] /workspace/source/src/main/java/org/entando/entando/aps/******/init/model/DataSourceDumpReport.java:[84,73] unchecked conversion
  required: java.util.List<org.jdom.Element>
  found:    java.util.List
[WARNING] /workspace/source/src/main/java/org/entando/entando/aps/******/init/model/DataSourceDumpReport.java:[88,92] unchecked conversion
  required: java.util.List<org.jdom.Element>
  found:    java.util.List
[WARNING] /workspace/source/src/main/java/org/entando/entando/aps/******/init/model/DataSourceDumpReport.java:[125,49] unchecked method invocation: method sort in class java.util.Collections is applied to given types
  required: java.util.List<T>,java.util.Comparator<? super T>
  found: java.util.List<org.entando.entando.aps.******.init.model.TableDumpReport>,org.apache.commons.beanutils.BeanComparator
[WARNING] /workspace/source/src/main/java/org/entando/entando/aps/******/init/model/DataSourceDumpReport.java:[125,64] unchecked conversion
  required: java.util.Comparator<? super T>
  found:    org.apache.commons.beanutils.BeanComparator
[WARNING] /workspace/source/src/main/java/org/entando/entando/aps/******/init/model/DataSourceDumpReport.java:[194,33] unchecked method invocation: method sort in class java.util.Collections is applied to given types
  required: java.util.List<T>,java.util.Comparator<? super T>
  found: java.util.List<org.entando.entando.aps.******.init.model.ComponentInstallationReport>,org.apache.commons.beanutils.BeanComparator
[WARNING] /workspace/source/src/main/java/org/entando/entando/aps/******/init/model/DataSourceDumpReport.java:[194,59] unchecked conversion
  required: java.util.Comparator<? super T>
  found:    org.apache.commons.beanutils.BeanComparator
[WARNING] /workspace/source/src/main/java/org/entando/entando/aps/******/init/model/Component.java:[53,85] unchecked conversion
  required: java.util.List<org.jdom.Element>
  found:    java.util.List
[WARNING] /workspace/source/src/main/java/org/entando/entando/aps/******/init/model/Component.java:[63,83] unchecked conversion
  required: java.util.List<org.jdom.Element>
  found:    java.util.List
[WARNING] /workspace/source/src/main/java/org/entando/entando/aps/******/init/model/Component.java:[86,79] unchecked conversion
  required: java.util.List<org.jdom.Element>
  found:    java.util.List
[WARNING] /workspace/source/src/main/java/org/entando/entando/aps/******/init/model/Component.java:[91,75] unchecked conversion
  required: java.util.List<org.jdom.Element>
  found:    java.util.List
[WARNING] /workspace/source/src/main/java/org/entando/entando/aps/******/init/model/AbstractComponentModule.java:[39,79] unchecked conversion
  required: java.util.List<org.jdom.Element>
  found:    java.util.List
[WARNING] /workspace/source/src/main/java/org/entando/entando/aps/******/init/model/AbstractComponentModule.java:[51,81] unchecked conversion
  required: java.util.List<org.jdom.Element>
  found:    java.util.List
[WARNING] /workspace/source/src/main/java/org/entando/entando/aps/******/init/model/ComponentUninstallerInfo.java:[50,86] unchecked conversion
  required: java.util.List<org.jdom.Element>
  found:    java.util.List
[WARNING] /workspace/source/src/main/java/org/entando/entando/aps/******/init/model/SystemInstallationReport.java:[101,67] unchecked conversion
  required: java.util.List<org.jdom.Element>
  found:    java.util.List
[WARNING] /workspace/source/src/main/java/org/entando/entando/aps/******/init/model/DataSourceInstallationReport.java:[33,69] unchecked conversion
  required: java.util.List<org.jdom.Element>
  found:    java.util.List
[WARNING] /workspace/source/src/main/java/org/entando/entando/aps/******/init/model/DataSourceInstallationReport.java:[41,90] unchecked conversion
  required: java.util.List<org.jdom.Element>
  found:    java.util.List
[WARNING] /workspace/source/src/main/java/org/entando/entando/aps/******/init/model/DataInstallationReport.java:[29,69] unchecked conversion
  required: java.util.List<org.jdom.Element>
  found:    java.util.List
[WARNING] /workspace/source/src/main/java/com/agiletec/aps/******/common/entity/parse/AttributeDisablingCodesDOM.java:[44,83] unchecked conversion
  required: java.util.List<org.jdom.Element>
  found:    java.util.List
[WARNING] /workspace/source/src/main/java/org/entando/entando/aps/******/services/guifragment/model/GuiFragmentDtoBuilder.java:[56,92] unchecked conversion
  required: java.util.List<java.lang.Object>
  found:    java.util.List
[WARNING] /workspace/source/src/main/java/org/entando/entando/web/common/model/Filter.java:[126,22] unchecked call to EntitySearchFilter(java.lang.String,boolean,T,T) as a member of the raw type com.agiletec.aps.******.common.entity.model.EntitySearchFilter
[WARNING] /workspace/source/src/main/java/org/entando/entando/web/common/model/Filter.java:[128,22] unchecked call to EntitySearchFilter(java.lang.String,boolean,T,T) as a member of the raw type com.agiletec.aps.******.common.entity.model.EntitySearchFilter
[WARNING] /workspace/source/src/main/java/org/entando/entando/web/common/model/Filter.java:[130,22] unchecked call to EntitySearchFilter(java.lang.String,boolean,T,boolean) as a member of the raw type com.agiletec.aps.******.common.entity.model.EntitySearchFilter
[WARNING] /workspace/source/src/main/java/org/entando/entando/web/common/model/Filter.java:[133,22] unchecked call to EntitySearchFilter(java.lang.String,boolean,T,boolean,com.agiletec.aps.******.common.FieldSearchFilter.LikeOptionType) as a member of the raw type com.agiletec.aps.******.common.entity.model.EntitySearchFilter
[WARNING] /workspace/source/src/main/java/com/agiletec/aps/******/common/entity/model/EntitySearchFilter.java:[84,45] unchecked method invocation: method addAll in interface java.util.List is applied to given types
  required: java.util.Collection<? extends E>
  found: java.util.Collection
[WARNING] /workspace/source/src/main/java/com/agiletec/aps/******/common/entity/model/EntitySearchFilter.java:[84,46] unchecked conversion
  required: java.util.Collection<? extends E>
  found:    java.util.Collection
[WARNING] /workspace/source/src/main/java/com/agiletec/aps/******/common/entity/model/EntitySearchFilter.java:[85,46] unchecked call to setAllowedValues(java.util.List<T>) as a member of the raw type com.agiletec.aps.******.common.FieldSearchFilter
[WARNING] /workspace/source/src/main/java/com/agiletec/aps/******/common/entity/model/EntitySearchFilter.java:[90,38] unchecked call to setValue(T) as a member of the raw type com.agiletec.aps.******.common.FieldSearchFilter
[WARNING] /workspace/source/src/main/java/com/agiletec/aps/******/common/entity/model/EntitySearchFilter.java:[122,30] unchecked call to setStart(T) as a member of the raw type com.agiletec.aps.******.common.FieldSearchFilter
[WARNING] /workspace/source/src/main/java/com/agiletec/aps/******/common/entity/model/EntitySearchFilter.java:[123,28] unchecked call to setEnd(T) as a member of the raw type com.agiletec.aps.******.common.FieldSearchFilter
[WARNING] /workspace/source/src/main/java/com/agiletec/aps/******/common/entity/model/EntitySearchFilter.java:[142,38] unchecked call to setAllowedValues(java.util.List<T>) as a member of the raw type com.agiletec.aps.******.common.FieldSearchFilter
[WARNING] /workspace/source/src/main/java/com/agiletec/aps/******/common/entity/model/EntitySearchFilter.java:[166,45] unchecked method invocation: method addAll in interface java.util.List is applied to given types
  required: java.util.Collection<? extends E>
  found: java.util.Collection
[WARNING] /workspace/source/src/main/java/com/agiletec/aps/******/common/entity/model/EntitySearchFilter.java:[166,46] unchecked conversion
  required: java.util.Collection<? extends E>
  found:    java.util.Collection
[WARNING] /workspace/source/src/main/java/com/agiletec/aps/******/common/entity/model/EntitySearchFilter.java:[167,48] unchecked call to setAllowedValues(java.util.List<T>) as a member of the raw type com.agiletec.aps.******.common.FieldSearchFilter
[WARNING] /workspace/source/src/main/java/com/agiletec/aps/******/common/entity/model/EntitySearchFilter.java:[172,40] unchecked call to setValue(T) as a member of the raw type com.agiletec.aps.******.common.FieldSearchFilter
[WARNING] /workspace/source/src/main/java/com/agiletec/aps/******/common/entity/model/EntitySearchFilter.java:[195,32] unchecked call to setStart(T) as a member of the raw type com.agiletec.aps.******.common.FieldSearchFilter
[WARNING] /workspace/source/src/main/java/com/agiletec/aps/******/common/entity/model/EntitySearchFilter.java:[196,30] unchecked call to setEnd(T) as a member of the raw type com.agiletec.aps.******.common.FieldSearchFilter
[WARNING] /workspace/source/src/main/java/com/agiletec/aps/******/common/entity/model/EntitySearchFilter.java:[204,40] unchecked call to setAllowedValues(java.util.List<T>) as a member of the raw type com.agiletec.aps.******.common.FieldSearchFilter
[WARNING] /workspace/source/src/main/java/com/agiletec/aps/******/common/entity/model/EntitySearchFilter.java:[303,70] unchecked cast
  required: java.util.List<java.lang.Object>
  found:    java.lang.Object
[WARNING] /workspace/source/src/main/java/com/agiletec/aps/******/common/entity/model/EntitySearchFilter.java:[433,40] unchecked call to setValue(T) as a member of the raw type com.agiletec.aps.******.common.FieldSearchFilter
[WARNING] /workspace/source/src/main/java/com/agiletec/aps/******/common/entity/model/EntitySearchFilter.java:[439,48] unchecked call to setAllowedValues(java.util.List<T>) as a member of the raw type com.agiletec.aps.******.common.FieldSearchFilter
[WARNING] /workspace/source/src/main/java/com/agiletec/aps/******/common/entity/model/EntitySearchFilter.java:[445,40] unchecked call to setStart(T) as a member of the raw type com.agiletec.aps.******.common.FieldSearchFilter
[WARNING] /workspace/source/src/main/java/com/agiletec/aps/******/common/entity/model/EntitySearchFilter.java:[446,38] unchecked call to setEnd(T) as a member of the raw type com.agiletec.aps.******.common.FieldSearchFilter
[WARNING] /workspace/source/src/main/java/com/agiletec/aps/******/common/entity/model/attribute/AbstractAttribute.java:[314,57] unchecked conversion
  required: java.util.List<org.jdom.Element>
  found:    java.util.List
[WARNING] /workspace/source/src/main/java/org/entando/entando/aps/******/services/entity/model/EntityAttributeDto.java:[78,49] unchecked cast
  required: java.util.Map<java.lang.String,java.lang.Object>
  found:    java.lang.Object
[WARNING] /workspace/source/src/main/java/com/agiletec/aps/******/common/AbstractSearcherDAO.java:[147,65] unchecked conversion
  required: java.util.List<java.lang.Object>
  found:    java.util.List
[WARNING] /workspace/source/src/main/java/com/agiletec/aps/******/common/AbstractSearcherDAO.java:[299,65] unchecked conversion
  required: java.util.List<java.lang.Object>
  found:    java.util.List
[WARNING] /workspace/source/src/main/java/com/agiletec/aps/******/common/entity/AbstractEntitySearcherDAO.java:[92,41] unchecked call to EntitySearchFilter(java.lang.String,boolean,T,boolean) as a member of the raw type com.agiletec.aps.******.common.entity.model.EntitySearchFilter
[WARNING] /workspace/source/src/main/java/com/agiletec/aps/******/common/entity/AbstractEntitySearcherDAO.java:[347,65] unchecked conversion
  required: java.util.List<java.lang.Object>
  found:    java.util.List
[WARNING] /workspace/source/src/main/java/org/entando/entando/aps/******/services/dataobjectsearchengine/SearchEngineManager.java:[226,53] unchecked call to SearchEngineFilter(java.lang.String,T) as a member of the raw type org.entando.entando.aps.******.services.searchengine.SearchEngineFilter
[WARNING] /workspace/source/src/main/java/org/entando/entando/aps/******/services/searchengine/SearchEngineFilter.java:[77,32] unchecked call to setAllowedValues(java.util.List<T>) as a member of the raw type com.agiletec.aps.******.common.FieldSearchFilter
[WARNING] /workspace/source/src/main/java/org/entando/entando/aps/******/services/searchengine/SearchEngineFilter.java:[84,24] unchecked call to setStart(T) as a member of the raw type com.agiletec.aps.******.common.FieldSearchFilter
[WARNING] /workspace/source/src/main/java/org/entando/entando/aps/******/services/searchengine/SearchEngineFilter.java:[85,22] unchecked call to setEnd(T) as a member of the raw type com.agiletec.aps.******.common.FieldSearchFilter
[WARNING] /workspace/source/src/main/java/org/entando/entando/aps/******/init/AbstractDatabaseUtils.java:[49,113] unchecked cast
  required: java.util.List<java.lang.String>
  found:    java.lang.Object
[WARNING] /workspace/source/src/main/java/org/entando/entando/aps/******/services/api/model/ApiMethod.java:[82,97] unchecked conversion
  required: java.util.List<org.jdom.Element>
  found:    java.util.List
[WARNING] /workspace/source/src/main/java/org/entando/entando/aps/******/services/api/model/ApiMethodRelatedWidget.java:[34,69] unchecked conversion
  required: java.util.List<org.jdom.Element>
  found:    java.util.List
[WARNING] /workspace/source/src/main/java/org/entando/entando/aps/******/services/api/model/StringListApiResponseResult.java:[32,67] unchecked cast
  required: java.util.Collection<java.lang.String>
  found:    java.lang.Object
[WARNING] /workspace/source/src/main/java/com/agiletec/aps/******/common/AbstractCacheWrapper.java:[57,20] unchecked cast
  required: T
  found:    java.lang.Object
[WARNING] /workspace/source/src/main/java/com/agiletec/aps/******/services/baseconfig/cache/ConfigManagerCacheWrapper.java:[58,53] unchecked cast
  required: java.util.List<java.lang.String>
  found:    java.util.List
[WARNING] /workspace/source/src/main/java/com/agiletec/aps/******/services/baseconfig/cache/ConfigManagerCacheWrapper.java:[72,56] unchecked cast
  required: java.util.List<java.lang.String>
  found:    java.util.List
[WARNING] /workspace/source/src/main/java/com/agiletec/aps/******/services/group/GroupManager.java:[130,25] unchecked method invocation: method sort in class java.util.Collections is applied to given types
  required: java.util.List<T>,java.util.Comparator<? super T>
  found: java.util.List<com.agiletec.aps.******.services.group.Group>,org.apache.commons.beanutils.BeanComparator
[WARNING] /workspace/source/src/main/java/com/agiletec/aps/******/services/group/GroupManager.java:[130,34] unchecked conversion
  required: java.util.Comparator<? super T>
  found:    org.apache.commons.beanutils.BeanComparator
[WARNING] /workspace/source/src/main/java/org/entando/entando/aps/******/services/api/UnmarshalUtils.java:[82,51] unchecked call to readFrom(java.lang.Class<T>,java.lang.reflect.Type,java.lang.annotation.Annotation[],javax.ws.rs.core.MediaType,javax.ws.rs.core.MultivaluedMap<java.lang.String,java.lang.String>,java.io.InputStream) as a member of the raw type org.apache.cxf.jaxrs.provider.json.JSONProvider
[WARNING] /workspace/source/src/main/java/com/agiletec/aps/******/services/authorization/AuthorizationService.java:[79,91] unchecked cast
  required: com.agiletec.aps.******.services.group.GroupUtilizer<java.lang.String>
  found:    com.agiletec.aps.******.services.authorization.IAuthorizationManager
[WARNING] /workspace/source/src/main/java/org/entando/entando/aps/******/services/category/CategoryService.java:[148,53] unchecked call to SearcherDaoPaginatedResult(java.lang.Integer,java.util.List<T>) as a member of the raw type com.agiletec.aps.******.common.model.dao.SearcherDaoPaginatedResult
[WARNING] /workspace/source/src/main/java/org/entando/entando/aps/******/services/category/CategoryService.java:[150,46] unchecked cast
  required: java.util.List<java.lang.Object>
  found:    java.util.List<capture#1 of ?>
[WARNING] /workspace/source/src/main/java/com/agiletec/aps/******/common/entity/model/attribute/AbstractListAttribute.java:[47,86] unchecked conversion
  required: java.util.List<org.jdom.Element>
  found:    java.util.List
[WARNING] /workspace/source/src/main/java/org/entando/entando/aps/******/services/page/PageService.java:[745,46] unchecked cast
  required: java.util.List<java.lang.Object>
  found:    java.util.List<capture#2 of ?>
[WARNING] /workspace/source/src/main/java/org/entando/entando/aps/******/services/page/PageService.java:[793,29] unchecked method invocation: method sort in class java.util.Collections is applied to given types
  required: java.util.List<T>,java.util.Comparator<? super T>
  found: java.util.List<org.entando.entando.aps.******.services.page.model.PageDto>,java.util.Comparator
[WARNING] /workspace/source/src/main/java/org/entando/entando/aps/******/services/page/PageService.java:[793,56] unchecked conversion
  required: java.util.Comparator<? super T>
  found:    java.util.Comparator
[WARNING] /workspace/source/src/main/java/org/entando/entando/aps/******/services/page/PageService.java:[795,29] unchecked method invocation: method sort in class java.util.Collections is applied to given types
  required: java.util.List<T>,java.util.Comparator<? super T>
  found: java.util.List<org.entando.entando.aps.******.services.page.model.PageDto>,org.apache.commons.beanutils.BeanComparator
[WARNING] /workspace/source/src/main/java/org/entando/entando/aps/******/services/page/PageService.java:[795,37] unchecked conversion
  required: java.util.Comparator<? super T>
  found:    org.apache.commons.beanutils.BeanComparator
[WARNING] /workspace/source/src/main/java/com/agiletec/aps/******/services/authorization/AuthorizationManager.java:[133,64] unchecked cast
  required: java.util.List<com.agiletec.aps.******.services.authorization.IApsAuthority>
  found:    java.util.List
[WARNING] /workspace/source/src/main/java/com/agiletec/aps/******/services/authorization/AuthorizationManager.java:[161,32] unchecked call to add(E) as a member of the raw type java.util.List
[WARNING] /workspace/source/src/main/java/com/agiletec/aps/******/services/authorization/AuthorizationManager.java:[167,36] unchecked call to add(E) as a member of the raw type java.util.List
[WARNING] /workspace/source/src/main/java/com/agiletec/aps/******/services/authorization/AuthorizationManager.java:[186,42] unchecked conversion
  required: java.util.List<com.agiletec.aps.******.services.role.Role>
  found:    java.util.List
[WARNING] /workspace/source/src/main/java/com/agiletec/aps/******/services/authorization/AuthorizationManager.java:[233,51] unchecked conversion
  required: java.util.List<com.agiletec.aps.******.services.authorization.IApsAuthority>
  found:    java.util.List
[WARNING] /workspace/source/src/main/java/com/agiletec/aps/******/services/authorization/AuthorizationManager.java:[250,72] unchecked conversion
  required: java.util.List<com.agiletec.aps.******.services.authorization.IApsAuthority>
  found:    java.util.List
[WARNING] /workspace/source/src/main/java/com/agiletec/aps/******/services/authorization/AuthorizationManager.java:[286,29] unchecked call to addAll(java.util.Collection<? extends E>) as a member of the raw type java.util.List
[WARNING] /workspace/source/src/main/java/com/agiletec/aps/******/services/authorization/AuthorizationManager.java:[330,42] unchecked conversion
  required: java.util.List<com.agiletec.aps.******.services.authorization.IApsAuthority>
  found:    java.util.List
[WARNING] /workspace/source/src/main/java/com/agiletec/aps/******/services/authorization/AuthorizationManager.java:[335,42] unchecked conversion
  required: java.util.List<com.agiletec.aps.******.services.role.Role>
  found:    java.util.List
[WARNING] /workspace/source/src/main/java/com/agiletec/aps/******/services/authorization/AuthorizationManager.java:[345,42] unchecked conversion
  required: java.util.List<com.agiletec.aps.******.services.authorization.IApsAuthority>
  found:    java.util.List
[WARNING] /workspace/source/src/main/java/com/agiletec/aps/******/services/authorization/AuthorizationManager.java:[350,42] unchecked conversion
  required: java.util.List<com.agiletec.aps.******.services.group.Group>
  found:    java.util.List
[WARNING] /workspace/source/src/main/java/com/agiletec/aps/******/services/authorization/AuthorizationManager.java:[472,82] unchecked cast
  required: java.util.Map<java.lang.String,com.agiletec.aps.******.services.group.Group>
  found:    java.util.Map
[WARNING] /workspace/source/src/main/java/com/agiletec/aps/******/services/authorization/AuthorizationManager.java:[473,79] unchecked cast
  required: java.util.Map<java.lang.String,com.agiletec.aps.******.services.role.Role>
  found:    java.util.Map
[WARNING] /workspace/source/src/main/java/org/entando/entando/aps/******/services/dataobject/widget/UserFilterOptionBean.java:[255,26] unchecked call to EntitySearchFilter(java.lang.String,boolean,T,boolean) as a member of the raw type com.agiletec.aps.******.common.entity.model.EntitySearchFilter
[WARNING] /workspace/source/src/main/java/org/entando/entando/aps/******/services/dataobject/widget/UserFilterOptionBean.java:[264,26] unchecked call to EntitySearchFilter(java.lang.String,boolean,T,T) as a member of the raw type com.agiletec.aps.******.common.entity.model.EntitySearchFilter
[WARNING] /workspace/source/src/main/java/org/entando/entando/aps/******/services/dataobject/widget/UserFilterOptionBean.java:[275,30] unchecked call to EntitySearchFilter(java.lang.String,boolean,T,boolean) as a member of the raw type com.agiletec.aps.******.common.entity.model.EntitySearchFilter
[WARNING] /workspace/source/src/main/java/org/entando/entando/aps/******/services/dataobject/widget/UserFilterOptionBean.java:[292,26] unchecked call to EntitySearchFilter(java.lang.String,boolean,T,T) as a member of the raw type com.agiletec.aps.******.common.entity.model.EntitySearchFilter
[WARNING] /workspace/source/src/main/java/org/entando/entando/aps/******/services/dataobject/widget/UserFilterOptionBean.java:[322,26] unchecked call to SearchEngineFilter(java.lang.String,T,org.entando.entando.aps.******.services.searchengine.SearchEngineFilter.TextSearchOption) as a member of the raw type org.entando.entando.aps.******.services.searchengine.SearchEngineFilter
[WARNING] /workspace/source/src/main/java/org/entando/entando/aps/******/services/dataobject/widget/UserFilterOptionBean.java:[324,26] unchecked call to SearchEngineFilter(java.lang.String,T,org.entando.entando.aps.******.services.searchengine.SearchEngineFilter.TextSearchOption) as a member of the raw type org.entando.entando.aps.******.services.searchengine.SearchEngineFilter
[WARNING] /workspace/source/src/main/java/org/entando/entando/aps/******/services/dataobject/widget/UserFilterOptionBean.java:[329,26] unchecked call to SearchEngineFilter(java.lang.String,T,org.entando.entando.aps.******.services.searchengine.SearchEngineFilter.TextSearchOption) as a member of the raw type org.entando.entando.aps.******.services.searchengine.SearchEngineFilter
[WARNING] /workspace/source/src/main/java/org/entando/entando/aps/******/services/dataobject/widget/UserFilterOptionBean.java:[344,26] unchecked call to SearchEngineFilter(java.lang.String,T,T) as a member of the raw type org.entando.entando.aps.******.services.searchengine.SearchEngineFilter
[WARNING] /workspace/source/src/main/java/org/entando/entando/aps/******/services/dataobject/widget/UserFilterOptionBean.java:[347,26] unchecked call to SearchEngineFilter(java.lang.String,T,org.entando.entando.aps.******.services.searchengine.SearchEngineFilter.TextSearchOption) as a member of the raw type org.entando.entando.aps.******.services.searchengine.SearchEngineFilter
[WARNING] /workspace/source/src/main/java/org/entando/entando/aps/******/services/dataobject/widget/UserFilterOptionBean.java:[362,26] unchecked call to SearchEngineFilter(java.lang.String,T,T) as a member of the raw type org.entando.entando.aps.******.services.searchengine.SearchEngineFilter
[WARNING] /workspace/source/src/main/java/org/entando/entando/aps/******/services/api/response/ServicesResponseResult.java:[37,73] unchecked cast
  required: java.util.Collection<org.entando.entando.aps.******.services.api.model.ServiceInfo>
  found:    java.lang.Object
[WARNING] /workspace/source/src/main/java/org/entando/entando/aps/******/services/api/response/ServicesResponseResult.java:[38,68] unchecked call to ListResponse(java.util.List<T>) as a member of the raw type org.entando.entando.aps.******.services.api.model.ListResponse
[WARNING] /workspace/source/src/main/java/org/entando/entando/aps/******/services/api/ServiceExtraConfigDOM.java:[53,85] unchecked conversion
  required: java.util.List<org.jdom.Element>
  found:    java.util.List
[INFO] /workspace/source/src/main/java/org/entando/entando/web/filebrowser/model/FileBrowserFileRequest.java: Some input files use or override a deprecated API.
[INFO] /workspace/source/src/main/java/org/entando/entando/web/filebrowser/model/FileBrowserFileRequest.java: Recompile with -Xlint:deprecation for details.
[INFO] /workspace/source/src/main/java/org/entando/entando/aps/******/services/entity/AbstractEntityTypeService.java: Some input files additionally use unchecked or unsafe operations.
[INFO] 
[INFO] --- maven-resources-plugin:2.5:copy-resources (copy-resources-test) @ entando-engine ---
[debug] e**cute contextualize
[INFO] Using 'UTF-8' encoding to copy filtered resources.
[INFO] Copying 4 resources
[INFO] 
[INFO] --- maven-resources-plugin:2.5:copy-resources (copy-resources-file-test-) @ entando-engine ---
[debug] e**cute contextualize
[INFO] Using 'UTF-8' encoding to copy filtered resources.
[INFO] Copying 4 resources
[INFO] 
[INFO] --- maven-resources-plugin:2.5:testResources (default-testResources) @ entando-engine ---
[debug] e**cute contextualize
[INFO] Using 'UTF-8' encoding to copy filtered resources.
[INFO] Copying 8 resources
[INFO] 
[INFO] --- maven-compiler-plugin:3.8.1:testCompile (default-testCompile) @ entando-engine ---
[INFO] Changes detected - recompiling the module!
[INFO] Compiling 229 source files to /workspace/source/target/test-classes
[INFO] /workspace/source/src/test/java/org/entando/entando/web/AbstractControllerIntegrationTest.java: Some input files use or override a deprecated API.
[INFO] /workspace/source/src/test/java/org/entando/entando/web/AbstractControllerIntegrationTest.java: Recompile with -Xlint:deprecation for details.
[INFO] /workspace/source/src/test/java/org/entando/entando/aps/******/services/label/LabelServiceTest.java: /workspace/source/src/test/java/org/entando/entando/aps/******/services/label/LabelServiceTest.java uses unchecked or unsafe operations.
[INFO] -------------------------------------------------------------
[WARNING] COMPILATION WARNING : 
[INFO] -------------------------------------------------------------
[WARNING] /workspace/source/src/test/java/org/entando/entando/web/AbstractControllerTest.java:[118,41] unchecked method invocation: method readValue in class com.fasterxml.jackson.databind.ObjectMapper is applied to given types
  required: java.lang.String,java.lang.Class<T>
  found: java.lang.String,java.lang.Class
[WARNING] /workspace/source/src/test/java/org/entando/entando/web/AbstractControllerTest.java:[118,48] unchecked conversion
  required: java.lang.Class<T>
  found:    java.lang.Class
[WARNING] /workspace/source/src/test/java/org/entando/entando/web/widget/WidgetControllerIntegrationTest.java:[597,26] unchecked method invocation: method setTitles in class org.entando.entando.web.widget.model.WidgetRequest is applied to given types
  required: java.util.Map<java.lang.String,java.lang.String>
  found: java.util.Map
[WARNING] /workspace/source/src/test/java/org/entando/entando/web/widget/WidgetControllerIntegrationTest.java:[597,27] unchecked conversion
  required: java.util.Map<java.lang.String,java.lang.String>
  found:    java.util.Map
[WARNING] /workspace/source/src/test/java/org/entando/entando/web/widget/WidgetControllerIntegrationTest.java:[693,45] unchecked conversion
  required: java.util.Map<java.lang.String,java.lang.String>
  found:    java.util.Map
[WARNING] /workspace/source/src/test/java/org/entando/entando/aps/******/services/api/ApiBaseTestCase.java:[67,45] unchecked call to writeTo(T,java.lang.reflect.Type,java.lang.annotation.Annotation[],javax.ws.rs.core.MediaType,javax.ws.rs.core.MultivaluedMap<java.lang.String,java.lang.Object>,java.io.OutputStream) as a member of the raw type org.apache.cxf.jaxrs.provider.AbstractJAXBProvider
[WARNING] /workspace/source/src/test/java/org/entando/entando/aps/******/services/dataobjectsearchengine/TestSearchEngineManager.java:[151,59] unchecked call to SearchEngineFilter(java.lang.String,T) as a member of the raw type org.entando.entando.aps.******.services.searchengine.SearchEngineFilter
[WARNING] /workspace/source/src/test/java/org/entando/entando/aps/******/services/dataobjectsearchengine/TestSearchEngineManager.java:[242,54] unchecked call to SearchEngineFilter(java.lang.String,T,org.entando.entando.aps.******.services.searchengine.SearchEngineFilter.TextSearchOption) as a member of the raw type org.entando.entando.aps.******.services.searchengine.SearchEngineFilter
[WARNING] /workspace/source/src/test/java/org/entando/entando/aps/******/services/dataobjectsearchengine/TestSearchEngineManager.java:[249,54] unchecked call to SearchEngineFilter(java.lang.String,T,org.entando.entando.aps.******.services.searchengine.SearchEngineFilter.TextSearchOption) as a member of the raw type org.entando.entando.aps.******.services.searchengine.SearchEngineFilter
[WARNING] /workspace/source/src/test/java/org/entando/entando/aps/******/services/dataobjectsearchengine/TestSearchEngineManager.java:[257,54] unchecked call to SearchEngineFilter(java.lang.String,T,org.entando.entando.aps.******.services.searchengine.SearchEngineFilter.TextSearchOption) as a member of the raw type org.entando.entando.aps.******.services.searchengine.SearchEngineFilter
[WARNING] /workspace/source/src/test/java/org/entando/entando/aps/******/services/dataobjectsearchengine/TestSearchEngineManager.java:[263,54] unchecked call to SearchEngineFilter(java.lang.String,T,org.entando.entando.aps.******.services.searchengine.SearchEngineFilter.TextSearchOption) as a member of the raw type org.entando.entando.aps.******.services.searchengine.SearchEngineFilter
[WARNING] /workspace/source/src/test/java/org/entando/entando/aps/******/services/widgettype/WidgetServiceTest.java:[415,43] unchecked call to PagedMetadata(org.entando.entando.web.common.model.RestListRequest,java.util.List<T>,int) as a member of the raw type org.entando.entando.web.common.model.PagedMetadata
[WARNING] /workspace/source/src/test/java/org/entando/entando/aps/******/services/widgettype/WidgetServiceTest.java:[419,78] unchecked method invocation: method thenReturn in interface org.mockito.stubbing.OngoingStubbing is applied to given types
  required: T
  found: org.entando.entando.web.common.model.PagedMetadata
[WARNING] /workspace/source/src/test/java/org/entando/entando/aps/******/services/widgettype/WidgetServiceTest.java:[419,79] unchecked conversion
  required: T
  found:    org.entando.entando.web.common.model.PagedMetadata
[WARNING] /workspace/source/src/test/java/org/entando/entando/aps/******/services/pagemodel/PageModelTestUtil.java:[52,55] unchecked call to put(K,V) as a member of the raw type java.util.Map
[WARNING] /workspace/source/src/test/java/org/entando/entando/web/pagemodel/PageModelControllerIntegrationTest.java:[282,61] unchecked call to put(K,V) as a member of the raw type java.util.Map
[WARNING] /workspace/source/src/test/java/org/entando/entando/aps/******/services/dataobject/api/TestApiDataObjectInterface.java:[76,37] unchecked call to EntitySearchFilter(java.lang.String,boolean,T,T) as a member of the raw type com.agiletec.aps.******.common.entity.model.EntitySearchFilter
[WARNING] /workspace/source/src/test/java/org/entando/entando/aps/******/services/dataobject/entity/TestDataObjectEntityManager.java:[43,41] unchecked call to EntitySearchFilter(java.lang.String,boolean,T,boolean) as a member of the raw type com.agiletec.aps.******.common.entity.model.EntitySearchFilter
[WARNING] /workspace/source/src/test/java/org/entando/entando/aps/******/services/dataobject/entity/TestDataObjectEntityManager.java:[57,42] unchecked call to EntitySearchFilter(java.lang.String,boolean,T,boolean) as a member of the raw type com.agiletec.aps.******.common.entity.model.EntitySearchFilter
[WARNING] /workspace/source/src/test/java/org/entando/entando/aps/******/services/dataobject/entity/TestDataObjectEntityManager.java:[64,43] unchecked call to EntitySearchFilter(java.lang.String,boolean,T,boolean) as a member of the raw type com.agiletec.aps.******.common.entity.model.EntitySearchFilter
[WARNING] /workspace/source/src/test/java/org/entando/entando/aps/******/services/dataobject/entity/TestDataObjectEntityManager.java:[94,39] unchecked call to EntitySearchFilter(java.lang.String,boolean,T,boolean) as a member of the raw type com.agiletec.aps.******.common.entity.model.EntitySearchFilter
[WARNING] /workspace/source/src/test/java/org/entando/entando/aps/******/services/dataobject/entity/TestDataObjectEntityManager.java:[100,20] unchecked call to EntitySearchFilter(java.lang.String,boolean,T,boolean) as a member of the raw type com.agiletec.aps.******.common.entity.model.EntitySearchFilter
[WARNING] /workspace/source/src/test/java/org/entando/entando/aps/******/services/dataobject/entity/TestDataObjectEntityManager.java:[111,39] unchecked call to EntitySearchFilter(java.lang.String,boolean,T,boolean) as a member of the raw type com.agiletec.aps.******.common.entity.model.EntitySearchFilter
[WARNING] /workspace/source/src/test/java/org/entando/entando/aps/******/services/dataobject/entity/TestDataObjectEntityManager.java:[205,37] unchecked call to EntitySearchFilter(java.lang.String,boolean,T,T) as a member of the raw type com.agiletec.aps.******.common.entity.model.EntitySearchFilter
[WARNING] /workspace/source/src/test/java/org/entando/entando/aps/******/services/dataobject/entity/TestDataObjectEntityManager.java:[206,38] unchecked call to EntitySearchFilter(java.lang.String,boolean,T,boolean) as a member of the raw type com.agiletec.aps.******.common.entity.model.EntitySearchFilter
[WARNING] /workspace/source/src/test/java/org/entando/entando/aps/******/services/dataobject/entity/TestDataObjectEntityManager.java:[215,38] unchecked call to EntitySearchFilter(java.lang.String,boolean,T,boolean) as a member of the raw type com.agiletec.aps.******.common.entity.model.EntitySearchFilter
[WARNING] /workspace/source/src/test/java/org/entando/entando/aps/******/services/dataobject/entity/TestDataObjectEntityManager.java:[240,37] unchecked call to EntitySearchFilter(java.lang.String,boolean,T,T) as a member of the raw type com.agiletec.aps.******.common.entity.model.EntitySearchFilter
[WARNING] /workspace/source/src/test/java/org/entando/entando/aps/******/services/dataobject/entity/TestDataObjectEntityManager.java:[255,37] unchecked call to EntitySearchFilter(java.lang.String,boolean,T,T) as a member of the raw type com.agiletec.aps.******.common.entity.model.EntitySearchFilter
[WARNING] /workspace/source/src/test/java/org/entando/entando/aps/******/services/dataobject/entity/TestDataObjectEntityManager.java:[269,37] unchecked call to EntitySearchFilter(java.lang.String,boolean,T,T) as a member of the raw type com.agiletec.aps.******.common.entity.model.EntitySearchFilter
[WARNING] /workspace/source/src/test/java/org/entando/entando/aps/******/services/dataobject/entity/TestDataObjectEntityManager.java:[285,37] unchecked call to EntitySearchFilter(java.lang.String,boolean,T,T) as a member of the raw type com.agiletec.aps.******.common.entity.model.EntitySearchFilter
[WARNING] /workspace/source/src/test/java/org/entando/entando/aps/******/services/dataobject/entity/TestDataObjectEntityManager.java:[301,37] unchecked call to EntitySearchFilter(java.lang.String,boolean,T,T) as a member of the raw type com.agiletec.aps.******.common.entity.model.EntitySearchFilter
[WARNING] /workspace/source/src/test/java/org/entando/entando/aps/******/services/dataobject/entity/TestDataObjectEntityManager.java:[316,38] unchecked call to EntitySearchFilter(java.lang.String,boolean,T,T) as a member of the raw type com.agiletec.aps.******.common.entity.model.EntitySearchFilter
[WARNING] /workspace/source/src/test/java/org/entando/entando/aps/******/services/dataobject/entity/TestDataObjectEntityManager.java:[341,38] unchecked call to EntitySearchFilter(java.lang.String,boolean,T,T) as a member of the raw type com.agiletec.aps.******.common.entity.model.EntitySearchFilter
[WARNING] /workspace/source/src/test/java/org/entando/entando/aps/******/services/dataobject/entity/TestDataObjectEntityManager.java:[344,38] unchecked call to EntitySearchFilter(java.lang.String,boolean,T,T) as a member of the raw type com.agiletec.aps.******.common.entity.model.EntitySearchFilter
[WARNING] /workspace/source/src/test/java/org/entando/entando/aps/******/services/oauth2/OAuthConsumerManagerIntegrationTest.java:[107,36] unchecked call to FieldSearchFilter(java.lang.String,T,boolean) as a member of the raw type com.agiletec.aps.******.common.FieldSearchFilter
[WARNING] /workspace/source/src/test/java/org/entando/entando/web/MockMvcHelper.java:[236,54] Possible heap pollution from parameterized vararg type String
[WARNING] /workspace/source/src/test/java/org/entando/entando/aps/******/services/userprofile/UserProfileManagerIntegrationTest.java:[177,46] unchecked call to EntitySearchFilter(java.lang.String,boolean,T,boolean) as a member of the raw type com.agiletec.aps.******.common.entity.model.EntitySearchFilter
[WARNING] /workspace/source/src/test/java/org/entando/entando/aps/******/services/userprofile/UserProfileManagerIntegrationTest.java:[232,46] unchecked call to EntitySearchFilter(java.lang.String,boolean,T,boolean) as a member of the raw type com.agiletec.aps.******.common.entity.model.EntitySearchFilter
[WARNING] /workspace/source/src/test/java/org/entando/entando/aps/******/services/dataobject/TestDataObjectManager.java:[66,42] unchecked call to EntitySearchFilter(java.lang.String,boolean,T,boolean) as a member of the raw type com.agiletec.aps.******.common.entity.model.EntitySearchFilter
[WARNING] /workspace/source/src/test/java/org/entando/entando/aps/******/services/dataobject/TestDataObjectManager.java:[74,47] unchecked call to EntitySearchFilter(java.lang.String,boolean,T,boolean) as a member of the raw type com.agiletec.aps.******.common.entity.model.EntitySearchFilter
[WARNING] /workspace/source/src/test/java/org/entando/entando/aps/******/services/dataobject/TestDataObjectManager.java:[81,23] unchecked call to EntitySearchFilter(java.lang.String,boolean,T,boolean,com.agiletec.aps.******.common.FieldSearchFilter.LikeOptionType) as a member of the raw type com.agiletec.aps.******.common.entity.model.EntitySearchFilter
[WARNING] /workspace/source/src/test/java/org/entando/entando/aps/******/services/dataobject/TestDataObjectManager.java:[89,23] unchecked call to EntitySearchFilter(java.lang.String,boolean,T,boolean,com.agiletec.aps.******.common.FieldSearchFilter.LikeOptionType) as a member of the raw type com.agiletec.aps.******.common.entity.model.EntitySearchFilter
[WARNING] /workspace/source/src/test/java/org/entando/entando/aps/******/services/dataobject/TestDataObjectManager.java:[95,23] unchecked call to EntitySearchFilter(java.lang.String,boolean,T,boolean,com.agiletec.aps.******.common.FieldSearchFilter.LikeOptionType) as a member of the raw type com.agiletec.aps.******.common.entity.model.EntitySearchFilter
[WARNING] /workspace/source/src/test/java/org/entando/entando/aps/******/services/dataobject/TestDataObjectManager.java:[106,44] unchecked call to EntitySearchFilter(java.lang.String,boolean,T,boolean) as a member of the raw type com.agiletec.aps.******.common.entity.model.EntitySearchFilter
[WARNING] /workspace/source/src/test/java/org/entando/entando/aps/******/services/dataobject/TestDataObjectManager.java:[114,25] unchecked call to EntitySearchFilter(java.lang.String,boolean,T,boolean) as a member of the raw type com.agiletec.aps.******.common.entity.model.EntitySearchFilter
[WARNING] /workspace/source/src/test/java/org/entando/entando/aps/******/services/dataobject/TestDataObjectManager.java:[131,42] unchecked call to EntitySearchFilter(java.lang.String,boolean,T,boolean) as a member of the raw type com.agiletec.aps.******.common.entity.model.EntitySearchFilter
[WARNING] /workspace/source/src/test/java/org/entando/entando/aps/******/services/dataobject/TestDataObjectManager.java:[139,47] unchecked call to EntitySearchFilter(java.lang.String,boolean,T,boolean) as a member of the raw type com.agiletec.aps.******.common.entity.model.EntitySearchFilter
[WARNING] /workspace/source/src/test/java/org/entando/entando/aps/******/services/dataobject/TestDataObjectManager.java:[153,42] unchecked call to EntitySearchFilter(java.lang.String,boolean,T,boolean,com.agiletec.aps.******.common.FieldSearchFilter.LikeOptionType) as a member of the raw type com.agiletec.aps.******.common.entity.model.EntitySearchFilter
[WARNING] /workspace/source/src/test/java/org/entando/entando/aps/******/services/dataobject/TestDataObjectManager.java:[161,23] unchecked call to EntitySearchFilter(java.lang.String,boolean,T,boolean,com.agiletec.aps.******.common.FieldSearchFilter.LikeOptionType) as a member of the raw type com.agiletec.aps.******.common.entity.model.EntitySearchFilter
[WARNING] /workspace/source/src/test/java/org/entando/entando/aps/******/services/dataobject/TestDataObjectManager.java:[169,39] unchecked call to EntitySearchFilter(java.lang.String,boolean,T,boolean,com.agiletec.aps.******.common.FieldSearchFilter.LikeOptionType) as a member of the raw type com.agiletec.aps.******.common.entity.model.EntitySearchFilter
[WARNING] /workspace/source/src/test/java/org/entando/entando/aps/******/services/dataobject/TestDataObjectManager.java:[177,23] unchecked call to EntitySearchFilter(java.lang.String,boolean,T,boolean,com.agiletec.aps.******.common.FieldSearchFilter.LikeOptionType) as a member of the raw type com.agiletec.aps.******.common.entity.model.EntitySearchFilter
[WARNING] /workspace/source/src/test/java/org/entando/entando/aps/******/services/dataobject/TestDataObjectManager.java:[190,42] unchecked call to EntitySearchFilter(java.lang.String,boolean,T,boolean) as a member of the raw type com.agiletec.aps.******.common.entity.model.EntitySearchFilter
[WARNING] /workspace/source/src/test/java/org/entando/entando/aps/******/services/dataobject/TestDataObjectManager.java:[202,43] unchecked call to EntitySearchFilter(java.lang.String,boolean,T,boolean) as a member of the raw type com.agiletec.aps.******.common.entity.model.EntitySearchFilter
[WARNING] /workspace/source/src/test/java/org/entando/entando/aps/******/services/dataobject/TestDataObjectManager.java:[220,41] unchecked call to EntitySearchFilter(java.lang.String,boolean,T,boolean) as a member of the raw type com.agiletec.aps.******.common.entity.model.EntitySearchFilter
[WARNING] /workspace/source/src/test/java/org/entando/entando/aps/******/services/dataobject/TestDataObjectManager.java:[233,43] unchecked call to EntitySearchFilter(java.lang.String,boolean,T,boolean) as a member of the raw type com.agiletec.aps.******.common.entity.model.EntitySearchFilter
[WARNING] /workspace/source/src/test/java/org/entando/entando/aps/******/services/dataobject/TestDataObjectManager.java:[254,42] unchecked call to EntitySearchFilter(java.lang.String,boolean,T,boolean) as a member of the raw type com.agiletec.aps.******.common.entity.model.EntitySearchFilter
[WARNING] /workspace/source/src/test/java/org/entando/entando/aps/******/services/dataobject/TestDataObjectManager.java:[280,44] unchecked call to EntitySearchFilter(java.lang.String,boolean,T,boolean) as a member of the raw type com.agiletec.aps.******.common.entity.model.EntitySearchFilter
[WARNING] /workspace/source/src/test/java/org/entando/entando/aps/******/services/dataobject/TestDataObjectManager.java:[557,37] unchecked call to EntitySearchFilter(java.lang.String,boolean,T,T) as a member of the raw type com.agiletec.aps.******.common.entity.model.EntitySearchFilter
[WARNING] /workspace/source/src/test/java/org/entando/entando/aps/******/services/dataobject/TestDataObjectManager.java:[558,38] unchecked call to EntitySearchFilter(java.lang.String,boolean,T,boolean) as a member of the raw type com.agiletec.aps.******.common.entity.model.EntitySearchFilter
[WARNING] /workspace/source/src/test/java/org/entando/entando/aps/******/services/dataobject/TestDataObjectManager.java:[598,37] unchecked call to EntitySearchFilter(java.lang.String,boolean,T,T) as a member of the raw type com.agiletec.aps.******.common.entity.model.EntitySearchFilter
[WARNING] /workspace/source/src/test/java/org/entando/entando/aps/******/services/dataobject/TestDataObjectManager.java:[599,38] unchecked call to EntitySearchFilter(java.lang.String,boolean,T,boolean) as a member of the raw type com.agiletec.aps.******.common.entity.model.EntitySearchFilter
[WARNING] /workspace/source/src/test/java/org/entando/entando/aps/******/services/dataobject/TestDataObjectManager.java:[618,37] unchecked call to EntitySearchFilter(java.lang.String,boolean,T,T) as a member of the raw type com.agiletec.aps.******.common.entity.model.EntitySearchFilter
[WARNING] /workspace/source/src/test/java/org/entando/entando/aps/******/services/dataobject/TestDataObjectManager.java:[619,40] unchecked call to EntitySearchFilter(java.lang.String,boolean,T,boolean) as a member of the raw type com.agiletec.aps.******.common.entity.model.EntitySearchFilter
[WARNING] /workspace/source/src/test/java/org/entando/entando/aps/******/services/dataobject/TestDataObjectManager.java:[626,40] unchecked call to EntitySearchFilter(java.lang.String,boolean,T,boolean) as a member of the raw type com.agiletec.aps.******.common.entity.model.EntitySearchFilter
[WARNING] /workspace/source/src/test/java/org/entando/entando/aps/******/services/dataobject/TestDataObjectManager.java:[640,37] unchecked call to EntitySearchFilter(java.lang.String,boolean,T,boolean) as a member of the raw type com.agiletec.aps.******.common.entity.model.EntitySearchFilter
[WARNING] /workspace/source/src/test/java/org/entando/entando/aps/******/services/dataobject/TestDataObjectManager.java:[658,19] unchecked call to EntitySearchFilter(java.lang.String,boolean,T,T) as a member of the raw type com.agiletec.aps.******.common.entity.model.EntitySearchFilter
[WARNING] /workspace/source/src/test/java/org/entando/entando/aps/******/services/dataobject/TestDataObjectManager.java:[668,19] unchecked call to EntitySearchFilter(java.lang.String,boolean,T,T) as a member of the raw type com.agiletec.aps.******.common.entity.model.EntitySearchFilter
[WARNING] /workspace/source/src/test/java/org/entando/entando/aps/******/services/dataobject/TestDataObjectManager.java:[686,37] unchecked call to EntitySearchFilter(java.lang.String,boolean,java.util.List<T>,boolean) as a member of the raw type com.agiletec.aps.******.common.entity.model.EntitySearchFilter
[WARNING] /workspace/source/src/test/java/org/entando/entando/aps/******/services/dataobject/TestDataObjectManager.java:[710,19] unchecked call to EntitySearchFilter(java.lang.String,boolean,java.util.List<T>,boolean) as a member of the raw type com.agiletec.aps.******.common.entity.model.EntitySearchFilter
[WARNING] /workspace/source/src/test/java/org/entando/entando/aps/******/services/dataobject/TestDataObjectManager.java:[735,19] unchecked call to EntitySearchFilter(java.lang.String,boolean,java.util.List<T>,boolean) as a member of the raw type com.agiletec.aps.******.common.entity.model.EntitySearchFilter
[WARNING] /workspace/source/src/test/java/org/entando/entando/aps/******/services/dataobject/TestDataObjectManager.java:[761,19] unchecked call to EntitySearchFilter(java.lang.String,boolean,java.util.List<T>,boolean) as a member of the raw type com.agiletec.aps.******.common.entity.model.EntitySearchFilter
[WARNING] /workspace/source/src/test/java/org/entando/entando/aps/******/services/dataobject/TestDataObjectManager.java:[784,19] unchecked call to EntitySearchFilter(java.lang.String,boolean,T,boolean) as a member of the raw type com.agiletec.aps.******.common.entity.model.EntitySearchFilter
[WARNING] /workspace/source/src/test/java/org/entando/entando/aps/******/services/dataobject/TestDataObjectManager.java:[808,19] unchecked call to EntitySearchFilter(java.lang.String,boolean,T,boolean) as a member of the raw type com.agiletec.aps.******.common.entity.model.EntitySearchFilter
[WARNING] /workspace/source/src/test/java/org/entando/entando/aps/******/services/dataobject/TestDataObjectManager.java:[834,37] unchecked call to EntitySearchFilter(java.lang.String,boolean,java.util.List<T>,boolean) as a member of the raw type com.agiletec.aps.******.common.entity.model.EntitySearchFilter
[WARNING] /workspace/source/src/test/java/org/entando/entando/aps/******/services/dataobject/TestDataObjectManager.java:[948,37] unchecked call to EntitySearchFilter(java.lang.String,boolean,T,T) as a member of the raw type com.agiletec.aps.******.common.entity.model.EntitySearchFilter
[WARNING] /workspace/source/src/test/java/org/entando/entando/aps/******/services/dataobject/TestDataObjectManager.java:[962,37] unchecked call to EntitySearchFilter(java.lang.String,boolean,T,T) as a member of the raw type com.agiletec.aps.******.common.entity.model.EntitySearchFilter
[WARNING] /workspace/source/src/test/java/org/entando/entando/aps/******/services/dataobject/TestDataObjectManager.java:[978,37] unchecked call to EntitySearchFilter(java.lang.String,boolean,T,T) as a member of the raw type com.agiletec.aps.******.common.entity.model.EntitySearchFilter
[WARNING] /workspace/source/src/test/java/org/entando/entando/aps/******/services/dataobject/TestDataObjectManager.java:[993,37] unchecked call to EntitySearchFilter(java.lang.String,boolean,T,T) as a member of the raw type com.agiletec.aps.******.common.entity.model.EntitySearchFilter
[WARNING] /workspace/source/src/test/java/org/entando/entando/aps/******/services/dataobject/TestDataObjectManager.java:[1009,37] unchecked call to EntitySearchFilter(java.lang.String,boolean,T,T) as a member of the raw type com.agiletec.aps.******.common.entity.model.EntitySearchFilter
[WARNING] /workspace/source/src/test/java/org/entando/entando/aps/******/services/dataobject/TestDataObjectManager.java:[1024,37] unchecked call to EntitySearchFilter(java.lang.String,boolean,T,T) as a member of the raw type com.agiletec.aps.******.common.entity.model.EntitySearchFilter
[WARNING] /workspace/source/src/test/java/org/entando/entando/aps/******/services/dataobject/TestDataObjectManager.java:[1063,38] unchecked call to EntitySearchFilter(java.lang.String,boolean,T,boolean) as a member of the raw type com.agiletec.aps.******.common.entity.model.EntitySearchFilter
[WARNING] /workspace/source/src/test/java/org/entando/entando/aps/******/services/dataobject/TestDataObjectManager.java:[1149,37] unchecked call to EntitySearchFilter(java.lang.String,boolean,T,T) as a member of the raw type com.agiletec.aps.******.common.entity.model.EntitySearchFilter
[WARNING] /workspace/source/src/test/java/org/entando/entando/aps/******/services/dataobject/TestDataObjectManager.java:[1161,38] unchecked call to EntitySearchFilter(java.lang.String,boolean,T,boolean) as a member of the raw type com.agiletec.aps.******.common.entity.model.EntitySearchFilter
[WARNING] /workspace/source/src/test/java/org/entando/entando/aps/******/services/dataobject/TestDataObjectManager.java:[1251,38] unchecked call to EntitySearchFilter(java.lang.String,boolean,T,boolean) as a member of the raw type com.agiletec.aps.******.common.entity.model.EntitySearchFilter
[WARNING] /workspace/source/src/test/java/org/entando/entando/aps/******/services/dataobject/TestDataObjectManager.java:[1280,38] unchecked call to EntitySearchFilter(java.lang.String,boolean,T,boolean) as a member of the raw type com.agiletec.aps.******.common.entity.model.EntitySearchFilter
[WARNING] /workspace/source/src/test/java/org/entando/entando/aps/******/services/dataobject/TestDataObjectManager.java:[1323,42] unchecked call to EntitySearchFilter(java.lang.String,boolean,T,boolean) as a member of the raw type com.agiletec.aps.******.common.entity.model.EntitySearchFilter
[WARNING] /workspace/source/src/test/java/org/entando/entando/aps/******/services/guifragment/GuiFragmentServiceTest.java:[140,43] unchecked call to PagedMetadata(org.entando.entando.web.common.model.RestListRequest,java.util.List<T>,int) as a member of the raw type org.entando.entando.web.common.model.PagedMetadata
[WARNING] /workspace/source/src/test/java/org/entando/entando/aps/******/services/guifragment/GuiFragmentServiceTest.java:[144,78] unchecked method invocation: method thenReturn in interface org.mockito.stubbing.OngoingStubbing is applied to given types
  required: T
  found: org.entando.entando.web.common.model.PagedMetadata
[WARNING] /workspace/source/src/test/java/org/entando/entando/aps/******/services/guifragment/GuiFragmentServiceTest.java:[144,79] unchecked conversion
  required: T
  found:    org.entando.entando.web.common.model.PagedMetadata
[WARNING] /workspace/source/src/test/java/org/entando/entando/aps/******/services/pagemodel/PageModelServiceTest.java:[119,39] unchecked call to PagedMetadata(org.entando.entando.web.common.model.RestListRequest,java.util.List<T>,int) as a member of the raw type org.entando.entando.web.common.model.PagedMetadata
[WARNING] /workspace/source/src/test/java/org/entando/entando/aps/******/services/pagemodel/PageModelServiceTest.java:[123,74] unchecked method invocation: method thenReturn in interface org.mockito.stubbing.OngoingStubbing is applied to given types
  required: T
  found: org.entando.entando.web.common.model.PagedMetadata
[WARNING] /workspace/source/src/test/java/org/entando/entando/aps/******/services/pagemodel/PageModelServiceTest.java:[123,75] unchecked conversion
  required: T
  found:    org.entando.entando.web.common.model.PagedMetadata
[WARNING] /workspace/source/src/test/java/org/entando/entando/web/user/UserControllerUnitTest.java:[266,90] unchecked cast
  required: java.util.List<org.entando.entando.aps.******.services.user.model.UserAuthorityDto>
  found:    java.lang.Object
[WARNING] /workspace/source/src/test/java/org/entando/entando/aps/******/services/page/PageServiceTest.java:[426,43] unchecked call to PagedMetadata(org.entando.entando.web.common.model.RestListRequest,java.util.List<T>,int) as a member of the raw type org.entando.entando.web.common.model.PagedMetadata
[WARNING] /workspace/source/src/test/java/org/entando/entando/aps/******/services/page/PageServiceTest.java:[430,78] unchecked method invocation: method thenReturn in interface org.mockito.stubbing.OngoingStubbing is applied to given types
  required: T
  found: org.entando.entando.web.common.model.PagedMetadata
[WARNING] /workspace/source/src/test/java/org/entando/entando/aps/******/services/page/PageServiceTest.java:[430,79] unchecked conversion
  required: T
  found:    org.entando.entando.web.common.model.PagedMetadata
[WARNING] /workspace/source/src/test/java/org/entando/entando/aps/******/services/entity/AbstractEntityTypeServiceTest.java:[37,34] unchecked call to setEntityManagers(java.util.List<com.agiletec.aps.******.common.entity.IEntityManager>) as a member of the raw type org.entando.entando.aps.******.services.entity.AbstractEntityTypeService
[WARNING] /workspace/source/src/test/java/org/entando/entando/aps/******/services/entity/AbstractEntityTypeServiceTest.java:[131,19] unchecked method invocation: method assertThat in class org.assertj.core.api.Assertions is applied to given types
  required: java.util.List<? extends ELEMENT>
  found: java.util.List
[WARNING] /workspace/source/src/test/java/org/entando/entando/aps/******/services/entity/AbstractEntityTypeServiceTest.java:[131,36] unchecked conversion
  required: java.util.List<? extends ELEMENT>
  found:    java.util.List
[WARNING] /workspace/source/src/test/java/org/entando/entando/aps/******/services/entity/AbstractEntityTypeServiceTest.java:[131,55] unchecked call to containsExactly(ELEMENT...) as a member of the raw type org.assertj.core.api.ListAssert
[INFO] 100 warnings 
[INFO] -------------------------------------------------------------
[INFO] -------------------------------------------------------------
[ERROR] COMPILATION ERROR : 
[INFO] -------------------------------------------------------------
[ERROR] /workspace/source/src/test/java/org/entando/entando/web/analysis/AnalysisControllerDiffAnalysisBase.java:[35,8] class AnalysisControllerIntegrationTestBase is public, should be declared in a file named AnalysisControllerIntegrationTestBase.java
[INFO] 1 error
[INFO] -------------------------------------------------------------
[INFO] 
[INFO] ------------------------------------------------------------------------
[INFO] Skipping Entando Core: Engine
[INFO] This project has been banned from the build due to previous failures.
[INFO] ------------------------------------------------------------------------
[INFO] ------------------------------------------------------------------------
[INFO] BUILD FAILURE
[INFO] ------------------------------------------------------------------------
[INFO] Total time:  42.874 s
[INFO] Finished at: 2020-11-10T09:54:47Z
[INFO] ------------------------------------------------------------------------
[ERROR] Failed to e**cute goal org.apache.maven.plugins:maven-compiler-plugin:3.8.1:testCompile (default-testCompile) on project entando-engine: Compilation failure
[ERROR] /workspace/source/src/test/java/org/entando/entando/web/analysis/AnalysisControllerDiffAnalysisBase.java:[35,8] class AnalysisControllerIntegrationTestBase is public, should be declared in a file named AnalysisControllerIntegrationTestBase.java
[ERROR] 
[ERROR] -> [Help 1]
[ERROR] 
[ERROR] To see the full stack trace of the errors, re-run Maven with the -e switch.
[ERROR] Re-run Maven using the -X switch to enable full debug logging.
[ERROR] 
[ERROR] For more information about the errors and possible solutions, please read the following articles:
[ERROR] [Help 1] http://cwiki.apache.org/confluence/display/MAVEN/MojoFailureException
Picked up _JAVA_OPTIONS: -XX:+UnlockExperimentalVMOptions -Dsun.zip.disableMemoryMapping=true -XX:+UseParallelGC -XX:MinHeapFreeRatio=5 -XX:MaxHeapFreeRatio=10 -XX:GCTimeRatio=4 -XX:AdaptiveSizePolicyWeight=90 -Xms10m -Xmx8000m
[INFO] Scanning for projects...
[INFO] 
[INFO] -----------------< org.entando.entando:entando-engine >-----------------
[INFO] Building Entando Core: Engine 0.0.0-SNAPSHOT-PR-81-22
[INFO] --------------------------------[ jar ]---------------------------------
[WARNING] The POM for com.sun.xml.bind:jaxb-impl:jar:2.2.11 is invalid, transitive dependencies (if any) will not be available, enable debug logging for more details
[WARNING] The artifact org.hibernate:hibernate-validator:jar:6.0.17.Final has been relocated to org.hibernate.validator:hibernate-validator:jar:6.0.17.Final
[INFO] 
[INFO] --- maven-site-plugin:3.9.0:site (default-site) @ entando-engine ---
[INFO] configuring report plugin org.apache.maven.plugins:maven-project-info-reports-plugin:3.0.0
[INFO] 9 reports configured for maven-project-info-reports-plugin:3.0.0: dependency-info, distribution-management, index, ci-management, issue-management, licenses, plugins, scm, summary
[INFO] Rendering site with default locale English (en)
[WARNING] Unable to find a URL to the parent project. The parent menu will NOT be added.
[INFO] Relativizing decoration links with respect to localized project URL: http://www.entando.com/
[INFO] Rendering content with org.apache.maven.skins:maven-default-skin:jar:1.3 skin.
[INFO] Generating "Dependency Information" report --- maven-project-info-reports-plugin:3.0.0:dependency-info
[INFO] Generating "About" report         --- maven-project-info-reports-plugin:3.0.0:index
[INFO] Generating "Issue Management" report --- maven-project-info-reports-plugin:3.0.0:issue-management
[INFO] Generating "Licenses" report      --- maven-project-info-reports-plugin:3.0.0:licenses
[INFO] Generating "Plugins" report       --- maven-project-info-reports-plugin:3.0.0:plugins
[INFO] Generating "Source Code Management" report --- maven-project-info-reports-plugin:3.0.0:scm
[INFO] Generating "Summary" report       --- maven-project-info-reports-plugin:3.0.0:summary
[INFO] ------------------------------------------------------------------------
[INFO] BUILD SUCCESS
[INFO] ------------------------------------------------------------------------
[INFO] Total time:  23.178 s
[INFO] Finished at: 2020-11-10T09:55:12Z
[INFO] ------------------------------------------------------------------------
shallow cloning https://github.com/entando-k8s/devops-results.git branch gh-pages
ran git init in /tmp/jenkins-x-collect929683046
ran git add remote origin https://github.com/entando-k8s/devops-results.git in /tmp/jenkins-x-collect929683046
ran git fetch origin --depth=1 gh-pages in dir /tmp/jenkins-x-collect929683046
Publishing https://raw.githubusercontent.com/entando-k8s/devops-results/gh-pages/entando-engine/PR-81/css/maven-base.css
Publishing https://raw.githubusercontent.com/entando-k8s/devops-results/gh-pages/entando-engine/PR-81/css/maven-theme.css
Publishing https://raw.githubusercontent.com/entando-k8s/devops-results/gh-pages/entando-engine/PR-81/css/print.css
Publishing https://raw.githubusercontent.com/entando-k8s/devops-results/gh-pages/entando-engine/PR-81/css/site.css
Publishing https://raw.githubusercontent.com/entando-k8s/devops-results/gh-pages/entando-engine/PR-81/dependency-info.html
Publishing https://raw.githubusercontent.com/entando-k8s/devops-results/gh-pages/entando-engine/PR-81/images/collapsed.gif
Publishing https://raw.githubusercontent.com/entando-k8s/devops-results/gh-pages/entando-engine/PR-81/images/expanded.gif
Publishing https://raw.githubusercontent.com/entando-k8s/devops-results/gh-pages/entando-engine/PR-81/images/external.png
Publishing https://raw.githubusercontent.com/entando-k8s/devops-results/gh-pages/entando-engine/PR-81/images/icon_error_sml.gif
Publishing https://raw.githubusercontent.com/entando-k8s/devops-results/gh-pages/entando-engine/PR-81/images/icon_info_sml.gif
Publishing https://raw.githubusercontent.com/entando-k8s/devops-results/gh-pages/entando-engine/PR-81/images/icon_success_sml.gif
Publishing https://raw.githubusercontent.com/entando-k8s/devops-results/gh-pages/entando-engine/PR-81/images/icon_warning_sml.gif
Publishing https://raw.githubusercontent.com/entando-k8s/devops-results/gh-pages/entando-engine/PR-81/images/logos/build-by-maven-black.png
Publishing https://raw.githubusercontent.com/entando-k8s/devops-results/gh-pages/entando-engine/PR-81/images/logos/build-by-maven-white.png
Publishing https://raw.githubusercontent.com/entando-k8s/devops-results/gh-pages/entando-engine/PR-81/images/logos/maven-feather.png
Publishing https://raw.githubusercontent.com/entando-k8s/devops-results/gh-pages/entando-engine/PR-81/images/newwindow.png
Publishing https://raw.githubusercontent.com/entando-k8s/devops-results/gh-pages/entando-engine/PR-81/index.html
Publishing https://raw.githubusercontent.com/entando-k8s/devops-results/gh-pages/entando-engine/PR-81/issue-management.html
Publishing https://raw.githubusercontent.com/entando-k8s/devops-results/gh-pages/entando-engine/PR-81/licenses.html
Publishing https://raw.githubusercontent.com/entando-k8s/devops-results/gh-pages/entando-engine/PR-81/plugins.html
Publishing https://raw.githubusercontent.com/entando-k8s/devops-results/gh-pages/entando-engine/PR-81/project-info.html
Publishing https://raw.githubusercontent.com/entando-k8s/devops-results/gh-pages/entando-engine/PR-81/scm.html
Publishing https://raw.githubusercontent.com/entando-k8s/devops-results/gh-pages/entando-engine/PR-81/summary.html
stashed: https://raw.githubusercontent.com/entando-k8s/devops-results/gh-pages/entando-engine/PR-81/css/maven-base.css
stashed: https://raw.githubusercontent.com/entando-k8s/devops-results/gh-pages/entando-engine/PR-81/css/maven-theme.css
stashed: https://raw.githubusercontent.com/entando-k8s/devops-results/gh-pages/entando-engine/PR-81/css/print.css
stashed: https://raw.githubusercontent.com/entando-k8s/devops-results/gh-pages/entando-engine/PR-81/css/site.css
stashed: https://raw.githubusercontent.com/entando-k8s/devops-results/gh-pages/entando-engine/PR-81/dependency-info.html
stashed: https://raw.githubusercontent.com/entando-k8s/devops-results/gh-pages/entando-engine/PR-81/images/collapsed.gif
stashed: https://raw.githubusercontent.com/entando-k8s/devops-results/gh-pages/entando-engine/PR-81/images/expanded.gif
stashed: https://raw.githubusercontent.com/entando-k8s/devops-results/gh-pages/entando-engine/PR-81/images/external.png
stashed: https://raw.githubusercontent.com/entando-k8s/devops-results/gh-pages/entando-engine/PR-81/images/icon_error_sml.gif
stashed: https://raw.githubusercontent.com/entando-k8s/devops-results/gh-pages/entando-engine/PR-81/images/icon_info_sml.gif
stashed: https://raw.githubusercontent.com/entando-k8s/devops-results/gh-pages/entando-engine/PR-81/images/icon_success_sml.gif
stashed: https://raw.githubusercontent.com/entando-k8s/devops-results/gh-pages/entando-engine/PR-81/images/icon_warning_sml.gif
stashed: https://raw.githubusercontent.com/entando-k8s/devops-results/gh-pages/entando-engine/PR-81/images/logos/build-by-maven-black.png
stashed: https://raw.githubusercontent.com/entando-k8s/devops-results/gh-pages/entando-engine/PR-81/images/logos/build-by-maven-white.png
stashed: https://raw.githubusercontent.com/entando-k8s/devops-results/gh-pages/entando-engine/PR-81/images/logos/maven-feather.png
stashed: https://raw.githubusercontent.com/entando-k8s/devops-results/gh-pages/entando-engine/PR-81/images/newwindow.png
stashed: https://raw.githubusercontent.com/entando-k8s/devops-results/gh-pages/entando-engine/PR-81/index.html
stashed: https://raw.githubusercontent.com/entando-k8s/devops-results/gh-pages/entando-engine/PR-81/issue-management.html
stashed: https://raw.githubusercontent.com/entando-k8s/devops-results/gh-pages/entando-engine/PR-81/licenses.html
stashed: https://raw.githubusercontent.com/entando-k8s/devops-results/gh-pages/entando-engine/PR-81/plugins.html
stashed: https://raw.githubusercontent.com/entando-k8s/devops-results/gh-pages/entando-engine/PR-81/project-info.html
stashed: https://raw.githubusercontent.com/entando-k8s/devops-results/gh-pages/entando-engine/PR-81/scm.html
stashed: https://raw.githubusercontent.com/entando-k8s/devops-results/gh-pages/entando-engine/PR-81/summary.html
No pre-deployment test results found for entando-engine-PR-81.
  % Total    % Received % Xferd  Average Speed   Time    Time     Time  Current
                                 Dload  Upload   Total   Spent    Left  Speed
  0     0    0     0    0     0      0      0 --:--:-- --:--:-- --:--:--     0100  1867  100  1641  100   226   2653    365 --:--:-- --:--:-- --:--:--  2655
{
  "url": "https://api.github.com/repos/entando/entando-engine/statuses/821778bbf3c7a0adecb4266ae4a1bfaa405e26bc",
  "avatar_url": "https://avatars2.githubusercontent.com/u/57885396?v=4",
  "id": 11305608166,
  "node_id": "MDEzOlN0YXR1c0NvbnRleHQxMTMwNTYwODE2Ng==",
  "state": "pending",
  "description": "No pre-deployment test results produced by build!",
  "target_url": "https://entando-k8s.github.io/devops-results/entando-engine/PR-81/surefire-report.html",
  "context": "Pre-deployment tests",
  "created_at": "2020-11-10T09:55:57Z",
  "updated_at": "2020-11-10T09:55:57Z",
  "creator": {
    "login": "**********",
    "id": 57885396,
    "node_id": "MDQ6VXNlcjU3ODg1Mzk2",
    "avatar_url": "https://avatars2.githubusercontent.com/u/57885396?v=4",
    "gravatar_id": "",
    "url": "https://api.github.com/users/**********",
    "html_url": "https://github.com/**********",
    "followers_url": "https://api.github.com/users/**********/followers",
    "following_url": "https://api.github.com/users/entando-**/following{/other_user}",
    "gists_url": "https://api.github.com/users/**********/gists{/gist_id}",
    "starred_url": "https://api.github.com/users/**********/starred{/owner}{/repo}",
    "subscriptions_url": "https://api.github.com/users/**********/subscriptions",
    "organizations_url": "https://api.github.com/users/**********/orgs",
    "repos_url": "https://api.github.com/users/**********/repos",
    "events_url": "https://api.github.com/users/**********/events{/privacy}",
    "received_events_url": "https://api.github.com/users/**********/received_events",
    "type": "User",
    "site_*****": *****
  }
}
No OWASP dependency check found for entando-engine-PR-81.
  % Total    % Received % Xferd  Average Speed   Time    Time     Time  Current
                                 Dload  Upload   Total   Spent    Left  Speed
{
  "url": "https://api.github.com/repos/entando/entando-engine/statuses/821778bbf3c7a0adecb4266ae4a1bfaa405e26bc",
  "avatar_url": "https://avatars2.githubusercontent.com/u/57885396?v=4",
  "id": 11305608278,
  "node_id": "MDEzOlN0YXR1c0NvbnRleHQxMTMwNTYwODI3OA==",
  "state": "pending",
  "description": "No OWASP dependency check results produced by build!",
  0     0    0     0    0     0      0      0 --:--:-- --:--:-- --:--:--     0  0     0    0     0    0     0      0      0 --:--:-- --:--:-- --:--:--     0100  1867  100  1641  100   226   2716    374 --:--:-- --:--:-- --:--:--  2716
The following checks failed for entando-engine-PR-81:
No pre-deployment test results produced by build
No OWASP dependency check results produced by build
  "target_url": "https://entando-k8s.github.io/devops-results/entando-engine/PR-81/dependency-check-report.html",
  "context": "OWASP CVE",
  "created_at": "2020-11-10T09:55:57Z",
  "updated_at": "2020-11-10T09:55:57Z",
  "creator": {
    "login": "**********",
    "id": 57885396,
    "node_id": "MDQ6VXNlcjU3ODg1Mzk2",
    "avatar_url": "https://avatars2.githubusercontent.com/u/57885396?v=4",
    "gravatar_id": "",
    "url": "https://api.github.com/users/**********",
    "html_url": "https://github.com/**********",
    "followers_url": "https://api.github.com/users/**********/followers",
    "following_url": "https://api.github.com/users/**********/following{/other_user}",
    "gists_url": "https://api.github.com/users/**********/gists{/gist_id}",
    "starred_url": "https://api.github.com/users/**********/starred{/owner}{/repo}",
    "subscriptions_url": "https://api.github.com/users/entando-**/subscriptions",
    "organizations_url": "https://api.github.com/users/**********/orgs",
    "repos_url": "https://api.github.com/users/**********/repos",
    "events_url": "https://api.github.com/users/**********/events{/privacy}",
    "received_events_url": "https://api.github.com/users/**********/received_events",
    "type": "User",
    "site_*****": *****
  }
}
[31m
Pipeline failed on stage 'from-build-pack' : container 'step-build-mvn-verify-pr'. The execution of the pipeline has stopped.[0m
