
Showing logs for build [32mentando-k8s-entando-k8s-plugin-zk22l-1[0m stage [32mfrom-build-pack[0m and container [32mstep-credential-initializer-mk9r2[0m
{"level":"warn","ts":1604830501.132347,"logger":"fallback-logger","caller":"logging/config.go:69","msg":"Fetch GitHub commit ID from kodata failed: \"ref: refs/heads/0.8.0-**-support-backwards-incompats\" is not a valid GitHub commit ID"}
{"level":"info","ts":1604830501.1458995,"logger":"fallback-logger","caller":"creds-init/main.go:40","msg":"Credentials initialized."}

Showing logs for build [32mentando-k8s-entando-k8s-plugin-zk22l-1[0m stage [32mfrom-build-pack[0m and container [32mstep-working-dir-initializer-fsdct[0m
{"level":"warn","ts":1604830503.8561466,"logger":"fallback-logger","caller":"logging/config.go:69","msg":"Fetch GitHub commit ID from kodata failed: open /var/run/ko/HEAD: no such file or directory"}
{"level":"info","ts":1604830503.9829755,"logger":"fallback-logger","caller":"bash/main.go:64","msg":"Successfully e**cuted command \"sh -c mkdir -p /workspace/source\"; output "}

Showing logs for build [32mentando-k8s-entando-k8s-plugin-zk22l-1[0m stage [32mfrom-build-pack[0m and container [32mstep-place-tools[0m

Showing logs for build [32mentando-k8s-entando-k8s-plugin-zk22l-1[0m stage [32mfrom-build-pack[0m and container [32mstep-git-source-entando-k8s-entando-k8s-plugin-rmqtg[0m
{"level":"warn","ts":1604830526.2849283,"logger":"fallback-logger","caller":"logging/config.go:69","msg":"Fetch GitHub commit ID from kodata failed: \"ref: refs/heads/0.8.0-**-support-backwards-incompats\" is not a valid GitHub commit ID"}
{"level":"info","ts":1604830527.822564,"logger":"fallback-logger","caller":"git/git.go:103","msg":"Successfully cloned https://github.com/entando-k8s/entando-k8s-plugin-controller.git @ master in path /workspace/source"}

Showing logs for build [32mentando-k8s-entando-k8s-plugin-zk22l-1[0m stage [32mfrom-build-pack[0m and container [32mstep-git-merge[0m
Using SHAs from PULL_REFS=master:1f6eda7e29488d787999c9c26a0c688b1c3e233a,16:df945f2a0ee67821beb53ba2437da7865a0acca6
DEBUG: ran git fetch --unshallow origin df945f2a0ee67821beb53ba2437da7865a0acca6: 1f6eda7e29488d787999c9c26a0c688b1c3e233a: in 
DEBUG: ran git checkout master in 
DEBUG: ran git reset --hard 1f6eda7e29488d787999c9c26a0c688b1c3e233a in 
DEBUG: ran clean --force -d . in 
DEBUG: ran git merge df945f2a0ee67821beb53ba2437da7865a0acca6 in 
Merged SHA df945f2a0ee67821beb53ba2437da7865a0acca6 with commit message 'ENG-1447 improved Keycloak config' into base branch master
Merged SHA 0f887ef7cadfaa86d9ec147388a48c5b356cd954 with commit message 'poste proposal' into base branch master

Showing logs for build [32mentando-k8s-entando-k8s-plugin-zk22l-1[0m stage [32mfrom-build-pack[0m and container [32mstep-build-set-version[0m
Picked up _JAVA_OPTIONS: -XX:+UnlockExperimentalVMOptions -Dsun.zip.disableMemoryMapping=true -XX:+UseParallelGC -XX:MinHeapFreeRatio=5 -XX:MaxHeapFreeRatio=10 -XX:GCTimeRatio=4 -XX:AdaptiveSizePolicyWeight=90 -Xms1000m -Xmx12000m
[INFO] Scanning for projects...
[WARNING] 
[WARNING] Some problems were encountered while building the effective model for org.entando:entando-k8s-plugin-controller:jar:6.2.0-SNAPSHOT
[WARNING] 'dependencyManagement.dependencies.dependency.(groupId:artifactId:type:classifier)' must be unique: org.yaml:snakeyaml:jar -> version 1.27 vs ${snakeyaml.version} @ org.entando:entando-quarkus-parent:6.2.5, /home/jenkins/.mvnrepository/org/entando/entando-quarkus-parent/6.2.5/entando-quarkus-parent-6.2.5.pom, line 283, column 25
[WARNING] 
[WARNING] It is highly recommended to fix these problems because they threaten the stability of your build.
[WARNING] 
[WARNING] For this reason, future Maven versions might no longer support building such malformed projects.
[WARNING] 
[INFO] 
[INFO] -------------< org.entando:entando-k8s-plugin-controller >--------------
[INFO] Building Entando K8S Controller for Entando Plugin Deployments 6.2.0-SNAPSHOT
[INFO] --------------------------------[ jar ]---------------------------------
[INFO] 
[INFO] --- versions-maven-plugin:2.8.1:set (default-cli) @ entando-k8s-plugin-controller ---
[INFO] Local aggregation ****: /workspace/source
[INFO] Processing change of org.entando:entando-k8s-plugin-controller:6.2.0-SNAPSHOT -> 0.0.0-SNAPSHOT-PR-16-1
[INFO] Processing org.entando:entando-k8s-plugin-controller
[INFO]     Updating project org.entando:entando-k8s-plugin-controller
[INFO]         from version 6.2.0-SNAPSHOT to 0.0.0-SNAPSHOT-PR-16-1
[INFO] 
[INFO] ------------------------------------------------------------------------
[INFO] BUILD SUCCESS
[INFO] ------------------------------------------------------------------------
[INFO] Total time:  8.257 s
[INFO] Finished at: 2020-11-08T10:15:41Z
[INFO] ------------------------------------------------------------------------

Showing logs for build [32mentando-k8s-entando-k8s-plugin-zk22l-1[0m stage [32mfrom-build-pack[0m and container [32mstep-build-fix-git-for-sonar[0m
Switched to a new branch 'PR-16'
M	pom.xml
Deleted branch master (was df945f2).
From https://github.com/entando-k8s/entando-k8s-plugin-controller
 * [new branch]      master     -> master

Showing logs for build [32mentando-k8s-entando-k8s-plugin-zk22l-1[0m stage [32mfrom-build-pack[0m and container [32mstep-build-mvn-verify-pr[0m
  % Total    % Received % Xferd  Average Speed   Time    Time     Time  Current
                                 Dload  Upload   Total   Spent    Left  Speed
  0     0    0     0    0     0      0      0 --:--:-- --:--:-- --:--:--     0  0     0    0     0    0     0      0      0 --:--:-- --:--:-- --:--:--     0100  1876  100  1655  100   221   2536    338 --:--:-- --:--:-- --:--:--  2534
{
  "url": "https://api.github.com/repos/entando-k8s/entando-k8s-plugin-controller/statuses/df945f2a0ee67821beb53ba2437da7865a0acca6",
  "avatar_url": "https://avatars2.githubusercontent.com/u/57885396?v=4",
  "id": 11287683256,
  "node_id": "MDEzOlN0YXR1c0NvbnRleHQxMTI4NzY4MzI1Ng==",
  "state": "pending",
  "description": "Pre-deployment tests pending!",
  "target_url": "https://entando-k8s.github.io/devops-results/entando-k8s-plugin-controller/PR-16/surefire-report.html",
  "context": "Pre-deployment tests",
  "created_at": "2020-11-08T10:15:43Z",
  "updated_at": "2020-11-08T10:15:43Z",
  "creator": {
    "login": "entando-**",
    "id": 57885396,
    "node_id": "MDQ6VXNlcjU3ODg1Mzk2",
    "avatar_url": "https://avatars2.githubusercontent.com/u/57885396?v=4",
    "gravatar_id": "",
    "url": "https://api.github.com/users/entando-**",
    "html_url": "https://github.com/entando-**",
    "followers_url": "https://api.github.com/users/entando-**/followers",
    "following_url": "https://api.github.com/users/entando-**/following{/other_user}",
    "gists_url": "https://api.github.com/users/entando-**/gists{/gist_id}",
    "starred_url": "https://api.github.com/users/**********/starred{/owner}{/repo}",
    "subscriptions_url": "https://api.github.com/users/entando-**/subscriptions",
    "organizations_url": "https://api.github.com/users/entando-**/orgs",
    "repos_url": "https://api.github.com/users/entando-**/repos",
    "events_url": "https://api.github.com/users/entando-**/events{/privacy}",
    "received_events_url": "https://api.github.com/users/entando-**/received_events",
    "type": "User",
    "site_*****": *****
  }
}
  % Total    % Received % Xferd  Average Speed   Time    Time     Time  Current
                                 Dload  Upload   Total   Spent    Left  Speed
{
  "url": "https://api.github.com/repos/entando-k8s/entando-k8s-plugin-controller/statuses/df945f2a0ee67821beb53ba2437da7865a0acca6",
  "avatar_url": "https://avatars2.githubusercontent.com/u/57885396?v=4",
  "id": 11287683271,
  "node_id": "MDEzOlN0YXR1c0NvbnRleHQxMTI4NzY4MzI3MQ==",
  "state": "pending",
  "description": "Post-deployment tests pending!",
  "target_url": "https://entando-k8s.github.io/devops-results/entando-k8s-plugin-controller/PR-16/failsafe-report.html",
  "context": "Post-deployment tests",
  "created_at": "2020-11-08T10:15:44Z",
  "updated_at": "2020-11-08T10:15:44Z",
  "creator": {
    "login": "entando-**",
    "id": 57885396,
    "node_id": "MDQ6VXNlcjU3ODg1Mzk2",
    "avatar_url": "https://avatars2.githubusercontent.com/u/57885396?v=4",
    "gravatar_id": "",
    "url": "https://api.github.com/users/entando-**",
    "html_url": "https://github.com/entando-**",
    "followers_url": "https://api.github.com/users/entando-**/followers",
    "following_url": "https://api.github.com/users/entando-**/following{/other_user}",
    "gists_url": "https://api.github.com/users/entando-**/gists{/gist_id}",
    "starred_url": "https://api.github.com/users/entando-**/starred{/owner}{/repo}",
    "subscriptions_url": "https://api.github.com/users/entando-**/subscriptions",
    "organizations_url": "https://api.github.com/users/entando-**/orgs",
    "repos_url": "https://api.github.com/users/entando-**/repos",
    "events_url": "https://api.github.com/users/entando-**/events{/privacy}",
    "received_events_url": "https://api.github.com/users/entando-**/received_events",
    "type": "User",
    "site_*****": *****
  }
}
  0     0    0     0    0     0      0      0 --:--:-- --:--:-- --:--:--     0 11  1880    0     0  100   223      0    358 --:--:-- --:--:-- --:--:--   358100  1880  100  1657  100   223   2661    358 --:--:-- --:--:-- --:--:--  2659
  % Total    % Received % Xferd  Average Speed   Time    Time     Time  Current
                                 Dload  Upload   Total   Spent    Left  Speed
{
  "url": "https://api.github.com/repos/entando-k8s/entando-k8s-plugin-controller/statuses/df945f2a0ee67821beb53ba2437da7865a0acca6",
  "avatar_url": "https://avatars2.githubusercontent.com/u/57885396?v=4",
  "id": 11287683290,
  "node_id": "MDEzOlN0YXR1c0NvbnRleHQxMTI4NzY4MzI5MA==",
  "state": "pending",
  "description": "Checkstyle pending!",
  "target_url": "https://entando-k8s.github.io/devops-results/entando-k8s-plugin-controller/PR-16/checkstyle.html",
  "context": "Checkstyle",
  "created_at": "2020-11-08T10:15:45Z",
  "updated_at": "2020-11-08T10:15:45Z",
  "creator": {
    "login": "entando-**",
    "id": 57885396,
    "node_id": "MDQ6VXNlcjU3ODg1Mzk2",
    "avatar_url": "https://avatars2.githubusercontent.com/u/57885396?v=4",
    "gravatar_id": "",
    "url": "https://api.github.com/users/entando-**",
    "html_url": "https://github.com/entando-**",
    "followers_url": "https://api.github.com/users/entando-**/followers",
    "following_url": "https://api.github.com/users/entando-**/following{/other_user}",
    "gists_url": "https://api.github.com/users/entando-**/gists{/gist_id}",
    "starred_url": "https://api.github.com/users/entando-**/starred{/owner}{/repo}",
    "subscriptions_url": "https://api.github.com/users/entando-**/subscriptions",
    "organizations_url": "https://api.github.com/users/**********/orgs",
    "repos_url": "https://api.github.com/users/entando-**/repos",
    "events_url": "https://api.github.com/users/entando-**/events{/privacy}",
    "received_events_url": "https://api.github.com/users/entando-**/received_events",
    "type": "User",
    "site_*****": *****
  }
}
  0     0    0     0    0     0      0      0 --:--:-- --:--:-- --:--:--     0100  1826  100  1630  100   196   2644    317 --:--:-- --:--:-- --:--:--  2646
  % Total    % Received % Xferd  Average Speed   Time    Time     Time  Current
                                 Dload  Upload   Total   Spent    Left  Speed
{
  "url": "https://api.github.com/repos/entando-k8s/entando-k8s-plugin-controller/statuses/df945f2a0ee67821beb53ba2437da7865a0acca6",
  "avatar_url": "https://avatars2.githubusercontent.com/u/57885396?v=4",
  "id": 11287683315,
  "node_id": "MDEzOlN0YXR1c0NvbnRleHQxMTI4NzY4MzMxNQ==",
  "state": "pending",
  "description": "OWASP CVE pending!",
  "target_url": "https://entando-k8s.github.io/devops-results/entando-k8s-plugin-controller/PR-16/dependency-check-report.html",
  "context": "OWASP CVE",
  "created_at": "2020-11-08T10:15:45Z",
  "updated_at": "2020-11-08T10:15:45Z",
  "creator": {
    "login": "**********",
    "id": 57885396,
    "node_id": "MDQ6VXNlcjU3ODg1Mzk2",
    "avatar_url": "https://avatars2.githubusercontent.com/u/57885396?v=4",
    "gravatar_id": "",
    "url": "https://api.github.com/users/entando-**",
    "html_url": "https://github.com/entando-**",
    "followers_url": "https://api.github.com/users/**********/followers",
    "following_url": "https://api.github.com/users/entando-**/following{/other_user}",
    "gists_url": "https://api.github.com/users/entando-**/gists{/gist_id}",
    "starred_url": "https://api.github.com/users/entando-**/starred{/owner}{/repo}",
    "subscriptions_url": "https://api.github.com/users/entando-**/subscriptions",
    "organizations_url": "https://api.github.com/users/entando-**/orgs",
    "repos_url": "https://api.github.com/users/entando-**/repos",
    "events_url": "https://api.github.com/users/**********/events{/privacy}",
    "received_events_url": "https://api.github.com/users/entando-**/received_events",
    "type": "User",
    "site_*****": *****
  }
}
  0     0    0     0    0     0      0      0 --:--:-- --:--:-- --:--:--     0  0     0    0     0    0     0      0      0 --:--:-- --:--:-- --:--:--     0100  1848  100  1641  100   207   2704    341 --:--:-- --:--:-- --:--:--  2703
Picked up _JAVA_OPTIONS: -XX:+UnlockExperimentalVMOptions -Dsun.zip.disableMemoryMapping=true -XX:+UseParallelGC -XX:MinHeapFreeRatio=5 -XX:MaxHeapFreeRatio=10 -XX:GCTimeRatio=4 -XX:AdaptiveSizePolicyWeight=90 -Xms1000m -Xmx12000m
[INFO] Scanning for projects...
[WARNING] 
[WARNING] Some problems were encountered while building the effective model for org.entando:entando-k8s-plugin-controller:jar:0.0.0-SNAPSHOT-PR-16-1
[WARNING] 'dependencyManagement.dependencies.dependency.(groupId:artifactId:type:classifier)' must be unique: org.yaml:snakeyaml:jar -> version 1.27 vs ${snakeyaml.version} @ org.entando:entando-quarkus-parent:6.2.5, /home/jenkins/.mvnrepository/org/entando/entando-quarkus-parent/6.2.5/entando-quarkus-parent-6.2.5.pom, line 283, column 25
[WARNING] 
[WARNING] It is highly recommended to fix these problems because they threaten the stability of your build.
[WARNING] 
[WARNING] For this reason, future Maven versions might no longer support building such malformed projects.
[WARNING] 
[INFO] 
[INFO] -------------< org.entando:entando-k8s-plugin-controller >--------------
[INFO] Building Entando K8S Controller for Entando Plugin Deployments 0.0.0-SNAPSHOT-PR-16-1
[INFO] --------------------------------[ jar ]---------------------------------
[WARNING] The POM for org.entando:entando-k8s-custom-model:jar:6.2.0-SNAPSHOT is missing, no dependency information available
[WARNING] The POM for org.entando:entando-k8s-operator-common:jar:6.2.0-SNAPSHOT is missing, no dependency information available
[WARNING] The POM for org.entando:entando-k8s-operator-common:jar:tests:6.2.0-SNAPSHOT is missing, no dependency information available
[INFO] 
[INFO] ------------------------------------------------------------------------
[INFO] Skipping Entando K8S Controller for Entando Plugin Deployments
[INFO] This project has been banned from the build due to previous failures.
[INFO] ------------------------------------------------------------------------
[INFO] ------------------------------------------------------------------------
[INFO] BUILD FAILURE
[INFO] ------------------------------------------------------------------------
[INFO] Total time:  6.499 s
[INFO] Finished at: 2020-11-08T10:15:54Z
[INFO] ------------------------------------------------------------------------
[ERROR] Failed to e**cute goal on project entando-k8s-plugin-controller: Could not resolve dependencies for project org.entando:entando-k8s-plugin-controller:jar:0.0.0-SNAPSHOT-PR-16-1: The following artifacts could not be resolved: org.entando:entando-k8s-custom-model:jar:6.2.0-SNAPSHOT, org.entando:entando-k8s-operator-common:jar:6.2.0-SNAPSHOT, org.entando:entando-k8s-operator-common:jar:tests:6.2.0-SNAPSHOT: Could not find artifact org.entando:entando-k8s-custom-model:jar:6.2.0-SNAPSHOT in nexus (http://nexus/repository/maven-group/) -> [Help 1]
[ERROR] 
[ERROR] To see the full stack trace of the errors, re-run Maven with the -e switch.
[ERROR] Re-run Maven using the -X switch to enable full debug logging.
[ERROR] 
[ERROR] For more information about the errors and possible solutions, please read the following articles:
[ERROR] [Help 1] http://cwiki.apache.org/confluence/display/MAVEN/DependencyResolutionException
Picked up _JAVA_OPTIONS: -XX:+UnlockExperimentalVMOptions -Dsun.zip.disableMemoryMapping=true -XX:+UseParallelGC -XX:MinHeapFreeRatio=5 -XX:MaxHeapFreeRatio=10 -XX:GCTimeRatio=4 -XX:AdaptiveSizePolicyWeight=90 -Xms1000m -Xmx12000m
[INFO] Scanning for projects...
[WARNING] 
[WARNING] Some problems were encountered while building the effective model for org.entando:entando-k8s-plugin-controller:jar:0.0.0-SNAPSHOT-PR-16-1
[WARNING] 'dependencyManagement.dependencies.dependency.(groupId:artifactId:type:classifier)' must be unique: org.yaml:snakeyaml:jar -> version 1.27 vs ${snakeyaml.version} @ org.entando:entando-quarkus-parent:6.2.5, /home/jenkins/.mvnrepository/org/entando/entando-quarkus-parent/6.2.5/entando-quarkus-parent-6.2.5.pom, line 283, column 25
[WARNING] 
[WARNING] It is highly recommended to fix these problems because they threaten the stability of your build.
[WARNING] 
[WARNING] For this reason, future Maven versions might no longer support building such malformed projects.
[WARNING] 
[INFO] 
[INFO] -------------< org.entando:entando-k8s-plugin-controller >--------------
[INFO] Building Entando K8S Controller for Entando Plugin Deployments 0.0.0-SNAPSHOT-PR-16-1
[INFO] --------------------------------[ jar ]---------------------------------
[WARNING] The POM for org.entando:entando-k8s-custom-model:jar:6.2.0-SNAPSHOT is missing, no dependency information available
[WARNING] The POM for org.entando:entando-k8s-operator-common:jar:6.2.0-SNAPSHOT is missing, no dependency information available
[WARNING] The POM for org.entando:entando-k8s-operator-common:jar:tests:6.2.0-SNAPSHOT is missing, no dependency information available
[INFO] ------------------------------------------------------------------------
[INFO] BUILD FAILURE
[INFO] ------------------------------------------------------------------------
[INFO] Total time:  1.142 s
[INFO] Finished at: 2020-11-08T10:15:57Z
[INFO] ------------------------------------------------------------------------
[ERROR] Failed to e**cute goal on project entando-k8s-plugin-controller: Could not resolve dependencies for project org.entando:entando-k8s-plugin-controller:jar:0.0.0-SNAPSHOT-PR-16-1: The following artifacts could not be resolved: org.entando:entando-k8s-custom-model:jar:6.2.0-SNAPSHOT, org.entando:entando-k8s-operator-common:jar:6.2.0-SNAPSHOT, org.entando:entando-k8s-operator-common:jar:tests:6.2.0-SNAPSHOT: Failure to find org.entando:entando-k8s-custom-model:jar:6.2.0-SNAPSHOT in http://nexus/repository/maven-group/ was cached in the local repository, resolution will not be reattempted until the update interval of nexus has elapsed or updates are forced -> [Help 1]
[ERROR] 
[ERROR] To see the full stack trace of the errors, re-run Maven with the -e switch.
[ERROR] Re-run Maven using the -X switch to enable full debug logging.
[ERROR] 
[ERROR] For more information about the errors and possible solutions, please read the following articles:
[ERROR] [Help 1] http://cwiki.apache.org/confluence/display/MAVEN/DependencyResolutionException
shallow cloning https://github.com/entando-k8s/devops-results.git branch gh-pages
ran git init in /tmp/jenkins-x-collect819580400
ran git add remote origin https://github.com/entando-k8s/devops-results.git in /tmp/jenkins-x-collect819580400
ran git fetch origin --depth=1 gh-pages in dir /tmp/jenkins-x-collect819580400
No pre-deployment test results found for entando-k8s-plugin-controller-PR-16.
  % Total    % Received % Xferd  Average Speed   Time    Time     Time  Current
                                 Dload  Upload   Total   Spent    Left  Speed
  0     0    0     0    0     0      0      0 --:--:-- --:--:-- --:--:--     0 12  1916    0     0  100   241      0    387 --:--:-- --:--:-- --:--:--   386100  1916  100  1675  100   241   2688    386 --:--:-- --:--:-- --:--:--  2688
{
  "url": "https://api.github.com/repos/entando-k8s/entando-k8s-plugin-controller/statuses/df945f2a0ee67821beb53ba2437da7865a0acca6",
  "avatar_url": "https://avatars2.githubusercontent.com/u/57885396?v=4",
  "id": 11287684716,
  "node_id": "MDEzOlN0YXR1c0NvbnRleHQxMTI4NzY4NDcxNg==",
  "state": "pending",
  "description": "No pre-deployment test results produced by build!",
  "target_url": "https://entando-k8s.github.io/devops-results/entando-k8s-plugin-controller/PR-16/surefire-report.html",
  "context": "Pre-deployment tests",
  "created_at": "2020-11-08T10:16:37Z",
  "updated_at": "2020-11-08T10:16:37Z",
  "creator": {
    "login": "entando-**",
    "id": 57885396,
    "node_id": "MDQ6VXNlcjU3ODg1Mzk2",
    "avatar_url": "https://avatars2.githubusercontent.com/u/57885396?v=4",
    "gravatar_id": "",
    "url": "https://api.github.com/users/**********",
    "html_url": "https://github.com/entando-**",
    "followers_url": "https://api.github.com/users/entando-**/followers",
    "following_url": "https://api.github.com/users/entando-**/following{/other_user}",
    "gists_url": "https://api.github.com/users/**********/gists{/gist_id}",
    "starred_url": "https://api.github.com/users/entando-**/starred{/owner}{/repo}",
    "subscriptions_url": "https://api.github.com/users/entando-**/subscriptions",
    "organizations_url": "https://api.github.com/users/entando-**/orgs",
    "repos_url": "https://api.github.com/users/entando-**/repos",
    "events_url": "https://api.github.com/users/entando-**/events{/privacy}",
    "received_events_url": "https://api.github.com/users/entando-**/received_events",
    "type": "User",
    "site_*****": *****
  }
}
No checkstyle results found for entando-k8s-plugin-controller-PR-16.
  % Total    % Received % Xferd  Average Speed   Time    Time     Time  Current
                                 Dload  Upload   Total   Spent    Left  Speed
  0     0    0     0    0     0      0      0 --:--:-- --:--:-- --:--:--     0100  1868  100  1651  100   217   2778    365 --:--:-- --:--:-- --:--:--  2784
{
  "url": "https://api.github.com/repos/entando-k8s/entando-k8s-plugin-controller/statuses/df945f2a0ee67821beb53ba2437da7865a0acca6",
  "avatar_url": "https://avatars2.githubusercontent.com/u/57885396?v=4",
  "id": 11287684738,
  "node_id": "MDEzOlN0YXR1c0NvbnRleHQxMTI4NzY4NDczOA==",
  "state": "pending",
  "description": "No checkstyle results produced by build!",
  "target_url": "https://entando-k8s.github.io/devops-results/entando-k8s-plugin-controller/PR-16/checkstyle.html",
  "context": "Checkstyle",
  "created_at": "2020-11-08T10:16:38Z",
  "updated_at": "2020-11-08T10:16:38Z",
  "creator": {
    "login": "entando-**",
    "id": 57885396,
    "node_id": "MDQ6VXNlcjU3ODg1Mzk2",
    "avatar_url": "https://avatars2.githubusercontent.com/u/57885396?v=4",
    "gravatar_id": "",
    "url": "https://api.github.com/users/**********",
    "html_url": "https://github.com/entando-**",
    "followers_url": "https://api.github.com/users/entando-**/followers",
    "following_url": "https://api.github.com/users/entando-**/following{/other_user}",
    "gists_url": "https://api.github.com/users/entando-**/gists{/gist_id}",
    "starred_url": "https://api.github.com/users/entando-**/starred{/owner}{/repo}",
    "subscriptions_url": "https://api.github.com/users/entando-**/subscriptions",
    "organizations_url": "https://api.github.com/users/entando-**/orgs",
    "repos_url": "https://api.github.com/users/entando-**/repos",
    "events_url": "https://api.github.com/users/entando-**/events{/privacy}",
    "received_events_url": "https://api.github.com/users/**********/received_events",
    "type": "User",
    "site_*****": *****
  }
}
No OWASP dependency check found for entando-k8s-plugin-controller-PR-16.
  % Total    % Received % Xferd  Average Speed   Time    Time     Time  Current
                                 Dload  Upload   Total   Spent    Left  Speed
  0     0    0     0    0     0      0      0 --:--:-- --:--:-- --:--:--     0  0     0    0     0    0     0      0      0 --:--:-- --:--:-- --:--:--     0100  1916  100  1675  100   241   2733    393 --:--:-- --:--:-- --:--:--  2732
{
  "url": "https://api.github.com/repos/entando-k8s/entando-k8s-plugin-controller/statuses/df945f2a0ee67821beb53ba2437da7865a0acca6",
  "avatar_url": "https://avatars2.githubusercontent.com/u/57885396?v=4",
  "id": 11287684753,
  "node_id": "MDEzOlN0YXR1c0NvbnRleHQxMTI4NzY4NDc1Mw==",
  "state": "pending",
  "description": "No OWASP dependency check results produced by build!",
  "target_url": "https://entando-k8s.github.io/devops-results/entando-k8s-plugin-controller/PR-16/dependency-check-report.html",
  "context": "OWASP CVE",
  "created_at": "2020-11-08T10:16:38Z",
  "updated_at": "2020-11-08T10:16:38Z",
  "creator": {
    "login": "entando-**",
    "id": 57885396,
    "node_id": "MDQ6VXNlcjU3ODg1Mzk2",
    "avatar_url": "https://avatars2.githubusercontent.com/u/57885396?v=4",
    "gravatar_id": "",
    "url": "https://api.github.com/users/entando-**",
    "html_url": "https://github.com/entando-**",
    "followers_url": "https://api.github.com/users/**********/followers",
    "following_url": "https://api.github.com/users/entando-**/following{/other_user}",
    "gists_url": "https://api.github.com/users/entando-**/gists{/gist_id}",
    "starred_url": "https://api.github.com/users/entando-**/starred{/owner}{/repo}",
    "subscriptions_url": "https://api.github.com/users/entando-**/subscriptions",
    "organizations_url": "https://api.github.com/users/entando-**/orgs",
    "repos_url": "https://api.github.com/users/entando-**/repos",
    "events_url": "https://api.github.com/users/entando-**/events{/privacy}",
    "received_events_url": "https://api.github.com/users/entando-**/received_events",
    "type": "User",
    "site_*****": *****
  }
}
The following checks failed for entando-k8s-plugin-controller-PR-16:
No pre-deployment test results produced by build
No checkstyle results produced by build
No OWASP dependency check results produced by build
[31m
Pipeline failed on stage 'from-build-pack' : container 'step-build-mvn-verify-pr'. The execution of the pipeline has stopped.[0m
