
Showing logs for build [32mentando-entando-plugin-jacms-pr-j8kn8-1[0m stage [32mfrom-build-pack[0m and container [32mstep-credential-initializer-fwvxq[0m
{"level":"warn","ts":1603793717.3982458,"logger":"fallback-logger","caller":"logging/config.go:69","msg":"Fetch GitHub commit ID from kodata failed: \"ref: refs/heads/0.8.0-**-support-backwards-incompats\" is not a valid GitHub commit ID"}
{"level":"info","ts":1603793717.4087,"logger":"fallback-logger","caller":"creds-init/main.go:40","msg":"Credentials initialized."}

Showing logs for build [32mentando-entando-plugin-jacms-pr-j8kn8-1[0m stage [32mfrom-build-pack[0m and container [32mstep-working-dir-initializer-jjcl2[0m
{"level":"warn","ts":1603793719.984825,"logger":"fallback-logger","caller":"logging/config.go:69","msg":"Fetch GitHub commit ID from kodata failed: open /var/run/ko/HEAD: no such file or directory"}
{"level":"info","ts":1603793720.0204723,"logger":"fallback-logger","caller":"bash/main.go:64","msg":"Successfully e**cuted command \"sh -c mkdir -p /workspace/source\"; output "}

Showing logs for build [32mentando-entando-plugin-jacms-pr-j8kn8-1[0m stage [32mfrom-build-pack[0m and container [32mstep-place-tools[0m

Showing logs for build [32mentando-entando-plugin-jacms-pr-j8kn8-1[0m stage [32mfrom-build-pack[0m and container [32mstep-git-source-entando-entando-plugin-jacms-pr-lx5rp[0m
{"level":"warn","ts":1603793747.4023166,"logger":"fallback-logger","caller":"logging/config.go:69","msg":"Fetch GitHub commit ID from kodata failed: \"ref: refs/heads/0.8.0-**-support-backwards-incompats\" is not a valid GitHub commit ID"}
{"level":"info","ts":1603793751.4417818,"logger":"fallback-logger","caller":"git/git.go:103","msg":"Successfully cloned https://github.com/entando/entando-plugin-jacms.git @ master in path /workspace/source"}

Showing logs for build [32mentando-entando-plugin-jacms-pr-j8kn8-1[0m stage [32mfrom-build-pack[0m and container [32mstep-git-merge[0m
Using SHAs from PULL_REFS=master:76e7acfffeca6963c5a8273a6c34c744e1e0ae36,49:8aa39f80519a6f14e80506f25faad3b72e7926d8
DEBUG: ran git fetch --unshallow origin 8aa39f80519a6f14e80506f25faad3b72e7926d8: 76e7acfffeca6963c5a8273a6c34c744e1e0ae36: in 
DEBUG: ran git checkout master in 
DEBUG: ran git reset --hard 76e7acfffeca6963c5a8273a6c34c744e1e0ae36 in 
DEBUG: ran clean --force -d . in 
DEBUG: ran git merge 8aa39f80519a6f14e80506f25faad3b72e7926d8 in 
Merged SHA 8aa39f80519a6f14e80506f25faad3b72e7926d8 with commit message 'ENG-1410: Bom version upgrade' into base branch master
Merged SHA e3204a2a3116a893829cf704fdc308f19d72a8cb with commit message 'ENG-1410: Fix bug on search engine' into base branch master

Showing logs for build [32mentando-entando-plugin-jacms-pr-j8kn8-1[0m stage [32mfrom-build-pack[0m and container [32mstep-build-set-version[0m
Picked up _JAVA_OPTIONS: -XX:+UnlockExperimentalVMOptions -Dsun.zip.disableMemoryMapping=true -XX:+UseParallelGC -XX:MinHeapFreeRatio=5 -XX:MaxHeapFreeRatio=10 -XX:GCTimeRatio=4 -XX:AdaptiveSizePolicyWeight=90 -Xms10m -Xmx8000m
[INFO] Scanning for projects...
[INFO] 
[INFO] ----------< org.entando.entando.plugins:entando-plugin-jacms >----------
[INFO] Building Entando Plugin: CMS 6.2.0-SNAPSHOT
[INFO] --------------------------------[ war ]---------------------------------
[INFO] 
[INFO] --- versions-maven-plugin:2.8.1:set (default-cli) @ entando-plugin-jacms ---
[INFO] Local aggregation ****: /workspace/source
[INFO] Processing change of org.entando.entando.plugins:entando-plugin-jacms:6.2.0-SNAPSHOT -> 0.0.0-SNAPSHOT-PR-49-1
[INFO] Processing org.entando.entando.plugins:entando-plugin-jacms
[INFO]     Updating project org.entando.entando.plugins:entando-plugin-jacms
[INFO]         from version 6.2.0-SNAPSHOT to 0.0.0-SNAPSHOT-PR-49-1
[INFO] 
[INFO] ------------------------------------------------------------------------
[INFO] BUILD SUCCESS
[INFO] ------------------------------------------------------------------------
[INFO] Total time:  16.848 s
[INFO] Finished at: 2020-10-27T10:16:14Z
[INFO] ------------------------------------------------------------------------

Showing logs for build [32mentando-entando-plugin-jacms-pr-j8kn8-1[0m stage [32mfrom-build-pack[0m and container [32mstep-build-fix-git-for-sonar[0m
Switched to a new branch 'PR-49'
M	pom.xml
Deleted branch master (was 8aa39f8).
From https://github.com/entando/entando-plugin-jacms
 * [new branch]      master            -> master
 * [new tag]         5.0.0.initial     -> 5.0.0.initial
 * [new tag]         pia-crs4          -> pia-crs4
 * [new tag]         v5.0.0-pre        -> v5.0.0-pre
 * [new tag]         v6.2.0-sprint1-rc -> v6.2.0-sprint1-rc
 * [new tag]         v6.2.0-sprint2-rc -> v6.2.0-sprint2-rc
 * [new tag]         v6.2.0-sprint3-rc -> v6.2.0-sprint3-rc
 * [new tag]         v6.2.0-sprint4-rc -> v6.2.0-sprint4-rc
 * [new tag]         v6.2.0-sprint5-rc -> v6.2.0-sprint5-rc

Showing logs for build [32mentando-entando-plugin-jacms-pr-j8kn8-1[0m stage [32mfrom-build-pack[0m and container [32mstep-build-mvn-verify-pr[0m
  % Total    % Received % Xferd  Average Speed   Time    Time     Time  Current
                                 Dload  Upload   Total   Spent    Left  Speed
  0     0    0     0    0     0      0      0 --:--:-- --:--:-- --:--:--     0 11  1845    0     0  100   212      0    275 --:--:-- --:--:-- --:--:--   276100  1845  100  1633  100   212   2122    275 --:--:-- --:--:-- --:--:--  2129
{
  "url": "https://api.github.com/repos/entando/entando-plugin-jacms/statuses/8aa39f80519a6f14e80506f25faad3b72e7926d8",
  "avatar_url": "https://avatars2.githubusercontent.com/u/57885396?v=4",
  "id": 11170529423,
  "node_id": "MDEzOlN0YXR1c0NvbnRleHQxMTE3MDUyOTQyMw==",
  "state": "pending",
  "description": "Pre-deployment tests pending!",
  "target_url": "https://entando-k8s.github.io/devops-results/entando-plugin-jacms/PR-49/surefire-report.html",
  "context": "Pre-deployment tests",
  "created_at": "2020-10-27T10:16:17Z",
  "updated_at": "2020-10-27T10:16:17Z",
  "creator": {
    "login": "**********",
    "id": 57885396,
    "node_id": "MDQ6VXNlcjU3ODg1Mzk2",
    "avatar_url": "https://avatars2.githubusercontent.com/u/57885396?v=4",
    "gravatar_id": "",
    "url": "https://api.github.com/users/entando-**",
    "html_url": "https://github.com/**********",
    "followers_url": "https://api.github.com/users/**********/followers",
    "following_url": "https://api.github.com/users/**********/following{/other_user}",
    "gists_url": "https://api.github.com/users/entando-**/gists{/gist_id}",
    "starred_url": "https://api.github.com/users/**********/starred{/owner}{/repo}",
    "subscriptions_url": "https://api.github.com/users/entando-**/subscriptions",
    "organizations_url": "https://api.github.com/users/**********/orgs",
    "repos_url": "https://api.github.com/users/**********/repos",
    "events_url": "https://api.github.com/users/entando-**/events{/privacy}",
    "received_events_url": "https://api.github.com/users/**********/received_events",
    "type": "User",
    "site_*****": *****
  }
}
  % Total    % Received % Xferd  Average Speed   Time    Time     Time  Current
                                 Dload  Upload   Total   Spent    Left  Speed
  0     0    0     0    0     0      0      0 --:--:-- --:--:-- --:--:--     0100  1817  100  1619  100   198   2607    318 --:--:-- --:--:-- --:--:--  2636
{
  "url": "https://api.github.com/repos/entando/entando-plugin-jacms/statuses/8aa39f80519a6f14e80506f25faad3b72e7926d8",
  "avatar_url": "https://avatars2.githubusercontent.com/u/57885396?v=4",
  "id": 11170529548,
  "node_id": "MDEzOlN0YXR1c0NvbnRleHQxMTE3MDUyOTU0OA==",
  "state": "pending",
  "description": "OWASP CVE pending!",
  "target_url": "https://entando-k8s.github.io/devops-results/entando-plugin-jacms/PR-49/dependency-check-report.html",
  "context": "OWASP CVE",
  "created_at": "2020-10-27T10:16:18Z",
  "updated_at": "2020-10-27T10:16:18Z",
  "creator": {
    "login": "**********",
    "id": 57885396,
    "node_id": "MDQ6VXNlcjU3ODg1Mzk2",
    "avatar_url": "https://avatars2.githubusercontent.com/u/57885396?v=4",
    "gravatar_id": "",
    "url": "https://api.github.com/users/entando-**",
    "html_url": "https://github.com/entando-**",
    "followers_url": "https://api.github.com/users/entando-**/followers",
    "following_url": "https://api.github.com/users/entando-**/following{/other_user}",
    "gists_url": "https://api.github.com/users/entando-**/gists{/gist_id}",
    "starred_url": "https://api.github.com/users/**********/starred{/owner}{/repo}",
    "subscriptions_url": "https://api.github.com/users/**********/subscriptions",
    "organizations_url": "https://api.github.com/users/**********/orgs",
    "repos_url": "https://api.github.com/users/**********/repos",
    "events_url": "https://api.github.com/users/entando-**/events{/privacy}",
    "received_events_url": "https://api.github.com/users/entando-**/received_events",
    "type": "User",
    "site_*****": *****
  }
}
Picked up _JAVA_OPTIONS: -XX:+UnlockExperimentalVMOptions -Dsun.zip.disableMemoryMapping=true -XX:+UseParallelGC -XX:MinHeapFreeRatio=5 -XX:MaxHeapFreeRatio=10 -XX:GCTimeRatio=4 -XX:AdaptiveSizePolicyWeight=90 -Xms10m -Xmx8000m
[INFO] Scanning for projects...
[INFO] 
[INFO] ----------< org.entando.entando.plugins:entando-plugin-jacms >----------
[INFO] Building Entando Plugin: CMS 0.0.0-SNAPSHOT-PR-49-1
[INFO] --------------------------------[ war ]---------------------------------
[WARNING] The POM for com.sun.xml.bind:jaxb-impl:jar:2.2.11 is invalid, transitive dependencies (if any) will not be available, enable debug logging for more details
[INFO] 
[INFO] --- maven-checkstyle-plugin:3.1.1:check (validate) @ entando-plugin-jacms ---
[INFO] 
[INFO] --- maven-checkstyle-plugin:3.1.1:checkstyle (validate) @ entando-plugin-jacms ---
[INFO] 
[INFO] --- jacoco-maven-plugin:0.8.5:prepare-agent (prepare-agent) @ entando-plugin-jacms ---
[INFO] argLine set to -javaagent:/home/jenkins/.mvnrepository/org/jacoco/org.jacoco.agent/0.8.5/org.jacoco.agent-0.8.5-runtime.jar=destfile=/workspace/source/target/jacoco.e**c
[INFO] 
[INFO] --- maven-resources-plugin:2.5:resources (default-resources) @ entando-plugin-jacms ---
[debug] e**cute contextualize
[INFO] Using 'UTF-8' encoding to copy filtered resources.
[INFO] Copying 19 resources
[INFO] Copying 1 resource
[INFO] Copying 52 resources
[INFO] Copying 98 resources
[INFO] Copying 3 resources to META-INF
[INFO] 
[INFO] --- maven-compiler-plugin:3.8.1:compile (default-compile) @ entando-plugin-jacms ---
[INFO] Changes detected - recompiling the module!
[INFO] Compiling 327 source files to /workspace/source/target/classes
[WARNING] /workspace/source/src/main/java/com/agiletec/plugins/jacms/aps/******/services/searchengine/SearchEngineManager.java:[244,41] unchecked call to SearchEngineFilter(java.lang.String,T) as a member of the raw type org.entando.entando.aps.******.services.searchengine.SearchEngineFilter
[WARNING] /workspace/source/src/main/java/com/agiletec/plugins/jacms/aps/******/services/searchengine/SearchEngineManager.java:[277,108] unchecked call to SearchEngineFilter(java.lang.String,boolean,T) as a member of the raw type org.entando.entando.aps.******.services.searchengine.SearchEngineFilter
[WARNING] /workspace/source/src/main/java/com/agiletec/plugins/jacms/aps/******/services/resource/ResourceManager.java:[261,40] unchecked method invocation: method setMetadata in interface com.agiletec.plugins.jacms.aps.******.services.resource.model.ResourceInterface is applied to given types
  required: java.util.Map<java.lang.String,java.lang.String>
  found: java.util.Map
[WARNING] /workspace/source/src/main/java/com/agiletec/plugins/jacms/aps/******/services/resource/ResourceManager.java:[261,57] unchecked conversion
  required: java.util.Map<java.lang.String,java.lang.String>
  found:    java.util.Map
[WARNING] /workspace/source/src/main/java/com/agiletec/plugins/jacms/aps/******/services/resource/ResourceManager.java:[305,29] unchecked method invocation: method setMetadata in interface com.agiletec.plugins.jacms.aps.******.services.resource.model.ResourceInterface is applied to given types
  required: java.util.Map<java.lang.String,java.lang.String>
  found: java.util.Map
[WARNING] /workspace/source/src/main/java/com/agiletec/plugins/jacms/aps/******/services/resource/ResourceManager.java:[305,46] unchecked conversion
  required: java.util.Map<java.lang.String,java.lang.String>
  found:    java.util.Map
[WARNING] /workspace/source/src/main/java/com/agiletec/plugins/jacms/aps/******/services/resource/ResourceManager.java:[585,82] unchecked conversion
  required: java.util.List<java.lang.String>
  found:    java.util.List
[WARNING] /workspace/source/src/main/java/com/agiletec/plugins/jacms/aps/******/services/resource/ResourceManager.java:[614,52] unchecked conversion
  required: java.util.List<java.lang.String>
  found:    java.util.List
[WARNING] /workspace/source/src/main/java/com/agiletec/plugins/jacms/aps/******/services/content/widget/UserFilterOptionBean.java:[246,42] unchecked call to EntitySearchFilter(java.lang.String,boolean,T,boolean) as a member of the raw type com.agiletec.aps.******.common.entity.model.EntitySearchFilter
[WARNING] /workspace/source/src/main/java/com/agiletec/plugins/jacms/aps/******/services/content/widget/UserFilterOptionBean.java:[255,42] unchecked call to EntitySearchFilter(java.lang.String,boolean,T,T) as a member of the raw type com.agiletec.aps.******.common.entity.model.EntitySearchFilter
[WARNING] /workspace/source/src/main/java/com/agiletec/plugins/jacms/aps/******/services/content/widget/UserFilterOptionBean.java:[266,50] unchecked call to EntitySearchFilter(java.lang.String,boolean,T,boolean) as a member of the raw type com.agiletec.aps.******.common.entity.model.EntitySearchFilter
[WARNING] /workspace/source/src/main/java/com/agiletec/plugins/jacms/aps/******/services/content/widget/UserFilterOptionBean.java:[281,42] unchecked call to EntitySearchFilter(java.lang.String,boolean,T,T) as a member of the raw type com.agiletec.aps.******.common.entity.model.EntitySearchFilter
[WARNING] /workspace/source/src/main/java/com/agiletec/plugins/jacms/aps/******/services/content/widget/UserFilterOptionBean.java:[311,42] unchecked call to SearchEngineFilter(java.lang.String,T,org.entando.entando.aps.******.services.searchengine.SearchEngineFilter.TextSearchOption) as a member of the raw type org.entando.entando.aps.******.services.searchengine.SearchEngineFilter
[WARNING] /workspace/source/src/main/java/com/agiletec/plugins/jacms/aps/******/services/content/widget/UserFilterOptionBean.java:[313,42] unchecked call to SearchEngineFilter(java.lang.String,T,org.entando.entando.aps.******.services.searchengine.SearchEngineFilter.TextSearchOption) as a member of the raw type org.entando.entando.aps.******.services.searchengine.SearchEngineFilter
[WARNING] /workspace/source/src/main/java/com/agiletec/plugins/jacms/aps/******/services/content/widget/UserFilterOptionBean.java:[318,42] unchecked call to SearchEngineFilter(java.lang.String,T,org.entando.entando.aps.******.services.searchengine.SearchEngineFilter.TextSearchOption) as a member of the raw type org.entando.entando.aps.******.services.searchengine.SearchEngineFilter
[WARNING] /workspace/source/src/main/java/com/agiletec/plugins/jacms/aps/******/services/content/widget/UserFilterOptionBean.java:[331,42] unchecked call to SearchEngineFilter(java.lang.String,T,T) as a member of the raw type org.entando.entando.aps.******.services.searchengine.SearchEngineFilter
[WARNING] /workspace/source/src/main/java/com/agiletec/plugins/jacms/aps/******/services/content/widget/UserFilterOptionBean.java:[334,42] unchecked call to SearchEngineFilter(java.lang.String,T,org.entando.entando.aps.******.services.searchengine.SearchEngineFilter.TextSearchOption) as a member of the raw type org.entando.entando.aps.******.services.searchengine.SearchEngineFilter
[WARNING] /workspace/source/src/main/java/com/agiletec/plugins/jacms/aps/******/services/content/widget/UserFilterOptionBean.java:[349,42] unchecked call to SearchEngineFilter(java.lang.String,T,T) as a member of the raw type org.entando.entando.aps.******.services.searchengine.SearchEngineFilter
[WARNING] /workspace/source/src/main/java/com/agiletec/plugins/jacms/aps/******/services/content/widget/ContentListHelper.java:[194,46] unchecked conversion
  required: java.util.List<java.lang.String>
  found:    java.util.List
[WARNING] /workspace/source/src/main/java/com/agiletec/plugins/jacms/aps/******/services/content/widget/ContentListHelper.java:[282,38] unchecked call to ArrayList(java.util.Collection<? extends E>) as a member of the raw type java.util.ArrayList
[WARNING] /workspace/source/src/main/java/com/agiletec/plugins/jacms/aps/******/services/content/widget/ContentListHelper.java:[282,38] unchecked conversion
  required: java.util.List<java.lang.String>
  found:    java.util.ArrayList
[WARNING] /workspace/source/src/main/java/org/entando/entando/plugins/jacms/aps/******/services/api/ApiContentInterface.java:[426,103] unchecked conversion
  required: java.util.List<java.lang.String>
  found:    java.util.List
[WARNING] /workspace/source/src/main/java/com/agiletec/plugins/jacms/aps*****/resource/ResourceAction.java:[214,37] unchecked method invocation: method setMetadata in class com.agiletec.plugins.jacms.aps*****.resource.ResourceAction is applied to given types
  required: java.util.Map<java.lang.String,java.lang.String>
  found: java.util.Map
[WARNING] /workspace/source/src/main/java/com/agiletec/plugins/jacms/aps*****/resource/ResourceAction.java:[214,38] unchecked conversion
  required: java.util.Map<java.lang.String,java.lang.String>
  found:    java.util.Map
[WARNING] /workspace/source/src/main/java/com/agiletec/plugins/jacms/aps*****/resource/ResourceAction.java:[221,33] unchecked method invocation: method setMetadata in class com.agiletec.plugins.jacms.aps*****.resource.ResourceAction is applied to given types
  required: java.util.Map<java.lang.String,java.lang.String>
  found: java.util.Map
[WARNING] /workspace/source/src/main/java/com/agiletec/plugins/jacms/aps*****/resource/ResourceAction.java:[221,34] unchecked conversion
  required: java.util.Map<java.lang.String,java.lang.String>
  found:    java.util.Map
[WARNING] /workspace/source/src/main/java/com/agiletec/plugins/jacms/aps/******/services/content/model/ContentDto.java:[256,91] unchecked cast
  required: java.util.Map<java.lang.String,java.lang.Object>
  found:    java.lang.Object
[WARNING] /workspace/source/src/main/java/com/agiletec/plugins/jacms/aps/******/services/content/model/ContentDto.java:[257,85] unchecked cast
  required: java.util.Map<java.lang.String,java.lang.Object>
  found:    java.lang.Object
[WARNING] /workspace/source/src/main/java/com/agiletec/plugins/jacms/aps/******/services/content/model/ContentDto.java:[267,113] unchecked cast
  required: java.util.Map<java.lang.String,java.lang.Object>
  found:    java.lang.Object
[WARNING] /workspace/source/src/main/java/com/agiletec/plugins/jacms/aps/******/services/content/model/ContentDto.java:[268,29] unchecked cast
  required: java.util.Map<java.lang.String,java.lang.Object>
  found:    java.lang.Object
[WARNING] /workspace/source/src/main/java/com/agiletec/plugins/jacms/aps*****/content/ContentFinderAction.java:[873,46] unchecked call to EntitySearchFilter(java.lang.String,boolean,T,boolean) as a member of the raw type com.agiletec.aps.******.common.entity.model.EntitySearchFilter
[WARNING] /workspace/source/src/main/java/com/agiletec/plugins/jacms/aps*****/content/ContentFinderAction.java:[882,46] unchecked call to EntitySearchFilter(java.lang.String,boolean,T,boolean) as a member of the raw type com.agiletec.aps.******.common.entity.model.EntitySearchFilter
[WARNING] /workspace/source/src/main/java/com/agiletec/plugins/jacms/aps*****/content/ContentFinderAction.java:[891,46] unchecked call to EntitySearchFilter(java.lang.String,boolean,T,boolean) as a member of the raw type com.agiletec.aps.******.common.entity.model.EntitySearchFilter
[WARNING] /workspace/source/src/main/java/com/agiletec/plugins/jacms/aps*****/content/ContentFinderAction.java:[909,46] unchecked call to EntitySearchFilter(java.lang.String,boolean,T,boolean) as a member of the raw type com.agiletec.aps.******.common.entity.model.EntitySearchFilter
[WARNING] /workspace/source/src/main/java/com/agiletec/plugins/jacms/aps*****/content/ContentFinderAction.java:[938,50] unchecked call to EntitySearchFilter(java.lang.String,boolean,T,boolean) as a member of the raw type com.agiletec.aps.******.common.entity.model.EntitySearchFilter
[WARNING] /workspace/source/src/main/java/com/agiletec/plugins/jacms/aps*****/content/helper/ContentActionHelper.java:[232,85] unchecked conversion
  required: java.util.List<java.lang.Object>
  found:    java.util.List
[WARNING] /workspace/source/src/main/java/org/entando/entando/plugins/jacms/web/resource/ResourcesController.java:[218,59] unchecked conversion
  required: T
  found:    java.util.HashMap
[WARNING] /workspace/source/src/main/java/org/entando/entando/plugins/jacms/web/resource/ResourcesController.java:[218,33] unchecked method invocation: method ok in class org.springframework.http.ResponseEntity is applied to given types
  required: T
  found: org.entando.entando.web.common.model.SimpleRestResponse<java.util.Map<java.lang.String,java.lang.String>>
[WARNING] /workspace/source/src/main/java/org/entando/entando/plugins/jacms/web/resource/ResourcesController.java:[218,33] unchecked conversion
  required: org.springframework.http.ResponseEntity<org.entando.entando.web.common.model.SimpleRestResponse<java.util.Map<java.lang.String,java.lang.String>>>
  found:    org.springframework.http.ResponseEntity
[WARNING] /workspace/source/src/main/java/org/entando/entando/plugins/jacms/aps/******/services/resource/ResourcesService.java:[463,25] unchecked method invocation: method sort in class java.util.Collections is applied to given types
  required: java.util.List<T>,java.util.Comparator<? super T>
  found: java.util.List<com.agiletec.plugins.jacms.aps.******.services.resource.model.ImageResourceDimension>,org.apache.commons.beanutils.BeanComparator
[WARNING] /workspace/source/src/main/java/org/entando/entando/plugins/jacms/aps/******/services/resource/ResourcesService.java:[463,38] unchecked conversion
  required: java.util.Comparator<? super T>
  found:    org.apache.commons.beanutils.BeanComparator
[WARNING] /workspace/source/src/main/java/org/entando/entando/plugins/jacms/aps/******/services/resource/ResourcesService.java:[472,21] unchecked call to FieldSearchFilter(java.lang.String,T,boolean) as a member of the raw type com.agiletec.aps.******.common.FieldSearchFilter
[WARNING] /workspace/source/src/main/java/org/entando/entando/plugins/jacms/aps/******/services/resource/ResourcesService.java:[511,21] unchecked call to FieldSearchFilter(java.lang.String,T,boolean) as a member of the raw type com.agiletec.aps.******.common.FieldSearchFilter
[WARNING] /workspace/source/src/main/java/org/entando/entando/plugins/jacms/aps/******/services/resource/ResourcesService.java:[518,21] unchecked call to FieldSearchFilter(java.lang.String,java.util.List<T>,boolean) as a member of the raw type com.agiletec.aps.******.common.FieldSearchFilter
[WARNING] /workspace/source/src/main/java/org/entando/entando/plugins/jacms/aps/******/services/resource/ResourcesService.java:[530,25] unchecked call to FieldSearchFilter(java.lang.String,T,boolean) as a member of the raw type com.agiletec.aps.******.common.FieldSearchFilter
[WARNING] /workspace/source/src/main/java/org/entando/entando/plugins/jacms/aps/******/services/resource/ResourcesService.java:[539,22] unchecked call to EntitySearchFilter(java.lang.String,boolean,T,T) as a member of the raw type com.agiletec.aps.******.common.entity.model.EntitySearchFilter
[WARNING] /workspace/source/src/main/java/org/entando/entando/plugins/jacms/aps/******/services/resource/ResourcesService.java:[541,22] unchecked call to EntitySearchFilter(java.lang.String,boolean,T,T) as a member of the raw type com.agiletec.aps.******.common.entity.model.EntitySearchFilter
[WARNING] /workspace/source/src/main/java/org/entando/entando/plugins/jacms/aps/******/services/resource/ResourcesService.java:[543,22] unchecked call to EntitySearchFilter(java.lang.String,boolean,T,boolean) as a member of the raw type com.agiletec.aps.******.common.entity.model.EntitySearchFilter
[WARNING] /workspace/source/src/main/java/org/entando/entando/plugins/jacms/aps/******/services/resource/ResourcesService.java:[546,22] unchecked call to EntitySearchFilter(java.lang.String,boolean,T,boolean,com.agiletec.aps.******.common.FieldSearchFilter.LikeOptionType) as a member of the raw type com.agiletec.aps.******.common.entity.model.EntitySearchFilter
[WARNING] /workspace/source/src/main/java/org/entando/entando/plugins/jacms/aps/******/services/content/ContentService.java:[265,86] unchecked cast
  required: com.agiletec.aps.******.services.group.GroupUtilizer<java.lang.String>
  found:    com.agiletec.plugins.jacms.aps.******.services.content.IContentManager
[WARNING] /workspace/source/src/main/java/org/entando/entando/plugins/jacms/aps/******/services/content/ContentService.java:[276,105] unchecked conversion
  required: java.util.List<java.lang.String>
  found:    java.util.List
[WARNING] /workspace/source/src/main/java/org/entando/entando/plugins/jacms/aps/******/services/content/ContentService.java:[287,97] unchecked conversion
  required: java.util.List<java.lang.String>
  found:    java.util.List
[WARNING] /workspace/source/src/main/java/org/entando/entando/plugins/jacms/aps/******/services/content/ContentService.java:[298,103] unchecked conversion
  required: java.util.List<java.lang.String>
  found:    java.util.List
[WARNING] /workspace/source/src/main/java/org/entando/entando/plugins/jacms/aps/******/services/content/ContentService.java:[384,21] unchecked call to EntitySearchFilter(java.lang.String,boolean,T,boolean) as a member of the raw type com.agiletec.aps.******.common.entity.model.EntitySearchFilter
[WARNING] /workspace/source/src/main/java/org/entando/entando/plugins/jacms/aps/******/services/content/ContentService.java:[636,57] unchecked call to SearcherDaoPaginatedResult(java.lang.Integer,java.util.List<T>) as a member of the raw type com.agiletec.aps.******.common.model.dao.SearcherDaoPaginatedResult
[WARNING] /workspace/source/src/main/java/org/entando/entando/plugins/jacms/aps/******/services/content/ContentService.java:[638,50] unchecked cast
  required: java.util.List<java.lang.Object>
  found:    java.util.List<capture#1 of ?>
[WARNING] /workspace/source/src/main/java/org/entando/entando/plugins/jacms/aps/******/services/api/ApiResourceInterface.java:[387,105] unchecked conversion
  required: java.util.List<java.lang.String>
  found:    java.util.List
[WARNING] /workspace/source/src/main/java/com/agiletec/plugins/jacms/aps*****/resource/MultipleResourceAction.java:[249,53] unchecked method invocation: method setMetadata in class com.agiletec.plugins.jacms.aps.******.services.resource.model.BaseResourceDataBean is applied to given types
  required: java.util.Map<java.lang.String,java.lang.String>
  found: java.util.Map
[WARNING] /workspace/source/src/main/java/com/agiletec/plugins/jacms/aps*****/resource/MultipleResourceAction.java:[249,54] unchecked conversion
  required: java.util.Map<java.lang.String,java.lang.String>
  found:    java.util.Map
[WARNING] /workspace/source/src/main/java/com/agiletec/plugins/jacms/aps*****/resource/MultipleResourceAction.java:[256,49] unchecked method invocation: method setMetadata in class com.agiletec.plugins.jacms.aps.******.services.resource.model.BaseResourceDataBean is applied to given types
  required: java.util.Map<java.lang.String,java.lang.String>
  found: java.util.Map
[WARNING] /workspace/source/src/main/java/com/agiletec/plugins/jacms/aps*****/resource/MultipleResourceAction.java:[256,50] unchecked conversion
  required: java.util.Map<java.lang.String,java.lang.String>
  found:    java.util.Map
[WARNING] /workspace/source/src/main/java/com/agiletec/plugins/jacms/aps*****/resource/MultipleResourceAction.java:[264,40] unchecked call to add(E) as a member of the raw type java.util.List
[WARNING] /workspace/source/src/main/java/com/agiletec/plugins/jacms/aps*****/resource/MultipleResourceAction.java:[289,28] unchecked call to forEach(java.util.function.Consumer<? super T>) as a member of the raw type java.lang.Iterable
[WARNING] /workspace/source/src/main/java/com/agiletec/plugins/jacms/aps*****/content/attribute/action/link/UrlLinkAction.java:[51,123] unchecked cast
  required: java.util.Map<java.lang.String,java.lang.String>
  found:    java.lang.Object
[WARNING] /workspace/source/src/main/java/com/agiletec/plugins/jacms/aps*****/content/attribute/action/link/PageLinkAction.java:[50,123] unchecked cast
  required: java.util.Map<java.lang.String,java.lang.String>
  found:    java.lang.Object
[WARNING] /workspace/source/src/main/java/org/entando/entando/plugins/jacms/aps*****/portal/helper/ContentPageValidator.java:[75,101] unchecked conversion
  required: java.util.List<java.lang.String>
  found:    java.util.List
[WARNING] /workspace/source/src/main/java/com/agiletec/plugins/jacms/aps*****/content/AbstractContentAction.java:[244,33] unchecked method invocation: method sort in class java.util.Collections is applied to given types
  required: java.util.List<T>,java.util.Comparator<? super T>
  found: java.util.List<com.agiletec.aps.******.services.group.Group>,org.apache.commons.beanutils.BeanComparator
[WARNING] /workspace/source/src/main/java/com/agiletec/plugins/jacms/aps*****/content/AbstractContentAction.java:[244,42] unchecked conversion
  required: java.util.Comparator<? super T>
  found:    org.apache.commons.beanutils.BeanComparator
[WARNING] /workspace/source/src/main/java/com/agiletec/plugins/jacms/aps*****/content/ContentInspectionAction.java:[43,112] unchecked conversion
  required: java.util.List<com.agiletec.aps.******.services.page.IPage>
  found:    java.util.List
[WARNING] /workspace/source/src/main/java/com/agiletec/plugins/jacms/aps*****/content/ContentInspectionAction.java:[59,113] unchecked conversion
  required: java.util.List<java.lang.String>
  found:    java.util.List
[WARNING] /workspace/source/src/main/java/com/agiletec/plugins/jacms/aps/******/services/content/AbstractContentSearcherDAO.java:[71,57] unchecked call to EntitySearchFilter(java.lang.String,boolean,T,boolean) as a member of the raw type com.agiletec.aps.******.common.entity.model.EntitySearchFilter
[WARNING] /workspace/source/src/main/java/org/entando/entando/plugins/jacms/aps/******/services/page/CmsPageServiceWrapper.java:[52,81] unchecked conversion
  required: java.util.List<com.agiletec.aps.******.services.page.IPage>
  found:    java.util.List
[WARNING] /workspace/source/src/main/java/com/agiletec/plugins/jacms/aps*****/content/ContentAction.java:[340,75] unchecked conversion
  required: java.util.List<com.agiletec.aps.******.services.page.IPage>
  found:    java.util.List
[WARNING] /workspace/source/src/main/java/com/agiletec/plugins/jacms/aps/******/services/resource/ResourceDAO.java:[259,53] unchecked call to FieldSearchFilter(java.lang.String,T,boolean) as a member of the raw type com.agiletec.aps.******.common.FieldSearchFilter
[WARNING] /workspace/source/src/main/java/com/agiletec/plugins/jacms/aps/******/services/resource/ResourceDAO.java:[259,53] unchecked conversion
  required: com.agiletec.aps.******.common.FieldSearchFilter<java.lang.String>
  found:    com.agiletec.aps.******.common.FieldSearchFilter
[WARNING] /workspace/source/src/main/java/com/agiletec/plugins/jacms/aps/******/services/resource/ResourceDAO.java:[263,53] unchecked call to FieldSearchFilter(java.lang.String,T,boolean) as a member of the raw type com.agiletec.aps.******.common.FieldSearchFilter
[WARNING] /workspace/source/src/main/java/com/agiletec/plugins/jacms/aps/******/services/resource/ResourceDAO.java:[263,53] unchecked conversion
  required: com.agiletec.aps.******.common.FieldSearchFilter<java.lang.String>
  found:    com.agiletec.aps.******.common.FieldSearchFilter
[WARNING] /workspace/source/src/main/java/com/agiletec/plugins/jacms/aps/******/services/resource/ResourceDAO.java:[267,53] unchecked call to FieldSearchFilter(java.lang.String,T,boolean) as a member of the raw type com.agiletec.aps.******.common.FieldSearchFilter
[WARNING] /workspace/source/src/main/java/com/agiletec/plugins/jacms/aps/******/services/resource/ResourceDAO.java:[267,53] unchecked conversion
  required: com.agiletec.aps.******.common.FieldSearchFilter<java.lang.String>
  found:    com.agiletec.aps.******.common.FieldSearchFilter
[WARNING] /workspace/source/src/main/java/com/agiletec/plugins/jacms/aps/******/services/resource/ResourceDAO.java:[281,53] unchecked call to FieldSearchFilter(java.lang.String,java.util.List<T>,boolean) as a member of the raw type com.agiletec.aps.******.common.FieldSearchFilter
[WARNING] /workspace/source/src/main/java/com/agiletec/plugins/jacms/aps/******/services/resource/ResourceDAO.java:[281,53] unchecked conversion
  required: com.agiletec.aps.******.common.FieldSearchFilter<java.lang.String>
  found:    com.agiletec.aps.******.common.FieldSearchFilter
[WARNING] /workspace/source/src/main/java/com/agiletec/plugins/jacms/aps*****/content/attribute/action/resource/ExtendedResourceAction.java:[120,41] unchecked method invocation: method setMetadata in class com.agiletec.plugins.jacms.aps.******.services.resource.model.BaseResourceDataBean is applied to given types
  required: java.util.Map<java.lang.String,java.lang.String>
  found: java.util.Map
[WARNING] /workspace/source/src/main/java/com/agiletec/plugins/jacms/aps*****/content/attribute/action/resource/ExtendedResourceAction.java:[120,42] unchecked conversion
  required: java.util.Map<java.lang.String,java.lang.String>
  found:    java.util.Map
[WARNING] /workspace/source/src/main/java/com/agiletec/plugins/jacms/aps/******/services/resource/parse/ImageDimensionDOM.java:[59,84] unchecked conversion
  required: java.util.List<org.jdom.Element>
  found:    java.util.List
[WARNING] /workspace/source/src/main/java/com/agiletec/plugins/jacms/aps/******/services/contentmodel/ContentModelManager.java:[176,25] unchecked method invocation: method sort in class java.util.Collections is applied to given types
  required: java.util.List<T>
  found: java.util.List<com.agiletec.plugins.jacms.aps.******.services.contentmodel.ContentModel>
[WARNING] /workspace/source/src/main/java/org/entando/entando/plugins/jacms/aps*****/content/bulk/ContentCategoryBulkAction.java:[102,137] unchecked cast
  required: org.entando.entando.plugins.jacms.aps.******.services.content.command.common.BaseContentPropertyBulkCommand<com.agiletec.aps.******.services.category.Category>
  found:    java.lang.Object
[WARNING] /workspace/source/src/main/java/com/agiletec/plugins/jacms/aps/******/services/searchengine/SearcherDAO.java:[190,77] unchecked conversion
  required: java.util.List<java.lang.String>
  found:    java.util.List
[WARNING] /workspace/source/src/main/java/com/agiletec/plugins/jacms/aps*****/resource/ResourceFinderAction.java:[110,30] unchecked call to FieldSearchFilter(java.lang.String,T,boolean) as a member of the raw type com.agiletec.aps.******.common.FieldSearchFilter
[WARNING] /workspace/source/src/main/java/com/agiletec/plugins/jacms/aps*****/resource/ResourceFinderAction.java:[114,45] unchecked call to FieldSearchFilter(java.lang.String,T,boolean) as a member of the raw type com.agiletec.aps.******.common.FieldSearchFilter
[WARNING] /workspace/source/src/main/java/com/agiletec/plugins/jacms/aps*****/resource/ResourceFinderAction.java:[118,44] unchecked call to FieldSearchFilter(java.lang.String,T,boolean) as a member of the raw type com.agiletec.aps.******.common.FieldSearchFilter
[WARNING] /workspace/source/src/main/java/com/agiletec/plugins/jacms/aps*****/resource/ResourceFinderAction.java:[122,48] unchecked call to FieldSearchFilter(java.lang.String,T,boolean) as a member of the raw type com.agiletec.aps.******.common.FieldSearchFilter
[WARNING] /workspace/source/src/main/java/com/agiletec/plugins/jacms/aps*****/resource/ResourceFinderAction.java:[200,25] unchecked method invocation: method sort in class java.util.Collections is applied to given types
  required: java.util.List<T>,java.util.Comparator<? super T>
  found: java.util.List<com.agiletec.plugins.jacms.aps.******.services.resource.model.ImageResourceDimension>,org.apache.commons.beanutils.BeanComparator
[WARNING] /workspace/source/src/main/java/com/agiletec/plugins/jacms/aps*****/resource/ResourceFinderAction.java:[200,38] unchecked conversion
  required: java.util.Comparator<? super T>
  found:    org.apache.commons.beanutils.BeanComparator
[WARNING] /workspace/source/src/main/java/org/entando/entando/plugins/jacms/aps*****/content/bulk/ContentBulkAction.java:[76,155] unchecked cast
  required: org.entando.entando.plugins.jacms.aps.******.services.content.command.common.BaseContentBulkCommand<org.entando.entando.plugins.jacms.aps.******.services.content.command.common.ContentBulkCommandContext>
  found:    java.lang.Object
[WARNING] /workspace/source/src/main/java/com/agiletec/plugins/jacms/aps/******/services/resource/cache/ResourceManagerCacheWrapper.java:[56,24] unchecked conversion
  required: java.util.Map<java.lang.String,java.util.List<java.lang.String>>
  found:    java.util.Map
[WARNING] /workspace/source/src/main/java/org/entando/entando/plugins/jacms/aps*****/content/bulk/ContentGroupBulkAction.java:[98,133] unchecked cast
  required: org.entando.entando.plugins.jacms.aps.******.services.content.command.common.BaseContentPropertyBulkCommand<java.lang.String>
  found:    java.lang.Object
[WARNING] /workspace/source/src/main/java/com/agiletec/plugins/jacms/aps/******/services/resource/ResourceService.java:[80,88] unchecked cast
  required: com.agiletec.aps.******.services.group.GroupUtilizer<java.lang.String>
  found:    com.agiletec.plugins.jacms.aps.******.services.resource.IResourceManager
[WARNING] /workspace/source/src/main/java/com/agiletec/plugins/jacms/aps/******/services/resource/ResourceService.java:[91,107] unchecked conversion
  required: java.util.List<java.lang.String>
  found:    java.util.List
[WARNING] /workspace/source/src/main/java/org/entando/entando/plugins/jacms/aps/******/services/widgettype/validators/WidgetValidatorCmsHelper.java:[130,35] unchecked cast
  required: java.util.List<java.lang.Object>
  found:    java.lang.Object
[WARNING] /workspace/source/src/main/java/com/agiletec/plugins/jacms/aps/******/services/cache/CmsCacheWrapperManager.java:[90,116] unchecked conversion
  required: java.util.List<java.lang.String>
  found:    java.util.List
[INFO] /workspace/source/src/main/java/com/agiletec/plugins/jacms/aps/******/services/content/IContentManager.java: Some input files use or override a deprecated API.
[INFO] /workspace/source/src/main/java/com/agiletec/plugins/jacms/aps/******/services/content/IContentManager.java: Recompile with -Xlint:deprecation for details.
[INFO] /workspace/source/src/main/java/com/agiletec/plugins/jacms/aps*****/content/attribute/action/link/ContentLinkAction.java: Some input files additionally use unchecked or unsafe operations.
[INFO] 
[INFO] --- maven-resources-plugin:2.5:copy-resources (copy-resources-test) @ entando-plugin-jacms ---
[debug] e**cute contextualize
[INFO] Using 'UTF-8' encoding to copy filtered resources.
[INFO] Copying 5 resources
[INFO] 
[INFO] --- maven-resources-plugin:2.5:copy-resources (copy-resources-file-test-) @ entando-plugin-jacms ---
[debug] e**cute contextualize
[INFO] Using 'UTF-8' encoding to copy filtered resources.
[INFO] Copying 5 resources
[INFO] 
[INFO] --- maven-resources-plugin:2.5:testResources (default-testResources) @ entando-plugin-jacms ---
[debug] e**cute contextualize
[INFO] Using 'UTF-8' encoding to copy filtered resources.
[INFO] Copying 5 resources
[INFO] 
[INFO] --- maven-compiler-plugin:3.8.1:testCompile (default-testCompile) @ entando-plugin-jacms ---
[INFO] Changes detected - recompiling the module!
[INFO] Compiling 122 source files to /workspace/source/target/test-classes
[INFO] /workspace/source/src/test/java/com/agiletec/plugins/jacms/aps/******/services/contentpagemapper/cache/ContentMapperCacheWrapperTest.java: Some input files use or override a deprecated API.
[INFO] /workspace/source/src/test/java/com/agiletec/plugins/jacms/aps/******/services/contentpagemapper/cache/ContentMapperCacheWrapperTest.java: Recompile with -Xlint:deprecation for details.
[INFO] /workspace/source/src/test/java/com/agiletec/plugins/jacms/aps/******/services/content/model/attribute/AbstractResourceAttributeTest.java: Some input files additionally use unchecked or unsafe operations.
[INFO] -------------------------------------------------------------
[WARNING] COMPILATION WARNING : 
[INFO] -------------------------------------------------------------
[WARNING] /workspace/source/src/test/java/com/agiletec/plugins/jacms/aps*****/content/TestContentBulkAction.java:[47,41] unchecked call to EntitySearchFilter(java.lang.String,boolean,T,boolean) as a member of the raw type com.agiletec.aps.******.common.entity.model.EntitySearchFilter
[WARNING] /workspace/source/src/test/java/org/entando/entando/plugins/jacms/aps*****/content/AbstractTestContentAttribute.java:[83,45] unchecked call to EntitySearchFilter(java.lang.String,boolean,T,boolean) as a member of the raw type com.agiletec.aps.******.common.entity.model.EntitySearchFilter
[WARNING] /workspace/source/src/test/java/org/entando/entando/plugins/jacms/aps*****/content/ContentServiceTest.java:[202,56] unchecked method invocation: method loadPublicContentsId in class com.agiletec.plugins.jacms.aps.******.services.content.ContentManager is applied to given types
  required: java.lang.String[],boolean,com.agiletec.aps.******.common.entity.model.EntitySearchFilter[],java.util.Collection<java.lang.String>
  found: java.lang.String[],boolean,com.agiletec.aps.******.common.entity.model.EntitySearchFilter[],java.util.List
[WARNING] /workspace/source/src/test/java/org/entando/entando/plugins/jacms/aps*****/content/ContentServiceTest.java:[203,74] unchecked conversion
  required: java.util.Collection<java.lang.String>
  found:    java.util.List
[WARNING] /workspace/source/src/test/java/org/entando/entando/plugins/jacms/aps*****/content/ContentServiceTest.java:[277,56] unchecked method invocation: method loadPublicContentsId in class com.agiletec.plugins.jacms.aps.******.services.content.ContentManager is applied to given types
  required: java.lang.String[],boolean,com.agiletec.aps.******.common.entity.model.EntitySearchFilter[],java.util.Collection<java.lang.String>
  found: java.lang.String[],boolean,com.agiletec.aps.******.common.entity.model.EntitySearchFilter[],java.util.List
[WARNING] /workspace/source/src/test/java/org/entando/entando/plugins/jacms/aps*****/content/ContentServiceTest.java:[278,74] unchecked conversion
  required: java.util.Collection<java.lang.String>
  found:    java.util.List
[WARNING] /workspace/source/src/test/java/org/entando/entando/plugins/jacms/aps*****/content/ContentServiceTest.java:[302,56] unchecked method invocation: method loadPublicContentsId in class com.agiletec.plugins.jacms.aps.******.services.content.ContentManager is applied to given types
  required: java.lang.String[],boolean,com.agiletec.aps.******.common.entity.model.EntitySearchFilter[],java.util.Collection<java.lang.String>
  found: java.lang.String[],boolean,com.agiletec.aps.******.common.entity.model.EntitySearchFilter[],java.util.List
[WARNING] /workspace/source/src/test/java/org/entando/entando/plugins/jacms/aps*****/content/ContentServiceTest.java:[303,74] unchecked conversion
  required: java.util.Collection<java.lang.String>
  found:    java.util.List
[WARNING] /workspace/source/src/test/java/org/entando/entando/plugins/jacms/aps*****/content/ContentServiceTest.java:[425,56] unchecked method invocation: method loadPublicContentsId in class com.agiletec.plugins.jacms.aps.******.services.content.ContentManager is applied to given types
  required: java.lang.String[],boolean,com.agiletec.aps.******.common.entity.model.EntitySearchFilter[],java.util.Collection<java.lang.String>
  found: java.lang.String[],boolean,com.agiletec.aps.******.common.entity.model.EntitySearchFilter[],java.util.List
[WARNING] /workspace/source/src/test/java/org/entando/entando/plugins/jacms/aps*****/content/ContentServiceTest.java:[426,74] unchecked conversion
  required: java.util.Collection<java.lang.String>
  found:    java.util.List
[WARNING] /workspace/source/src/test/java/org/entando/entando/plugins/jacms/web/content/ContentControllerIntegrationTest.java:[188,137] unchecked cast
  required: java.util.Map<java.lang.String,com.agiletec.plugins.jacms.aps.******.services.resource.model.ResourceInterface>
  found:    java.lang.Object
[WARNING] /workspace/source/src/test/java/org/entando/entando/plugins/jacms/web/content/ContentControllerIntegrationTest.java:[189,137] unchecked cast
  required: java.util.Map<java.lang.String,com.agiletec.plugins.jacms.aps.******.services.resource.model.ResourceInterface>
  found:    java.lang.Object
[WARNING] /workspace/source/src/test/java/org/entando/entando/plugins/jacms/web/content/ContentControllerIntegrationTest.java:[235,106] unchecked cast
  required: java.util.Map<java.lang.String,com.agiletec.plugins.jacms.aps.******.services.resource.model.ResourceInterface>
  found:    java.lang.Object
[WARNING] /workspace/source/src/test/java/org/entando/entando/plugins/jacms/web/content/ContentControllerIntegrationTest.java:[236,106] unchecked cast
  required: java.util.Map<java.lang.String,com.agiletec.plugins.jacms.aps.******.services.resource.model.ResourceInterface>
  found:    java.lang.Object
[WARNING] /workspace/source/src/test/java/com/agiletec/plugins/jacms/aps/******/services/content/entity/TestContentEntityManager.java:[44,49] unchecked call to EntitySearchFilter(java.lang.String,boolean,T,boolean) as a member of the raw type com.agiletec.aps.******.common.entity.model.EntitySearchFilter
[WARNING] /workspace/source/src/test/java/com/agiletec/plugins/jacms/aps/******/services/content/entity/TestContentEntityManager.java:[58,50] unchecked call to EntitySearchFilter(java.lang.String,boolean,T,boolean) as a member of the raw type com.agiletec.aps.******.common.entity.model.EntitySearchFilter
[WARNING] /workspace/source/src/test/java/com/agiletec/plugins/jacms/aps/******/services/content/entity/TestContentEntityManager.java:[65,51] unchecked call to EntitySearchFilter(java.lang.String,boolean,T,boolean) as a member of the raw type com.agiletec.aps.******.common.entity.model.EntitySearchFilter
[WARNING] /workspace/source/src/test/java/com/agiletec/plugins/jacms/aps/******/services/content/entity/TestContentEntityManager.java:[95,47] unchecked call to EntitySearchFilter(java.lang.String,boolean,T,boolean) as a member of the raw type com.agiletec.aps.******.common.entity.model.EntitySearchFilter
[WARNING] /workspace/source/src/test/java/com/agiletec/plugins/jacms/aps/******/services/content/entity/TestContentEntityManager.java:[101,28] unchecked call to EntitySearchFilter(java.lang.String,boolean,T,boolean) as a member of the raw type com.agiletec.aps.******.common.entity.model.EntitySearchFilter
[WARNING] /workspace/source/src/test/java/com/agiletec/plugins/jacms/aps/******/services/content/entity/TestContentEntityManager.java:[112,47] unchecked call to EntitySearchFilter(java.lang.String,boolean,T,boolean) as a member of the raw type com.agiletec.aps.******.common.entity.model.EntitySearchFilter
[WARNING] /workspace/source/src/test/java/com/agiletec/plugins/jacms/aps/******/services/content/entity/TestContentEntityManager.java:[206,45] unchecked call to EntitySearchFilter(java.lang.String,boolean,T,T) as a member of the raw type com.agiletec.aps.******.common.entity.model.EntitySearchFilter
[WARNING] /workspace/source/src/test/java/com/agiletec/plugins/jacms/aps/******/services/content/entity/TestContentEntityManager.java:[207,46] unchecked call to EntitySearchFilter(java.lang.String,boolean,T,boolean) as a member of the raw type com.agiletec.aps.******.common.entity.model.EntitySearchFilter
[WARNING] /workspace/source/src/test/java/com/agiletec/plugins/jacms/aps/******/services/content/entity/TestContentEntityManager.java:[216,46] unchecked call to EntitySearchFilter(java.lang.String,boolean,T,boolean) as a member of the raw type com.agiletec.aps.******.common.entity.model.EntitySearchFilter
[WARNING] /workspace/source/src/test/java/com/agiletec/plugins/jacms/aps/******/services/content/entity/TestContentEntityManager.java:[242,45] unchecked call to EntitySearchFilter(java.lang.String,boolean,T,T) as a member of the raw type com.agiletec.aps.******.common.entity.model.EntitySearchFilter
[WARNING] /workspace/source/src/test/java/com/agiletec/plugins/jacms/aps/******/services/content/entity/TestContentEntityManager.java:[257,45] unchecked call to EntitySearchFilter(java.lang.String,boolean,T,T) as a member of the raw type com.agiletec.aps.******.common.entity.model.EntitySearchFilter
[WARNING] /workspace/source/src/test/java/com/agiletec/plugins/jacms/aps/******/services/content/entity/TestContentEntityManager.java:[271,45] unchecked call to EntitySearchFilter(java.lang.String,boolean,T,T) as a member of the raw type com.agiletec.aps.******.common.entity.model.EntitySearchFilter
[WARNING] /workspace/source/src/test/java/com/agiletec/plugins/jacms/aps/******/services/content/entity/TestContentEntityManager.java:[287,45] unchecked call to EntitySearchFilter(java.lang.String,boolean,T,T) as a member of the raw type com.agiletec.aps.******.common.entity.model.EntitySearchFilter
[WARNING] /workspace/source/src/test/java/com/agiletec/plugins/jacms/aps/******/services/content/entity/TestContentEntityManager.java:[303,45] unchecked call to EntitySearchFilter(java.lang.String,boolean,T,T) as a member of the raw type com.agiletec.aps.******.common.entity.model.EntitySearchFilter
[WARNING] /workspace/source/src/test/java/com/agiletec/plugins/jacms/aps/******/services/content/entity/TestContentEntityManager.java:[319,46] unchecked call to EntitySearchFilter(java.lang.String,boolean,T,T) as a member of the raw type com.agiletec.aps.******.common.entity.model.EntitySearchFilter
[WARNING] /workspace/source/src/test/java/com/agiletec/plugins/jacms/aps/******/services/content/entity/TestContentEntityManager.java:[344,46] unchecked call to EntitySearchFilter(java.lang.String,boolean,T,T) as a member of the raw type com.agiletec.aps.******.common.entity.model.EntitySearchFilter
[WARNING] /workspace/source/src/test/java/com/agiletec/plugins/jacms/aps/******/services/content/entity/TestContentEntityManager.java:[347,46] unchecked call to EntitySearchFilter(java.lang.String,boolean,T,T) as a member of the raw type com.agiletec.aps.******.common.entity.model.EntitySearchFilter
[WARNING] /workspace/source/src/test/java/com/agiletec/plugins/jacms/aps/******/services/resource/ResourceManagerIntegrationTest.java:[220,52] unchecked call to FieldSearchFilter(java.lang.String,T,boolean) as a member of the raw type com.agiletec.aps.******.common.FieldSearchFilter
[WARNING] /workspace/source/src/test/java/com/agiletec/plugins/jacms/aps/******/services/resource/ResourceManagerIntegrationTest.java:[220,52] unchecked conversion
  required: com.agiletec.aps.******.common.FieldSearchFilter<java.lang.String>
  found:    com.agiletec.aps.******.common.FieldSearchFilter
[WARNING] /workspace/source/src/test/java/com/agiletec/plugins/jacms/aps/******/services/resource/ResourceManagerIntegrationTest.java:[221,53] unchecked conversion
  required: com.agiletec.aps.******.common.FieldSearchFilter<java.lang.String>
  found:    com.agiletec.aps.******.common.FieldSearchFilter
[WARNING] /workspace/source/src/test/java/com/agiletec/plugins/jacms/aps*****/category/TestTrashReferencedCategory.java:[49,76] unchecked conversion
  required: java.util.Map<java.lang.String,java.util.List>
  found:    java.util.Map
[WARNING] /workspace/source/src/test/java/org/entando/entando/plugins/jacms/aps/******/services/mockhelper/ContentMockHelper.java:[65,16] unchecked call to PagedMetadata(org.entando.entando.web.common.model.RestListRequest,java.util.List<T>,int) as a member of the raw type org.entando.entando.web.common.model.PagedMetadata
[WARNING] /workspace/source/src/test/java/com/agiletec/plugins/jacms/aps/******/services/searchengine/SearchEngineManagerIntegrationTest.java:[181,47] unchecked call to SearchEngineFilter(java.lang.String,T) as a member of the raw type org.entando.entando.aps.******.services.searchengine.SearchEngineFilter
[WARNING] /workspace/source/src/test/java/com/agiletec/plugins/jacms/aps/******/services/searchengine/SearchEngineManagerIntegrationTest.java:[272,42] unchecked call to SearchEngineFilter(java.lang.String,T,org.entando.entando.aps.******.services.searchengine.SearchEngineFilter.TextSearchOption) as a member of the raw type org.entando.entando.aps.******.services.searchengine.SearchEngineFilter
[WARNING] /workspace/source/src/test/java/com/agiletec/plugins/jacms/aps/******/services/searchengine/SearchEngineManagerIntegrationTest.java:[280,44] unchecked call to SearchEngineFilter(java.lang.String,T,org.entando.entando.aps.******.services.searchengine.SearchEngineFilter.TextSearchOption) as a member of the raw type org.entando.entando.aps.******.services.searchengine.SearchEngineFilter
[WARNING] /workspace/source/src/test/java/com/agiletec/plugins/jacms/aps/******/services/searchengine/SearchEngineManagerIntegrationTest.java:[287,42] unchecked call to SearchEngineFilter(java.lang.String,T,org.entando.entando.aps.******.services.searchengine.SearchEngineFilter.TextSearchOption) as a member of the raw type org.entando.entando.aps.******.services.searchengine.SearchEngineFilter
[WARNING] /workspace/source/src/test/java/com/agiletec/plugins/jacms/aps/******/services/searchengine/SearchEngineManagerIntegrationTest.java:[296,42] unchecked call to SearchEngineFilter(java.lang.String,T,org.entando.entando.aps.******.services.searchengine.SearchEngineFilter.TextSearchOption) as a member of the raw type org.entando.entando.aps.******.services.searchengine.SearchEngineFilter
[WARNING] /workspace/source/src/test/java/com/agiletec/plugins/jacms/aps/******/services/searchengine/SearchEngineManagerIntegrationTest.java:[303,42] unchecked call to SearchEngineFilter(java.lang.String,T,org.entando.entando.aps.******.services.searchengine.SearchEngineFilter.TextSearchOption) as a member of the raw type org.entando.entando.aps.******.services.searchengine.SearchEngineFilter
[WARNING] /workspace/source/src/test/java/com/agiletec/plugins/jacms/aps/******/services/searchengine/SearchEngineManagerIntegrationTest.java:[326,42] unchecked call to SearchEngineFilter(java.lang.String,boolean,T,org.entando.entando.aps.******.services.searchengine.SearchEngineFilter.TextSearchOption) as a member of the raw type org.entando.entando.aps.******.services.searchengine.SearchEngineFilter
[WARNING] /workspace/source/src/test/java/com/agiletec/plugins/jacms/aps/******/services/searchengine/SearchEngineManagerIntegrationTest.java:[334,42] unchecked call to SearchEngineFilter(java.lang.String,boolean,T,org.entando.entando.aps.******.services.searchengine.SearchEngineFilter.TextSearchOption) as a member of the raw type org.entando.entando.aps.******.services.searchengine.SearchEngineFilter
[WARNING] /workspace/source/src/test/java/com/agiletec/plugins/jacms/aps/******/services/searchengine/SearchEngineManagerIntegrationTest.java:[343,42] unchecked call to SearchEngineFilter(java.lang.String,boolean,T) as a member of the raw type org.entando.entando.aps.******.services.searchengine.SearchEngineFilter
[WARNING] /workspace/source/src/test/java/com/agiletec/plugins/jacms/aps/******/services/searchengine/SearchEngineManagerIntegrationTest.java:[351,42] unchecked call to SearchEngineFilter(java.lang.String,T) as a member of the raw type org.entando.entando.aps.******.services.searchengine.SearchEngineFilter
[WARNING] /workspace/source/src/test/java/com/agiletec/plugins/jacms/aps/******/services/searchengine/SearchEngineManagerIntegrationTest.java:[358,42] unchecked call to SearchEngineFilter(java.lang.String,T) as a member of the raw type org.entando.entando.aps.******.services.searchengine.SearchEngineFilter
[WARNING] /workspace/source/src/test/java/org/entando/entando/plugins/jacms/aps/******/services/page/TestCmsPageManagerWrapper.java:[34,85] unchecked conversion
  required: java.util.List<com.agiletec.aps.******.services.page.IPage>
  found:    java.util.List
[WARNING] /workspace/source/src/test/java/org/entando/entando/plugins/jacms/aps/******/services/page/TestCmsPageManagerWrapper.java:[46,73] unchecked conversion
  required: java.util.List<com.agiletec.aps.******.services.page.IPage>
  found:    java.util.List
[WARNING] /workspace/source/src/test/java/org/entando/entando/plugins/jacms/aps/******/services/ContentTypeServiceTest.java:[101,53] unchecked method invocation: method getPagedResult in class org.entando.entando.web.common.assembler.PagedMetadataMapper is applied to given types
  required: org.entando.entando.web.common.model.RestListRequest,java.util.List<T>,java.lang.String,int
  found: org.entando.entando.web.common.model.RestListRequest,java.util.List,java.lang.String,int
[WARNING] /workspace/source/src/test/java/org/entando/entando/plugins/jacms/aps/******/services/ContentTypeServiceTest.java:[101,85] unchecked conversion
  required: java.util.List<T>
  found:    java.util.List
[WARNING] /workspace/source/src/test/java/org/entando/entando/plugins/jacms/aps/******/services/ContentTypeServiceTest.java:[160,43] unchecked call to PagedMetadata(org.entando.entando.web.common.model.RestListRequest,java.util.List<T>,int) as a member of the raw type org.entando.entando.web.common.model.PagedMetadata
[WARNING] /workspace/source/src/test/java/org/entando/entando/plugins/jacms/aps/******/services/ContentTypeServiceTest.java:[164,101] unchecked method invocation: method thenReturn in interface org.mockito.stubbing.OngoingStubbing is applied to given types
  required: T
  found: org.entando.entando.web.common.model.PagedMetadata
[WARNING] /workspace/source/src/test/java/org/entando/entando/plugins/jacms/aps/******/services/ContentTypeServiceTest.java:[164,102] unchecked conversion
  required: T
  found:    org.entando.entando.web.common.model.PagedMetadata
[WARNING] /workspace/source/src/test/java/com/agiletec/plugins/jacms/aps/******/services/searchengine/AdvContentSearchTest.java:[70,42] unchecked call to SearchEngineFilter(java.lang.String,T,org.entando.entando.aps.******.services.searchengine.SearchEngineFilter.TextSearchOption) as a member of the raw type org.entando.entando.aps.******.services.searchengine.SearchEngineFilter
[WARNING] /workspace/source/src/test/java/com/agiletec/plugins/jacms/aps/******/services/searchengine/AdvContentSearchTest.java:[86,42] unchecked call to SearchEngineFilter(java.lang.String,boolean,T,org.entando.entando.aps.******.services.searchengine.SearchEngineFilter.TextSearchOption) as a member of the raw type org.entando.entando.aps.******.services.searchengine.SearchEngineFilter
[WARNING] /workspace/source/src/test/java/com/agiletec/plugins/jacms/aps/******/services/searchengine/AdvContentSearchTest.java:[101,42] unchecked call to SearchEngineFilter(java.lang.String,boolean,T,org.entando.entando.aps.******.services.searchengine.SearchEngineFilter.TextSearchOption) as a member of the raw type org.entando.entando.aps.******.services.searchengine.SearchEngineFilter
[WARNING] /workspace/source/src/test/java/com/agiletec/plugins/jacms/aps/******/services/searchengine/AdvContentSearchTest.java:[116,46] unchecked call to SearchEngineFilter(java.lang.String,boolean,T,org.entando.entando.aps.******.services.searchengine.SearchEngineFilter.TextSearchOption) as a member of the raw type org.entando.entando.aps.******.services.searchengine.SearchEngineFilter
[WARNING] /workspace/source/src/test/java/com/agiletec/plugins/jacms/aps/******/services/searchengine/AdvContentSearchTest.java:[134,42] unchecked call to SearchEngineFilter(java.lang.String,boolean,T) as a member of the raw type org.entando.entando.aps.******.services.searchengine.SearchEngineFilter
[WARNING] /workspace/source/src/test/java/com/agiletec/plugins/jacms/aps/******/services/searchengine/AdvContentSearchTest.java:[146,41] unchecked call to SearchEngineFilter(java.lang.String,boolean,T) as a member of the raw type org.entando.entando.aps.******.services.searchengine.SearchEngineFilter
[WARNING] /workspace/source/src/test/java/com/agiletec/plugins/jacms/aps/******/services/searchengine/AdvContentSearchTest.java:[226,19] unchecked call to SearchEngineFilter(java.lang.String,boolean,T,org.entando.entando.aps.******.services.searchengine.SearchEngineFilter.TextSearchOption) as a member of the raw type org.entando.entando.aps.******.services.searchengine.SearchEngineFilter
[WARNING] /workspace/source/src/test/java/com/agiletec/plugins/jacms/aps/******/services/searchengine/AdvContentSearchTest.java:[227,19] unchecked call to SearchEngineFilter(java.lang.String,boolean,T,org.entando.entando.aps.******.services.searchengine.SearchEngineFilter.TextSearchOption) as a member of the raw type org.entando.entando.aps.******.services.searchengine.SearchEngineFilter
[WARNING] /workspace/source/src/test/java/com/agiletec/plugins/jacms/aps/******/services/searchengine/AdvContentSearchTest.java:[231,41] unchecked call to SearchEngineFilter(java.lang.String,boolean,T) as a member of the raw type org.entando.entando.aps.******.services.searchengine.SearchEngineFilter
[WARNING] /workspace/source/src/test/java/com/agiletec/plugins/jacms/aps/******/services/searchengine/AdvContentSearchTest.java:[247,41] unchecked call to SearchEngineFilter(java.lang.String,boolean,T) as a member of the raw type org.entando.entando.aps.******.services.searchengine.SearchEngineFilter
[WARNING] /workspace/source/src/test/java/com/agiletec/plugins/jacms/aps/******/services/searchengine/AdvContentSearchTest.java:[270,41] unchecked call to SearchEngineFilter(java.lang.String,boolean,T) as a member of the raw type org.entando.entando.aps.******.services.searchengine.SearchEngineFilter
[WARNING] /workspace/source/src/test/java/com/agiletec/plugins/jacms/aps/******/services/searchengine/AdvContentSearchTest.java:[295,41] unchecked call to SearchEngineFilter(java.lang.String,boolean,T) as a member of the raw type org.entando.entando.aps.******.services.searchengine.SearchEngineFilter
[WARNING] /workspace/source/src/test/java/com/agiletec/plugins/jacms/aps/******/services/searchengine/AdvContentSearchTest.java:[330,45] unchecked call to SearchEngineFilter(java.lang.String,boolean,T) as a member of the raw type org.entando.entando.aps.******.services.searchengine.SearchEngineFilter
[WARNING] /workspace/source/src/test/java/com/agiletec/plugins/jacms/aps/******/services/searchengine/AdvContentSearchTest.java:[355,41] unchecked call to SearchEngineFilter(java.lang.String,boolean,T) as a member of the raw type org.entando.entando.aps.******.services.searchengine.SearchEngineFilter
[WARNING] /workspace/source/src/test/java/com/agiletec/plugins/jacms/aps/******/services/searchengine/AdvContentSearchTest.java:[371,41] unchecked call to SearchEngineFilter(java.lang.String,boolean,T) as a member of the raw type org.entando.entando.aps.******.services.searchengine.SearchEngineFilter
[WARNING] /workspace/source/src/test/java/com/agiletec/plugins/jacms/aps/******/services/searchengine/AdvContentSearchTest.java:[390,41] unchecked call to SearchEngineFilter(java.lang.String,boolean,T) as a member of the raw type org.entando.entando.aps.******.services.searchengine.SearchEngineFilter
[WARNING] /workspace/source/src/test/java/com/agiletec/plugins/jacms/aps/******/services/searchengine/AdvContentSearchTest.java:[407,41] unchecked call to SearchEngineFilter(java.lang.String,boolean,T) as a member of the raw type org.entando.entando.aps.******.services.searchengine.SearchEngineFilter
[WARNING] /workspace/source/src/test/java/com/agiletec/plugins/jacms/aps/******/services/searchengine/AdvContentSearchTest.java:[424,41] unchecked call to SearchEngineFilter(java.lang.String,boolean,T) as a member of the raw type org.entando.entando.aps.******.services.searchengine.SearchEngineFilter
[WARNING] /workspace/source/src/test/java/com/agiletec/plugins/jacms/aps/******/services/searchengine/AdvContentSearchTest.java:[442,41] unchecked call to SearchEngineFilter(java.lang.String,boolean,T) as a member of the raw type org.entando.entando.aps.******.services.searchengine.SearchEngineFilter
[WARNING] /workspace/source/src/test/java/com/agiletec/plugins/jacms/aps/******/services/searchengine/AdvContentSearchTest.java:[476,41] unchecked call to SearchEngineFilter(java.lang.String,boolean,T) as a member of the raw type org.entando.entando.aps.******.services.searchengine.SearchEngineFilter
[WARNING] /workspace/source/src/test/java/com/agiletec/plugins/jacms/aps/******/services/searchengine/AdvContentSearchTest.java:[498,31] unchecked call to SearchEngineFilter(java.lang.String,boolean,T) as a member of the raw type org.entando.entando.aps.******.services.searchengine.SearchEngineFilter
[WARNING] /workspace/source/src/test/java/org/entando/entando/plugins/jacms/aps/******/services/cache/TestCacheInfoManager.java:[213,93] unchecked cast
  required: java.util.List<java.lang.String>
  found:    java.lang.Object
[WARNING] /workspace/source/src/test/java/org/entando/entando/plugins/jacms/aps/******/services/cache/TestCacheInfoManager.java:[233,93] unchecked cast
  required: java.util.List<java.lang.String>
  found:    java.lang.Object
[WARNING] /workspace/source/src/test/java/org/entando/entando/plugins/jacms/aps/******/services/cache/TestCacheInfoManager.java:[239,80] unchecked cast
  required: java.util.List<java.lang.String>
  found:    java.lang.Object
[WARNING] /workspace/source/src/test/java/org/entando/entando/plugins/jacms/aps/******/services/cache/TestCacheInfoManager.java:[242,80] unchecked cast
  required: java.util.List<java.lang.String>
  found:    java.lang.Object
[WARNING] /workspace/source/src/test/java/org/entando/entando/plugins/jacms/aps/******/services/cache/TestCacheInfoManager.java:[265,93] unchecked cast
  required: java.util.List<java.lang.String>
  found:    java.lang.Object
[WARNING] /workspace/source/src/test/java/org/entando/entando/plugins/jacms/aps/******/services/cache/TestCacheInfoManager.java:[271,80] unchecked cast
  required: java.util.List<java.lang.String>
  found:    java.lang.Object
[WARNING] /workspace/source/src/test/java/org/entando/entando/plugins/jacms/aps/******/services/cache/TestCacheInfoManager.java:[275,80] unchecked cast
  required: java.util.List<java.lang.String>
  found:    java.lang.Object
[WARNING] /workspace/source/src/test/java/com/agiletec/plugins/jacms/aps*****/content/ContentAdminActionTest.java:[198,53] unchecked method invocation: method thenReturn in interface org.mockito.stubbing.OngoingStubbing is applied to given types
  required: T
  found: java.util.Enumeration
[WARNING] /workspace/source/src/test/java/com/agiletec/plugins/jacms/aps*****/content/ContentAdminActionTest.java:[198,54] unchecked conversion
  required: T
  found:    java.util.Enumeration
[WARNING] /workspace/source/src/test/java/com/agiletec/plugins/jacms/aps*****/content/ContentAdminActionTest.java:[202,80] unchecked method invocation: method updateMetadataMapping in interface com.agiletec.plugins.jacms.aps.******.services.resource.IResourceManager is applied to given types
  required: java.util.Map<java.lang.String,java.util.List<java.lang.String>>
  found: java.util.Map
[WARNING] /workspace/source/src/test/java/com/agiletec/plugins/jacms/aps*****/content/ContentAdminActionTest.java:[202,92] unchecked conversion
  required: java.util.Map<java.lang.String,java.util.List<java.lang.String>>
  found:    java.util.Map
[WARNING] /workspace/source/src/test/java/com/agiletec/plugins/jacms/aps*****/content/ContentAdminActionTest.java:[210,53] unchecked method invocation: method thenReturn in interface org.mockito.stubbing.OngoingStubbing is applied to given types
  required: T
  found: java.util.Enumeration
[WARNING] /workspace/source/src/test/java/com/agiletec/plugins/jacms/aps*****/content/ContentAdminActionTest.java:[210,54] unchecked conversion
  required: T
  found:    java.util.Enumeration
[WARNING] /workspace/source/src/test/java/com/agiletec/plugins/jacms/aps*****/content/ContentAdminActionTest.java:[214,80] unchecked method invocation: method updateMetadataMapping in interface com.agiletec.plugins.jacms.aps.******.services.resource.IResourceManager is applied to given types
  required: java.util.Map<java.lang.String,java.util.List<java.lang.String>>
  found: java.util.Map
[WARNING] /workspace/source/src/test/java/com/agiletec/plugins/jacms/aps*****/content/ContentAdminActionTest.java:[214,92] unchecked conversion
  required: java.util.Map<java.lang.String,java.util.List<java.lang.String>>
  found:    java.util.Map
[WARNING] /workspace/source/src/test/java/com/agiletec/plugins/jacms/aps*****/content/ContentAdminActionTest.java:[271,53] unchecked method invocation: method thenReturn in interface org.mockito.stubbing.OngoingStubbing is applied to given types
  required: T
  found: java.util.Enumeration
[WARNING] /workspace/source/src/test/java/com/agiletec/plugins/jacms/aps*****/content/ContentAdminActionTest.java:[271,54] unchecked conversion
  required: T
  found:    java.util.Enumeration
[WARNING] /workspace/source/src/test/java/org/entando/entando/plugins/jacms/web/contenttype/ContentTypeResourceControllerTest.java:[63,55] unchecked method invocation: method thenReturn in interface org.mockito.stubbing.OngoingStubbing is applied to given types
  required: T
  found: org.entando.entando.web.common.model.PagedMetadata
[WARNING] /workspace/source/src/test/java/org/entando/entando/plugins/jacms/web/contenttype/ContentTypeResourceControllerTest.java:[63,78] unchecked conversion
  required: T
  found:    org.entando.entando.web.common.model.PagedMetadata
[WARNING] /workspace/source/src/test/java/com/agiletec/plugins/jacms/aps/******/services/searchengine/FacetSearchEngineManagerIntegrationTest.java:[95,23] unchecked call to SearchEngineFilter(java.lang.String,boolean,T,org.entando.entando.aps.******.services.searchengine.SearchEngineFilter.TextSearchOption) as a member of the raw type org.entando.entando.aps.******.services.searchengine.SearchEngineFilter
[WARNING] /workspace/source/src/test/java/com/agiletec/plugins/jacms/aps/******/services/searchengine/FacetSearchEngineManagerIntegrationTest.java:[180,31] unchecked call to SearchEngineFilter(java.lang.String,boolean,T) as a member of the raw type org.entando.entando.aps.******.services.searchengine.SearchEngineFilter
[WARNING] /workspace/source/src/test/java/com/agiletec/plugins/jacms/aps/******/services/searchengine/FacetSearchEngineManagerIntegrationTest.java:[202,19] unchecked call to SearchEngineFilter(java.lang.String,boolean,T,org.entando.entando.aps.******.services.searchengine.SearchEngineFilter.TextSearchOption) as a member of the raw type org.entando.entando.aps.******.services.searchengine.SearchEngineFilter
[WARNING] /workspace/source/src/test/java/com/agiletec/plugins/jacms/aps/******/services/searchengine/FacetSearchEngineManagerIntegrationTest.java:[239,23] unchecked call to SearchEngineFilter(java.lang.String,boolean,T,org.entando.entando.aps.******.services.searchengine.SearchEngineFilter.TextSearchOption) as a member of the raw type org.entando.entando.aps.******.services.searchengine.SearchEngineFilter
[WARNING] /workspace/source/src/test/java/com/agiletec/plugins/jacms/aps/******/services/content/model/attribute/AbstractResourceAttributeTest.java:[68,61] unchecked conversion
  required: java.util.List<org.jdom.Element>
  found:    java.util.List
[WARNING] /workspace/source/src/test/java/com/agiletec/plugins/jacms/aps/******/services/content/model/attribute/AbstractResourceAttributeTest.java:[74,57] unchecked conversion
  required: java.util.List<org.jdom.Element>
  found:    java.util.List
[INFO] 100 warnings 
[INFO] -------------------------------------------------------------
[INFO] -------------------------------------------------------------
[ERROR] COMPILATION ERROR : 
[INFO] -------------------------------------------------------------
[ERROR] /workspace/source/src/test/java/com/agiletec/plugins/jacms/aps/******/services/searchengine/AdvContentSearchTest.java:[149,86] unreported exception org.entando.entando.ent.exception.EntException; must be caught or declared to be thrown
[ERROR] /workspace/source/src/test/java/com/agiletec/plugins/jacms/aps/******/services/searchengine/AdvContentSearchTest.java:[162,64] unreported exception org.entando.entando.ent.exception.EntException; must be caught or declared to be thrown
[ERROR] /workspace/source/src/test/java/com/agiletec/plugins/jacms/aps/******/services/searchengine/AdvContentSearchTest.java:[233,86] unreported exception org.entando.entando.ent.exception.EntException; must be caught or declared to be thrown
[ERROR] /workspace/source/src/test/java/com/agiletec/plugins/jacms/aps/******/services/searchengine/AdvContentSearchTest.java:[249,86] unreported exception org.entando.entando.ent.exception.EntException; must be caught or declared to be thrown
[ERROR] /workspace/source/src/test/java/com/agiletec/plugins/jacms/aps/******/services/searchengine/AdvContentSearchTest.java:[258,64] unreported exception org.entando.entando.ent.exception.EntException; must be caught or declared to be thrown
[ERROR] /workspace/source/src/test/java/com/agiletec/plugins/jacms/aps/******/services/searchengine/AdvContentSearchTest.java:[272,86] unreported exception org.entando.entando.ent.exception.EntException; must be caught or declared to be thrown
[ERROR] /workspace/source/src/test/java/com/agiletec/plugins/jacms/aps/******/services/searchengine/AdvContentSearchTest.java:[281,64] unreported exception org.entando.entando.ent.exception.EntException; must be caught or declared to be thrown
[ERROR] /workspace/source/src/test/java/com/agiletec/plugins/jacms/aps/******/services/searchengine/AdvContentSearchTest.java:[297,86] unreported exception org.entando.entando.ent.exception.EntException; must be caught or declared to be thrown
[ERROR] /workspace/source/src/test/java/com/agiletec/plugins/jacms/aps/******/services/searchengine/AdvContentSearchTest.java:[307,87] unreported exception org.entando.entando.ent.exception.EntException; must be caught or declared to be thrown
[ERROR] /workspace/source/src/test/java/com/agiletec/plugins/jacms/aps/******/services/searchengine/AdvContentSearchTest.java:[357,86] unreported exception org.entando.entando.ent.exception.EntException; must be caught or declared to be thrown
[ERROR] /workspace/source/src/test/java/com/agiletec/plugins/jacms/aps/******/services/searchengine/AdvContentSearchTest.java:[373,86] unreported exception org.entando.entando.ent.exception.EntException; must be caught or declared to be thrown
[ERROR] /workspace/source/src/test/java/com/agiletec/plugins/jacms/aps/******/services/searchengine/AdvContentSearchTest.java:[392,86] unreported exception org.entando.entando.ent.exception.EntException; must be caught or declared to be thrown
[ERROR] /workspace/source/src/test/java/com/agiletec/plugins/jacms/aps/******/services/searchengine/AdvContentSearchTest.java:[409,86] unreported exception org.entando.entando.ent.exception.EntException; must be caught or declared to be thrown
[ERROR] /workspace/source/src/test/java/com/agiletec/plugins/jacms/aps/******/services/searchengine/AdvContentSearchTest.java:[426,86] unreported exception org.entando.entando.ent.exception.EntException; must be caught or declared to be thrown
[ERROR] /workspace/source/src/test/java/com/agiletec/plugins/jacms/aps/******/services/searchengine/AdvContentSearchTest.java:[446,86] unreported exception org.entando.entando.ent.exception.EntException; must be caught or declared to be thrown
[ERROR] /workspace/source/src/test/java/com/agiletec/plugins/jacms/aps/******/services/searchengine/AdvContentSearchTest.java:[459,86] unreported exception org.entando.entando.ent.exception.EntException; must be caught or declared to be thrown
[ERROR] /workspace/source/src/test/java/com/agiletec/plugins/jacms/aps/******/services/searchengine/AdvContentSearchTest.java:[467,64] unreported exception org.entando.entando.ent.exception.EntException; must be caught or declared to be thrown
[ERROR] /workspace/source/src/test/java/com/agiletec/plugins/jacms/aps/******/services/searchengine/AdvContentSearchTest.java:[478,86] unreported exception org.entando.entando.ent.exception.EntException; must be caught or declared to be thrown
[ERROR] /workspace/source/src/test/java/com/agiletec/plugins/jacms/aps/******/services/searchengine/AdvContentSearchTest.java:[488,64] unreported exception org.entando.entando.ent.exception.EntException; must be caught or declared to be thrown
[INFO] 19 errors 
[INFO] -------------------------------------------------------------
[INFO] 
[INFO] ------------------------------------------------------------------------
[INFO] Skipping Entando Plugin: CMS
[INFO] This project has been banned from the build due to previous failures.
[INFO] ------------------------------------------------------------------------
[INFO] ------------------------------------------------------------------------
[INFO] BUILD FAILURE
[INFO] ------------------------------------------------------------------------
[INFO] Total time:  53.589 s
[INFO] Finished at: 2020-10-27T10:17:14Z
[INFO] ------------------------------------------------------------------------
[ERROR] Failed to e**cute goal org.apache.maven.plugins:maven-compiler-plugin:3.8.1:testCompile (default-testCompile) on project entando-plugin-jacms: Compilation failure: Compilation failure: 
[ERROR] /workspace/source/src/test/java/com/agiletec/plugins/jacms/aps/******/services/searchengine/AdvContentSearchTest.java:[149,86] unreported exception org.entando.entando.ent.exception.EntException; must be caught or declared to be thrown
[ERROR] /workspace/source/src/test/java/com/agiletec/plugins/jacms/aps/******/services/searchengine/AdvContentSearchTest.java:[162,64] unreported exception org.entando.entando.ent.exception.EntException; must be caught or declared to be thrown
[ERROR] /workspace/source/src/test/java/com/agiletec/plugins/jacms/aps/******/services/searchengine/AdvContentSearchTest.java:[233,86] unreported exception org.entando.entando.ent.exception.EntException; must be caught or declared to be thrown
[ERROR] /workspace/source/src/test/java/com/agiletec/plugins/jacms/aps/******/services/searchengine/AdvContentSearchTest.java:[249,86] unreported exception org.entando.entando.ent.exception.EntException; must be caught or declared to be thrown
[ERROR] /workspace/source/src/test/java/com/agiletec/plugins/jacms/aps/******/services/searchengine/AdvContentSearchTest.java:[258,64] unreported exception org.entando.entando.ent.exception.EntException; must be caught or declared to be thrown
[ERROR] /workspace/source/src/test/java/com/agiletec/plugins/jacms/aps/******/services/searchengine/AdvContentSearchTest.java:[272,86] unreported exception org.entando.entando.ent.exception.EntException; must be caught or declared to be thrown
[ERROR] /workspace/source/src/test/java/com/agiletec/plugins/jacms/aps/******/services/searchengine/AdvContentSearchTest.java:[281,64] unreported exception org.entando.entando.ent.exception.EntException; must be caught or declared to be thrown
[ERROR] /workspace/source/src/test/java/com/agiletec/plugins/jacms/aps/******/services/searchengine/AdvContentSearchTest.java:[297,86] unreported exception org.entando.entando.ent.exception.EntException; must be caught or declared to be thrown
[ERROR] /workspace/source/src/test/java/com/agiletec/plugins/jacms/aps/******/services/searchengine/AdvContentSearchTest.java:[307,87] unreported exception org.entando.entando.ent.exception.EntException; must be caught or declared to be thrown
[ERROR] /workspace/source/src/test/java/com/agiletec/plugins/jacms/aps/******/services/searchengine/AdvContentSearchTest.java:[357,86] unreported exception org.entando.entando.ent.exception.EntException; must be caught or declared to be thrown
[ERROR] /workspace/source/src/test/java/com/agiletec/plugins/jacms/aps/******/services/searchengine/AdvContentSearchTest.java:[373,86] unreported exception org.entando.entando.ent.exception.EntException; must be caught or declared to be thrown
[ERROR] /workspace/source/src/test/java/com/agiletec/plugins/jacms/aps/******/services/searchengine/AdvContentSearchTest.java:[392,86] unreported exception org.entando.entando.ent.exception.EntException; must be caught or declared to be thrown
[ERROR] /workspace/source/src/test/java/com/agiletec/plugins/jacms/aps/******/services/searchengine/AdvContentSearchTest.java:[409,86] unreported exception org.entando.entando.ent.exception.EntException; must be caught or declared to be thrown
[ERROR] /workspace/source/src/test/java/com/agiletec/plugins/jacms/aps/******/services/searchengine/AdvContentSearchTest.java:[426,86] unreported exception org.entando.entando.ent.exception.EntException; must be caught or declared to be thrown
[ERROR] /workspace/source/src/test/java/com/agiletec/plugins/jacms/aps/******/services/searchengine/AdvContentSearchTest.java:[446,86] unreported exception org.entando.entando.ent.exception.EntException; must be caught or declared to be thrown
[ERROR] /workspace/source/src/test/java/com/agiletec/plugins/jacms/aps/******/services/searchengine/AdvContentSearchTest.java:[459,86] unreported exception org.entando.entando.ent.exception.EntException; must be caught or declared to be thrown
[ERROR] /workspace/source/src/test/java/com/agiletec/plugins/jacms/aps/******/services/searchengine/AdvContentSearchTest.java:[467,64] unreported exception org.entando.entando.ent.exception.EntException; must be caught or declared to be thrown
[ERROR] /workspace/source/src/test/java/com/agiletec/plugins/jacms/aps/******/services/searchengine/AdvContentSearchTest.java:[478,86] unreported exception org.entando.entando.ent.exception.EntException; must be caught or declared to be thrown
[ERROR] /workspace/source/src/test/java/com/agiletec/plugins/jacms/aps/******/services/searchengine/AdvContentSearchTest.java:[488,64] unreported exception org.entando.entando.ent.exception.EntException; must be caught or declared to be thrown
[ERROR] -> [Help 1]
[ERROR] 
[ERROR] To see the full stack trace of the errors, re-run Maven with the -e switch.
[ERROR] Re-run Maven using the -X switch to enable full debug logging.
[ERROR] 
[ERROR] For more information about the errors and possible solutions, please read the following articles:
[ERROR] [Help 1] http://cwiki.apache.org/confluence/display/MAVEN/MojoFailureException
shallow cloning https://github.com/entando-k8s/devops-results.git branch gh-pages
ran git init in /tmp/jenkins-x-collect373698423
ran git add remote origin https://github.com/entando-k8s/devops-results.git in /tmp/jenkins-x-collect373698423
ran git fetch origin --depth=1 gh-pages in dir /tmp/jenkins-x-collect373698423
No pre-deployment test results found for entando-plugin-jacms-PR-49.
  % Total    % Received % Xferd  Average Speed   Time    Time     Time  Current
                                 Dload  Upload   Total   Spent    Left  Speed
  0     0    0     0    0     0      0      0 --:--:-- --:--:-- --:--:--     0 11  1845    0     0  100   212      0    314 --:--:-- --:--:-- --:--:--   314100  1845  100  1633  100   212   2422    314 --:--:-- --:--:-- --:--:--  2422
{
  "url": "https://api.github.com/repos/entando/entando-plugin-jacms/statuses/8aa39f80519a6f14e80506f25faad3b72e7926d8",
  "avatar_url": "https://avatars2.githubusercontent.com/u/57885396?v=4",
  "id": 11170542483,
  "node_id": "MDEzOlN0YXR1c0NvbnRleHQxMTE3MDU0MjQ4Mw==",
  "state": "failure",
  "description": "Pre-deployment tests failure!",
  "target_url": "https://entando-k8s.github.io/devops-results/entando-plugin-jacms/PR-49/surefire-report.html",
  "context": "Pre-deployment tests",
  "created_at": "2020-10-27T10:17:33Z",
  "updated_at": "2020-10-27T10:17:33Z",
  "creator": {
    "login": "entando-**",
    "id": 57885396,
    "node_id": "MDQ6VXNlcjU3ODg1Mzk2",
    "avatar_url": "https://avatars2.githubusercontent.com/u/57885396?v=4",
    "gravatar_id": "",
    "url": "https://api.github.com/users/**********",
    "html_url": "https://github.com/**********",
    "followers_url": "https://api.github.com/users/entando-**/followers",
    "following_url": "https://api.github.com/users/entando-**/following{/other_user}",
    "gists_url": "https://api.github.com/users/**********/gists{/gist_id}",
    "starred_url": "https://api.github.com/users/**********/starred{/owner}{/repo}",
    "subscriptions_url": "https://api.github.com/users/entando-**/subscriptions",
    "organizations_url": "https://api.github.com/users/entando-**/orgs",
    "repos_url": "https://api.github.com/users/**********/repos",
    "events_url": "https://api.github.com/users/entando-**/events{/privacy}",
    "received_events_url": "https://api.github.com/users/**********/received_events",
    "type": "User",
    "site_*****": *****
  }
}
OWASP has found dependencies with vulnerabilities for entando-plugin-jacms-PR-49.
  % Total    % Received % Xferd  Average Speed   Time    Time     Time  Current
                                 Dload  Upload   Total   Spent    Left  Speed
  0     0    0     0    0     0      0      0 --:--:-- --:--:-- --:--:--     0 10  1817    0     0  100   198      0    294 --:--:-- --:--:-- --:--:--   294100  1817  100  1619  100   198   2408    294 --:--:-- --:--:-- --:--:--  2405
The following checks failed: for entando-plugin-jacms-PR-49 : Pre-deployment tests; OWASP Maven Dependency Check; 
{
  "url": "https://api.github.com/repos/entando/entando-plugin-jacms/statuses/8aa39f80519a6f14e80506f25faad3b72e7926d8",
  "avatar_url": "https://avatars2.githubusercontent.com/u/57885396?v=4",
  "id": 11170542591,
  "node_id": "MDEzOlN0YXR1c0NvbnRleHQxMTE3MDU0MjU5MQ==",
  "state": "failure",
  "description": "OWASP CVE failure!",
  "target_url": "https://entando-k8s.github.io/devops-results/entando-plugin-jacms/PR-49/dependency-check-report.html",
  "context": "OWASP CVE",
  "created_at": "2020-10-27T10:17:34Z",
  "updated_at": "2020-10-27T10:17:34Z",
  "creator": {
    "login": "**********",
    "id": 57885396,
    "node_id": "MDQ6VXNlcjU3ODg1Mzk2",
    "avatar_url": "https://avatars2.githubusercontent.com/u/57885396?v=4",
    "gravatar_id": "",
    "url": "https://api.github.com/users/entando-**",
    "html_url": "https://github.com/entando-**",
    "followers_url": "https://api.github.com/users/entando-**/followers",
    "following_url": "https://api.github.com/users/**********/following{/other_user}",
    "gists_url": "https://api.github.com/users/**********/gists{/gist_id}",
    "starred_url": "https://api.github.com/users/**********/starred{/owner}{/repo}",
    "subscriptions_url": "https://api.github.com/users/entando-**/subscriptions",
    "organizations_url": "https://api.github.com/users/**********/orgs",
    "repos_url": "https://api.github.com/users/entando-**/repos",
    "events_url": "https://api.github.com/users/**********/events{/privacy}",
    "received_events_url": "https://api.github.com/users/**********/received_events",
    "type": "User",
    "site_*****": *****
  }
}
[31m
Pipeline failed on stage 'from-build-pack' : container 'step-build-mvn-verify-pr'. The execution of the pipeline has stopped.[0m
