
Showing logs for build [32mentando-entando-plugin-jacms-pr-8k2ff-6[0m stage [32mfrom-build-pack[0m and container [32mstep-credential-initializer-wpgxz[0m
{"level":"warn","ts":1604055404.621607,"logger":"fallback-logger","caller":"logging/config.go:69","msg":"Fetch GitHub commit ID from kodata failed: \"ref: refs/heads/0.8.0-**-support-backwards-incompats\" is not a valid GitHub commit ID"}
{"level":"info","ts":1604055404.623825,"logger":"fallback-logger","caller":"creds-init/main.go:40","msg":"Credentials initialized."}

Showing logs for build [32mentando-entando-plugin-jacms-pr-8k2ff-6[0m stage [32mfrom-build-pack[0m and container [32mstep-working-dir-initializer-8864c[0m
{"level":"warn","ts":1604055406.211088,"logger":"fallback-logger","caller":"logging/config.go:69","msg":"Fetch GitHub commit ID from kodata failed: open /var/run/ko/HEAD: no such file or directory"}
{"level":"info","ts":1604055406.2194633,"logger":"fallback-logger","caller":"bash/main.go:64","msg":"Successfully e**cuted command \"sh -c mkdir -p /workspace/source\"; output "}

Showing logs for build [32mentando-entando-plugin-jacms-pr-8k2ff-6[0m stage [32mfrom-build-pack[0m and container [32mstep-place-tools[0m

Showing logs for build [32mentando-entando-plugin-jacms-pr-8k2ff-6[0m stage [32mfrom-build-pack[0m and container [32mstep-git-source-entando-entando-plugin-jacms-pr-5kzcc[0m
{"level":"warn","ts":1604055446.169807,"logger":"fallback-logger","caller":"logging/config.go:69","msg":"Fetch GitHub commit ID from kodata failed: \"ref: refs/heads/0.8.0-**-support-backwards-incompats\" is not a valid GitHub commit ID"}
{"level":"info","ts":1604055450.6819937,"logger":"fallback-logger","caller":"git/git.go:103","msg":"Successfully cloned https://github.com/entando/entando-plugin-jacms.git @ master in path /workspace/source"}

Showing logs for build [32mentando-entando-plugin-jacms-pr-8k2ff-6[0m stage [32mfrom-build-pack[0m and container [32mstep-git-merge[0m
Using SHAs from PULL_REFS=master:57fca39202d59f645ddd34b1f2ee9c1af9961ff3,49:fbea7f437e4d3cb09b0de791d885261a50505af8
DEBUG: ran git fetch --unshallow origin fbea7f437e4d3cb09b0de791d885261a50505af8: 57fca39202d59f645ddd34b1f2ee9c1af9961ff3: in 
DEBUG: ran git checkout master in 
DEBUG: ran git reset --hard 57fca39202d59f645ddd34b1f2ee9c1af9961ff3 in 
DEBUG: ran clean --force -d . in 
DEBUG: ran git merge fbea7f437e4d3cb09b0de791d885261a50505af8 in 
Merged SHA 9ceab5a0ab66ada3ac5bd5a842921481c568c423 with commit message 'Merge commit 'fbea7f437e4d3cb09b0de791d885261a50505af8'' into base branch master
Merged SHA fbea7f437e4d3cb09b0de791d885261a50505af8 with commit message 'ENG-1410: Added Junit test for coverage' into base branch master
Merged SHA e574513c13fa581d0c30f2d438d4296c8cc6a622 with commit message 'Merge branch 'master' into ENG-1410_fixSearchEngineBug' into base branch master
Merged SHA c5208f6ddad78b2c414b2493e36c7bd1eb1d7d65 with commit message 'ENG-1410: Improvement of testing coverage' into base branch master
Merged SHA 8285c5a7aa2a7b1095348bdbd27c3e21829d196f with commit message 'ENG-1410: Fix junit tests' into base branch master
Merged SHA e9ca781e7669cacade449aacd4bf8cbc8ea01fbf with commit message 'ENG-1410: Fix wrong exception' into base branch master
Merged SHA 8aa39f80519a6f14e80506f25faad3b72e7926d8 with commit message 'ENG-1410: Bom version upgrade' into base branch master
Merged SHA e3204a2a3116a893829cf704fdc308f19d72a8cb with commit message 'ENG-1410: Fix bug on search engine' into base branch master

Showing logs for build [32mentando-entando-plugin-jacms-pr-8k2ff-6[0m stage [32mfrom-build-pack[0m and container [32mstep-build-set-version[0m
Picked up _JAVA_OPTIONS: -XX:+UnlockExperimentalVMOptions -Dsun.zip.disableMemoryMapping=true -XX:+UseParallelGC -XX:MinHeapFreeRatio=5 -XX:MaxHeapFreeRatio=10 -XX:GCTimeRatio=4 -XX:AdaptiveSizePolicyWeight=90 -Xms10m -Xmx8000m
[INFO] Scanning for projects...
[INFO] 
[INFO] ----------< org.entando.entando.plugins:entando-plugin-jacms >----------
[INFO] Building Entando Plugin: CMS 6.2.0-SNAPSHOT
[INFO] --------------------------------[ war ]---------------------------------
[INFO] 
[INFO] --- versions-maven-plugin:2.8.1:set (default-cli) @ entando-plugin-jacms ---
[INFO] Local aggregation ****: /workspace/source
[INFO] Processing change of org.entando.entando.plugins:entando-plugin-jacms:6.2.0-SNAPSHOT -> 0.0.0-SNAPSHOT-PR-49-6
[INFO] Processing org.entando.entando.plugins:entando-plugin-jacms
[INFO]     Updating project org.entando.entando.plugins:entando-plugin-jacms
[INFO]         from version 6.2.0-SNAPSHOT to 0.0.0-SNAPSHOT-PR-49-6
[INFO] 
[INFO] ------------------------------------------------------------------------
[INFO] BUILD SUCCESS
[INFO] ------------------------------------------------------------------------
[INFO] Total time:  15.213 s
[INFO] Finished at: 2020-10-30T10:57:54Z
[INFO] ------------------------------------------------------------------------

Showing logs for build [32mentando-entando-plugin-jacms-pr-8k2ff-6[0m stage [32mfrom-build-pack[0m and container [32mstep-build-fix-git-for-sonar[0m
error: Your local changes to the following files would be overwritten by checkout:
	pom.xml
Please commit your changes or stash them before you switch branches.
Aborting
error: Cannot delete branch 'master' checked out at '/workspace/source'
fatal: Refusing to fetch into current branch refs/heads/master of non-bare repository
[31m
Pipeline failed on stage 'from-build-pack' : container 'step-build-fix-git-for-sonar'. The execution of the pipeline has stopped.[0m
