
Showing logs for build [32mentando-entando-maven-root-mast-qpwjf-20[0m stage [32mfrom-build-pack[0m and container [32mstep-credential-initializer-nlb2k[0m
{"level":"warn","ts":1603982350.7954612,"logger":"fallback-logger","caller":"logging/config.go:69","msg":"Fetch GitHub commit ID from kodata failed: \"ref: refs/heads/0.8.0-**-support-backwards-incompats\" is not a valid GitHub commit ID"}
{"level":"info","ts":1603982350.7987897,"logger":"fallback-logger","caller":"creds-init/main.go:40","msg":"Credentials initialized."}

Showing logs for build [32mentando-entando-maven-root-mast-qpwjf-20[0m stage [32mfrom-build-pack[0m and container [32mstep-working-dir-initializer-zcrhs[0m
{"level":"warn","ts":1603982352.3316734,"logger":"fallback-logger","caller":"logging/config.go:69","msg":"Fetch GitHub commit ID from kodata failed: open /var/run/ko/HEAD: no such file or directory"}
{"level":"info","ts":1603982352.338727,"logger":"fallback-logger","caller":"bash/main.go:64","msg":"Successfully e**cuted command \"sh -c mkdir -p /workspace/source\"; output "}

Showing logs for build [32mentando-entando-maven-root-mast-qpwjf-20[0m stage [32mfrom-build-pack[0m and container [32mstep-place-tools[0m

Showing logs for build [32mentando-entando-maven-root-mast-qpwjf-20[0m stage [32mfrom-build-pack[0m and container [32mstep-git-source-entando-entando-maven-root-mast-p4fpn[0m
{"level":"warn","ts":1603982365.4713168,"logger":"fallback-logger","caller":"logging/config.go:69","msg":"Fetch GitHub commit ID from kodata failed: \"ref: refs/heads/0.8.0-**-support-backwards-incompats\" is not a valid GitHub commit ID"}
{"level":"info","ts":1603982366.7796628,"logger":"fallback-logger","caller":"git/git.go:103","msg":"Successfully cloned https://github.com/entando/entando-maven-****.git @ v6.2.4 in path /workspace/source"}

Showing logs for build [32mentando-entando-maven-root-mast-qpwjf-20[0m stage [32mfrom-build-pack[0m and container [32mstep-git-merge[0m
Using SHAs from PULL_REFS=master:fdcfe2e58ad335bb0f44938ca8ef27fef2528137
WARNING: no SHAs to merge, falling back to initial cloned commit

Showing logs for build [32mentando-entando-maven-root-mast-qpwjf-20[0m stage [32mfrom-build-pack[0m and container [32mstep-setup-jx-git-credentials[0m
Generated Git credentials file /workspace/xdg_config/git/credentials

Showing logs for build [32mentando-entando-maven-root-mast-qpwjf-20[0m stage [32mfrom-build-pack[0m and container [32mstep-build-mvn-deploy[0m
Picked up _JAVA_OPTIONS: -XX:+UnlockExperimentalVMOptions -Dsun.zip.disableMemoryMapping=true -XX:+UseParallelGC -XX:MinHeapFreeRatio=5 -XX:MaxHeapFreeRatio=10 -XX:GCTimeRatio=4 -XX:AdaptiveSizePolicyWeight=90 -Xms10m -Xmx8000m
[INFO] Scanning for projects...
[INFO] 
[INFO] -------------------< org.entando:entando-maven-**** >-------------------
[INFO] Building Entando Maven Root Parent POM 6.2.4
[INFO] --------------------------------[ pom ]---------------------------------
[INFO] 
[INFO] --- maven-clean-plugin:2.5:clean (default-clean) @ entando-maven-**** ---
[INFO] 
[INFO] --- maven-surefire-report-plugin:3.0.0-M4:failsafe-report-only (integration-tests) @ entando-maven-**** ---
[INFO] 
[INFO] --- maven-surefire-report-plugin:3.0.0-M4:report-only (unit-tests) @ entando-maven-**** ---
[WARNING] Unable to locate Test Source XRef to link to - DISABLED
[INFO] 
[INFO] --- maven-install-plugin:2.4:install (default-install) @ entando-maven-**** ---
[INFO] Installing /workspace/source/pom.xml to /home/jenkins/.mvnrepository/org/entando/entando-maven-****/6.2.4/entando-maven-****-6.2.4.pom
[INFO] 
[INFO] --- maven-deploy-plugin:2.8.2:deploy (default-deploy) @ entando-maven-**** ---
[INFO] Using alternate deployment repository local-nexus::default::http://nexus/repository/maven-releases/
[INFO] ------------------------------------------------------------------------
[INFO] BUILD SUCCESS
[INFO] ------------------------------------------------------------------------
[INFO] Total time:  7.684 s
[INFO] Finished at: 2020-10-29T14:39:38Z
[INFO] ------------------------------------------------------------------------

Showing logs for build [32mentando-entando-maven-root-mast-qpwjf-20[0m stage [32mfrom-build-pack[0m and container [32mstep-promote-changelog[0m
Converted /workspace/source to an unshallow repository
Generating change log from git ref 8053e420f71ccd21f4349508a1caf35ecc610d71 => 3ccaf1af7bb32c75ca3fb83a8d252ec77f5625e8
Associating user ampie in users.jenkins.io with email ampie.private@gmail.com to git GitProvider user with login ampie-barnard as emails match
Adding label jenkins.io/git-github-userid=ampie-barnard to user ampie in users.jenkins.io
Associating user ampie in users.jenkins.io with email ampie.private@gmail.com to git GitProvider user with login ampie-barnard as emails match
Adding label jenkins.io/git-github-userid=ampie-barnard to user ampie in users.jenkins.io
Finding issues in commit messages using git format
WARNING: No release found for entando/entando-maven-**** and tag v6.2.4 so creating a new release
Updated the release information at https://github.com/entando/entando-maven-****/releases/tag/v6.2.4
generated: /workspace/source/templates/release.yaml
Created Release entando-maven-****-6-2-4 resource in namespace **
Updating PipelineActivity entando-entando-maven-****-master-20 with version 6.2.4
Updated PipelineActivities entando-entando-maven-****-master-20 with release notes URL: https://github.com/entando/entando-maven-****/releases/tag/v6.2.4
