
Showing logs for build [32mentando-k8s-environment-entando-qwjtx-1[0m stage [32mfrom-build-pack[0m and container [32mstep-credential-initializer-kh8xk[0m
{"level":"warn","ts":1605268439.3662307,"logger":"fallback-logger","caller":"logging/config.go:69","msg":"Fetch GitHub commit ID from kodata failed: \"ref: refs/heads/0.8.0-**-support-backwards-incompats\" is not a valid GitHub commit ID"}
{"level":"info","ts":1605268439.3731313,"logger":"fallback-logger","caller":"creds-init/main.go:40","msg":"Credentials initialized."}

Showing logs for build [32mentando-k8s-environment-entando-qwjtx-1[0m stage [32mfrom-build-pack[0m and container [32mstep-working-dir-initializer-l7p66[0m
{"level":"warn","ts":1605268440.4996161,"logger":"fallback-logger","caller":"logging/config.go:69","msg":"Fetch GitHub commit ID from kodata failed: open /var/run/ko/HEAD: no such file or directory"}
{"level":"info","ts":1605268440.5135765,"logger":"fallback-logger","caller":"bash/main.go:64","msg":"Successfully e**cuted command \"sh -c mkdir -p /workspace/source\"; output "}

Showing logs for build [32mentando-k8s-environment-entando-qwjtx-1[0m stage [32mfrom-build-pack[0m and container [32mstep-place-tools[0m

Showing logs for build [32mentando-k8s-environment-entando-qwjtx-1[0m stage [32mfrom-build-pack[0m and container [32mstep-git-source-entando-k8s-environment-entando-nbpxs[0m
{"level":"warn","ts":1605268465.5835118,"logger":"fallback-logger","caller":"logging/config.go:69","msg":"Fetch GitHub commit ID from kodata failed: \"ref: refs/heads/0.8.0-**-support-backwards-incompats\" is not a valid GitHub commit ID"}
{"level":"info","ts":1605268466.8095765,"logger":"fallback-logger","caller":"git/git.go:103","msg":"Successfully cloned https://github.com/entando-k8s/environment-**********-staging.git @ master in path /workspace/source"}

Showing logs for build [32mentando-k8s-environment-entando-qwjtx-1[0m stage [32mfrom-build-pack[0m and container [32mstep-git-merge[0m
Using SHAs from PULL_REFS=master:1f4c6b8b0b62092d4cc29d412fcbd900388891d4,126:80f105f8f3d542ed6997a0545cf674bbcce0f8ec
DEBUG: ran git fetch --unshallow origin 80f105f8f3d542ed6997a0545cf674bbcce0f8ec: 1f4c6b8b0b62092d4cc29d412fcbd900388891d4: in 
DEBUG: ran git checkout master in 
DEBUG: ran git reset --hard 1f4c6b8b0b62092d4cc29d412fcbd900388891d4 in 
DEBUG: ran clean --force -d . in 
DEBUG: ran git merge 80f105f8f3d542ed6997a0545cf674bbcce0f8ec in 
Merged SHA 80f105f8f3d542ed6997a0545cf674bbcce0f8ec with commit message 'chore: Promote entando-k8s-controller-coordinator to version 6.2.16' into base branch master

Showing logs for build [32mentando-k8s-environment-entando-qwjtx-1[0m stage [32mfrom-build-pack[0m and container [32mstep-build-helm-build[0m
WARNING: No $CHART_REPOSITORY defined so using the default value of: http://jenkins-x-chartmuseum:8080
Adding missing Helm repo: storage.googleapis.com https://storage.googleapis.com/chartmuseum.jenkins-x.io
Successfully added Helm repository storage.googleapis.com.
Adding missing Helm repo: jenkins-x-chartmuseum http://jenkins-x-chartmuseum:8080
Successfully added Helm repository jenkins-x-chartmuseum.
WARNING: No $CHART_REPOSITORY defined so using the default value of: http://jenkins-x-chartmuseum:8080
Adding missing Helm repo: chartmuseum.jenkins-x.io http://chartmuseum.jenkins-x.io
Successfully added Helm repository chartmuseum.jenkins-x.io.
