
Showing logs for build [32mentando-k8s-entando-k8s-databas-k8bbm-1[0m stage [32mfrom-build-pack[0m and container [32mstep-credential-initializer-bzx92[0m
{"level":"warn","ts":1603871361.6671226,"logger":"fallback-logger","caller":"logging/config.go:69","msg":"Fetch GitHub commit ID from kodata failed: \"ref: refs/heads/0.8.0-**-support-backwards-incompats\" is not a valid GitHub commit ID"}
{"level":"info","ts":1603871361.6762946,"logger":"fallback-logger","caller":"creds-init/main.go:40","msg":"Credentials initialized."}

Showing logs for build [32mentando-k8s-entando-k8s-databas-k8bbm-1[0m stage [32mfrom-build-pack[0m and container [32mstep-working-dir-initializer-f7gqt[0m
{"level":"warn","ts":1603871363.8772957,"logger":"fallback-logger","caller":"logging/config.go:69","msg":"Fetch GitHub commit ID from kodata failed: open /var/run/ko/HEAD: no such file or directory"}
{"level":"info","ts":1603871363.888612,"logger":"fallback-logger","caller":"bash/main.go:64","msg":"Successfully e**cuted command \"sh -c mkdir -p /workspace/source\"; output "}

Showing logs for build [32mentando-k8s-entando-k8s-databas-k8bbm-1[0m stage [32mfrom-build-pack[0m and container [32mstep-place-tools[0m

Showing logs for build [32mentando-k8s-entando-k8s-databas-k8bbm-1[0m stage [32mfrom-build-pack[0m and container [32mstep-git-source-entando-k8s-entando-k8s-databas-q6pzq[0m
{"level":"warn","ts":160387138***22131,"logger":"fallback-logger","caller":"logging/config.go:69","msg":"Fetch GitHub commit ID from kodata failed: \"ref: refs/heads/0.8.0-**-support-backwards-incompats\" is not a valid GitHub commit ID"}
{"level":"info","ts":1603871390.997069,"logger":"fallback-logger","caller":"git/git.go:103","msg":"Successfully cloned https://github.com/entando-k8s/entando-k8s-database-service-controller.git @ master in path /workspace/source"}

Showing logs for build [32mentando-k8s-entando-k8s-databas-k8bbm-1[0m stage [32mfrom-build-pack[0m and container [32mstep-git-merge[0m
Using SHAs from PULL_REFS=master:327ad4863e47575529a2dcdfd67b067c933f7720,2:36f4e0b685de69be51b0e235df4fae1bab7e6e2d
DEBUG: ran git fetch --unshallow origin 36f4e0b685de69be51b0e235df4fae1bab7e6e2d: 327ad4863e47575529a2dcdfd67b067c933f7720: in 
DEBUG: ran git checkout master in 
DEBUG: ran git reset --hard 327ad4863e47575529a2dcdfd67b067c933f7720 in 
DEBUG: ran clean --force -d . in 
DEBUG: ran git merge 36f4e0b685de69be51b0e235df4fae1bab7e6e2d in 
Merged SHA 26ad5212be87e30038632d76555e65ed08a69ffb with commit message 'Merge commit '36f4e0b685de69be51b0e235df4fae1bab7e6e2d'' into base branch master
Merged SHA 36f4e0b685de69be51b0e235df4fae1bab7e6e2d with commit message 'pipeline test' into base branch master

Showing logs for build [32mentando-k8s-entando-k8s-databas-k8bbm-1[0m stage [32mfrom-build-pack[0m and container [32mstep-build-set-version[0m
Picked up _JAVA_OPTIONS: -XX:+UnlockExperimentalVMOptions -Dsun.zip.disableMemoryMapping=true -XX:+UseParallelGC -XX:MinHeapFreeRatio=5 -XX:MaxHeapFreeRatio=10 -XX:GCTimeRatio=4 -XX:AdaptiveSizePolicyWeight=90 -Xms1000m -Xmx12000m
[INFO] Scanning for projects...
[WARNING] 
[WARNING] Some problems were encountered while building the effective model for org.entando:entando-k8s-database-service-controller:jar:6.2.0-SNAPSHOT
[WARNING] 'dependencyManagement.dependencies.dependency.(groupId:artifactId:type:classifier)' must be unique: org.yaml:snakeyaml:jar -> version 1.27 vs ${snakeyaml.version} @ org.entando:entando-quarkus-parent:6.2.5, /home/jenkins/.mvnrepository/org/entando/entando-quarkus-parent/6.2.5/entando-quarkus-parent-6.2.5.pom, line 283, column 25
[WARNING] 
[WARNING] It is highly recommended to fix these problems because they threaten the stability of your build.
[WARNING] 
[WARNING] For this reason, future Maven versions might no longer support building such malformed projects.
[WARNING] 
[INFO] 
[INFO] --------< org.entando:entando-k8s-database-service-controller >---------
[INFO] Building Entando K8S Controller for shared Database Services 6.2.0-SNAPSHOT
[INFO] --------------------------------[ jar ]---------------------------------
[INFO] 
[INFO] --- versions-maven-plugin:2.8.1:set (default-cli) @ entando-k8s-database-service-controller ---
[INFO] Local aggregation ****: /workspace/source
[INFO] Processing change of org.entando:entando-k8s-database-service-controller:6.2.0-SNAPSHOT -> 0.0.0-SNAPSHOT-PR-2-1
[INFO] Processing org.entando:entando-k8s-database-service-controller
[INFO]     Updating project org.entando:entando-k8s-database-service-controller
[INFO]         from version 6.2.0-SNAPSHOT to 0.0.0-SNAPSHOT-PR-2-1
[INFO] 
[INFO] ------------------------------------------------------------------------
[INFO] BUILD SUCCESS
[INFO] ------------------------------------------------------------------------
[INFO] Total time:  19.028 s
[INFO] Finished at: 2020-10-28T07:50:14Z
[INFO] ------------------------------------------------------------------------

Showing logs for build [32mentando-k8s-entando-k8s-databas-k8bbm-1[0m stage [32mfrom-build-pack[0m and container [32mstep-build-fix-git-for-sonar[0m
Switched to a new branch 'PR-2'
M	pom.xml
Deleted branch master (was 26ad521).
From https://github.com/entando-k8s/entando-k8s-database-service-controller
 * [new branch]      master     -> master

Showing logs for build [32mentando-k8s-entando-k8s-databas-k8bbm-1[0m stage [32mfrom-build-pack[0m and container [32mstep-build-mvn-verify-pr[0m
  % Total    % Received % Xferd  Average Speed   Time    Time     Time  Current
                                 Dload  Upload   Total   Spent    Left  Speed
  0     0    0     0    0     0      0      0 --:--:-- --:--:-- --:--:--     0100  1904  100  1674  100   230   2895    397 --:--:-- --:--:-- --:--:--  2921
{
  "url": "https://api.github.com/repos/entando-k8s/entando-k8s-database-service-controller/statuses/36f4e0b685de69be51b0e235df4fae1bab7e6e2d",
  "avatar_url": "https://avatars2.githubusercontent.com/u/57885396?v=4",
  "id": 11182945175,
  "node_id": "MDEzOlN0YXR1c0NvbnRleHQxMTE4Mjk0NTE3NQ==",
  "state": "pending",
  "description": "Pre-deployment tests pending!",
  "target_url": "https://entando-k8s.github.io/devops-results/entando-k8s-database-service-controller/PR-2/surefire-report.html",
  "context": "Pre-deployment tests",
  "created_at": "2020-10-28T07:50:17Z",
  "updated_at": "2020-10-28T07:50:17Z",
  "creator": {
    "login": "entando-**",
    "id": 57885396,
    "node_id": "MDQ6VXNlcjU3ODg1Mzk2",
    "avatar_url": "https://avatars2.githubusercontent.com/u/57885396?v=4",
    "gravatar_id": "",
    "url": "https://api.github.com/users/entando-**",
    "html_url": "https://github.com/**********",
    "followers_url": "https://api.github.com/users/**********/followers",
    "following_url": "https://api.github.com/users/**********/following{/other_user}",
    "gists_url": "https://api.github.com/users/**********/gists{/gist_id}",
    "starred_url": "https://api.github.com/users/**********/starred{/owner}{/repo}",
    "subscriptions_url": "https://api.github.com/users/**********/subscriptions",
    "organizations_url": "https://api.github.com/users/**********/orgs",
    "repos_url": "https://api.github.com/users/**********/repos",
    "events_url": "https://api.github.com/users/**********/events{/privacy}",
    "received_events_url": "https://api.github.com/users/**********/received_events",
    "type": "User",
    "site_*****": *****
  }
}
  % Total    % Received % Xferd  Average Speed   Time    Time     Time  Current
                                 Dload  Upload   Total   Spent    Left  Speed
{
  "url": "https://api.github.com/repos/entando-k8s/entando-k8s-database-service-controller/statuses/36f4e0b685de69be51b0e235df4fae1bab7e6e2d",
  "avatar_url": "https://avatars2.githubusercontent.com/u/57885396?v=4",
  "id": 11182945240,
  "node_id": "MDEzOlN0YXR1c0NvbnRleHQxMTE4Mjk0NTI0MA==",
  "state": "pending",
  "description": "Post-deployment tests pending!",
  "target_url": "https://entando-k8s.github.io/devops-results/entando-k8s-database-service-controller/PR-2/failsafe-report.html",
  "context": "Post-deployment tests",
  "created_at": "2020-10-28T07:50:17Z",
  "updated_at": "2020-10-28T07:50:17Z",
  "creator": {
    "login": "entando-**",
    "id": 57885396,
    "node_id": "MDQ6VXNlcjU3ODg1Mzk2",
    "avatar_url": "https://avatars2.githubusercontent.com/u/57885396?v=4",
    "gravatar_id": "",
    "url": "https://api.github.com/users/**********",
    "html_url": "https://github.com/entando-**",
    "followers_url": "https://api.github.com/users/**********/followers",
    "following_url": "https://api.github.com/users/entando-**/following{/other_user}",
    "gists_url": "https://api.github.com/users/entando-**/gists{/gist_id}",
    "starred_url": "https://api.github.com/users/entando-**/starred{/owner}{/repo}",
    "subscriptions_url": "https://api.github.com/users/**********/subscriptions",
    "organizations_url": "https://api.github.com/users/**********/orgs",
    "repos_url": "https://api.github.com/users/**********/repos",
    "events_url": "https://api.github.com/users/**********/events{/privacy}",
    "received_events_url": "https://api.github.com/users/**********/received_events",
    "type": "User",
    "site_*****": *****
  }
}
  0     0    0     0    0     0      0      0 --:--:-- --:--:-- --:--:--     0 12  1908    0     0  100   232      0    409 --:--:-- --:--:-- --:--:--   412100  1908  100  1676  100   232   2945    407 --:--:-- --:--:-- --:--:--  2971
  % Total    % Received % Xferd  Average Speed   Time    Time     Time  Current
                                 Dload  Upload   Total   Spent    Left  Speed
{
  "url": "https://api.github.com/repos/entando-k8s/entando-k8s-database-service-controller/statuses/36f4e0b685de69be51b0e235df4fae1bab7e6e2d",
  "avatar_url": "https://avatars2.githubusercontent.com/u/57885396?v=4",
  "id": 11182945307,
  "node_id": "MDEzOlN0YXR1c0NvbnRleHQxMTE4Mjk0NTMwNw==",
  "state": "pending",
  "description": "Checkstyle pending!",
  "target_url": "https://entando-k8s.github.io/devops-results/entando-k8s-database-service-controller/PR-2/checkstyle.html",
  "context": "Checkstyle",
  "created_at": "2020-10-28T07:50:18Z",
  "updated_at": "2020-10-28T07:50:18Z",
  "creator": {
    "login": "**********",
    "id": 57885396,
    "node_id": "MDQ6VXNlcjU3ODg1Mzk2",
    "avatar_url": "https://avatars2.githubusercontent.com/u/57885396?v=4",
    "gravatar_id": "",
    "url": "https://api.github.com/users/**********",
    "html_url": "https://github.com/entando-**",
    "followers_url": "https://api.github.com/users/**********/followers",
    "following_url": "https://api.github.com/users/**********/following{/other_user}",
    "gists_url": "https://api.github.com/users/**********/gists{/gist_id}",
    "starred_url": "https://api.github.com/users/entando-**/starred{/owner}{/repo}",
    "subscriptions_url": "https://api.github.com/users/entando-**/subscriptions",
    "organizations_url": "https://api.github.com/users/entando-**/orgs",
    "repos_url": "https://api.github.com/users/**********/repos",
    "events_url": "https://api.github.com/users/**********/events{/privacy}",
    "received_events_url": "https://api.github.com/users/**********/received_events",
    "type": "User",
    "site_*****": *****
  }
}
  0     0    0     0    0     0      0      0 --:--:-- --:--:-- --:--:--     0100  1854  100  1649  100   205   2925    363 --:--:-- --:--:-- --:--:--  2928
  % Total    % Received % Xferd  Average Speed   Time    Time     Time  Current
                                 Dload  Upload   Total   Spent    Left  Speed
{
  "url": "https://api.github.com/repos/entando-k8s/entando-k8s-database-service-controller/statuses/36f4e0b685de69be51b0e235df4fae1bab7e6e2d",
  "avatar_url": "https://avatars2.githubusercontent.com/u/57885396?v=4",
  "id": 11182945389,
  "node_id": "MDEzOlN0YXR1c0NvbnRleHQxMTE4Mjk0NTM4OQ==",
  "state": "pending",
  "description": "OWASP CVE pending!",
  "target_url": "https://entando-k8s.github.io/devops-results/entando-k8s-database-service-controller/PR-2/dependency-check-report.html",
  "context": "OWASP CVE",
  "created_at": "2020-10-28T07:50:18Z",
  "updated_at": "2020-10-28T07:50:18Z",
  "creator": {
    "login": "entando-**",
    "id": 57885396,
    "node_id": "MDQ6VXNlcjU3ODg1Mzk2",
    "avatar_url": "https://avatars2.githubusercontent.com/u/57885396?v=4",
    "gravatar_id": "",
    "url": "https://api.github.com/users/**********",
    "html_url": "https://github.com/**********",
    "followers_url": "https://api.github.com/users/**********/followers",
    "following_url": "https://api.github.com/users/**********/following{/other_user}",
    "gists_url": "https://api.github.com/users/**********/gists{/gist_id}",
    "starred_url": "https://api.github.com/users/**********/starred{/owner}{/repo}",
    "subscriptions_url": "https://api.github.com/users/entando-**/subscriptions",
    "organizations_url": "https://api.github.com/users/**********/orgs",
    "repos_url": "https://api.github.com/users/**********/repos",
    "events_url": "https://api.github.com/users/**********/events{/privacy}",
    "received_events_url": "https://api.github.com/users/**********/received_events",
    "type": "User",
    "site_*****": *****
  }
}
  0     0    0     0    0     0      0      0 --:--:-- --:--:-- --:--:--     0  0     0    0     0    0     0      0      0 --:--:-- --:--:-- --:--:--     0100  1876  100  1660  100   216   2889    375 --:--:-- --:--:-- --:--:--  2886
Picked up _JAVA_OPTIONS: -XX:+UnlockExperimentalVMOptions -Dsun.zip.disableMemoryMapping=true -XX:+UseParallelGC -XX:MinHeapFreeRatio=5 -XX:MaxHeapFreeRatio=10 -XX:GCTimeRatio=4 -XX:AdaptiveSizePolicyWeight=90 -Xms1000m -Xmx12000m
[INFO] Scanning for projects...
[WARNING] 
[WARNING] Some problems were encountered while building the effective model for org.entando:entando-k8s-database-service-controller:jar:0.0.0-SNAPSHOT-PR-2-1
[WARNING] 'dependencyManagement.dependencies.dependency.(groupId:artifactId:type:classifier)' must be unique: org.yaml:snakeyaml:jar -> version 1.27 vs ${snakeyaml.version} @ org.entando:entando-quarkus-parent:6.2.5, /home/jenkins/.mvnrepository/org/entando/entando-quarkus-parent/6.2.5/entando-quarkus-parent-6.2.5.pom, line 283, column 25
[WARNING] 
[WARNING] It is highly recommended to fix these problems because they threaten the stability of your build.
[WARNING] 
[WARNING] For this reason, future Maven versions might no longer support building such malformed projects.
[WARNING] 
[INFO] 
[INFO] --------< org.entando:entando-k8s-database-service-controller >---------
[INFO] Building Entando K8S Controller for shared Database Services 0.0.0-SNAPSHOT-PR-2-1
[INFO] --------------------------------[ jar ]---------------------------------
[INFO] 
[INFO] --- maven-checkstyle-plugin:3.1.1:check (validate) @ entando-k8s-database-service-controller ---
[INFO] 
[INFO] ------------------------------------------------------------------------
[INFO] Skipping Entando K8S Controller for shared Database Services
[INFO] This project has been banned from the build due to previous failures.
[INFO] ------------------------------------------------------------------------
[INFO] ------------------------------------------------------------------------
[INFO] BUILD FAILURE
[INFO] ------------------------------------------------------------------------
[INFO] Total time:  11.968 s
[INFO] Finished at: 2020-10-28T07:50:33Z
[INFO] ------------------------------------------------------------------------
[ERROR] Failed to e**cute goal org.apache.maven.plugins:maven-checkstyle-plugin:3.1.1:check (validate) on project entando-k8s-database-service-controller: Failed during checkstyle configuration: Exception was thrown while processing /workspace/source/src/main/java/org/entando/kubernetes/controller/databaseservice/EntandoDatabaseServiceController.java: IllegalStateException occurred while parsing file /workspace/source/src/main/java/org/entando/kubernetes/controller/databaseservice/EntandoDatabaseServiceController.java. /workspace/source/src/main/java/org/entando/kubernetes/controller/databaseservice/EntandoDatabaseServiceController.java:56:57: expecting RPAREN, found 'eateDeployment' -> [Help 1]
[ERROR] 
[ERROR] To see the full stack trace of the errors, re-run Maven with the -e switch.
[ERROR] Re-run Maven using the -X switch to enable full debug logging.
[ERROR] 
[ERROR] For more information about the errors and possible solutions, please read the following articles:
[ERROR] [Help 1] http://cwiki.apache.org/confluence/display/MAVEN/MojoE**cutionException
shallow cloning https://github.com/entando-k8s/devops-results.git branch gh-pages
ran git init in /tmp/jenkins-x-collect215293467
ran git add remote origin https://github.com/entando-k8s/devops-results.git in /tmp/jenkins-x-collect215293467
ran git fetch origin --depth=1 gh-pages in dir /tmp/jenkins-x-collect215293467
No pre-deployment test results found for entando-k8s-database-service-controller-PR-2.
  % Total    % Received % Xferd  Average Speed   Time    Time     Time  Current
                                 Dload  Upload   Total   Spent    Left  Speed
{
  "url": "https://api.github.com/repos/entando-k8s/entando-k8s-database-service-controller/statuses/36f4e0b685de69be51b0e235df4fae1bab7e6e2d",
  "avatar_url": "https://avatars2.githubusercontent.com/u/57885396?v=4",
  "id": 11182948984,
  "node_id": "MDEzOlN0YXR1c0NvbnRleHQxMTE4Mjk0ODk4NA==",
  "state": "failure",
  "description": "Pre-deployment tests failure!",
  "target_url": "https://entando-k8s.github.io/devops-results/entando-k8s-database-service-controller/PR-2/surefire-report.html",
  "context": "Pre-deployment tests",
  "created_at": "2020-10-28T07:50:52Z",
  "updated_at": "2020-10-28T07:50:52Z",
  "creator": {
    "login": "entando-**",
    "id": 57885396,
    "node_id": "MDQ6VXNlcjU3ODg1Mzk2",
    "avatar_url": "https://avatars2.githubusercontent.com/u/57885396?v=4",
    "gravatar_id": "",
    "url": "https://api.github.com/users/**********",
    "html_url": "https://github.com/**********",
    "followers_url": "https://api.github.com/users/entando-**/followers",
    "following_url": "https://api.github.com/users/**********/following{/other_user}",
    "gists_url": "https://api.github.com/users/**********/gists{/gist_id}",
    "starred_url": "https://api.github.com/users/entando-**/starred{/owner}{/repo}",
    "subscriptions_url": "https://api.github.com/users/entando-**/subscriptions",
    "organizations_url": "https://api.github.com/users/**********/orgs",
    "repos_url": "https://api.github.com/users/**********/repos",
    "events_url": "https://api.github.com/users/**********/events{/privacy}",
    "received_events_url": "https://api.github.com/users/**********/received_events",
    "type": "User",
    "site_*****": *****
  }
}
  0     0    0     0    0     0      0      0 --:--:-- --:--:-- --:--:--     0  0     0    0     0    0     0      0      0 --:--:-- --:--:-- --:--:--     0100  1904  100  1674  100   230   2698    370 --:--:-- --:--:-- --:--:--  2695
  % Total    % Received % Xferd  Average Speed   Time    Time     Time  Current
                                 Dload  Upload   Total   Spent    Left  Speed
{
  "url": "https://api.github.com/repos/entando-k8s/entando-k8s-database-service-controller/statuses/36f4e0b685de69be51b0e235df4fae1bab7e6e2d",
  "avatar_url": "https://avatars2.githubusercontent.com/u/57885396?v=4",
  "id": 11182949053,
  "node_id": "MDEzOlN0YXR1c0NvbnRleHQxMTE4Mjk0OTA1Mw==",
  "state": "success",
  "description": "Checkstyle success!",
  "target_url": "https://entando-k8s.github.io/devops-results/entando-k8s-database-service-controller/PR-2/checkstyle.html",
  "context": "Checkstyle",
  "created_at": "2020-10-28T07:50:53Z",
  "updated_at": "2020-10-28T07:50:53Z",
  "creator": {
    "login": "**********",
    "id": 57885396,
    "node_id": "MDQ6VXNlcjU3ODg1Mzk2",
    "avatar_url": "https://avatars2.githubusercontent.com/u/57885396?v=4",
    "gravatar_id": "",
    "url": "https://api.github.com/users/**********",
    "html_url": "https://github.com/**********",
    "followers_url": "https://api.github.com/users/entando-**/followers",
    "following_url": "https://api.github.com/users/**********/following{/other_user}",
    "gists_url": "https://api.github.com/users/**********/gists{/gist_id}",
    "starred_url": "https://api.github.com/users/**********/starred{/owner}{/repo}",
    "subscriptions_url": "https://api.github.com/users/**********/subscriptions",
    "organizations_url": "https://api.github.com/users/**********/orgs",
    "repos_url": "https://api.github.com/users/**********/repos",
    "events_url": "https://api.github.com/users/entando-**/events{/privacy}",
    "received_events_url": "https://api.github.com/users/entando-**/received_events",
    "type": "User",
    "site_*****": *****
  }
}
  0     0    0     0    0     0      0      0 --:--:-- --:--:-- --:--:--     0 11  1854    0     0  100   205      0    314 --:--:-- --:--:-- --:--:--   314100  1854  100  1649  100   205   2526    314 --:--:-- --:--:-- --:--:--  2525
OWASP has found dependencies with vulnerabilities for entando-k8s-database-service-controller-PR-2.
  % Total    % Received % Xferd  Average Speed   Time    Time     Time  Current
                                 Dload  Upload   Total   Spent    Left  Speed
  0     0    0     0    0     0      0      0 --:--:-- --:--:-- --:--:--     0100  1876  100  1660  100   216   2842    369 --:--:-- --:--:-- --:--:--  2847
{
  "url": "https://api.github.com/repos/entando-k8s/entando-k8s-database-service-controller/statuses/36f4e0b685de69be51b0e235df4fae1bab7e6e2d",
  "avatar_url": "https://avatars2.githubusercontent.com/u/57885396?v=4",
  "id": 11182949103,
  "node_id": "MDEzOlN0YXR1c0NvbnRleHQxMTE4Mjk0OTEwMw==",
  "state": "failure",
  "description": "OWASP CVE failure!",
  "target_url": "https://entando-k8s.github.io/devops-results/entando-k8s-database-service-controller/PR-2/dependency-check-report.html",
  "context": "OWASP CVE",
  "created_at": "2020-10-28T07:50:54Z",
  "updated_at": "2020-10-28T07:50:54Z",
  "creator": {
    "login": "entando-**",
    "id": 57885396,
    "node_id": "MDQ6VXNlcjU3ODg1Mzk2",
    "avatar_url": "https://avatars2.githubusercontent.com/u/57885396?v=4",
    "gravatar_id": "",
    "url": "https://api.github.com/users/**********",
    "html_url": "https://github.com/**********",
    "followers_url": "https://api.github.com/users/**********/followers",
    "following_url": "https://api.github.com/users/**********/following{/other_user}",
    "gists_url": "https://api.github.com/users/**********/gists{/gist_id}",
    "starred_url": "https://api.github.com/users/**********/starred{/owner}{/repo}",
    "subscriptions_url": "https://api.github.com/users/**********/subscriptions",
    "organizations_url": "https://api.github.com/users/entando-**/orgs",
    "repos_url": "https://api.github.com/users/**********/repos",
    "events_url": "https://api.github.com/users/entando-**/events{/privacy}",
    "received_events_url": "https://api.github.com/users/entando-**/received_events",
    "type": "User",
    "site_*****": *****
  }
}
The following checks failed: for entando-k8s-database-service-controller-PR-2 : Pre-deployment tests; OWASP Maven Dependency Check; 
[31m
Pipeline failed on stage 'from-build-pack' : container 'step-build-mvn-verify-pr'. The execution of the pipeline has stopped.[0m
