
Showing logs for build [32mentando-k8s-entando-k8s-databas-h48lz-2[0m stage [32mfrom-build-pack[0m and container [32mstep-credential-initializer-69hhz[0m
{"level":"warn","ts":1603875024.5670877,"logger":"fallback-logger","caller":"logging/config.go:69","msg":"Fetch GitHub commit ID from kodata failed: \"ref: refs/heads/0.8.0-**-support-backwards-incompats\" is not a valid GitHub commit ID"}
{"level":"info","ts":1603875024.574683,"logger":"fallback-logger","caller":"creds-init/main.go:40","msg":"Credentials initialized."}

Showing logs for build [32mentando-k8s-entando-k8s-databas-h48lz-2[0m stage [32mfrom-build-pack[0m and container [32mstep-working-dir-initializer-h49pf[0m
{"level":"warn","ts":1603875026.4389117,"logger":"fallback-logger","caller":"logging/config.go:69","msg":"Fetch GitHub commit ID from kodata failed: open /var/run/ko/HEAD: no such file or directory"}
{"level":"info","ts":1603875026.4491553,"logger":"fallback-logger","caller":"bash/main.go:64","msg":"Successfully e**cuted command \"sh -c mkdir -p /workspace/source\"; output "}

Showing logs for build [32mentando-k8s-entando-k8s-databas-h48lz-2[0m stage [32mfrom-build-pack[0m and container [32mstep-place-tools[0m

Showing logs for build [32mentando-k8s-entando-k8s-databas-h48lz-2[0m stage [32mfrom-build-pack[0m and container [32mstep-git-source-entando-k8s-entando-k8s-databas-x5r7g[0m
{"level":"warn","ts":1603875178.5207288,"logger":"fallback-logger","caller":"logging/config.go:69","msg":"Fetch GitHub commit ID from kodata failed: \"ref: refs/heads/0.8.0-**-support-backwards-incompats\" is not a valid GitHub commit ID"}
{"level":"info","ts":1603875179.9676845,"logger":"fallback-logger","caller":"git/git.go:103","msg":"Successfully cloned https://github.com/entando-k8s/entando-k8s-database-service-controller.git @ master in path /workspace/source"}

Showing logs for build [32mentando-k8s-entando-k8s-databas-h48lz-2[0m stage [32mfrom-build-pack[0m and container [32mstep-git-merge[0m
Using SHAs from PULL_REFS=master:327ad4863e47575529a2dcdfd67b067c933f7720,2:36f4e0b685de69be51b0e235df4fae1bab7e6e2d
DEBUG: ran git fetch --unshallow origin 36f4e0b685de69be51b0e235df4fae1bab7e6e2d: 327ad4863e47575529a2dcdfd67b067c933f7720: in 
DEBUG: ran git checkout master in 
DEBUG: ran git reset --hard 327ad4863e47575529a2dcdfd67b067c933f7720 in 
DEBUG: ran clean --force -d . in 
DEBUG: ran git merge 36f4e0b685de69be51b0e235df4fae1bab7e6e2d in 
Merged SHA d95cb2bc168b419d5a60e0b15147e81c2fa08fd6 with commit message 'Merge commit '36f4e0b685de69be51b0e235df4fae1bab7e6e2d'' into base branch master
Merged SHA 36f4e0b685de69be51b0e235df4fae1bab7e6e2d with commit message 'pipeline test' into base branch master

Showing logs for build [32mentando-k8s-entando-k8s-databas-h48lz-2[0m stage [32mfrom-build-pack[0m and container [32mstep-build-set-version[0m
Picked up _JAVA_OPTIONS: -XX:+UnlockExperimentalVMOptions -Dsun.zip.disableMemoryMapping=true -XX:+UseParallelGC -XX:MinHeapFreeRatio=5 -XX:MaxHeapFreeRatio=10 -XX:GCTimeRatio=4 -XX:AdaptiveSizePolicyWeight=90 -Xms1000m -Xmx12000m
[INFO] Scanning for projects...
[WARNING] 
[WARNING] Some problems were encountered while building the effective model for org.entando:entando-k8s-database-service-controller:jar:6.2.0-SNAPSHOT
[WARNING] 'dependencyManagement.dependencies.dependency.(groupId:artifactId:type:classifier)' must be unique: org.yaml:snakeyaml:jar -> version 1.27 vs ${snakeyaml.version} @ org.entando:entando-quarkus-parent:6.2.5, /home/jenkins/.mvnrepository/org/entando/entando-quarkus-parent/6.2.5/entando-quarkus-parent-6.2.5.pom, line 283, column 25
[WARNING] 
[WARNING] It is highly recommended to fix these problems because they threaten the stability of your build.
[WARNING] 
[WARNING] For this reason, future Maven versions might no longer support building such malformed projects.
[WARNING] 
[INFO] 
[INFO] --------< org.entando:entando-k8s-database-service-controller >---------
[INFO] Building Entando K8S Controller for shared Database Services 6.2.0-SNAPSHOT
[INFO] --------------------------------[ jar ]---------------------------------
[INFO] 
[INFO] --- versions-maven-plugin:2.8.1:set (default-cli) @ entando-k8s-database-service-controller ---
[INFO] Local aggregation ****: /workspace/source
[INFO] Processing change of org.entando:entando-k8s-database-service-controller:6.2.0-SNAPSHOT -> 0.0.0-SNAPSHOT-PR-2-2
[INFO] Processing org.entando:entando-k8s-database-service-controller
[INFO]     Updating project org.entando:entando-k8s-database-service-controller
[INFO]         from version 6.2.0-SNAPSHOT to 0.0.0-SNAPSHOT-PR-2-2
[INFO] 
[INFO] ------------------------------------------------------------------------
[INFO] BUILD SUCCESS
[INFO] ------------------------------------------------------------------------
[INFO] Total time:  9.013 s
[INFO] Finished at: 2020-10-28T08:53:14Z
[INFO] ------------------------------------------------------------------------

Showing logs for build [32mentando-k8s-entando-k8s-databas-h48lz-2[0m stage [32mfrom-build-pack[0m and container [32mstep-build-fix-git-for-sonar[0m
Switched to a new branch 'PR-2'
M	pom.xml
Deleted branch master (was d95cb2b).
From https://github.com/entando-k8s/entando-k8s-database-service-controller
 * [new branch]      master     -> master

Showing logs for build [32mentando-k8s-entando-k8s-databas-h48lz-2[0m stage [32mfrom-build-pack[0m and container [32mstep-build-mvn-verify-pr[0m
  % Total    % Received % Xferd  Average Speed   Time    Time     Time  Current
                                 Dload  Upload   Total   Spent    Left  Speed
  0     0    0     0    0     0      0      0 --:--:-- --:--:-- --:--:--     0100  1904  100  1674  100   230   2728    374 --:--:-- --:--:-- --:--:--  2730
{
  "url": "https://api.github.com/repos/entando-k8s/entando-k8s-database-service-controller/statuses/36f4e0b685de69be51b0e235df4fae1bab7e6e2d",
  "avatar_url": "https://avatars2.githubusercontent.com/u/57885396?v=4",
  "id": 11183424638,
  "node_id": "MDEzOlN0YXR1c0NvbnRleHQxMTE4MzQyNDYzOA==",
  "state": "pending",
  "description": "Pre-deployment tests pending!",
  "target_url": "https://entando-k8s.github.io/devops-results/entando-k8s-database-service-controller/PR-2/surefire-report.html",
  "context": "Pre-deployment tests",
  "created_at": "2020-10-28T08:53:16Z",
  "updated_at": "2020-10-28T08:53:16Z",
  "creator": {
    "login": "**********",
    "id": 57885396,
    "node_id": "MDQ6VXNlcjU3ODg1Mzk2",
    "avatar_url": "https://avatars2.githubusercontent.com/u/57885396?v=4",
    "gravatar_id": "",
    "url": "https://api.github.com/users/**********",
    "html_url": "https://github.com/entando-**",
    "followers_url": "https://api.github.com/users/**********/followers",
    "following_url": "https://api.github.com/users/entando-**/following{/other_user}",
    "gists_url": "https://api.github.com/users/**********/gists{/gist_id}",
    "starred_url": "https://api.github.com/users/entando-**/starred{/owner}{/repo}",
    "subscriptions_url": "https://api.github.com/users/**********/subscriptions",
    "organizations_url": "https://api.github.com/users/**********/orgs",
    "repos_url": "https://api.github.com/users/**********/repos",
    "events_url": "https://api.github.com/users/**********/events{/privacy}",
    "received_events_url": "https://api.github.com/users/**********/received_events",
    "type": "User",
    "site_*****": *****
  }
}
  % Total    % Received % Xferd  Average Speed   Time    Time     Time  Current
                                 Dload  Upload   Total   Spent    Left  Speed
{
  0     0    0     0    0     0      0      0 --:--:-- --:--:-- --:--:--     0  0     0    0     0    0     0      0      0 --:--:-- --:--:-- --:--:--     0100  1908  100  1676  100   232   2710    375 --:--:-- --:--:-- --:--:--  2707
  "url": "https://api.github.com/repos/entando-k8s/entando-k8s-database-service-controller/statuses/36f4e0b685de69be51b0e235df4fae1bab7e6e2d",
  "avatar_url": "https://avatars2.githubusercontent.com/u/57885396?v=4",
  "id": 11183424725,
  "node_id": "MDEzOlN0YXR1c0NvbnRleHQxMTE4MzQyNDcyNQ==",
  "state": "pending",
  "description": "Post-deployment tests pending!",
  "target_url": "https://entando-k8s.github.io/devops-results/entando-k8s-database-service-controller/PR-2/failsafe-report.html",
  "context": "Post-deployment tests",
  "created_at": "2020-10-28T08:53:16Z",
  "updated_at": "2020-10-28T08:53:16Z",
  "creator": {
    "login": "entando-**",
    "id": 57885396,
    "node_id": "MDQ6VXNlcjU3ODg1Mzk2",
    "avatar_url": "https://avatars2.githubusercontent.com/u/57885396?v=4",
    "gravatar_id": "",
    "url": "https://api.github.com/users/entando-**",
    "html_url": "https://github.com/**********",
    "followers_url": "https://api.github.com/users/entando-**/followers",
    "following_url": "https://api.github.com/users/**********/following{/other_user}",
    "gists_url": "https://api.github.com/users/**********/gists{/gist_id}",
    "starred_url": "https://api.github.com/users/entando-**/starred{/owner}{/repo}",
    "subscriptions_url": "https://api.github.com/users/entando-**/subscriptions",
    "organizations_url": "https://api.github.com/users/**********/orgs",
    "repos_url": "https://api.github.com/users/**********/repos",
    "events_url": "https://api.github.com/users/entando-**/events{/privacy}",
    "received_events_url": "https://api.github.com/users/**********/received_events",
    "type": "User",
    "site_*****": *****
  }
}
  % Total    % Received % Xferd  Average Speed   Time    Time     Time  Current
                                 Dload  Upload   Total   Spent    Left  Speed
  0     0    0     0    0     0      0      0 --:--:-- --:--:-- --:--:--     0 11  1854    0     0  100   205      0    292 --:--:-- --:--:-- --:--:--   292100  1854  100  1649  100   205   2352    292 --:--:-- --:--:-- --:--:--  2352
{
  "url": "https://api.github.com/repos/entando-k8s/entando-k8s-database-service-controller/statuses/36f4e0b685de69be51b0e235df4fae1bab7e6e2d",
  "avatar_url": "https://avatars2.githubusercontent.com/u/57885396?v=4",
  "id": 11183424847,
  "node_id": "MDEzOlN0YXR1c0NvbnRleHQxMTE4MzQyNDg0Nw==",
  "state": "pending",
  "description": "Checkstyle pending!",
  "target_url": "https://entando-k8s.github.io/devops-results/entando-k8s-database-service-controller/PR-2/checkstyle.html",
  "context": "Checkstyle",
  "created_at": "2020-10-28T08:53:17Z",
  "updated_at": "2020-10-28T08:53:17Z",
  "creator": {
    "login": "entando-**",
    "id": 57885396,
    "node_id": "MDQ6VXNlcjU3ODg1Mzk2",
    "avatar_url": "https://avatars2.githubusercontent.com/u/57885396?v=4",
    "gravatar_id": "",
    "url": "https://api.github.com/users/entando-**",
    "html_url": "https://github.com/**********",
    "followers_url": "https://api.github.com/users/**********/followers",
    "following_url": "https://api.github.com/users/**********/following{/other_user}",
    "gists_url": "https://api.github.com/users/**********/gists{/gist_id}",
    "starred_url": "https://api.github.com/users/**********/starred{/owner}{/repo}",
    "subscriptions_url": "https://api.github.com/users/**********/subscriptions",
    "organizations_url": "https://api.github.com/users/**********/orgs",
    "repos_url": "https://api.github.com/users/**********/repos",
    "events_url": "https://api.github.com/users/entando-**/events{/privacy}",
    "received_events_url": "https://api.github.com/users/**********/received_events",
    "type": "User",
    "site_*****": *****
  }
}
  % Total    % Received % Xferd  Average Speed   Time    Time     Time  Current
                                 Dload  Upload   Total   Spent    Left  Speed
  0     0    0     0    0     0      0      0 --:--:-- --:--:-- --:--:--     0100  1876  100  1660  100   216   2886    375 --:--:-- --:--:-- --:--:--  2891
{
  "url": "https://api.github.com/repos/entando-k8s/entando-k8s-database-service-controller/statuses/36f4e0b685de69be51b0e235df4fae1bab7e6e2d",
  "avatar_url": "https://avatars2.githubusercontent.com/u/57885396?v=4",
  "id": 11183424925,
  "node_id": "MDEzOlN0YXR1c0NvbnRleHQxMTE4MzQyNDkyNQ==",
  "state": "pending",
  "description": "OWASP CVE pending!",
  "target_url": "https://entando-k8s.github.io/devops-results/entando-k8s-database-service-controller/PR-2/dependency-check-report.html",
  "context": "OWASP CVE",
  "created_at": "2020-10-28T08:53:18Z",
  "updated_at": "2020-10-28T08:53:18Z",
  "creator": {
    "login": "entando-**",
    "id": 57885396,
    "node_id": "MDQ6VXNlcjU3ODg1Mzk2",
    "avatar_url": "https://avatars2.githubusercontent.com/u/57885396?v=4",
    "gravatar_id": "",
    "url": "https://api.github.com/users/**********",
    "html_url": "https://github.com/entando-**",
    "followers_url": "https://api.github.com/users/entando-**/followers",
    "following_url": "https://api.github.com/users/**********/following{/other_user}",
    "gists_url": "https://api.github.com/users/**********/gists{/gist_id}",
    "starred_url": "https://api.github.com/users/**********/starred{/owner}{/repo}",
    "subscriptions_url": "https://api.github.com/users/**********/subscriptions",
    "organizations_url": "https://api.github.com/users/entando-**/orgs",
    "repos_url": "https://api.github.com/users/**********/repos",
    "events_url": "https://api.github.com/users/entando-**/events{/privacy}",
    "received_events_url": "https://api.github.com/users/**********/received_events",
    "type": "User",
    "site_*****": *****
  }
}
Picked up _JAVA_OPTIONS: -XX:+UnlockExperimentalVMOptions -Dsun.zip.disableMemoryMapping=true -XX:+UseParallelGC -XX:MinHeapFreeRatio=5 -XX:MaxHeapFreeRatio=10 -XX:GCTimeRatio=4 -XX:AdaptiveSizePolicyWeight=90 -Xms1000m -Xmx12000m
[INFO] Scanning for projects...
[WARNING] 
[WARNING] Some problems were encountered while building the effective model for org.entando:entando-k8s-database-service-controller:jar:0.0.0-SNAPSHOT-PR-2-2
[WARNING] 'dependencyManagement.dependencies.dependency.(groupId:artifactId:type:classifier)' must be unique: org.yaml:snakeyaml:jar -> version 1.27 vs ${snakeyaml.version} @ org.entando:entando-quarkus-parent:6.2.5, /home/jenkins/.mvnrepository/org/entando/entando-quarkus-parent/6.2.5/entando-quarkus-parent-6.2.5.pom, line 283, column 25
[WARNING] 
[WARNING] It is highly recommended to fix these problems because they threaten the stability of your build.
[WARNING] 
[WARNING] For this reason, future Maven versions might no longer support building such malformed projects.
[WARNING] 
[INFO] 
[INFO] --------< org.entando:entando-k8s-database-service-controller >---------
[INFO] Building Entando K8S Controller for shared Database Services 0.0.0-SNAPSHOT-PR-2-2
[INFO] --------------------------------[ jar ]---------------------------------
[INFO] 
[INFO] --- maven-checkstyle-plugin:3.1.1:check (validate) @ entando-k8s-database-service-controller ---
[INFO] 
[INFO] ------------------------------------------------------------------------
[INFO] Skipping Entando K8S Controller for shared Database Services
[INFO] This project has been banned from the build due to previous failures.
[INFO] ------------------------------------------------------------------------
[INFO] ------------------------------------------------------------------------
[INFO] BUILD FAILURE
[INFO] ------------------------------------------------------------------------
[INFO] Total time:  10.037 s
[INFO] Finished at: 2020-10-28T08:53:30Z
[INFO] ------------------------------------------------------------------------
[ERROR] Failed to e**cute goal org.apache.maven.plugins:maven-checkstyle-plugin:3.1.1:check (validate) on project entando-k8s-database-service-controller: Failed during checkstyle configuration: Exception was thrown while processing /workspace/source/src/main/java/org/entando/kubernetes/controller/databaseservice/EntandoDatabaseServiceController.java: IllegalStateException occurred while parsing file /workspace/source/src/main/java/org/entando/kubernetes/controller/databaseservice/EntandoDatabaseServiceController.java. /workspace/source/src/main/java/org/entando/kubernetes/controller/databaseservice/EntandoDatabaseServiceController.java:56:57: expecting RPAREN, found 'eateDeployment' -> [Help 1]
[ERROR] 
[ERROR] To see the full stack trace of the errors, re-run Maven with the -e switch.
[ERROR] Re-run Maven using the -X switch to enable full debug logging.
[ERROR] 
[ERROR] For more information about the errors and possible solutions, please read the following articles:
[ERROR] [Help 1] http://cwiki.apache.org/confluence/display/MAVEN/MojoE**cutionException
shallow cloning https://github.com/entando-k8s/devops-results.git branch gh-pages
ran git init in /tmp/jenkins-x-collect206610923
ran git add remote origin https://github.com/entando-k8s/devops-results.git in /tmp/jenkins-x-collect206610923
ran git fetch origin --depth=1 gh-pages in dir /tmp/jenkins-x-collect206610923
No pre-deployment test results found for entando-k8s-database-service-controller-PR-2.
  % Total    % Received % Xferd  Average Speed   Time    Time     Time  Current
                                 Dload  Upload   Total   Spent    Left  Speed
  0     0    0     0    0     0      0      0 --:--:-- --:--:-- --:--:--     0100  1944  100  1694  100   250   3111    459 --:--:-- --:--:-- --:--:--  3113
{
  "url": "https://api.github.com/repos/entando-k8s/entando-k8s-database-service-controller/statuses/36f4e0b685de69be51b0e235df4fae1bab7e6e2d",
  "avatar_url": "https://avatars2.githubusercontent.com/u/57885396?v=4",
  "id": 11183429418,
  "node_id": "MDEzOlN0YXR1c0NvbnRleHQxMTE4MzQyOTQxOA==",
  "state": "pending",
  "description": "No pre-deployment test results produced by build!",
  "target_url": "https://entando-k8s.github.io/devops-results/entando-k8s-database-service-controller/PR-2/surefire-report.html",
  "context": "Pre-deployment tests",
  "created_at": "2020-10-28T08:53:50Z",
  "updated_at": "2020-10-28T08:53:50Z",
  "creator": {
    "login": "**********",
    "id": 57885396,
    "node_id": "MDQ6VXNlcjU3ODg1Mzk2",
    "avatar_url": "https://avatars2.githubusercontent.com/u/57885396?v=4",
    "gravatar_id": "",
    "url": "https://api.github.com/users/**********",
    "html_url": "https://github.com/entando-**",
    "followers_url": "https://api.github.com/users/**********/followers",
    "following_url": "https://api.github.com/users/**********/following{/other_user}",
    "gists_url": "https://api.github.com/users/entando-**/gists{/gist_id}",
    "starred_url": "https://api.github.com/users/entando-**/starred{/owner}{/repo}",
    "subscriptions_url": "https://api.github.com/users/entando-**/subscriptions",
    "organizations_url": "https://api.github.com/users/entando-**/orgs",
    "repos_url": "https://api.github.com/users/**********/repos",
    "events_url": "https://api.github.com/users/entando-**/events{/privacy}",
    "received_events_url": "https://api.github.com/users/entando-**/received_events",
    "type": "User",
    "site_*****": *****
  }
}
  % Total    % Received % Xferd  Average Speed   Time    Time     Time  Current
                                 Dload  Upload   Total   Spent    Left  Speed
  0     0    0     0    0     0      0      0 --:--:-- --:--:-- --:--:--     0  0     0    0     0    0     0      0      0 --:--:-- --:--:-- --:--:--     0100  1854  100  1649  100   205   2699    335 --:--:-- --:--:-- --:--:--  2698
{
  "url": "https://api.github.com/repos/entando-k8s/entando-k8s-database-service-controller/statuses/36f4e0b685de69be51b0e235df4fae1bab7e6e2d",
  "avatar_url": "https://avatars2.githubusercontent.com/u/57885396?v=4",
  "id": 11183429520,
  "node_id": "MDEzOlN0YXR1c0NvbnRleHQxMTE4MzQyOTUyMA==",
  "state": "success",
  "description": "Checkstyle success!",
  "target_url": "https://entando-k8s.github.io/devops-results/entando-k8s-database-service-controller/PR-2/checkstyle.html",
  "context": "Checkstyle",
  "created_at": "2020-10-28T08:53:50Z",
  "updated_at": "2020-10-28T08:53:50Z",
  "creator": {
    "login": "**********",
    "id": 57885396,
    "node_id": "MDQ6VXNlcjU3ODg1Mzk2",
    "avatar_url": "https://avatars2.githubusercontent.com/u/57885396?v=4",
    "gravatar_id": "",
    "url": "https://api.github.com/users/**********",
    "html_url": "https://github.com/entando-**",
    "followers_url": "https://api.github.com/users/**********/followers",
    "following_url": "https://api.github.com/users/**********/following{/other_user}",
    "gists_url": "https://api.github.com/users/entando-**/gists{/gist_id}",
    "starred_url": "https://api.github.com/users/**********/starred{/owner}{/repo}",
    "subscriptions_url": "https://api.github.com/users/entando-**/subscriptions",
    "organizations_url": "https://api.github.com/users/**********/orgs",
    "repos_url": "https://api.github.com/users/**********/repos",
    "events_url": "https://api.github.com/users/**********/events{/privacy}",
    "received_events_url": "https://api.github.com/users/entando-**/received_events",
    "type": "User",
    "site_*****": *****
  }
}
OWASP has found dependencies with vulnerabilities for entando-k8s-database-service-controller-PR-2.
  % Total    % Received % Xferd  Average Speed   Time    Time     Time  Current
                                 Dload  Upload   Total   Spent    Left  Speed
  0     0    0     0    0     0      0      0 --:--:-- --:--:-- --:--:--     0 11  1876    0     0  100   216      0    329 --:--:-- --:--:-- --:--:--   330100  1876  100  1660  100   216   2534    329 --:--:-- --:--:-- --:--:--  2542
{
  "url": "https://api.github.com/repos/entando-k8s/entando-k8s-database-service-controller/statuses/36f4e0b685de69be51b0e235df4fae1bab7e6e2d",
  "avatar_url": "https://avatars2.githubusercontent.com/u/57885396?v=4",
  "id": 11183429606,
  "node_id": "MDEzOlN0YXR1c0NvbnRleHQxMTE4MzQyOTYwNg==",
  "state": "pending",
  "description": "OWASP CVE pending!",
  "target_url": "https://entando-k8s.github.io/devops-results/entando-k8s-database-service-controller/PR-2/dependency-check-report.html",
  "context": "OWASP CVE",
  "created_at": "2020-10-28T08:53:51Z",
  "updated_at": "2020-10-28T08:53:51Z",
  "creator": {
    "login": "**********",
    "id": 57885396,
    "node_id": "MDQ6VXNlcjU3ODg1Mzk2",
    "avatar_url": "https://avatars2.githubusercontent.com/u/57885396?v=4",
    "gravatar_id": "",
    "url": "https://api.github.com/users/entando-**",
    "html_url": "https://github.com/**********",
    "followers_url": "https://api.github.com/users/**********/followers",
    "following_url": "https://api.github.com/users/**********/following{/other_user}",
    "gists_url": "https://api.github.com/users/entando-**/gists{/gist_id}",
    "starred_url": "https://api.github.com/users/**********/starred{/owner}{/repo}",
    "subscriptions_url": "https://api.github.com/users/**********/subscriptions",
    "organizations_url": "https://api.github.com/users/**********/orgs",
    "repos_url": "https://api.github.com/users/**********/repos",
    "events_url": "https://api.github.com/users/**********/events{/privacy}",
    "received_events_url": "https://api.github.com/users/**********/received_events",
    "type": "User",
    "site_*****": *****
  }
}
The following checks failed for entando-k8s-database-service-controller-PR-2:


[31m
Pipeline failed on stage 'from-build-pack' : container 'step-build-mvn-verify-pr'. The execution of the pipeline has stopped.[0m
