
Showing logs for build [32mentando-k8s-environment-entando-pb9zs-1[0m stage [32mfrom-build-pack[0m and container [32mstep-credential-initializer-22hbj[0m
{"level":"warn","ts":1603876540.3239012,"logger":"fallback-logger","caller":"logging/config.go:69","msg":"Fetch GitHub commit ID from kodata failed: \"ref: refs/heads/0.8.0-**-support-backwards-incompats\" is not a valid GitHub commit ID"}
{"level":"info","ts":1603876540.3315737,"logger":"fallback-logger","caller":"creds-init/main.go:40","msg":"Credentials initialized."}

Showing logs for build [32mentando-k8s-environment-entando-pb9zs-1[0m stage [32mfrom-build-pack[0m and container [32mstep-working-dir-initializer-kmgcl[0m
{"level":"warn","ts":1603876543.0055947,"logger":"fallback-logger","caller":"logging/config.go:69","msg":"Fetch GitHub commit ID from kodata failed: open /var/run/ko/HEAD: no such file or directory"}
{"level":"info","ts":1603876543.0154555,"logger":"fallback-logger","caller":"bash/main.go:64","msg":"Successfully e**cuted command \"sh -c mkdir -p /workspace/source\"; output "}

Showing logs for build [32mentando-k8s-environment-entando-pb9zs-1[0m stage [32mfrom-build-pack[0m and container [32mstep-place-tools[0m

Showing logs for build [32mentando-k8s-environment-entando-pb9zs-1[0m stage [32mfrom-build-pack[0m and container [32mstep-git-source-entando-k8s-environment-entando-5n7wx[0m
{"level":"warn","ts":1603876568.7885337,"logger":"fallback-logger","caller":"logging/config.go:69","msg":"Fetch GitHub commit ID from kodata failed: \"ref: refs/heads/0.8.0-**-support-backwards-incompats\" is not a valid GitHub commit ID"}
{"level":"info","ts":1603876570.19568,"logger":"fallback-logger","caller":"git/git.go:103","msg":"Successfully cloned https://github.com/entando-k8s/environment-**********-staging.git @ master in path /workspace/source"}

Showing logs for build [32mentando-k8s-environment-entando-pb9zs-1[0m stage [32mfrom-build-pack[0m and container [32mstep-git-merge[0m
Using SHAs from PULL_REFS=master:0adb92f569937bb61065b0962524e78b501900d6,125:7a9c9d74165038774f8626c03da3e6df3deafd44
DEBUG: ran git fetch --unshallow origin 7a9c9d74165038774f8626c03da3e6df3deafd44: 0adb92f569937bb61065b0962524e78b501900d6: in 
DEBUG: ran git checkout master in 
DEBUG: ran git reset --hard 0adb92f569937bb61065b0962524e78b501900d6 in 
DEBUG: ran clean --force -d . in 
DEBUG: ran git merge 7a9c9d74165038774f8626c03da3e6df3deafd44 in 
Merged SHA 7a9c9d74165038774f8626c03da3e6df3deafd44 with commit message 'chore: Promote entando-k8s-controller-coordinator to version 6.2.14' into base branch master

Showing logs for build [32mentando-k8s-environment-entando-pb9zs-1[0m stage [32mfrom-build-pack[0m and container [32mstep-build-helm-build[0m
WARNING: No $CHART_REPOSITORY defined so using the default value of: http://jenkins-x-chartmuseum:8080
Adding missing Helm repo: storage.googleapis.com https://storage.googleapis.com/chartmuseum.jenkins-x.io
Successfully added Helm repository storage.googleapis.com.
Adding missing Helm repo: jenkins-x-chartmuseum http://jenkins-x-chartmuseum:8080
Successfully added Helm repository jenkins-x-chartmuseum.
WARNING: No $CHART_REPOSITORY defined so using the default value of: http://jenkins-x-chartmuseum:8080
Adding missing Helm repo: chartmuseum.jenkins-x.io http://chartmuseum.jenkins-x.io
Successfully added Helm repository chartmuseum.jenkins-x.io.
