
Showing logs for build [32mentando-entando-admin-console-p-j79mt-3[0m stage [32mfrom-build-pack[0m and container [32mstep-credential-initializer-pdm8d[0m
{"level":"warn","ts":1603103308.5175767,"logger":"fallback-logger","caller":"logging/config.go:69","msg":"Fetch GitHub commit ID from kodata failed: \"ref: refs/heads/0.8.0-**-support-backwards-incompats\" is not a valid GitHub commit ID"}
{"level":"info","ts":1603103308.5220904,"logger":"fallback-logger","caller":"creds-init/main.go:40","msg":"Credentials initialized."}

Showing logs for build [32mentando-entando-admin-console-p-j79mt-3[0m stage [32mfrom-build-pack[0m and container [32mstep-working-dir-initializer-j8jj4[0m
{"level":"warn","ts":1603103312.2575243,"logger":"fallback-logger","caller":"logging/config.go:69","msg":"Fetch GitHub commit ID from kodata failed: open /var/run/ko/HEAD: no such file or directory"}
{"level":"info","ts":1603103312.2695646,"logger":"fallback-logger","caller":"bash/main.go:64","msg":"Successfully e**cuted command \"sh -c mkdir -p /workspace/source\"; output "}

Showing logs for build [32mentando-entando-admin-console-p-j79mt-3[0m stage [32mfrom-build-pack[0m and container [32mstep-place-tools[0m

Showing logs for build [32mentando-entando-admin-console-p-j79mt-3[0m stage [32mfrom-build-pack[0m and container [32mstep-git-source-entando-entando-admin-console-p-gkc8r[0m
{"level":"warn","ts":1603103354.6505885,"logger":"fallback-logger","caller":"logging/config.go:69","msg":"Fetch GitHub commit ID from kodata failed: \"ref: refs/heads/0.8.0-**-support-backwards-incompats\" is not a valid GitHub commit ID"}
{"level":"info","ts":1603103358.19677,"logger":"fallback-logger","caller":"git/git.go:103","msg":"Successfully cloned https://github.com/entando/entando-*****-console.git @ master in path /workspace/source"}

Showing logs for build [32mentando-entando-admin-console-p-j79mt-3[0m stage [32mfrom-build-pack[0m and container [32mstep-git-merge[0m
Using SHAs from PULL_REFS=master:cd61fb19e4041cc05908cdebafc08e607c38ee91,61:b8e9d680b55c2e4f000c4e3c815b1fc8b2188cd0
DEBUG: ran git fetch --unshallow origin b8e9d680b55c2e4f000c4e3c815b1fc8b2188cd0: cd61fb19e4041cc05908cdebafc08e607c38ee91: in 
DEBUG: ran git checkout master in 
DEBUG: ran git reset --hard cd61fb19e4041cc05908cdebafc08e607c38ee91 in 
DEBUG: ran clean --force -d . in 
DEBUG: ran git merge b8e9d680b55c2e4f000c4e3c815b1fc8b2188cd0 in 
Merged SHA 0546f3354832c730006bb7a01220c7afa584fbf3 with commit message 'Merge commit 'b8e9d680b55c2e4f000c4e3c815b1fc8b2188cd0'' into base branch master
Merged SHA b8e9d680b55c2e4f000c4e3c815b1fc8b2188cd0 with commit message 'ENG-1171: Fix integration test' into base branch master
Merged SHA e43fcff20d064feef45a82b9a07e9a1d3db44dd8 with commit message 'ENG-1171: Validation upgrade' into base branch master

Showing logs for build [32mentando-entando-admin-console-p-j79mt-3[0m stage [32mfrom-build-pack[0m and container [32mstep-build-set-version[0m
Picked up _JAVA_OPTIONS: -XX:+UnlockExperimentalVMOptions -Dsun.zip.disableMemoryMapping=true -XX:+UseParallelGC -XX:MinHeapFreeRatio=5 -XX:MaxHeapFreeRatio=10 -XX:GCTimeRatio=4 -XX:AdaptiveSizePolicyWeight=90 -Xms10m -Xmx8000m
[INFO] Scanning for projects...
[WARNING] The POM for org.eclipse.m2e:lifecycle-mapping:jar:1.0.0 is missing, no dependency information available
[WARNING] Failed to retrieve plugin descriptor for org.eclipse.m2e:lifecycle-mapping:1.0.0: Plugin org.eclipse.m2e:lifecycle-mapping:1.0.0 or one of its dependencies could not be resolved: Could not find artifact org.eclipse.m2e:lifecycle-mapping:jar:1.0.0 in nexus (http://nexus/repository/maven-group/)
[INFO] 
[INFO] -------------< org.entando.entando:entando-*****-console >--------------
[INFO] Building Entando Core: Administration Console 6.2.0-SNAPSHOT
[INFO] --------------------------------[ war ]---------------------------------
[WARNING] The POM for org.eclipse.m2e:lifecycle-mapping:jar:1.0.0 is missing, no dependency information available
[WARNING] Failed to retrieve plugin descriptor for org.eclipse.m2e:lifecycle-mapping:1.0.0: Plugin org.eclipse.m2e:lifecycle-mapping:1.0.0 or one of its dependencies could not be resolved: Failure to find org.eclipse.m2e:lifecycle-mapping:jar:1.0.0 in http://nexus/repository/maven-group/ was cached in the local repository, resolution will not be reattempted until the update interval of nexus has elapsed or updates are forced
[INFO] 
[INFO] --- versions-maven-plugin:2.8.1:set (default-cli) @ entando-*****-console ---
[INFO] Local aggregation ****: /workspace/source
[INFO] Processing change of org.entando.entando:entando-*****-console:6.2.0-SNAPSHOT -> 0.0.0-SNAPSHOT-PR-61-3
[INFO] Processing org.entando.entando:entando-*****-console
[INFO]     Updating project org.entando.entando:entando-*****-console
[INFO]         from version 6.2.0-SNAPSHOT to 0.0.0-SNAPSHOT-PR-61-3
[INFO] 
[INFO] ------------------------------------------------------------------------
[INFO] BUILD SUCCESS
[INFO] ------------------------------------------------------------------------
[INFO] Total time:  13.023 s
[INFO] Finished at: 2020-10-19T10:29:37Z
[INFO] ------------------------------------------------------------------------

Showing logs for build [32mentando-entando-admin-console-p-j79mt-3[0m stage [32mfrom-build-pack[0m and container [32mstep-build-fix-git-for-sonar[0m
error: Your local changes to the following files would be overwritten by checkout:
	pom.xml
Please commit your changes or stash them before you switch branches.
Aborting
error: Cannot delete branch 'master' checked out at '/workspace/source'
fatal: Refusing to fetch into current branch refs/heads/master of non-bare repository
[31m
Pipeline failed on stage 'from-build-pack' : container 'step-build-fix-git-for-sonar'. The execution of the pipeline has stopped.[0m
